[0.523s] Invoking command in '/home/aidan/ros2_ws/src/my_python_pkg': PYTHONPATH=/home/aidan/ros2_ws/build/my_python_pkg/prefix_override:/home/aidan/ros2_ws/install/my_python_pkg/lib/python3.10/site-packages:${PYTHONPATH} /usr/bin/python3 -W ignore:setup.py install is deprecated setup.py egg_info --egg-base ../../build/my_python_pkg build --build-base /home/aidan/ros2_ws/build/my_python_pkg/build install --record /home/aidan/ros2_ws/build/my_python_pkg/install.log --single-version-externally-managed install_data
[0.706s] running egg_info
[0.706s] writing ../../build/my_python_pkg/my_python_pkg.egg-info/PKG-INFO
[0.706s] writing dependency_links to ../../build/my_python_pkg/my_python_pkg.egg-info/dependency_links.txt
[0.706s] writing entry points to ../../build/my_python_pkg/my_python_pkg.egg-info/entry_points.txt
[0.707s] writing requirements to ../../build/my_python_pkg/my_python_pkg.egg-info/requires.txt
[0.707s] writing top-level names to ../../build/my_python_pkg/my_python_pkg.egg-info/top_level.txt
[0.708s] reading manifest file '../../build/my_python_pkg/my_python_pkg.egg-info/SOURCES.txt'
[0.709s] writing manifest file '../../build/my_python_pkg/my_python_pkg.egg-info/SOURCES.txt'
[0.709s] running build
[0.709s] running build_py
[0.709s] running install
[0.709s] running install_lib
[0.710s] running install_data
[0.710s] running install_egg_info
[0.711s] removing '/home/aidan/ros2_ws/install/my_python_pkg/lib/python3.10/site-packages/my_python_pkg-0.0.0-py3.10.egg-info' (and everything under it)
[0.711s] Copying ../../build/my_python_pkg/my_python_pkg.egg-info to /home/aidan/ros2_ws/install/my_python_pkg/lib/python3.10/site-packages/my_python_pkg-0.0.0-py3.10.egg-info
[0.712s] running install_scripts
[0.726s] Installing arduino_serial script to /home/aidan/ros2_ws/install/my_python_pkg/lib/my_python_pkg
[0.726s] Installing motor_control script to /home/aidan/ros2_ws/install/my_python_pkg/lib/my_python_pkg
[0.726s] writing list of installed files to '/home/aidan/ros2_ws/build/my_python_pkg/install.log'
[0.740s] Invoked command in '/home/aidan/ros2_ws/src/my_python_pkg' returned '0': PYTHONPATH=/home/aidan/ros2_ws/build/my_python_pkg/prefix_override:/home/aidan/ros2_ws/install/my_python_pkg/lib/python3.10/site-packages:${PYTHONPATH} /usr/bin/python3 -W ignore:setup.py install is deprecated setup.py egg_info --egg-base ../../build/my_python_pkg build --build-base /home/aidan/ros2_ws/build/my_python_pkg/build install --record /home/aidan/ros2_ws/build/my_python_pkg/install.log --single-version-externally-managed install_data
