[0.012s] Invoking command in '/home/aidan/ana_bot/build/ana': CMAKE_PREFIX_PATH=${CMAKE_PREFIX_PATH}:/home/aidan/ana_bot/install/my_python_pkg:/opt/ros/humble /usr/bin/cmake --build /home/aidan/ana_bot/build/ana -- -j16 -l16
[0.045s] [35m[1mConsolidate compiler generated dependencies of target publish_pcd_node[0m
[0.048s] [ 50%] Built target point_cloud_filter_node
[0.065s] [ 75%] [32mBuilding CXX object CMakeFiles/publish_pcd_node.dir/src/ply2pcd.cpp.o[0m
[5.728s] [100%] [32m[1mLinking CXX executable publish_pcd_node[0m
[6.573s] /usr/bin/ld: CMakeFiles/publish_pcd_node.dir/src/ply2pcd.cpp.o:(.data.rel.ro._ZTVN3pcl25StatisticalOutlierRemovalINS_8PointXYZEEE[_ZTVN3pcl25StatisticalOutlierRemovalINS_8PointXYZEEE]+0x48): undefined reference to `pcl::FilterIndices<pcl::PointXYZ>::applyFilter(pcl::PointCloud<pcl::PointXYZ>&)'
[6.574s] /usr/bin/ld: CMakeFiles/publish_pcd_node.dir/src/ply2pcd.cpp.o:(.data.rel.ro._ZTVN3pcl12RandomSampleINS_8PointXYZEEE[_ZTVN3pcl12RandomSampleINS_8PointXYZEEE]+0x48): undefined reference to `pcl::FilterIndices<pcl::PointXYZ>::applyFilter(pcl::PointCloud<pcl::PointXYZ>&)'
[6.574s] /usr/bin/ld: CMakeFiles/publish_pcd_node.dir/src/ply2pcd.cpp.o:(.data.rel.ro._ZTVN3pcl12RandomSampleINS_8PointXYZEEE[_ZTVN3pcl12RandomSampleINS_8PointXYZEEE]+0x50): undefined reference to `pcl::RandomSample<pcl::PointXYZ>::applyFilter(std::vector<int, std::allocator<int> >&)'
[6.574s] /usr/bin/ld: CMakeFiles/publish_pcd_node.dir/src/ply2pcd.cpp.o:(.data.rel.ro._ZTVN3pcl11PassThroughINS_8PointXYZEEE[_ZTVN3pcl11PassThroughINS_8PointXYZEEE]+0x48): undefined reference to `pcl::FilterIndices<pcl::PointXYZ>::applyFilter(pcl::PointCloud<pcl::PointXYZ>&)'
[6.574s] /usr/bin/ld: CMakeFiles/publish_pcd_node.dir/src/ply2pcd.cpp.o:(.data.rel.ro._ZTVN3pcl13FilterIndicesINS_8PointXYZEEE[_ZTVN3pcl13FilterIndicesINS_8PointXYZEEE]+0x48): undefined reference to `pcl::FilterIndices<pcl::PointXYZ>::applyFilter(pcl::PointCloud<pcl::PointXYZ>&)'
[6.574s] /usr/bin/ld: CMakeFiles/publish_pcd_node.dir/src/ply2pcd.cpp.o:(.data.rel.ro._ZTVN3pcl9VoxelGridINS_8PointXYZEEE[_ZTVN3pcl9VoxelGridINS_8PointXYZEEE]+0x48): undefined reference to `pcl::VoxelGrid<pcl::PointXYZ>::applyFilter(pcl::PointCloud<pcl::PointXYZ>&)'
[6.574s] /usr/bin/ld: CMakeFiles/publish_pcd_node.dir/src/ply2pcd.cpp.o: in function `pcl::StatisticalOutlierRemoval<pcl::PointXYZ>::applyFilter(std::vector<int, std::allocator<int> >&)':
[6.574s] ply2pcd.cpp:(.text._ZN3pcl25StatisticalOutlierRemovalINS_8PointXYZEE11applyFilterERSt6vectorIiSaIiEE[_ZN3pcl25StatisticalOutlierRemovalINS_8PointXYZEE11applyFilterERSt6vectorIiSaIiEE]+0x23): undefined reference to `pcl::StatisticalOutlierRemoval<pcl::PointXYZ>::applyFilterIndices(std::vector<int, std::allocator<int> >&)'
[6.574s] /usr/bin/ld: CMakeFiles/publish_pcd_node.dir/src/ply2pcd.cpp.o: in function `pcl::PassThrough<pcl::PointXYZ>::applyFilter(std::vector<int, std::allocator<int> >&)':
[6.574s] ply2pcd.cpp:(.text._ZN3pcl11PassThroughINS_8PointXYZEE11applyFilterERSt6vectorIiSaIiEE[_ZN3pcl11PassThroughINS_8PointXYZEE11applyFilterERSt6vectorIiSaIiEE]+0x23): undefined reference to `pcl::PassThrough<pcl::PointXYZ>::applyFilterIndices(std::vector<int, std::allocator<int> >&)'
[6.596s] collect2: error: ld returned 1 exit status
[6.598s] gmake[2]: *** [CMakeFiles/publish_pcd_node.dir/build.make:1467: publish_pcd_node] Error 1
[6.598s] gmake[1]: *** [CMakeFiles/Makefile2:165: CMakeFiles/publish_pcd_node.dir/all] Error 2
[6.598s] gmake: *** [Makefile:146: all] Error 2
[6.600s] Invoked command in '/home/aidan/ana_bot/build/ana' returned '2': CMAKE_PREFIX_PATH=${CMAKE_PREFIX_PATH}:/home/aidan/ana_bot/install/my_python_pkg:/opt/ros/humble /usr/bin/cmake --build /home/aidan/ana_bot/build/ana -- -j16 -l16
