[0.012s] Invoking command in '/home/aidan/ana_bot/build/ana': CMAKE_PREFIX_PATH=${CMAKE_PREFIX_PATH}:/home/aidan/ana_bot/install/my_python_pkg:/opt/ros/humble /usr/bin/cmake --build /home/aidan/ana_bot/build/ana -- -j16 -l16
[0.046s] [ 18%] Built target cuda_operations
[0.065s] [ 45%] Built target depth_live_filter_node
[0.098s] [35m[1mConsolidate compiler generated dependencies of target publish_pcd_node[0m
[0.145s] [ 72%] Built target occupancy_grid_subscriber_node
[0.157s] [ 81%] [32mBuilding CXX object CMakeFiles/publish_pcd_node.dir/src/nodes/ply2pcd.cpp.o[0m
[7.028s] [ 90%] [32m[1mLinking CUDA device code CMakeFiles/publish_pcd_node.dir/cmake_device_link.o[0m
[7.065s] [100%] [32m[1mLinking CXX executable publish_pcd_node[0m
[12.471s] [100%] Built target publish_pcd_node
[12.488s] Invoked command in '/home/aidan/ana_bot/build/ana' returned '0': CMAKE_PREFIX_PATH=${CMAKE_PREFIX_PATH}:/home/aidan/ana_bot/install/my_python_pkg:/opt/ros/humble /usr/bin/cmake --build /home/aidan/ana_bot/build/ana -- -j16 -l16
[12.515s] Invoking command in '/home/aidan/ana_bot/build/ana': CMAKE_PREFIX_PATH=${CMAKE_PREFIX_PATH}:/home/aidan/ana_bot/install/my_python_pkg:/opt/ros/humble /usr/bin/cmake --install /home/aidan/ana_bot/build/ana
[12.519s] -- Install configuration: ""
[12.519s] -- Up-to-date: /home/aidan/ana_bot/install/ana/lib/ana/depth_live_filter_node
[12.519s] -- Installing: /home/aidan/ana_bot/install/ana/lib/ana/publish_pcd_node
[12.521s] -- Set runtime path of "/home/aidan/ana_bot/install/ana/lib/ana/publish_pcd_node" to ""
[12.521s] -- Up-to-date: /home/aidan/ana_bot/install/ana/lib/ana/occupancy_grid_subscriber_node
[12.522s] -- Up-to-date: /home/aidan/ana_bot/install/ana/lib/ana/libcuda_operations.a
[12.522s] -- Up-to-date: /home/aidan/ana_bot/install/ana/share/ana/config
[12.522s] -- Up-to-date: /home/aidan/ana_bot/install/ana/share/ana/config/twist_mux.yaml
[12.522s] -- Up-to-date: /home/aidan/ana_bot/install/ana/share/ana/config/simulation_depth.rviz
[12.522s] -- Up-to-date: /home/aidan/ana_bot/install/ana/share/ana/config/diff_drive_bot.rviz
[12.522s] -- Up-to-date: /home/aidan/ana_bot/install/ana/share/ana/config/amcl_params.yaml
[12.522s] -- Up-to-date: /home/aidan/ana_bot/install/ana/share/ana/config/gazebo_params.yaml
[12.522s] -- Up-to-date: /home/aidan/ana_bot/install/ana/share/ana/config/ana_map.rviz
[12.522s] -- Up-to-date: /home/aidan/ana_bot/install/ana/share/ana/config/ana.rviz
[12.522s] -- Up-to-date: /home/aidan/ana_bot/install/ana/share/ana/config/my_controllers.yaml
[12.522s] -- Up-to-date: /home/aidan/ana_bot/install/ana/share/ana/config/custom_navigator.xml
[12.522s] -- Installing: /home/aidan/ana_bot/install/ana/share/ana/config/ana_nav2.rviz
[12.522s] -- Up-to-date: /home/aidan/ana_bot/install/ana/share/ana/config/mapper_params_online_async.yaml
[12.522s] -- Up-to-date: /home/aidan/ana_bot/install/ana/share/ana/config/nav2_params.yaml
[12.522s] -- Up-to-date: /home/aidan/ana_bot/install/ana/share/ana/description
[12.522s] -- Up-to-date: /home/aidan/ana_bot/install/ana/share/ana/description/camera.xacro
[12.522s] -- Up-to-date: /home/aidan/ana_bot/install/ana/share/ana/description/ros2_diff_control.xacro
[12.522s] -- Up-to-date: /home/aidan/ana_bot/install/ana/share/ana/description/gazebo_four_diff_control.xacro
[12.523s] -- Up-to-date: /home/aidan/ana_bot/install/ana/share/ana/description/depth_camera.xacro
[12.523s] -- Up-to-date: /home/aidan/ana_bot/install/ana/share/ana/description/robot_core.xacro
[12.523s] -- Up-to-date: /home/aidan/ana_bot/install/ana/share/ana/description/gazebo_diff_control.xacro
[12.523s] -- Up-to-date: /home/aidan/ana_bot/install/ana/share/ana/description/inertial_macros.xacro
[12.523s] -- Up-to-date: /home/aidan/ana_bot/install/ana/share/ana/description/robot.urdf.xacro
[12.523s] -- Up-to-date: /home/aidan/ana_bot/install/ana/share/ana/launch
[12.523s] -- Up-to-date: /home/aidan/ana_bot/install/ana/share/ana/launch/launch_sim.launch.py
[12.523s] -- Up-to-date: /home/aidan/ana_bot/install/ana/share/ana/launch/localization_launch.py
[12.523s] -- Installing: /home/aidan/ana_bot/install/ana/share/ana/launch/rsp.launch.py
[12.523s] -- Up-to-date: /home/aidan/ana_bot/install/ana/share/ana/launch/rtab.launch.py
[12.523s] -- Up-to-date: /home/aidan/ana_bot/install/ana/share/ana/launch/nav2.launch.py
[12.523s] -- Up-to-date: /home/aidan/ana_bot/install/ana/share/ana/launch/navigation_launch.py
[12.523s] -- Up-to-date: /home/aidan/ana_bot/install/ana/share/ana/launch/online_async_launch.py
[12.523s] -- Up-to-date: /home/aidan/ana_bot/install/ana/share/ana/worlds
[12.523s] -- Up-to-date: /home/aidan/ana_bot/install/ana/share/ana/worlds/obstacles_walls.world
[12.523s] -- Up-to-date: /home/aidan/ana_bot/install/ana/share/ana/worlds/bedroom.world
[12.523s] -- Up-to-date: /home/aidan/ana_bot/install/ana/share/ana/worlds/outside.world
[12.523s] -- Up-to-date: /home/aidan/ana_bot/install/ana/share/ana/worlds/obstacles.world
[12.523s] -- Up-to-date: /home/aidan/ana_bot/install/ana/share/ana/worlds/empty.world
[12.523s] -- Up-to-date: /home/aidan/ana_bot/install/ana/share/ana/meshes
[12.523s] -- Up-to-date: /home/aidan/ana_bot/install/ana/share/ana/meshes/ana_chassis.stl
[12.523s] -- Up-to-date: /home/aidan/ana_bot/install/ana/share/ana/meshes/d435i.stl
[12.524s] -- Up-to-date: /home/aidan/ana_bot/install/ana/share/ana/rtab_maps
[12.524s] -- Installing: /home/aidan/ana_bot/install/ana/share/ana/rtab_maps/occupancy_grid.pgm
[12.524s] -- Installing: /home/aidan/ana_bot/install/ana/share/ana/rtab_maps/occupancy_grid.yaml
[12.524s] -- Up-to-date: /home/aidan/ana_bot/install/ana/share/ana/rtab_maps/settings4_toLoad.ini
[12.524s] -- Up-to-date: /home/aidan/ana_bot/install/ana/share/ana/rtab_maps/settings4.pcd
[12.524s] -- Installing: /home/aidan/ana_bot/install/ana/share/ana/rtab_maps/mapped_point_cloud.pcd
[12.529s] -- Up-to-date: /home/aidan/ana_bot/install/ana/share/ana/rtab_maps/settings4_screenshot1.png
[12.529s] -- Up-to-date: /home/aidan/ana_bot/install/ana/share/ana/rtab_maps/settings4_screenshot2.png
[12.529s] -- Up-to-date: /home/aidan/ana_bot/install/ana/share/ana/rtab_maps/rtab_settings.config
[12.529s] -- Up-to-date: /home/aidan/ana_bot/install/ana/share/ana/rtab_maps/settings4.ply
[12.529s] -- Up-to-date: /home/aidan/ana_bot/install/ana/share/ament_index/resource_index/package_run_dependencies/ana
[12.529s] -- Up-to-date: /home/aidan/ana_bot/install/ana/share/ament_index/resource_index/parent_prefix_path/ana
[12.529s] -- Up-to-date: /home/aidan/ana_bot/install/ana/share/ana/environment/ament_prefix_path.sh
[12.529s] -- Up-to-date: /home/aidan/ana_bot/install/ana/share/ana/environment/ament_prefix_path.dsv
[12.529s] -- Up-to-date: /home/aidan/ana_bot/install/ana/share/ana/environment/path.sh
[12.529s] -- Up-to-date: /home/aidan/ana_bot/install/ana/share/ana/environment/path.dsv
[12.529s] -- Up-to-date: /home/aidan/ana_bot/install/ana/share/ana/local_setup.bash
[12.529s] -- Up-to-date: /home/aidan/ana_bot/install/ana/share/ana/local_setup.sh
[12.530s] -- Up-to-date: /home/aidan/ana_bot/install/ana/share/ana/local_setup.zsh
[12.530s] -- Up-to-date: /home/aidan/ana_bot/install/ana/share/ana/local_setup.dsv
[12.530s] -- Installing: /home/aidan/ana_bot/install/ana/share/ana/package.dsv
[12.530s] -- Up-to-date: /home/aidan/ana_bot/install/ana/share/ament_index/resource_index/packages/ana
[12.530s] -- Up-to-date: /home/aidan/ana_bot/install/ana/share/ana/cmake/anaConfig.cmake
[12.530s] -- Up-to-date: /home/aidan/ana_bot/install/ana/share/ana/cmake/anaConfig-version.cmake
[12.530s] -- Up-to-date: /home/aidan/ana_bot/install/ana/share/ana/package.xml
[12.531s] Invoked command in '/home/aidan/ana_bot/build/ana' returned '0': CMAKE_PREFIX_PATH=${CMAKE_PREFIX_PATH}:/home/aidan/ana_bot/install/my_python_pkg:/opt/ros/humble /usr/bin/cmake --install /home/aidan/ana_bot/build/ana
