[0.015s] Invoking command in '/home/aidan/ana_bot/build/ana': CMAKE_PREFIX_PATH=${CMAKE_PREFIX_PATH}:/home/aidan/ana_bot/install/my_python_pkg:/opt/ros/humble /usr/bin/cmake /home/aidan/ana_bot/src/ana -DCMAKE_INSTALL_PREFIX=/home/aidan/ana_bot/install/ana
[0.027s] -- Found ament_cmake: 1.3.8 (/opt/ros/humble/share/ament_cmake/cmake)
[0.124s] -- Override CMake install command with custom implementation using symlinks instead of copying resources
[0.130s] -- Found rclcpp: 16.0.8 (/opt/ros/humble/share/rclcpp/cmake)
[0.156s] -- Found rosidl_generator_c: 3.1.5 (/opt/ros/humble/share/rosidl_generator_c/cmake)
[0.158s] -- Found rosidl_adapter: 3.1.5 (/opt/ros/humble/share/rosidl_adapter/cmake)
[0.162s] -- Found rosidl_generator_cpp: 3.1.5 (/opt/ros/humble/share/rosidl_generator_cpp/cmake)
[0.171s] -- Using all available rosidl_typesupport_c: rosidl_typesupport_fastrtps_c;rosidl_typesupport_introspection_c
[0.183s] -- Using all available rosidl_typesupport_cpp: rosidl_typesupport_fastrtps_cpp;rosidl_typesupport_introspection_cpp
[0.236s] -- Found rmw_implementation_cmake: 6.1.1 (/opt/ros/humble/share/rmw_implementation_cmake/cmake)
[0.237s] -- Found rmw_fastrtps_cpp: 6.2.6 (/opt/ros/humble/share/rmw_fastrtps_cpp/cmake)
[0.360s] -- Using RMW implementation 'rmw_fastrtps_cpp' as default
[0.491s] -- Found sensor_msgs: 4.2.3 (/opt/ros/humble/share/sensor_msgs/cmake)
[0.597s] -- Found nav_msgs: 4.2.3 (/opt/ros/humble/share/nav_msgs/cmake)
[0.669s] -- Found image_transport: 3.1.9 (/opt/ros/humble/share/image_transport/cmake)
[0.699s] -- Found cv_bridge: 3.2.1 (/opt/ros/humble/share/cv_bridge/cmake)
[0.725s] -- Eigen found (include: /usr/include/eigen3, version: 3.4.0)
[0.744s] -- OpenNI found (version: 1.5.4.0, include: /usr/include/ni, lib: /usr/lib/libOpenNI.so;libusb::libusb)
[0.748s] -- OpenNI2 found (version: 2.2.0.33, include: /usr/include/openni2, lib: /usr/lib/x86_64-linux-gnu/libOpenNI2.so;libusb::libusb)
[0.748s] [0m** WARNING ** io features related to pcap will be disabled[0m
[0.748s] [0m** WARNING ** io features related to png will be disabled[0m
[0.899s] -- Found Eigen3: /usr/include/eigen3 (found version "3.4.0") 
[1.042s] -- Eigen found (include: /usr/include/eigen3, version: 3.4.0)
[1.070s] -- FLANN found (include: /usr/include, lib: /usr/lib/x86_64-linux-gnu/libflann_cpp.so)
[1.369s] -- looking for PCL_COMMON
[1.369s] -- looking for PCL_OCTREE
[1.369s] -- looking for PCL_IO
[1.370s] -- looking for PCL_KDTREE
[1.370s] -- looking for PCL_SEARCH
[1.370s] -- looking for PCL_SAMPLE_CONSENSUS
[1.371s] -- looking for PCL_FILTERS
[1.371s] -- looking for PCL_GEOMETRY
[1.371s] -- looking for PCL_2D
[1.371s] -- looking for PCL_FEATURES
[1.372s] -- looking for PCL_ML
[1.372s] -- looking for PCL_SEGMENTATION
[1.373s] -- Found pcl_conversions: 2.4.0 (/opt/ros/humble/share/pcl_conversions/cmake)
[1.495s] -- Found nav2_costmap_2d: 1.1.14 (/opt/ros/humble/share/nav2_costmap_2d/cmake)
[2.058s] -- Found Eigen3: TRUE (found version "3.4.0") 
[2.058s] -- Ensuring Eigen3 include directory is part of orocos-kdl CMake target
[2.967s] -- Found ament_lint_auto: 0.12.10 (/opt/ros/humble/share/ament_lint_auto/cmake)
[3.050s] -- Added test 'copyright' to check source files copyright and LICENSE
[3.053s] -- Added test 'cppcheck' to perform static code analysis on C / C++ code
[3.060s] -- Configured cppcheck include dirs: /home/aidan/ana_bot/src/ana/include;/home/aidan/ana_bot/src/ana/src/cuda
[3.060s] -- Configured cppcheck exclude dirs and/or files: 
[3.063s] -- Added test 'cpplint' to check C / C++ code against the Google style
[3.063s] -- Configured cpplint exclude dirs and/or files: 
[3.063s] -- Added test 'flake8' to check Python code syntax and style conventions
[3.064s] -- Added test 'lint_cmake' to check CMake code style
[3.065s] -- Added test 'pep257' to check Python code against some of the docstring style conventions in PEP 257
[3.068s] -- Added test 'uncrustify' to check C / C++ code style
[3.068s] -- Configured uncrustify additional arguments: 
[3.068s] -- Added test 'xmllint' to check XML markup files
[3.069s] -- Configuring done
[3.708s] -- Generating done
[3.711s] -- Build files have been written to: /home/aidan/ana_bot/build/ana
[3.732s] Invoked command in '/home/aidan/ana_bot/build/ana' returned '0': CMAKE_PREFIX_PATH=${CMAKE_PREFIX_PATH}:/home/aidan/ana_bot/install/my_python_pkg:/opt/ros/humble /usr/bin/cmake /home/aidan/ana_bot/src/ana -DCMAKE_INSTALL_PREFIX=/home/aidan/ana_bot/install/ana
[3.732s] Invoking command in '/home/aidan/ana_bot/build/ana': CMAKE_PREFIX_PATH=${CMAKE_PREFIX_PATH}:/home/aidan/ana_bot/install/my_python_pkg:/opt/ros/humble /usr/bin/cmake --build /home/aidan/ana_bot/build/ana -- -j16 -l16
[3.766s] [35m[1mConsolidate compiler generated dependencies of target cuda_operations[0m
[3.776s] [ 18%] Built target cuda_operations
[3.785s] [35m[1mConsolidate compiler generated dependencies of target depth_live_filter_node[0m
[3.803s] [ 27%] [32m[1mLinking CUDA device code CMakeFiles/depth_live_filter_node.dir/cmake_device_link.o[0m
[3.829s] [35m[1mConsolidate compiler generated dependencies of target publish_pcd_node[0m
[3.831s] [35m[1mConsolidate compiler generated dependencies of target occupancy_grid_subscriber_node[0m
[3.852s] [ 36%] [32m[1mLinking CXX executable depth_live_filter_node[0m
[3.893s] [ 45%] [32m[1mLinking CUDA device code CMakeFiles/occupancy_grid_subscriber_node.dir/cmake_device_link.o[0m
[3.897s] [ 54%] [32m[1mLinking CUDA device code CMakeFiles/publish_pcd_node.dir/cmake_device_link.o[0m
[3.955s] [ 72%] [32m[1mLinking CXX executable occupancy_grid_subscriber_node[0m
[3.956s] [ 72%] [32m[1mLinking CXX executable publish_pcd_node[0m
[4.788s] [ 81%] Built target depth_live_filter_node
[15.804s] [ 90%] Built target occupancy_grid_subscriber_node
[16.660s] [100%] Built target publish_pcd_node
[16.677s] Invoked command in '/home/aidan/ana_bot/build/ana' returned '0': CMAKE_PREFIX_PATH=${CMAKE_PREFIX_PATH}:/home/aidan/ana_bot/install/my_python_pkg:/opt/ros/humble /usr/bin/cmake --build /home/aidan/ana_bot/build/ana -- -j16 -l16
[16.708s] Invoking command in '/home/aidan/ana_bot/build/ana': CMAKE_PREFIX_PATH=${CMAKE_PREFIX_PATH}:/home/aidan/ana_bot/install/my_python_pkg:/opt/ros/humble /usr/bin/cmake --install /home/aidan/ana_bot/build/ana
[16.713s] -- Install configuration: ""
[16.713s] -- Execute custom install script
[16.714s] -- Up-to-date symlink: /home/aidan/ana_bot/install/ana/lib/ana/depth_live_filter_node
[16.714s] -- Up-to-date symlink: /home/aidan/ana_bot/install/ana/lib/ana/publish_pcd_node
[16.714s] -- Up-to-date symlink: /home/aidan/ana_bot/install/ana/lib/ana/occupancy_grid_subscriber_node
[16.714s] -- Up-to-date symlink: /home/aidan/ana_bot/install/ana/lib/ana/libcuda_operations.a
[16.714s] -- Up-to-date symlink: /home/aidan/ana_bot/install/ana/share/ana/config/ana.rviz
[16.714s] -- Up-to-date symlink: /home/aidan/ana_bot/install/ana/share/ana/config/ana_map.rviz
[16.714s] -- Up-to-date symlink: /home/aidan/ana_bot/install/ana/share/ana/config/diff_drive_bot.rviz
[16.714s] -- Up-to-date symlink: /home/aidan/ana_bot/install/ana/share/ana/config/gazebo_params.yaml
[16.715s] -- Up-to-date symlink: /home/aidan/ana_bot/install/ana/share/ana/config/my_controllers.yaml
[16.715s] -- Up-to-date symlink: /home/aidan/ana_bot/install/ana/share/ana/config/nav2_params.yaml
[16.715s] -- Up-to-date symlink: /home/aidan/ana_bot/install/ana/share/ana/config/simulation_depth.rviz
[16.715s] -- Up-to-date symlink: /home/aidan/ana_bot/install/ana/share/ana/description/camera.xacro
[16.715s] -- Up-to-date symlink: /home/aidan/ana_bot/install/ana/share/ana/description/depth_camera.xacro
[16.715s] -- Up-to-date symlink: /home/aidan/ana_bot/install/ana/share/ana/description/gazebo_diff_control.xacro
[16.715s] -- Up-to-date symlink: /home/aidan/ana_bot/install/ana/share/ana/description/gazebo_four_diff_control.xacro
[16.715s] -- Up-to-date symlink: /home/aidan/ana_bot/install/ana/share/ana/description/inertial_macros.xacro
[16.715s] -- Up-to-date symlink: /home/aidan/ana_bot/install/ana/share/ana/description/robot.urdf.xacro
[16.715s] -- Up-to-date symlink: /home/aidan/ana_bot/install/ana/share/ana/description/robot_core.xacro
[16.715s] -- Up-to-date symlink: /home/aidan/ana_bot/install/ana/share/ana/description/ros2_diff_control.xacro
[16.715s] -- Up-to-date symlink: /home/aidan/ana_bot/install/ana/share/ana/launch/launch_sim.launch.py
[16.715s] -- Up-to-date symlink: /home/aidan/ana_bot/install/ana/share/ana/launch/nav2.launch.py
[16.715s] -- Up-to-date symlink: /home/aidan/ana_bot/install/ana/share/ana/launch/rsp.launch.py
[16.715s] -- Up-to-date symlink: /home/aidan/ana_bot/install/ana/share/ana/launch/rtab.launch.py
[16.716s] -- Up-to-date symlink: /home/aidan/ana_bot/install/ana/share/ana/worlds/bedroom.world
[16.716s] -- Up-to-date symlink: /home/aidan/ana_bot/install/ana/share/ana/worlds/empty.world
[16.716s] -- Up-to-date symlink: /home/aidan/ana_bot/install/ana/share/ana/worlds/obstacles.world
[16.716s] -- Up-to-date symlink: /home/aidan/ana_bot/install/ana/share/ana/worlds/obstacles_walls.world
[16.716s] -- Up-to-date symlink: /home/aidan/ana_bot/install/ana/share/ana/worlds/outside.world
[16.716s] -- Up-to-date symlink: /home/aidan/ana_bot/install/ana/share/ana/meshes/ana_chassis.stl
[16.716s] -- Up-to-date symlink: /home/aidan/ana_bot/install/ana/share/ana/meshes/d435i.stl
[16.716s] -- Up-to-date symlink: /home/aidan/ana_bot/install/ana/share/ana/rtab_maps/day2_1.pcd
[16.716s] -- Up-to-date symlink: /home/aidan/ana_bot/install/ana/share/ana/rtab_maps/day2_1.ply
[16.717s] -- Up-to-date symlink: /home/aidan/ana_bot/install/ana/share/ana/rtab_maps/playground_organized.pcd
[16.717s] -- Up-to-date symlink: /home/aidan/ana_bot/install/ana/share/ana/rtab_maps/playground_organized.ply
[16.717s] -- Up-to-date symlink: /home/aidan/ana_bot/install/ana/share/ana/rtab_maps/rtab_settings.config
[16.717s] -- Up-to-date symlink: /home/aidan/ana_bot/install/ana/share/ana/rtab_maps/settings1.pcd
[16.717s] -- Up-to-date symlink: /home/aidan/ana_bot/install/ana/share/ana/rtab_maps/settings1.ply
[16.717s] -- Up-to-date symlink: /home/aidan/ana_bot/install/ana/share/ana/rtab_maps/settings2.pcd
[16.717s] -- Up-to-date symlink: /home/aidan/ana_bot/install/ana/share/ana/rtab_maps/settings2.ply
[16.717s] -- Up-to-date symlink: /home/aidan/ana_bot/install/ana/share/ana/rtab_maps/settings3.pcd
[16.717s] -- Up-to-date symlink: /home/aidan/ana_bot/install/ana/share/ana/rtab_maps/settings3.ply
[16.717s] -- Up-to-date symlink: /home/aidan/ana_bot/install/ana/share/ana/rtab_maps/settings4_screenshot1.png
[16.717s] -- Up-to-date symlink: /home/aidan/ana_bot/install/ana/share/ana/rtab_maps/settings4_screenshot2.png
[16.718s] -- Up-to-date symlink: /home/aidan/ana_bot/install/ana/share/ana/rtab_maps/settings4_toLoad.ini
[16.718s] -- Up-to-date symlink: /home/aidan/ana_bot/install/ana/share/ament_index/resource_index/package_run_dependencies/ana
[16.720s] -- Up-to-date symlink: /home/aidan/ana_bot/install/ana/share/ament_index/resource_index/parent_prefix_path/ana
[16.721s] -- Up-to-date symlink: /home/aidan/ana_bot/install/ana/share/ana/environment/ament_prefix_path.sh
[16.721s] -- Up-to-date symlink: /home/aidan/ana_bot/install/ana/share/ana/environment/ament_prefix_path.dsv
[16.721s] -- Up-to-date symlink: /home/aidan/ana_bot/install/ana/share/ana/environment/path.sh
[16.721s] -- Up-to-date symlink: /home/aidan/ana_bot/install/ana/share/ana/environment/path.dsv
[16.721s] -- Up-to-date symlink: /home/aidan/ana_bot/install/ana/share/ana/local_setup.bash
[16.721s] -- Up-to-date symlink: /home/aidan/ana_bot/install/ana/share/ana/local_setup.sh
[16.721s] -- Up-to-date symlink: /home/aidan/ana_bot/install/ana/share/ana/local_setup.zsh
[16.721s] -- Up-to-date symlink: /home/aidan/ana_bot/install/ana/share/ana/local_setup.dsv
[16.721s] -- Symlinking: /home/aidan/ana_bot/install/ana/share/ana/package.dsv
[16.727s] -- Up-to-date symlink: /home/aidan/ana_bot/install/ana/share/ament_index/resource_index/packages/ana
[16.727s] -- Up-to-date symlink: /home/aidan/ana_bot/install/ana/share/ana/cmake/anaConfig.cmake
[16.727s] -- Up-to-date symlink: /home/aidan/ana_bot/install/ana/share/ana/cmake/anaConfig-version.cmake
[16.727s] -- Up-to-date symlink: /home/aidan/ana_bot/install/ana/share/ana/package.xml
[16.729s] Invoked command in '/home/aidan/ana_bot/build/ana' returned '0': CMAKE_PREFIX_PATH=${CMAKE_PREFIX_PATH}:/home/aidan/ana_bot/install/my_python_pkg:/opt/ros/humble /usr/bin/cmake --install /home/aidan/ana_bot/build/ana
