[0.493s] Invoking command in '/home/aidan/ana_bot/src/my_python_pkg': PYTHONPATH=/home/aidan/ana_bot/build/my_python_pkg/prefix_override:/home/aidan/ana_bot/install/my_python_pkg/lib/python3.10/site-packages:${PYTHONPATH} /usr/bin/python3 -W ignore:setup.py install is deprecated setup.py egg_info --egg-base ../../build/my_python_pkg build --build-base /home/aidan/ana_bot/build/my_python_pkg/build install --record /home/aidan/ana_bot/build/my_python_pkg/install.log --single-version-externally-managed install_data
[0.683s] running egg_info
[0.684s] creating ../../build/my_python_pkg/my_python_pkg.egg-info
[0.684s] writing ../../build/my_python_pkg/my_python_pkg.egg-info/PKG-INFO
[0.684s] writing dependency_links to ../../build/my_python_pkg/my_python_pkg.egg-info/dependency_links.txt
[0.684s] writing entry points to ../../build/my_python_pkg/my_python_pkg.egg-info/entry_points.txt
[0.684s] writing requirements to ../../build/my_python_pkg/my_python_pkg.egg-info/requires.txt
[0.684s] writing top-level names to ../../build/my_python_pkg/my_python_pkg.egg-info/top_level.txt
[0.684s] writing manifest file '../../build/my_python_pkg/my_python_pkg.egg-info/SOURCES.txt'
[0.685s] reading manifest file '../../build/my_python_pkg/my_python_pkg.egg-info/SOURCES.txt'
[0.686s] writing manifest file '../../build/my_python_pkg/my_python_pkg.egg-info/SOURCES.txt'
[0.686s] running build
[0.686s] running build_py
[0.686s] creating /home/aidan/ana_bot/build/my_python_pkg/build
[0.686s] creating /home/aidan/ana_bot/build/my_python_pkg/build/lib
[0.686s] creating /home/aidan/ana_bot/build/my_python_pkg/build/lib/my_python_pkg
[0.686s] copying my_python_pkg/arduino_serial.py -> /home/aidan/ana_bot/build/my_python_pkg/build/lib/my_python_pkg
[0.687s] copying my_python_pkg/motor_control.py -> /home/aidan/ana_bot/build/my_python_pkg/build/lib/my_python_pkg
[0.687s] copying my_python_pkg/__init__.py -> /home/aidan/ana_bot/build/my_python_pkg/build/lib/my_python_pkg
[0.687s] running install
[0.687s] running install_lib
[0.687s] creating /home/aidan/ana_bot/install/my_python_pkg/lib/python3.10/site-packages/my_python_pkg
[0.687s] copying /home/aidan/ana_bot/build/my_python_pkg/build/lib/my_python_pkg/arduino_serial.py -> /home/aidan/ana_bot/install/my_python_pkg/lib/python3.10/site-packages/my_python_pkg
[0.688s] copying /home/aidan/ana_bot/build/my_python_pkg/build/lib/my_python_pkg/motor_control.py -> /home/aidan/ana_bot/install/my_python_pkg/lib/python3.10/site-packages/my_python_pkg
[0.688s] copying /home/aidan/ana_bot/build/my_python_pkg/build/lib/my_python_pkg/__init__.py -> /home/aidan/ana_bot/install/my_python_pkg/lib/python3.10/site-packages/my_python_pkg
[0.688s] byte-compiling /home/aidan/ana_bot/install/my_python_pkg/lib/python3.10/site-packages/my_python_pkg/arduino_serial.py to arduino_serial.cpython-310.pyc
[0.688s] byte-compiling /home/aidan/ana_bot/install/my_python_pkg/lib/python3.10/site-packages/my_python_pkg/motor_control.py to motor_control.cpython-310.pyc
[0.689s] byte-compiling /home/aidan/ana_bot/install/my_python_pkg/lib/python3.10/site-packages/my_python_pkg/__init__.py to __init__.cpython-310.pyc
[0.689s] running install_data
[0.689s] creating /home/aidan/ana_bot/install/my_python_pkg/share/ament_index
[0.689s] creating /home/aidan/ana_bot/install/my_python_pkg/share/ament_index/resource_index
[0.690s] creating /home/aidan/ana_bot/install/my_python_pkg/share/ament_index/resource_index/packages
[0.690s] copying resource/my_python_pkg -> /home/aidan/ana_bot/install/my_python_pkg/share/ament_index/resource_index/packages
[0.690s] copying package.xml -> /home/aidan/ana_bot/install/my_python_pkg/share/my_python_pkg
[0.690s] running install_egg_info
[0.691s] Copying ../../build/my_python_pkg/my_python_pkg.egg-info to /home/aidan/ana_bot/install/my_python_pkg/lib/python3.10/site-packages/my_python_pkg-0.0.0-py3.10.egg-info
[0.691s] running install_scripts
[0.705s] Installing arduino_serial script to /home/aidan/ana_bot/install/my_python_pkg/lib/my_python_pkg
[0.705s] Installing motor_control script to /home/aidan/ana_bot/install/my_python_pkg/lib/my_python_pkg
[0.706s] writing list of installed files to '/home/aidan/ana_bot/build/my_python_pkg/install.log'
[0.721s] Invoked command in '/home/aidan/ana_bot/src/my_python_pkg' returned '0': PYTHONPATH=/home/aidan/ana_bot/build/my_python_pkg/prefix_override:/home/aidan/ana_bot/install/my_python_pkg/lib/python3.10/site-packages:${PYTHONPATH} /usr/bin/python3 -W ignore:setup.py install is deprecated setup.py egg_info --egg-base ../../build/my_python_pkg build --build-base /home/aidan/ana_bot/build/my_python_pkg/build install --record /home/aidan/ana_bot/build/my_python_pkg/install.log --single-version-externally-managed install_data
