[0.569s] Invoking command in '/home/aidan/ana_bot/src/my_python_pkg': PYTHONPATH=/home/aidan/ana_bot/build/my_python_pkg/prefix_override:/home/aidan/ana_bot/install/my_python_pkg/lib/python3.10/site-packages:${PYTHONPATH} /usr/bin/python3 -W ignore:setup.py install is deprecated setup.py egg_info --egg-base ../../build/my_python_pkg build --build-base /home/aidan/ana_bot/build/my_python_pkg/build install --record /home/aidan/ana_bot/build/my_python_pkg/install.log --single-version-externally-managed install_data
[0.757s] running egg_info
[0.757s] writing ../../build/my_python_pkg/my_python_pkg.egg-info/PKG-INFO
[0.758s] writing dependency_links to ../../build/my_python_pkg/my_python_pkg.egg-info/dependency_links.txt
[0.758s] writing entry points to ../../build/my_python_pkg/my_python_pkg.egg-info/entry_points.txt
[0.758s] writing requirements to ../../build/my_python_pkg/my_python_pkg.egg-info/requires.txt
[0.758s] writing top-level names to ../../build/my_python_pkg/my_python_pkg.egg-info/top_level.txt
[0.759s] reading manifest file '../../build/my_python_pkg/my_python_pkg.egg-info/SOURCES.txt'
[0.760s] writing manifest file '../../build/my_python_pkg/my_python_pkg.egg-info/SOURCES.txt'
[0.760s] running build
[0.760s] running build_py
[0.760s] copying my_python_pkg/arduino_serial.py -> /home/aidan/ana_bot/build/my_python_pkg/build/lib/my_python_pkg
[0.760s] copying my_python_pkg/motor_control.py -> /home/aidan/ana_bot/build/my_python_pkg/build/lib/my_python_pkg
[0.760s] copying my_python_pkg/__init__.py -> /home/aidan/ana_bot/build/my_python_pkg/build/lib/my_python_pkg
[0.760s] running install
[0.761s] running install_lib
[0.761s] copying /home/aidan/ana_bot/build/my_python_pkg/build/lib/my_python_pkg/arduino_serial.py -> /home/aidan/ana_bot/install/my_python_pkg/lib/python3.10/site-packages/my_python_pkg
[0.762s] copying /home/aidan/ana_bot/build/my_python_pkg/build/lib/my_python_pkg/motor_control.py -> /home/aidan/ana_bot/install/my_python_pkg/lib/python3.10/site-packages/my_python_pkg
[0.762s] copying /home/aidan/ana_bot/build/my_python_pkg/build/lib/my_python_pkg/__init__.py -> /home/aidan/ana_bot/install/my_python_pkg/lib/python3.10/site-packages/my_python_pkg
[0.762s] byte-compiling /home/aidan/ana_bot/install/my_python_pkg/lib/python3.10/site-packages/my_python_pkg/arduino_serial.py to arduino_serial.cpython-310.pyc
[0.763s] byte-compiling /home/aidan/ana_bot/install/my_python_pkg/lib/python3.10/site-packages/my_python_pkg/motor_control.py to motor_control.cpython-310.pyc
[0.763s] byte-compiling /home/aidan/ana_bot/install/my_python_pkg/lib/python3.10/site-packages/my_python_pkg/__init__.py to __init__.cpython-310.pyc
[0.764s] running install_data
[0.764s] copying resource/my_python_pkg -> /home/aidan/ana_bot/install/my_python_pkg/share/ament_index/resource_index/packages
[0.764s] copying package.xml -> /home/aidan/ana_bot/install/my_python_pkg/share/my_python_pkg
[0.764s] running install_egg_info
[0.765s] removing '/home/aidan/ana_bot/install/my_python_pkg/lib/python3.10/site-packages/my_python_pkg-0.0.0-py3.10.egg-info' (and everything under it)
[0.765s] Copying ../../build/my_python_pkg/my_python_pkg.egg-info to /home/aidan/ana_bot/install/my_python_pkg/lib/python3.10/site-packages/my_python_pkg-0.0.0-py3.10.egg-info
[0.766s] running install_scripts
[0.780s] Installing arduino_serial script to /home/aidan/ana_bot/install/my_python_pkg/lib/my_python_pkg
[0.780s] Installing motor_control script to /home/aidan/ana_bot/install/my_python_pkg/lib/my_python_pkg
[0.780s] writing list of installed files to '/home/aidan/ana_bot/build/my_python_pkg/install.log'
[0.795s] Invoked command in '/home/aidan/ana_bot/src/my_python_pkg' returned '0': PYTHONPATH=/home/aidan/ana_bot/build/my_python_pkg/prefix_override:/home/aidan/ana_bot/install/my_python_pkg/lib/python3.10/site-packages:${PYTHONPATH} /usr/bin/python3 -W ignore:setup.py install is deprecated setup.py egg_info --egg-base ../../build/my_python_pkg build --build-base /home/aidan/ana_bot/build/my_python_pkg/build install --record /home/aidan/ana_bot/build/my_python_pkg/install.log --single-version-externally-managed install_data
