[0.012s] Invoking command in '/home/aidan/ana_bot/build/ana': CMAKE_PREFIX_PATH=${CMAKE_PREFIX_PATH}:/home/aidan/ana_bot/install/robot_math:/home/aidan/ana_bot/install/my_python_pkg:/opt/ros/humble /usr/bin/cmake --build /home/aidan/ana_bot/build/ana -- -j16 -l16
[0.031s] -- Found ament_cmake: 1.3.8 (/opt/ros/humble/share/ament_cmake/cmake)
[0.123s] -- Found rclcpp: 16.0.8 (/opt/ros/humble/share/rclcpp/cmake)
[0.146s] -- Found rosidl_generator_c: 3.1.5 (/opt/ros/humble/share/rosidl_generator_c/cmake)
[0.148s] -- Found rosidl_adapter: 3.1.5 (/opt/ros/humble/share/rosidl_adapter/cmake)
[0.154s] -- Found rosidl_generator_cpp: 3.1.5 (/opt/ros/humble/share/rosidl_generator_cpp/cmake)
[0.164s] -- Using all available rosidl_typesupport_c: rosidl_typesupport_fastrtps_c;rosidl_typesupport_introspection_c
[0.177s] -- Using all available rosidl_typesupport_cpp: rosidl_typesupport_fastrtps_cpp;rosidl_typesupport_introspection_cpp
[0.223s] -- Found rmw_implementation_cmake: 6.1.1 (/opt/ros/humble/share/rmw_implementation_cmake/cmake)
[0.224s] -- Found rmw_fastrtps_cpp: 6.2.6 (/opt/ros/humble/share/rmw_fastrtps_cpp/cmake)
[0.317s] -- Using RMW implementation 'rmw_fastrtps_cpp' as default
[0.445s] -- Found sensor_msgs: 4.2.3 (/opt/ros/humble/share/sensor_msgs/cmake)
[0.552s] -- Found image_transport: 3.1.9 (/opt/ros/humble/share/image_transport/cmake)
[0.579s] -- Found cv_bridge: 3.2.1 (/opt/ros/humble/share/cv_bridge/cmake)
[0.601s] -- Eigen found (include: /usr/include/eigen3, version: 3.4.0)
[0.616s] -- OpenNI found (version: 1.5.4.0, include: /usr/include/ni, lib: /usr/lib/libOpenNI.so;libusb::libusb)
[0.621s] -- OpenNI2 found (version: 2.2.0.33, include: /usr/include/openni2, lib: /usr/lib/x86_64-linux-gnu/libOpenNI2.so;libusb::libusb)
[0.621s] [0m** WARNING ** io features related to pcap will be disabled[0m
[0.621s] [0m** WARNING ** io features related to png will be disabled[0m
[0.847s] -- Eigen found (include: /usr/include/eigen3, version: 3.4.0)
[0.847s] -- looking for PCL_COMMON
[0.847s] -- looking for PCL_OCTREE
[0.848s] -- looking for PCL_IO
[0.848s] -- Found pcl_conversions: 2.4.0 (/opt/ros/humble/share/pcl_conversions/cmake)
[1.058s] -- Found ament_lint_auto: 0.12.10 (/opt/ros/humble/share/ament_lint_auto/cmake)
[1.110s] -- Added test 'copyright' to check source files copyright and LICENSE
[1.112s] -- Added test 'cppcheck' to perform static code analysis on C / C++ code
[1.112s] -- Configured cppcheck include dirs: /home/aidan/ana_bot/src/ana/include
[1.112s] -- Configured cppcheck exclude dirs and/or files: 
[1.113s] -- Added test 'cpplint' to check C / C++ code against the Google style
[1.113s] -- Configured cpplint exclude dirs and/or files: 
[1.113s] -- Added test 'flake8' to check Python code syntax and style conventions
[1.114s] -- Added test 'lint_cmake' to check CMake code style
[1.114s] -- Added test 'pep257' to check Python code against some of the docstring style conventions in PEP 257
[1.115s] -- Added test 'uncrustify' to check C / C++ code style
[1.115s] -- Configured uncrustify additional arguments: 
[1.115s] -- Added test 'xmllint' to check XML markup files
[1.116s] -- Configuring done
[1.197s] -- Generating done
[1.198s] -- Build files have been written to: /home/aidan/ana_bot/build/ana
[1.222s] [35m[1mConsolidate compiler generated dependencies of target point_cloud_filter_node[0m
[1.225s] [35m[1mConsolidate compiler generated dependencies of target publish_pcd_node[0m
[1.236s] [ 50%] Built target point_cloud_filter_node
[1.248s] [ 75%] [32mBuilding CXX object CMakeFiles/publish_pcd_node.dir/src/ply2pcd.cpp.o[0m
[6.977s] [100%] [32m[1mLinking CXX executable publish_pcd_node[0m
[7.942s] [100%] Built target publish_pcd_node
[7.949s] Invoked command in '/home/aidan/ana_bot/build/ana' returned '0': CMAKE_PREFIX_PATH=${CMAKE_PREFIX_PATH}:/home/aidan/ana_bot/install/robot_math:/home/aidan/ana_bot/install/my_python_pkg:/opt/ros/humble /usr/bin/cmake --build /home/aidan/ana_bot/build/ana -- -j16 -l16
[7.973s] Invoking command in '/home/aidan/ana_bot/build/ana': CMAKE_PREFIX_PATH=${CMAKE_PREFIX_PATH}:/home/aidan/ana_bot/install/robot_math:/home/aidan/ana_bot/install/my_python_pkg:/opt/ros/humble /usr/bin/cmake --install /home/aidan/ana_bot/build/ana
[7.978s] -- Install configuration: ""
[7.978s] -- Installing: /home/aidan/ana_bot/install/ana/lib/ana/point_cloud_filter_node
[7.979s] -- Set runtime path of "/home/aidan/ana_bot/install/ana/lib/ana/point_cloud_filter_node" to ""
[7.979s] -- Installing: /home/aidan/ana_bot/install/ana/lib/ana/publish_pcd_node
[7.980s] -- Set runtime path of "/home/aidan/ana_bot/install/ana/lib/ana/publish_pcd_node" to ""
[7.980s] -- Up-to-date: /home/aidan/ana_bot/install/ana/share/ana/config
[7.980s] -- Up-to-date: /home/aidan/ana_bot/install/ana/share/ana/config/simulation_depth.rviz
[7.980s] -- Up-to-date: /home/aidan/ana_bot/install/ana/share/ana/config/diff_drive_bot.rviz
[7.980s] -- Up-to-date: /home/aidan/ana_bot/install/ana/share/ana/config/gazebo_params.yaml
[7.980s] -- Up-to-date: /home/aidan/ana_bot/install/ana/share/ana/config/ana.rviz
[7.980s] -- Up-to-date: /home/aidan/ana_bot/install/ana/share/ana/config/my_controllers.yaml
[7.980s] -- Up-to-date: /home/aidan/ana_bot/install/ana/share/ana/config/nav2_params.yaml
[7.980s] -- Up-to-date: /home/aidan/ana_bot/install/ana/share/ana/description
[7.981s] -- Up-to-date: /home/aidan/ana_bot/install/ana/share/ana/description/camera.xacro
[7.981s] -- Up-to-date: /home/aidan/ana_bot/install/ana/share/ana/description/ros2_diff_control.xacro
[7.981s] -- Up-to-date: /home/aidan/ana_bot/install/ana/share/ana/description/gazebo_four_diff_control.xacro
[7.981s] -- Up-to-date: /home/aidan/ana_bot/install/ana/share/ana/description/depth_camera.xacro
[7.981s] -- Up-to-date: /home/aidan/ana_bot/install/ana/share/ana/description/robot_core.xacro
[7.981s] -- Up-to-date: /home/aidan/ana_bot/install/ana/share/ana/description/gazebo_diff_control.xacro
[7.981s] -- Up-to-date: /home/aidan/ana_bot/install/ana/share/ana/description/inertial_macros.xacro
[7.981s] -- Up-to-date: /home/aidan/ana_bot/install/ana/share/ana/description/robot.urdf.xacro
[7.981s] -- Up-to-date: /home/aidan/ana_bot/install/ana/share/ana/launch
[7.981s] -- Installing: /home/aidan/ana_bot/install/ana/share/ana/launch/launch_sim.launch.py
[7.981s] -- Up-to-date: /home/aidan/ana_bot/install/ana/share/ana/launch/rsp.launch.py
[7.981s] -- Up-to-date: /home/aidan/ana_bot/install/ana/share/ana/launch/rtab.launch.py
[7.981s] -- Up-to-date: /home/aidan/ana_bot/install/ana/share/ana/launch/nav2.launch.py
[7.982s] -- Up-to-date: /home/aidan/ana_bot/install/ana/share/ana/worlds
[7.982s] -- Up-to-date: /home/aidan/ana_bot/install/ana/share/ana/worlds/obstacles_walls.world
[7.982s] -- Up-to-date: /home/aidan/ana_bot/install/ana/share/ana/worlds/obstacles.world
[7.982s] -- Up-to-date: /home/aidan/ana_bot/install/ana/share/ana/worlds/empty.world
[7.982s] -- Up-to-date: /home/aidan/ana_bot/install/ana/share/ana/meshes
[7.982s] -- Up-to-date: /home/aidan/ana_bot/install/ana/share/ana/meshes/ana_chassis.stl
[7.982s] -- Up-to-date: /home/aidan/ana_bot/install/ana/share/ana/meshes/d435i.stl
[7.982s] -- Installing: /home/aidan/ana_bot/install/ana/share/ana/rtab_maps
[7.982s] -- Installing: /home/aidan/ana_bot/install/ana/share/ana/rtab_maps/orange_cones_3d.pcd
[8.023s] -- Installing: /home/aidan/ana_bot/install/ana/share/ana/rtab_maps/orange_cones_3d.ply
[8.061s] -- Up-to-date: /home/aidan/ana_bot/install/ana/share/ament_index/resource_index/package_run_dependencies/ana
[8.061s] -- Up-to-date: /home/aidan/ana_bot/install/ana/share/ament_index/resource_index/parent_prefix_path/ana
[8.062s] -- Up-to-date: /home/aidan/ana_bot/install/ana/share/ana/environment/ament_prefix_path.sh
[8.062s] -- Installing: /home/aidan/ana_bot/install/ana/share/ana/environment/ament_prefix_path.dsv
[8.062s] -- Up-to-date: /home/aidan/ana_bot/install/ana/share/ana/environment/path.sh
[8.062s] -- Installing: /home/aidan/ana_bot/install/ana/share/ana/environment/path.dsv
[8.062s] -- Up-to-date: /home/aidan/ana_bot/install/ana/share/ana/local_setup.bash
[8.062s] -- Up-to-date: /home/aidan/ana_bot/install/ana/share/ana/local_setup.sh
[8.062s] -- Up-to-date: /home/aidan/ana_bot/install/ana/share/ana/local_setup.zsh
[8.062s] -- Installing: /home/aidan/ana_bot/install/ana/share/ana/local_setup.dsv
[8.062s] -- Installing: /home/aidan/ana_bot/install/ana/share/ana/package.dsv
[8.062s] -- Up-to-date: /home/aidan/ana_bot/install/ana/share/ament_index/resource_index/packages/ana
[8.062s] -- Up-to-date: /home/aidan/ana_bot/install/ana/share/ana/cmake/anaConfig.cmake
[8.063s] -- Up-to-date: /home/aidan/ana_bot/install/ana/share/ana/cmake/anaConfig-version.cmake
[8.063s] -- Up-to-date: /home/aidan/ana_bot/install/ana/share/ana/package.xml
[8.064s] Invoked command in '/home/aidan/ana_bot/build/ana' returned '0': CMAKE_PREFIX_PATH=${CMAKE_PREFIX_PATH}:/home/aidan/ana_bot/install/robot_math:/home/aidan/ana_bot/install/my_python_pkg:/opt/ros/humble /usr/bin/cmake --install /home/aidan/ana_bot/build/ana
