[0.012s] Invoking command in '/home/aidan/ana_bot/build/ana': CMAKE_PREFIX_PATH=${CMAKE_PREFIX_PATH}:/home/aidan/ana_bot/install/robot_math:/home/aidan/ana_bot/install/my_python_pkg:/opt/ros/humble /usr/bin/cmake --build /home/aidan/ana_bot/build/ana -- -j16 -l16
[0.049s] [100%] Built target point_cloud_filter_node
[0.212s] Invoked command in '/home/aidan/ana_bot/build/ana' returned '0': CMAKE_PREFIX_PATH=${CMAKE_PREFIX_PATH}:/home/aidan/ana_bot/install/robot_math:/home/aidan/ana_bot/install/my_python_pkg:/opt/ros/humble /usr/bin/cmake --build /home/aidan/ana_bot/build/ana -- -j16 -l16
[0.234s] Invoking command in '/home/aidan/ana_bot/build/ana': CMAKE_PREFIX_PATH=${CMAKE_PREFIX_PATH}:/home/aidan/ana_bot/install/robot_math:/home/aidan/ana_bot/install/my_python_pkg:/opt/ros/humble /usr/bin/cmake --install /home/aidan/ana_bot/build/ana
[0.239s] -- Install configuration: ""
[0.239s] -- Up-to-date: /home/aidan/ana_bot/install/ana/lib/ana/point_cloud_filter_node
[0.240s] -- Up-to-date: /home/aidan/ana_bot/install/ana/share/ana/config
[0.240s] -- Up-to-date: /home/aidan/ana_bot/install/ana/share/ana/config/simulation_depth.rviz
[0.240s] -- Up-to-date: /home/aidan/ana_bot/install/ana/share/ana/config/diff_drive_bot.rviz
[0.240s] -- Up-to-date: /home/aidan/ana_bot/install/ana/share/ana/config/gazebo_params.yaml
[0.240s] -- Up-to-date: /home/aidan/ana_bot/install/ana/share/ana/config/ana.rviz
[0.240s] -- Up-to-date: /home/aidan/ana_bot/install/ana/share/ana/config/my_controllers.yaml
[0.240s] -- Up-to-date: /home/aidan/ana_bot/install/ana/share/ana/config/nav2_params.yaml
[0.240s] -- Up-to-date: /home/aidan/ana_bot/install/ana/share/ana/description
[0.240s] -- Up-to-date: /home/aidan/ana_bot/install/ana/share/ana/description/camera.xacro
[0.240s] -- Up-to-date: /home/aidan/ana_bot/install/ana/share/ana/description/ros2_diff_control.xacro
[0.240s] -- Up-to-date: /home/aidan/ana_bot/install/ana/share/ana/description/gazebo_four_diff_control.xacro
[0.240s] -- Up-to-date: /home/aidan/ana_bot/install/ana/share/ana/description/depth_camera.xacro
[0.240s] -- Up-to-date: /home/aidan/ana_bot/install/ana/share/ana/description/robot_core.xacro
[0.240s] -- Up-to-date: /home/aidan/ana_bot/install/ana/share/ana/description/gazebo_diff_control.xacro
[0.240s] -- Up-to-date: /home/aidan/ana_bot/install/ana/share/ana/description/inertial_macros.xacro
[0.240s] -- Up-to-date: /home/aidan/ana_bot/install/ana/share/ana/description/robot.urdf.xacro
[0.240s] -- Up-to-date: /home/aidan/ana_bot/install/ana/share/ana/launch
[0.241s] -- Up-to-date: /home/aidan/ana_bot/install/ana/share/ana/launch/launch_sim.launch.py
[0.241s] -- Up-to-date: /home/aidan/ana_bot/install/ana/share/ana/launch/rsp.launch.py
[0.241s] -- Installing: /home/aidan/ana_bot/install/ana/share/ana/launch/rtab.launch.py
[0.241s] -- Up-to-date: /home/aidan/ana_bot/install/ana/share/ana/launch/nav2.launch.py
[0.241s] -- Up-to-date: /home/aidan/ana_bot/install/ana/share/ana/worlds
[0.241s] -- Up-to-date: /home/aidan/ana_bot/install/ana/share/ana/worlds/obstacles_walls.world
[0.241s] -- Up-to-date: /home/aidan/ana_bot/install/ana/share/ana/worlds/obstacles.world
[0.241s] -- Up-to-date: /home/aidan/ana_bot/install/ana/share/ana/worlds/empty.world
[0.241s] -- Up-to-date: /home/aidan/ana_bot/install/ana/share/ana/meshes
[0.241s] -- Up-to-date: /home/aidan/ana_bot/install/ana/share/ana/meshes/ana_chassis.stl
[0.241s] -- Up-to-date: /home/aidan/ana_bot/install/ana/share/ana/meshes/d435i.stl
[0.241s] -- Up-to-date: /home/aidan/ana_bot/install/ana/share/ament_index/resource_index/package_run_dependencies/ana
[0.241s] -- Up-to-date: /home/aidan/ana_bot/install/ana/share/ament_index/resource_index/parent_prefix_path/ana
[0.241s] -- Up-to-date: /home/aidan/ana_bot/install/ana/share/ana/environment/ament_prefix_path.sh
[0.241s] -- Up-to-date: /home/aidan/ana_bot/install/ana/share/ana/environment/ament_prefix_path.dsv
[0.241s] -- Up-to-date: /home/aidan/ana_bot/install/ana/share/ana/environment/path.sh
[0.241s] -- Up-to-date: /home/aidan/ana_bot/install/ana/share/ana/environment/path.dsv
[0.241s] -- Up-to-date: /home/aidan/ana_bot/install/ana/share/ana/local_setup.bash
[0.241s] -- Up-to-date: /home/aidan/ana_bot/install/ana/share/ana/local_setup.sh
[0.242s] -- Up-to-date: /home/aidan/ana_bot/install/ana/share/ana/local_setup.zsh
[0.242s] -- Up-to-date: /home/aidan/ana_bot/install/ana/share/ana/local_setup.dsv
[0.242s] -- Installing: /home/aidan/ana_bot/install/ana/share/ana/package.dsv
[0.242s] -- Up-to-date: /home/aidan/ana_bot/install/ana/share/ament_index/resource_index/packages/ana
[0.242s] -- Up-to-date: /home/aidan/ana_bot/install/ana/share/ana/cmake/anaConfig.cmake
[0.242s] -- Up-to-date: /home/aidan/ana_bot/install/ana/share/ana/cmake/anaConfig-version.cmake
[0.242s] -- Up-to-date: /home/aidan/ana_bot/install/ana/share/ana/package.xml
[0.243s] Invoked command in '/home/aidan/ana_bot/build/ana' returned '0': CMAKE_PREFIX_PATH=${CMAKE_PREFIX_PATH}:/home/aidan/ana_bot/install/robot_math:/home/aidan/ana_bot/install/my_python_pkg:/opt/ros/humble /usr/bin/cmake --install /home/aidan/ana_bot/build/ana
