[0.091s] DEBUG:colcon:Command line arguments: ['/usr/bin/colcon', 'build']
[0.091s] DEBUG:colcon:Parsed command line arguments: Namespace(log_base=None, log_level=None, verb_name='build', build_base='build', install_base='install', merge_install=False, symlink_install=False, test_result_base=None, continue_on_error=False, executor='parallel', parallel_workers=16, event_handlers=None, ignore_user_meta=False, metas=['./colcon.meta'], base_paths=['.'], packages_ignore=None, packages_ignore_regex=None, paths=None, packages_up_to=None, packages_up_to_regex=None, packages_above=None, packages_above_and_dependencies=None, packages_above_depth=None, packages_select_by_dep=None, packages_skip_by_dep=None, packages_skip_up_to=None, packages_select_build_failed=False, packages_skip_build_finished=False, packages_select_test_failures=False, packages_skip_test_passed=False, packages_select=None, packages_skip=None, packages_select_regex=None, packages_skip_regex=None, packages_start=None, packages_end=None, allow_overriding=[], cmake_args=None, cmake_target=None, cmake_target_skip_unavailable=False, cmake_clean_cache=False, cmake_clean_first=False, cmake_force_configure=False, ament_cmake_args=None, catkin_cmake_args=None, catkin_skip_building_tests=False, mixin_files=None, mixin=None, verb_parser=<colcon_mixin.mixin.mixin_argument.MixinArgumentDecorator object at 0x72cb12346bf0>, verb_extension=<colcon_core.verb.build.BuildVerb object at 0x72cb1244f1f0>, main=<bound method BuildVerb.main of <colcon_core.verb.build.BuildVerb object at 0x72cb1244f1f0>>, mixin_verb=('build',))
[0.232s] Level 1:colcon.colcon_core.package_discovery:discover_packages(colcon_meta) check parameters
[0.232s] Level 1:colcon.colcon_core.package_discovery:discover_packages(recursive) check parameters
[0.232s] Level 1:colcon.colcon_core.package_discovery:discover_packages(ignore) check parameters
[0.232s] Level 1:colcon.colcon_core.package_discovery:discover_packages(path) check parameters
[0.232s] Level 1:colcon.colcon_core.package_discovery:discover_packages(colcon_meta) discover
[0.232s] Level 1:colcon.colcon_core.package_discovery:discover_packages(recursive) discover
[0.232s] INFO:colcon.colcon_core.package_discovery:Crawling recursively for packages in '/home/aidan/ana_bot'
[0.232s] Level 1:colcon.colcon_core.package_identification:_identify(.) by extensions ['ignore', 'ignore_ament_install']
[0.232s] Level 1:colcon.colcon_core.package_identification:_identify(.) by extension 'ignore'
[0.232s] Level 1:colcon.colcon_core.package_identification:_identify(.) by extension 'ignore_ament_install'
[0.232s] Level 1:colcon.colcon_core.package_identification:_identify(.) by extensions ['colcon_pkg']
[0.232s] Level 1:colcon.colcon_core.package_identification:_identify(.) by extension 'colcon_pkg'
[0.232s] Level 1:colcon.colcon_core.package_identification:_identify(.) by extensions ['colcon_meta']
[0.232s] Level 1:colcon.colcon_core.package_identification:_identify(.) by extension 'colcon_meta'
[0.232s] Level 1:colcon.colcon_core.package_identification:_identify(.) by extensions ['ros']
[0.233s] Level 1:colcon.colcon_core.package_identification:_identify(.) by extension 'ros'
[0.240s] Level 1:colcon.colcon_core.package_identification:_identify(.) by extensions ['cmake', 'python']
[0.240s] Level 1:colcon.colcon_core.package_identification:_identify(.) by extension 'cmake'
[0.240s] Level 1:colcon.colcon_core.package_identification:_identify(.) by extension 'python'
[0.240s] Level 1:colcon.colcon_core.package_identification:_identify(.) by extensions ['python_setup_py']
[0.240s] Level 1:colcon.colcon_core.package_identification:_identify(.) by extension 'python_setup_py'
[0.241s] Level 1:colcon.colcon_core.package_identification:_identify(build) by extensions ['ignore', 'ignore_ament_install']
[0.241s] Level 1:colcon.colcon_core.package_identification:_identify(build) by extension 'ignore'
[0.241s] Level 1:colcon.colcon_core.package_identification:_identify(build) ignored
[0.241s] Level 1:colcon.colcon_core.package_identification:_identify(install) by extensions ['ignore', 'ignore_ament_install']
[0.241s] Level 1:colcon.colcon_core.package_identification:_identify(install) by extension 'ignore'
[0.241s] Level 1:colcon.colcon_core.package_identification:_identify(install) ignored
[0.241s] Level 1:colcon.colcon_core.package_identification:_identify(log) by extensions ['ignore', 'ignore_ament_install']
[0.241s] Level 1:colcon.colcon_core.package_identification:_identify(log) by extension 'ignore'
[0.241s] Level 1:colcon.colcon_core.package_identification:_identify(log) ignored
[0.241s] Level 1:colcon.colcon_core.package_identification:_identify(src) by extensions ['ignore', 'ignore_ament_install']
[0.241s] Level 1:colcon.colcon_core.package_identification:_identify(src) by extension 'ignore'
[0.241s] Level 1:colcon.colcon_core.package_identification:_identify(src) by extension 'ignore_ament_install'
[0.241s] Level 1:colcon.colcon_core.package_identification:_identify(src) by extensions ['colcon_pkg']
[0.241s] Level 1:colcon.colcon_core.package_identification:_identify(src) by extension 'colcon_pkg'
[0.241s] Level 1:colcon.colcon_core.package_identification:_identify(src) by extensions ['colcon_meta']
[0.241s] Level 1:colcon.colcon_core.package_identification:_identify(src) by extension 'colcon_meta'
[0.241s] Level 1:colcon.colcon_core.package_identification:_identify(src) by extensions ['ros']
[0.241s] Level 1:colcon.colcon_core.package_identification:_identify(src) by extension 'ros'
[0.241s] Level 1:colcon.colcon_core.package_identification:_identify(src) by extensions ['cmake', 'python']
[0.241s] Level 1:colcon.colcon_core.package_identification:_identify(src) by extension 'cmake'
[0.241s] Level 1:colcon.colcon_core.package_identification:_identify(src) by extension 'python'
[0.242s] Level 1:colcon.colcon_core.package_identification:_identify(src) by extensions ['python_setup_py']
[0.242s] Level 1:colcon.colcon_core.package_identification:_identify(src) by extension 'python_setup_py'
[0.242s] Level 1:colcon.colcon_core.package_identification:_identify(src/ana) by extensions ['ignore', 'ignore_ament_install']
[0.242s] Level 1:colcon.colcon_core.package_identification:_identify(src/ana) by extension 'ignore'
[0.242s] Level 1:colcon.colcon_core.package_identification:_identify(src/ana) by extension 'ignore_ament_install'
[0.242s] Level 1:colcon.colcon_core.package_identification:_identify(src/ana) by extensions ['colcon_pkg']
[0.242s] Level 1:colcon.colcon_core.package_identification:_identify(src/ana) by extension 'colcon_pkg'
[0.242s] Level 1:colcon.colcon_core.package_identification:_identify(src/ana) by extensions ['colcon_meta']
[0.242s] Level 1:colcon.colcon_core.package_identification:_identify(src/ana) by extension 'colcon_meta'
[0.242s] Level 1:colcon.colcon_core.package_identification:_identify(src/ana) by extensions ['ros']
[0.242s] Level 1:colcon.colcon_core.package_identification:_identify(src/ana) by extension 'ros'
[0.244s] DEBUG:colcon.colcon_core.package_identification:Package 'src/ana' with type 'ros.ament_cmake' and name 'ana'
[0.244s] Level 1:colcon.colcon_core.package_identification:_identify(src/my_python_pkg) by extensions ['ignore', 'ignore_ament_install']
[0.244s] Level 1:colcon.colcon_core.package_identification:_identify(src/my_python_pkg) by extension 'ignore'
[0.244s] Level 1:colcon.colcon_core.package_identification:_identify(src/my_python_pkg) by extension 'ignore_ament_install'
[0.244s] Level 1:colcon.colcon_core.package_identification:_identify(src/my_python_pkg) by extensions ['colcon_pkg']
[0.244s] Level 1:colcon.colcon_core.package_identification:_identify(src/my_python_pkg) by extension 'colcon_pkg'
[0.244s] Level 1:colcon.colcon_core.package_identification:_identify(src/my_python_pkg) by extensions ['colcon_meta']
[0.244s] Level 1:colcon.colcon_core.package_identification:_identify(src/my_python_pkg) by extension 'colcon_meta'
[0.244s] Level 1:colcon.colcon_core.package_identification:_identify(src/my_python_pkg) by extensions ['ros']
[0.244s] Level 1:colcon.colcon_core.package_identification:_identify(src/my_python_pkg) by extension 'ros'
[0.245s] DEBUG:colcon.colcon_core.package_identification:Package 'src/my_python_pkg' with type 'ros.ament_python' and name 'my_python_pkg'
[0.245s] Level 1:colcon.colcon_core.package_discovery:discover_packages(recursive) using defaults
[0.245s] Level 1:colcon.colcon_core.package_discovery:discover_packages(ignore) discover
[0.245s] Level 1:colcon.colcon_core.package_discovery:discover_packages(ignore) using defaults
[0.245s] Level 1:colcon.colcon_core.package_discovery:discover_packages(path) discover
[0.245s] Level 1:colcon.colcon_core.package_discovery:discover_packages(path) using defaults
[0.266s] Level 1:colcon.colcon_core.package_discovery:discover_packages(prefix_path) check parameters
[0.266s] Level 1:colcon.colcon_core.package_discovery:discover_packages(prefix_path) discover
[0.268s] DEBUG:colcon.colcon_installed_package_information.package_discovery:Found 447 installed packages in /opt/ros/humble
[0.270s] Level 1:colcon.colcon_core.package_discovery:discover_packages(prefix_path) using defaults
[0.309s] Level 5:colcon.colcon_core.verb:set package 'ana' build argument 'cmake_args' from command line to 'None'
[0.309s] Level 5:colcon.colcon_core.verb:set package 'ana' build argument 'cmake_target' from command line to 'None'
[0.309s] Level 5:colcon.colcon_core.verb:set package 'ana' build argument 'cmake_target_skip_unavailable' from command line to 'False'
[0.309s] Level 5:colcon.colcon_core.verb:set package 'ana' build argument 'cmake_clean_cache' from command line to 'False'
[0.309s] Level 5:colcon.colcon_core.verb:set package 'ana' build argument 'cmake_clean_first' from command line to 'False'
[0.309s] Level 5:colcon.colcon_core.verb:set package 'ana' build argument 'cmake_force_configure' from command line to 'False'
[0.309s] Level 5:colcon.colcon_core.verb:set package 'ana' build argument 'ament_cmake_args' from command line to 'None'
[0.309s] Level 5:colcon.colcon_core.verb:set package 'ana' build argument 'catkin_cmake_args' from command line to 'None'
[0.309s] Level 5:colcon.colcon_core.verb:set package 'ana' build argument 'catkin_skip_building_tests' from command line to 'False'
[0.309s] DEBUG:colcon.colcon_core.verb:Building package 'ana' with the following arguments: {'ament_cmake_args': None, 'build_base': '/home/aidan/ana_bot/build/ana', 'catkin_cmake_args': None, 'catkin_skip_building_tests': False, 'cmake_args': None, 'cmake_clean_cache': False, 'cmake_clean_first': False, 'cmake_force_configure': False, 'cmake_target': None, 'cmake_target_skip_unavailable': False, 'install_base': '/home/aidan/ana_bot/install/ana', 'merge_install': False, 'path': '/home/aidan/ana_bot/src/ana', 'symlink_install': False, 'test_result_base': None}
[0.309s] Level 5:colcon.colcon_core.verb:set package 'my_python_pkg' build argument 'cmake_args' from command line to 'None'
[0.309s] Level 5:colcon.colcon_core.verb:set package 'my_python_pkg' build argument 'cmake_target' from command line to 'None'
[0.309s] Level 5:colcon.colcon_core.verb:set package 'my_python_pkg' build argument 'cmake_target_skip_unavailable' from command line to 'False'
[0.309s] Level 5:colcon.colcon_core.verb:set package 'my_python_pkg' build argument 'cmake_clean_cache' from command line to 'False'
[0.309s] Level 5:colcon.colcon_core.verb:set package 'my_python_pkg' build argument 'cmake_clean_first' from command line to 'False'
[0.309s] Level 5:colcon.colcon_core.verb:set package 'my_python_pkg' build argument 'cmake_force_configure' from command line to 'False'
[0.309s] Level 5:colcon.colcon_core.verb:set package 'my_python_pkg' build argument 'ament_cmake_args' from command line to 'None'
[0.309s] Level 5:colcon.colcon_core.verb:set package 'my_python_pkg' build argument 'catkin_cmake_args' from command line to 'None'
[0.309s] Level 5:colcon.colcon_core.verb:set package 'my_python_pkg' build argument 'catkin_skip_building_tests' from command line to 'False'
[0.309s] DEBUG:colcon.colcon_core.verb:Building package 'my_python_pkg' with the following arguments: {'ament_cmake_args': None, 'build_base': '/home/aidan/ana_bot/build/my_python_pkg', 'catkin_cmake_args': None, 'catkin_skip_building_tests': False, 'cmake_args': None, 'cmake_clean_cache': False, 'cmake_clean_first': False, 'cmake_force_configure': False, 'cmake_target': None, 'cmake_target_skip_unavailable': False, 'install_base': '/home/aidan/ana_bot/install/my_python_pkg', 'merge_install': False, 'path': '/home/aidan/ana_bot/src/my_python_pkg', 'symlink_install': False, 'test_result_base': None}
[0.310s] INFO:colcon.colcon_core.executor:Executing jobs using 'parallel' executor
[0.310s] DEBUG:colcon.colcon_parallel_executor.executor.parallel:run_until_complete
[0.310s] INFO:colcon.colcon_ros.task.ament_cmake.build:Building ROS package in '/home/aidan/ana_bot/src/ana' with build type 'ament_cmake'
[0.310s] INFO:colcon.colcon_cmake.task.cmake.build:Building CMake package in '/home/aidan/ana_bot/src/ana'
[0.313s] INFO:colcon.colcon_core.plugin_system:Skipping extension 'colcon_core.shell.bat': Not used on non-Windows systems
[0.313s] INFO:colcon.colcon_core.shell:Skip shell extension 'powershell' for command environment: Not usable outside of PowerShell
[0.313s] DEBUG:colcon.colcon_core.shell:Skip shell extension 'dsv' for command environment
[0.315s] INFO:colcon.colcon_ros.task.ament_python.build:Building ROS package in '/home/aidan/ana_bot/src/my_python_pkg' with build type 'ament_python'
[0.316s] Level 1:colcon.colcon_core.shell:create_environment_hook('my_python_pkg', 'ament_prefix_path')
[0.316s] INFO:colcon.colcon_core.shell:Creating environment hook '/home/aidan/ana_bot/install/my_python_pkg/share/my_python_pkg/hook/ament_prefix_path.ps1'
[0.316s] INFO:colcon.colcon_core.shell:Creating environment descriptor '/home/aidan/ana_bot/install/my_python_pkg/share/my_python_pkg/hook/ament_prefix_path.dsv'
[0.317s] INFO:colcon.colcon_core.shell:Creating environment hook '/home/aidan/ana_bot/install/my_python_pkg/share/my_python_pkg/hook/ament_prefix_path.sh'
[0.317s] INFO:colcon.colcon_core.shell:Skip shell extension 'powershell' for command environment: Not usable outside of PowerShell
[0.317s] DEBUG:colcon.colcon_core.shell:Skip shell extension 'dsv' for command environment
[0.322s] DEBUG:colcon.colcon_core.event_handler.log_command:Invoking command in '/home/aidan/ana_bot/build/ana': CMAKE_PREFIX_PATH=/opt/ros/humble /usr/bin/cmake /home/aidan/ana_bot/src/ana -DCMAKE_INSTALL_PREFIX=/home/aidan/ana_bot/install/ana
[0.521s] INFO:colcon.colcon_core.task.python.build:Building Python package in '/home/aidan/ana_bot/src/my_python_pkg'
[0.521s] INFO:colcon.colcon_core.shell:Skip shell extension 'powershell' for command environment: Not usable outside of PowerShell
[0.521s] DEBUG:colcon.colcon_core.shell:Skip shell extension 'dsv' for command environment
[0.869s] DEBUG:colcon.colcon_core.event_handler.log_command:Invoking command in '/home/aidan/ana_bot/src/my_python_pkg': PYTHONPATH=/home/aidan/ana_bot/build/my_python_pkg/prefix_override:/home/aidan/ana_bot/install/my_python_pkg/lib/python3.10/site-packages:${PYTHONPATH} /usr/bin/python3 -W ignore:setup.py install is deprecated setup.py egg_info --egg-base ../../build/my_python_pkg build --build-base /home/aidan/ana_bot/build/my_python_pkg/build install --record /home/aidan/ana_bot/build/my_python_pkg/install.log --single-version-externally-managed install_data
[1.092s] DEBUG:colcon.colcon_core.event_handler.log_command:Invoked command in '/home/aidan/ana_bot/src/my_python_pkg' returned '0': PYTHONPATH=/home/aidan/ana_bot/build/my_python_pkg/prefix_override:/home/aidan/ana_bot/install/my_python_pkg/lib/python3.10/site-packages:${PYTHONPATH} /usr/bin/python3 -W ignore:setup.py install is deprecated setup.py egg_info --egg-base ../../build/my_python_pkg build --build-base /home/aidan/ana_bot/build/my_python_pkg/build install --record /home/aidan/ana_bot/build/my_python_pkg/install.log --single-version-externally-managed install_data
[1.095s] Level 1:colcon.colcon_core.environment:checking '/home/aidan/ana_bot/install/my_python_pkg' for CMake module files
[1.095s] Level 1:colcon.colcon_core.environment:checking '/home/aidan/ana_bot/install/my_python_pkg' for CMake config files
[1.096s] Level 1:colcon.colcon_core.environment:checking '/home/aidan/ana_bot/install/my_python_pkg/lib'
[1.096s] Level 1:colcon.colcon_core.environment:checking '/home/aidan/ana_bot/install/my_python_pkg/bin'
[1.096s] Level 1:colcon.colcon_core.environment:checking '/home/aidan/ana_bot/install/my_python_pkg/lib/pkgconfig/my_python_pkg.pc'
[1.096s] Level 1:colcon.colcon_core.environment:checking '/home/aidan/ana_bot/install/my_python_pkg/lib/python3.10/site-packages'
[1.096s] Level 1:colcon.colcon_core.shell:create_environment_hook('my_python_pkg', 'pythonpath')
[1.097s] INFO:colcon.colcon_core.shell:Creating environment hook '/home/aidan/ana_bot/install/my_python_pkg/share/my_python_pkg/hook/pythonpath.ps1'
[1.097s] INFO:colcon.colcon_core.shell:Creating environment descriptor '/home/aidan/ana_bot/install/my_python_pkg/share/my_python_pkg/hook/pythonpath.dsv'
[1.097s] INFO:colcon.colcon_core.shell:Creating environment hook '/home/aidan/ana_bot/install/my_python_pkg/share/my_python_pkg/hook/pythonpath.sh'
[1.098s] Level 1:colcon.colcon_core.environment:checking '/home/aidan/ana_bot/install/my_python_pkg/bin'
[1.098s] Level 1:colcon.colcon_core.environment:create_environment_scripts_only(my_python_pkg)
[1.098s] INFO:colcon.colcon_core.shell:Creating package script '/home/aidan/ana_bot/install/my_python_pkg/share/my_python_pkg/package.ps1'
[1.099s] INFO:colcon.colcon_core.shell:Creating package descriptor '/home/aidan/ana_bot/install/my_python_pkg/share/my_python_pkg/package.dsv'
[1.100s] INFO:colcon.colcon_core.shell:Creating package script '/home/aidan/ana_bot/install/my_python_pkg/share/my_python_pkg/package.sh'
[1.101s] INFO:colcon.colcon_core.shell:Creating package script '/home/aidan/ana_bot/install/my_python_pkg/share/my_python_pkg/package.bash'
[1.102s] INFO:colcon.colcon_core.shell:Creating package script '/home/aidan/ana_bot/install/my_python_pkg/share/my_python_pkg/package.zsh'
[1.103s] Level 1:colcon.colcon_core.environment:create_file_with_runtime_dependencies(/home/aidan/ana_bot/install/my_python_pkg/share/colcon-core/packages/my_python_pkg)
[3.690s] DEBUG:colcon.colcon_core.event_handler.log_command:Invoked command in '/home/aidan/ana_bot/build/ana' returned '0': CMAKE_PREFIX_PATH=/opt/ros/humble /usr/bin/cmake /home/aidan/ana_bot/src/ana -DCMAKE_INSTALL_PREFIX=/home/aidan/ana_bot/install/ana
[3.692s] DEBUG:colcon.colcon_core.event_handler.log_command:Invoking command in '/home/aidan/ana_bot/build/ana': CMAKE_PREFIX_PATH=/opt/ros/humble /usr/bin/cmake --build /home/aidan/ana_bot/build/ana -- -j16 -l16
[17.055s] DEBUG:colcon.colcon_core.event_handler.log_command:Invoked command in '/home/aidan/ana_bot/build/ana' returned '2': CMAKE_PREFIX_PATH=/opt/ros/humble /usr/bin/cmake --build /home/aidan/ana_bot/build/ana -- -j16 -l16
[17.076s] Level 1:colcon.colcon_core.environment:create_environment_scripts_only(ana)
[17.076s] Level 1:colcon.colcon_core.environment:checking '/home/aidan/ana_bot/install/ana' for CMake module files
[17.076s] Level 1:colcon.colcon_core.environment:checking '/home/aidan/ana_bot/install/ana' for CMake config files
[17.077s] Level 1:colcon.colcon_core.shell:create_environment_hook('ana', 'cmake_prefix_path')
[17.077s] INFO:colcon.colcon_core.shell:Creating environment hook '/home/aidan/ana_bot/install/ana/share/ana/hook/cmake_prefix_path.ps1'
[17.077s] INFO:colcon.colcon_core.shell:Creating environment descriptor '/home/aidan/ana_bot/install/ana/share/ana/hook/cmake_prefix_path.dsv'
[17.077s] INFO:colcon.colcon_core.shell:Creating environment hook '/home/aidan/ana_bot/install/ana/share/ana/hook/cmake_prefix_path.sh'
[17.078s] Level 1:colcon.colcon_core.environment:checking '/home/aidan/ana_bot/install/ana/lib'
[17.078s] Level 1:colcon.colcon_core.environment:checking '/home/aidan/ana_bot/install/ana/bin'
[17.078s] Level 1:colcon.colcon_core.environment:checking '/home/aidan/ana_bot/install/ana/lib/pkgconfig/ana.pc'
[17.078s] Level 1:colcon.colcon_core.environment:checking '/home/aidan/ana_bot/install/ana/lib/python3.10/site-packages'
[17.078s] Level 1:colcon.colcon_core.environment:checking '/home/aidan/ana_bot/install/ana/bin'
[17.078s] INFO:colcon.colcon_core.shell:Creating package script '/home/aidan/ana_bot/install/ana/share/ana/package.ps1'
[17.079s] INFO:colcon.colcon_core.shell:Creating package descriptor '/home/aidan/ana_bot/install/ana/share/ana/package.dsv'
[17.079s] INFO:colcon.colcon_core.shell:Creating package script '/home/aidan/ana_bot/install/ana/share/ana/package.sh'
[17.079s] INFO:colcon.colcon_core.shell:Creating package script '/home/aidan/ana_bot/install/ana/share/ana/package.bash'
[17.080s] INFO:colcon.colcon_core.shell:Creating package script '/home/aidan/ana_bot/install/ana/share/ana/package.zsh'
[17.080s] Level 1:colcon.colcon_core.environment:create_file_with_runtime_dependencies(/home/aidan/ana_bot/install/ana/share/colcon-core/packages/ana)
[17.090s] DEBUG:colcon.colcon_parallel_executor.executor.parallel:closing loop
[17.090s] DEBUG:colcon.colcon_parallel_executor.executor.parallel:loop closed
[17.090s] DEBUG:colcon.colcon_parallel_executor.executor.parallel:run_until_complete finished with '2'
[17.090s] DEBUG:colcon.colcon_core.event_reactor:joining thread
[17.096s] INFO:colcon.colcon_core.plugin_system:Skipping extension 'colcon_notification.desktop_notification.terminal_notifier': Not used on non-Darwin systems
[17.096s] INFO:colcon.colcon_core.plugin_system:Skipping extension 'colcon_notification.desktop_notification.win32': Not used on non-Windows systems
[17.096s] INFO:colcon.colcon_notification.desktop_notification:Sending desktop notification using 'notify2'
[17.111s] DEBUG:colcon.colcon_core.event_reactor:joined thread
[17.112s] INFO:colcon.colcon_core.shell:Creating prefix script '/home/aidan/ana_bot/install/local_setup.ps1'
[17.113s] INFO:colcon.colcon_core.shell:Creating prefix util module '/home/aidan/ana_bot/install/_local_setup_util_ps1.py'
[17.113s] INFO:colcon.colcon_core.shell:Creating prefix chain script '/home/aidan/ana_bot/install/setup.ps1'
[17.114s] INFO:colcon.colcon_core.shell:Creating prefix script '/home/aidan/ana_bot/install/local_setup.sh'
[17.115s] INFO:colcon.colcon_core.shell:Creating prefix util module '/home/aidan/ana_bot/install/_local_setup_util_sh.py'
[17.115s] INFO:colcon.colcon_core.shell:Creating prefix chain script '/home/aidan/ana_bot/install/setup.sh'
[17.116s] INFO:colcon.colcon_core.shell:Creating prefix script '/home/aidan/ana_bot/install/local_setup.bash'
[17.116s] INFO:colcon.colcon_core.shell:Creating prefix chain script '/home/aidan/ana_bot/install/setup.bash'
[17.117s] INFO:colcon.colcon_core.shell:Creating prefix script '/home/aidan/ana_bot/install/local_setup.zsh'
[17.117s] INFO:colcon.colcon_core.shell:Creating prefix chain script '/home/aidan/ana_bot/install/setup.zsh'
