[0.569s] Invoking command in '/home/aidan/ana_bot/build/my_python_pkg': PYTHONPATH=/home/aidan/ana_bot/build/my_python_pkg/prefix_override:/home/aidan/ana_bot/install/my_python_pkg/lib/python3.10/site-packages:${PYTHONPATH} /usr/bin/python3 -W ignore:setup.py install is deprecated setup.py develop --editable --build-directory /home/aidan/ana_bot/build/my_python_pkg/build --no-deps symlink_data
[0.796s] running develop
[0.796s] /usr/lib/python3/dist-packages/setuptools/command/easy_install.py:158: EasyInstallDeprecationWarning: easy_install command is deprecated. Use build and pip and other standards-based tools.
[0.796s]   warnings.warn(
[0.956s] running egg_info
[0.956s] writing my_python_pkg.egg-info/PKG-INFO
[0.956s] writing dependency_links to my_python_pkg.egg-info/dependency_links.txt
[0.956s] writing entry points to my_python_pkg.egg-info/entry_points.txt
[0.956s] writing requirements to my_python_pkg.egg-info/requires.txt
[0.956s] writing top-level names to my_python_pkg.egg-info/top_level.txt
[0.957s] reading manifest file 'my_python_pkg.egg-info/SOURCES.txt'
[0.958s] writing manifest file 'my_python_pkg.egg-info/SOURCES.txt'
[0.959s] running build_ext
[0.959s] Creating /home/aidan/ana_bot/install/my_python_pkg/lib/python3.10/site-packages/my-python-pkg.egg-link (link to .)
[0.959s] Installing arduino_serial script to /home/aidan/ana_bot/install/my_python_pkg/lib/my_python_pkg
[0.960s] Installing motor_control script to /home/aidan/ana_bot/install/my_python_pkg/lib/my_python_pkg
[0.960s] 
[0.960s] Installed /home/aidan/ana_bot/build/my_python_pkg
[0.960s] running symlink_data
[0.991s] Invoked command in '/home/aidan/ana_bot/build/my_python_pkg' returned '0': PYTHONPATH=/home/aidan/ana_bot/build/my_python_pkg/prefix_override:/home/aidan/ana_bot/install/my_python_pkg/lib/python3.10/site-packages:${PYTHONPATH} /usr/bin/python3 -W ignore:setup.py install is deprecated setup.py develop --editable --build-directory /home/aidan/ana_bot/build/my_python_pkg/build --no-deps symlink_data
