[0.012s] Invoking command in '/home/aidan/ana_bot/build/ana': CMAKE_PREFIX_PATH=/opt/ros/humble /usr/bin/cmake --build /home/aidan/ana_bot/build/ana -- -j16 -l16
[0.070s] [ 18%] Built target cuda_operations
[0.091s] [ 45%] Built target depth_live_filter_node
[0.172s] [ 72%] Built target occupancy_grid_subscriber_node
[0.176s] [ 81%] [32mBuilding CXX object CMakeFiles/publish_pcd_node.dir/src/nodes/ply2pcd.cpp.o[0m
[7.522s] [ 90%] [32m[1mLinking CUDA device code CMakeFiles/publish_pcd_node.dir/cmake_device_link.o[0m
[7.567s] [100%] [32m[1mLinking CXX executable publish_pcd_node[0m
[13.677s] [100%] Built target publish_pcd_node
[13.685s] Invoked command in '/home/aidan/ana_bot/build/ana' returned '0': CMAKE_PREFIX_PATH=/opt/ros/humble /usr/bin/cmake --build /home/aidan/ana_bot/build/ana -- -j16 -l16
[13.712s] Invoking command in '/home/aidan/ana_bot/build/ana': CMAKE_PREFIX_PATH=/opt/ros/humble /usr/bin/cmake --install /home/aidan/ana_bot/build/ana
[13.717s] -- Install configuration: ""
[13.718s] -- Execute custom install script
[13.719s] -- Up-to-date symlink: /home/aidan/ana_bot/install/ana/lib/ana/depth_live_filter_node
[13.719s] -- Up-to-date symlink: /home/aidan/ana_bot/install/ana/lib/ana/publish_pcd_node
[13.719s] -- Up-to-date symlink: /home/aidan/ana_bot/install/ana/lib/ana/occupancy_grid_subscriber_node
[13.719s] -- Up-to-date symlink: /home/aidan/ana_bot/install/ana/lib/ana/libcuda_operations.a
[13.720s] -- Up-to-date symlink: /home/aidan/ana_bot/install/ana/share/ana/config/amcl_params.yaml
[13.720s] -- Up-to-date symlink: /home/aidan/ana_bot/install/ana/share/ana/config/ana.rviz
[13.720s] -- Up-to-date symlink: /home/aidan/ana_bot/install/ana/share/ana/config/ana_map.rviz
[13.720s] -- Up-to-date symlink: /home/aidan/ana_bot/install/ana/share/ana/config/custom_navigator.xml
[13.720s] -- Up-to-date symlink: /home/aidan/ana_bot/install/ana/share/ana/config/diff_drive_bot.rviz
[13.720s] -- Up-to-date symlink: /home/aidan/ana_bot/install/ana/share/ana/config/gazebo_params.yaml
[13.720s] -- Up-to-date symlink: /home/aidan/ana_bot/install/ana/share/ana/config/my_controllers.yaml
[13.720s] -- Up-to-date symlink: /home/aidan/ana_bot/install/ana/share/ana/config/nav2_params.yaml
[13.720s] -- Up-to-date symlink: /home/aidan/ana_bot/install/ana/share/ana/config/simulation_depth.rviz
[13.720s] -- Up-to-date symlink: /home/aidan/ana_bot/install/ana/share/ana/description/camera.xacro
[13.720s] -- Up-to-date symlink: /home/aidan/ana_bot/install/ana/share/ana/description/depth_camera.xacro
[13.720s] -- Up-to-date symlink: /home/aidan/ana_bot/install/ana/share/ana/description/gazebo_diff_control.xacro
[13.720s] -- Up-to-date symlink: /home/aidan/ana_bot/install/ana/share/ana/description/gazebo_four_diff_control.xacro
[13.720s] -- Up-to-date symlink: /home/aidan/ana_bot/install/ana/share/ana/description/inertial_macros.xacro
[13.720s] -- Up-to-date symlink: /home/aidan/ana_bot/install/ana/share/ana/description/robot.urdf.xacro
[13.721s] -- Up-to-date symlink: /home/aidan/ana_bot/install/ana/share/ana/description/robot_core.xacro
[13.721s] -- Up-to-date symlink: /home/aidan/ana_bot/install/ana/share/ana/description/ros2_diff_control.xacro
[13.721s] -- Up-to-date symlink: /home/aidan/ana_bot/install/ana/share/ana/launch/launch_sim.launch.py
[13.721s] -- Up-to-date symlink: /home/aidan/ana_bot/install/ana/share/ana/launch/nav2.launch.py
[13.721s] -- Up-to-date symlink: /home/aidan/ana_bot/install/ana/share/ana/launch/rsp.launch.py
[13.721s] -- Up-to-date symlink: /home/aidan/ana_bot/install/ana/share/ana/launch/rtab.launch.py
[13.721s] -- Up-to-date symlink: /home/aidan/ana_bot/install/ana/share/ana/worlds/bedroom.world
[13.721s] -- Up-to-date symlink: /home/aidan/ana_bot/install/ana/share/ana/worlds/empty.world
[13.721s] -- Up-to-date symlink: /home/aidan/ana_bot/install/ana/share/ana/worlds/obstacles.world
[13.721s] -- Up-to-date symlink: /home/aidan/ana_bot/install/ana/share/ana/worlds/obstacles_walls.world
[13.721s] -- Up-to-date symlink: /home/aidan/ana_bot/install/ana/share/ana/worlds/outside.world
[13.722s] -- Up-to-date symlink: /home/aidan/ana_bot/install/ana/share/ana/meshes/ana_chassis.stl
[13.722s] -- Up-to-date symlink: /home/aidan/ana_bot/install/ana/share/ana/meshes/d435i.stl
[13.722s] -- Up-to-date symlink: /home/aidan/ana_bot/install/ana/share/ana/rtab_maps/mapped_point_cloud.pcd
[13.722s] -- Up-to-date symlink: /home/aidan/ana_bot/install/ana/share/ana/rtab_maps/occupancy_grid.pgm
[13.722s] -- Up-to-date symlink: /home/aidan/ana_bot/install/ana/share/ana/rtab_maps/occupancy_grid.yaml
[13.722s] -- Up-to-date symlink: /home/aidan/ana_bot/install/ana/share/ana/rtab_maps/rtab_settings.config
[13.722s] -- Up-to-date symlink: /home/aidan/ana_bot/install/ana/share/ana/rtab_maps/settings4.pcd
[13.722s] -- Up-to-date symlink: /home/aidan/ana_bot/install/ana/share/ana/rtab_maps/settings4.ply
[13.722s] -- Up-to-date symlink: /home/aidan/ana_bot/install/ana/share/ana/rtab_maps/settings4_screenshot1.png
[13.722s] -- Up-to-date symlink: /home/aidan/ana_bot/install/ana/share/ana/rtab_maps/settings4_screenshot2.png
[13.722s] -- Up-to-date symlink: /home/aidan/ana_bot/install/ana/share/ana/rtab_maps/settings4_toLoad.ini
[13.722s] -- Up-to-date symlink: /home/aidan/ana_bot/install/ana/share/ament_index/resource_index/package_run_dependencies/ana
[13.723s] -- Up-to-date symlink: /home/aidan/ana_bot/install/ana/share/ament_index/resource_index/parent_prefix_path/ana
[13.723s] -- Up-to-date symlink: /home/aidan/ana_bot/install/ana/share/ana/environment/ament_prefix_path.sh
[13.723s] -- Up-to-date symlink: /home/aidan/ana_bot/install/ana/share/ana/environment/ament_prefix_path.dsv
[13.723s] -- Up-to-date symlink: /home/aidan/ana_bot/install/ana/share/ana/environment/path.sh
[13.723s] -- Up-to-date symlink: /home/aidan/ana_bot/install/ana/share/ana/environment/path.dsv
[13.723s] -- Up-to-date symlink: /home/aidan/ana_bot/install/ana/share/ana/local_setup.bash
[13.723s] -- Up-to-date symlink: /home/aidan/ana_bot/install/ana/share/ana/local_setup.sh
[13.723s] -- Up-to-date symlink: /home/aidan/ana_bot/install/ana/share/ana/local_setup.zsh
[13.724s] -- Up-to-date symlink: /home/aidan/ana_bot/install/ana/share/ana/local_setup.dsv
[13.724s] -- Symlinking: /home/aidan/ana_bot/install/ana/share/ana/package.dsv
[13.729s] -- Up-to-date symlink: /home/aidan/ana_bot/install/ana/share/ament_index/resource_index/packages/ana
[13.730s] -- Up-to-date symlink: /home/aidan/ana_bot/install/ana/share/ana/cmake/anaConfig.cmake
[13.730s] -- Up-to-date symlink: /home/aidan/ana_bot/install/ana/share/ana/cmake/anaConfig-version.cmake
[13.730s] -- Up-to-date symlink: /home/aidan/ana_bot/install/ana/share/ana/package.xml
[13.731s] Invoked command in '/home/aidan/ana_bot/build/ana' returned '0': CMAKE_PREFIX_PATH=/opt/ros/humble /usr/bin/cmake --install /home/aidan/ana_bot/build/ana
