[0.085s] DEBUG:colcon:Command line arguments: ['/usr/bin/colcon', 'build', '--symlink-install']
[0.085s] DEBUG:colcon:Parsed command line arguments: Namespace(log_base=None, log_level=None, verb_name='build', build_base='build', install_base='install', merge_install=False, symlink_install=True, test_result_base=None, continue_on_error=False, executor='parallel', parallel_workers=16, event_handlers=None, ignore_user_meta=False, metas=['./colcon.meta'], base_paths=['.'], packages_ignore=None, packages_ignore_regex=None, paths=None, packages_up_to=None, packages_up_to_regex=None, packages_above=None, packages_above_and_dependencies=None, packages_above_depth=None, packages_select_by_dep=None, packages_skip_by_dep=None, packages_skip_up_to=None, packages_select_build_failed=False, packages_skip_build_finished=False, packages_select_test_failures=False, packages_skip_test_passed=False, packages_select=None, packages_skip=None, packages_select_regex=None, packages_skip_regex=None, packages_start=None, packages_end=None, allow_overriding=[], cmake_args=None, cmake_target=None, cmake_target_skip_unavailable=False, cmake_clean_cache=False, cmake_clean_first=False, cmake_force_configure=False, ament_cmake_args=None, catkin_cmake_args=None, catkin_skip_building_tests=False, mixin_files=None, mixin=None, verb_parser=<colcon_mixin.mixin.mixin_argument.MixinArgumentDecorator object at 0x7593575324a0>, verb_extension=<colcon_core.verb.build.BuildVerb object at 0x759357642a10>, main=<bound method BuildVerb.main of <colcon_core.verb.build.BuildVerb object at 0x759357642a10>>, mixin_verb=('build',))
[0.228s] Level 1:colcon.colcon_core.package_discovery:discover_packages(colcon_meta) check parameters
[0.228s] Level 1:colcon.colcon_core.package_discovery:discover_packages(recursive) check parameters
[0.228s] Level 1:colcon.colcon_core.package_discovery:discover_packages(ignore) check parameters
[0.228s] Level 1:colcon.colcon_core.package_discovery:discover_packages(path) check parameters
[0.228s] Level 1:colcon.colcon_core.package_discovery:discover_packages(colcon_meta) discover
[0.228s] Level 1:colcon.colcon_core.package_discovery:discover_packages(recursive) discover
[0.228s] INFO:colcon.colcon_core.package_discovery:Crawling recursively for packages in '/home/aidan/ros2_ws'
[0.228s] Level 1:colcon.colcon_core.package_identification:_identify(.) by extensions ['ignore', 'ignore_ament_install']
[0.228s] Level 1:colcon.colcon_core.package_identification:_identify(.) by extension 'ignore'
[0.228s] Level 1:colcon.colcon_core.package_identification:_identify(.) by extension 'ignore_ament_install'
[0.228s] Level 1:colcon.colcon_core.package_identification:_identify(.) by extensions ['colcon_pkg']
[0.228s] Level 1:colcon.colcon_core.package_identification:_identify(.) by extension 'colcon_pkg'
[0.228s] Level 1:colcon.colcon_core.package_identification:_identify(.) by extensions ['colcon_meta']
[0.228s] Level 1:colcon.colcon_core.package_identification:_identify(.) by extension 'colcon_meta'
[0.228s] Level 1:colcon.colcon_core.package_identification:_identify(.) by extensions ['ros']
[0.228s] Level 1:colcon.colcon_core.package_identification:_identify(.) by extension 'ros'
[0.237s] Level 1:colcon.colcon_core.package_identification:_identify(.) by extensions ['cmake', 'python']
[0.237s] Level 1:colcon.colcon_core.package_identification:_identify(.) by extension 'cmake'
[0.237s] Level 1:colcon.colcon_core.package_identification:_identify(.) by extension 'python'
[0.237s] Level 1:colcon.colcon_core.package_identification:_identify(.) by extensions ['python_setup_py']
[0.237s] Level 1:colcon.colcon_core.package_identification:_identify(.) by extension 'python_setup_py'
[0.237s] Level 1:colcon.colcon_core.package_identification:_identify(build) by extensions ['ignore', 'ignore_ament_install']
[0.237s] Level 1:colcon.colcon_core.package_identification:_identify(build) by extension 'ignore'
[0.237s] Level 1:colcon.colcon_core.package_identification:_identify(build) ignored
[0.237s] Level 1:colcon.colcon_core.package_identification:_identify(install) by extensions ['ignore', 'ignore_ament_install']
[0.237s] Level 1:colcon.colcon_core.package_identification:_identify(install) by extension 'ignore'
[0.238s] Level 1:colcon.colcon_core.package_identification:_identify(install) ignored
[0.238s] Level 1:colcon.colcon_core.package_identification:_identify(log) by extensions ['ignore', 'ignore_ament_install']
[0.238s] Level 1:colcon.colcon_core.package_identification:_identify(log) by extension 'ignore'
[0.238s] Level 1:colcon.colcon_core.package_identification:_identify(log) ignored
[0.238s] Level 1:colcon.colcon_core.package_identification:_identify(src) by extensions ['ignore', 'ignore_ament_install']
[0.238s] Level 1:colcon.colcon_core.package_identification:_identify(src) by extension 'ignore'
[0.238s] Level 1:colcon.colcon_core.package_identification:_identify(src) by extension 'ignore_ament_install'
[0.238s] Level 1:colcon.colcon_core.package_identification:_identify(src) by extensions ['colcon_pkg']
[0.238s] Level 1:colcon.colcon_core.package_identification:_identify(src) by extension 'colcon_pkg'
[0.238s] Level 1:colcon.colcon_core.package_identification:_identify(src) by extensions ['colcon_meta']
[0.238s] Level 1:colcon.colcon_core.package_identification:_identify(src) by extension 'colcon_meta'
[0.238s] Level 1:colcon.colcon_core.package_identification:_identify(src) by extensions ['ros']
[0.238s] Level 1:colcon.colcon_core.package_identification:_identify(src) by extension 'ros'
[0.238s] Level 1:colcon.colcon_core.package_identification:_identify(src) by extensions ['cmake', 'python']
[0.238s] Level 1:colcon.colcon_core.package_identification:_identify(src) by extension 'cmake'
[0.238s] Level 1:colcon.colcon_core.package_identification:_identify(src) by extension 'python'
[0.238s] Level 1:colcon.colcon_core.package_identification:_identify(src) by extensions ['python_setup_py']
[0.238s] Level 1:colcon.colcon_core.package_identification:_identify(src) by extension 'python_setup_py'
[0.238s] Level 1:colcon.colcon_core.package_identification:_identify(src/ana) by extensions ['ignore', 'ignore_ament_install']
[0.238s] Level 1:colcon.colcon_core.package_identification:_identify(src/ana) by extension 'ignore'
[0.238s] Level 1:colcon.colcon_core.package_identification:_identify(src/ana) by extension 'ignore_ament_install'
[0.238s] Level 1:colcon.colcon_core.package_identification:_identify(src/ana) by extensions ['colcon_pkg']
[0.239s] Level 1:colcon.colcon_core.package_identification:_identify(src/ana) by extension 'colcon_pkg'
[0.239s] Level 1:colcon.colcon_core.package_identification:_identify(src/ana) by extensions ['colcon_meta']
[0.239s] Level 1:colcon.colcon_core.package_identification:_identify(src/ana) by extension 'colcon_meta'
[0.239s] Level 1:colcon.colcon_core.package_identification:_identify(src/ana) by extensions ['ros']
[0.239s] Level 1:colcon.colcon_core.package_identification:_identify(src/ana) by extension 'ros'
[0.240s] DEBUG:colcon.colcon_core.package_identification:Package 'src/ana' with type 'ros.ament_cmake' and name 'ana'
[0.240s] Level 1:colcon.colcon_core.package_identification:_identify(src/gazebo_ros2_control) by extensions ['ignore', 'ignore_ament_install']
[0.241s] Level 1:colcon.colcon_core.package_identification:_identify(src/gazebo_ros2_control) by extension 'ignore'
[0.241s] Level 1:colcon.colcon_core.package_identification:_identify(src/gazebo_ros2_control) by extension 'ignore_ament_install'
[0.241s] Level 1:colcon.colcon_core.package_identification:_identify(src/gazebo_ros2_control) by extensions ['colcon_pkg']
[0.241s] Level 1:colcon.colcon_core.package_identification:_identify(src/gazebo_ros2_control) by extension 'colcon_pkg'
[0.241s] Level 1:colcon.colcon_core.package_identification:_identify(src/gazebo_ros2_control) by extensions ['colcon_meta']
[0.241s] Level 1:colcon.colcon_core.package_identification:_identify(src/gazebo_ros2_control) by extension 'colcon_meta'
[0.241s] Level 1:colcon.colcon_core.package_identification:_identify(src/gazebo_ros2_control) by extensions ['ros']
[0.241s] Level 1:colcon.colcon_core.package_identification:_identify(src/gazebo_ros2_control) by extension 'ros'
[0.241s] Level 1:colcon.colcon_core.package_identification:_identify(src/gazebo_ros2_control) by extensions ['cmake', 'python']
[0.241s] Level 1:colcon.colcon_core.package_identification:_identify(src/gazebo_ros2_control) by extension 'cmake'
[0.241s] Level 1:colcon.colcon_core.package_identification:_identify(src/gazebo_ros2_control) by extension 'python'
[0.241s] Level 1:colcon.colcon_core.package_identification:_identify(src/gazebo_ros2_control) by extensions ['python_setup_py']
[0.241s] Level 1:colcon.colcon_core.package_identification:_identify(src/gazebo_ros2_control) by extension 'python_setup_py'
[0.241s] Level 1:colcon.colcon_core.package_identification:_identify(src/gazebo_ros2_control/Docker) by extensions ['ignore', 'ignore_ament_install']
[0.241s] Level 1:colcon.colcon_core.package_identification:_identify(src/gazebo_ros2_control/Docker) by extension 'ignore'
[0.241s] Level 1:colcon.colcon_core.package_identification:_identify(src/gazebo_ros2_control/Docker) by extension 'ignore_ament_install'
[0.241s] Level 1:colcon.colcon_core.package_identification:_identify(src/gazebo_ros2_control/Docker) by extensions ['colcon_pkg']
[0.241s] Level 1:colcon.colcon_core.package_identification:_identify(src/gazebo_ros2_control/Docker) by extension 'colcon_pkg'
[0.241s] Level 1:colcon.colcon_core.package_identification:_identify(src/gazebo_ros2_control/Docker) by extensions ['colcon_meta']
[0.241s] Level 1:colcon.colcon_core.package_identification:_identify(src/gazebo_ros2_control/Docker) by extension 'colcon_meta'
[0.241s] Level 1:colcon.colcon_core.package_identification:_identify(src/gazebo_ros2_control/Docker) by extensions ['ros']
[0.241s] Level 1:colcon.colcon_core.package_identification:_identify(src/gazebo_ros2_control/Docker) by extension 'ros'
[0.241s] Level 1:colcon.colcon_core.package_identification:_identify(src/gazebo_ros2_control/Docker) by extensions ['cmake', 'python']
[0.242s] Level 1:colcon.colcon_core.package_identification:_identify(src/gazebo_ros2_control/Docker) by extension 'cmake'
[0.242s] Level 1:colcon.colcon_core.package_identification:_identify(src/gazebo_ros2_control/Docker) by extension 'python'
[0.242s] Level 1:colcon.colcon_core.package_identification:_identify(src/gazebo_ros2_control/Docker) by extensions ['python_setup_py']
[0.242s] Level 1:colcon.colcon_core.package_identification:_identify(src/gazebo_ros2_control/Docker) by extension 'python_setup_py'
[0.242s] Level 1:colcon.colcon_core.package_identification:_identify(src/gazebo_ros2_control/doc) by extensions ['ignore', 'ignore_ament_install']
[0.242s] Level 1:colcon.colcon_core.package_identification:_identify(src/gazebo_ros2_control/doc) by extension 'ignore'
[0.242s] Level 1:colcon.colcon_core.package_identification:_identify(src/gazebo_ros2_control/doc) by extension 'ignore_ament_install'
[0.242s] Level 1:colcon.colcon_core.package_identification:_identify(src/gazebo_ros2_control/doc) by extensions ['colcon_pkg']
[0.242s] Level 1:colcon.colcon_core.package_identification:_identify(src/gazebo_ros2_control/doc) by extension 'colcon_pkg'
[0.242s] Level 1:colcon.colcon_core.package_identification:_identify(src/gazebo_ros2_control/doc) by extensions ['colcon_meta']
[0.242s] Level 1:colcon.colcon_core.package_identification:_identify(src/gazebo_ros2_control/doc) by extension 'colcon_meta'
[0.242s] Level 1:colcon.colcon_core.package_identification:_identify(src/gazebo_ros2_control/doc) by extensions ['ros']
[0.242s] Level 1:colcon.colcon_core.package_identification:_identify(src/gazebo_ros2_control/doc) by extension 'ros'
[0.242s] Level 1:colcon.colcon_core.package_identification:_identify(src/gazebo_ros2_control/doc) by extensions ['cmake', 'python']
[0.242s] Level 1:colcon.colcon_core.package_identification:_identify(src/gazebo_ros2_control/doc) by extension 'cmake'
[0.242s] Level 1:colcon.colcon_core.package_identification:_identify(src/gazebo_ros2_control/doc) by extension 'python'
[0.242s] Level 1:colcon.colcon_core.package_identification:_identify(src/gazebo_ros2_control/doc) by extensions ['python_setup_py']
[0.242s] Level 1:colcon.colcon_core.package_identification:_identify(src/gazebo_ros2_control/doc) by extension 'python_setup_py'
[0.242s] Level 1:colcon.colcon_core.package_identification:_identify(src/gazebo_ros2_control/doc/img) by extensions ['ignore', 'ignore_ament_install']
[0.242s] Level 1:colcon.colcon_core.package_identification:_identify(src/gazebo_ros2_control/doc/img) by extension 'ignore'
[0.242s] Level 1:colcon.colcon_core.package_identification:_identify(src/gazebo_ros2_control/doc/img) by extension 'ignore_ament_install'
[0.242s] Level 1:colcon.colcon_core.package_identification:_identify(src/gazebo_ros2_control/doc/img) by extensions ['colcon_pkg']
[0.242s] Level 1:colcon.colcon_core.package_identification:_identify(src/gazebo_ros2_control/doc/img) by extension 'colcon_pkg'
[0.243s] Level 1:colcon.colcon_core.package_identification:_identify(src/gazebo_ros2_control/doc/img) by extensions ['colcon_meta']
[0.243s] Level 1:colcon.colcon_core.package_identification:_identify(src/gazebo_ros2_control/doc/img) by extension 'colcon_meta'
[0.243s] Level 1:colcon.colcon_core.package_identification:_identify(src/gazebo_ros2_control/doc/img) by extensions ['ros']
[0.243s] Level 1:colcon.colcon_core.package_identification:_identify(src/gazebo_ros2_control/doc/img) by extension 'ros'
[0.243s] Level 1:colcon.colcon_core.package_identification:_identify(src/gazebo_ros2_control/doc/img) by extensions ['cmake', 'python']
[0.243s] Level 1:colcon.colcon_core.package_identification:_identify(src/gazebo_ros2_control/doc/img) by extension 'cmake'
[0.243s] Level 1:colcon.colcon_core.package_identification:_identify(src/gazebo_ros2_control/doc/img) by extension 'python'
[0.243s] Level 1:colcon.colcon_core.package_identification:_identify(src/gazebo_ros2_control/doc/img) by extensions ['python_setup_py']
[0.243s] Level 1:colcon.colcon_core.package_identification:_identify(src/gazebo_ros2_control/doc/img) by extension 'python_setup_py'
[0.243s] Level 1:colcon.colcon_core.package_identification:_identify(src/gazebo_ros2_control/gazebo_ros2_control) by extensions ['ignore', 'ignore_ament_install']
[0.243s] Level 1:colcon.colcon_core.package_identification:_identify(src/gazebo_ros2_control/gazebo_ros2_control) by extension 'ignore'
[0.243s] Level 1:colcon.colcon_core.package_identification:_identify(src/gazebo_ros2_control/gazebo_ros2_control) by extension 'ignore_ament_install'
[0.243s] Level 1:colcon.colcon_core.package_identification:_identify(src/gazebo_ros2_control/gazebo_ros2_control) by extensions ['colcon_pkg']
[0.243s] Level 1:colcon.colcon_core.package_identification:_identify(src/gazebo_ros2_control/gazebo_ros2_control) by extension 'colcon_pkg'
[0.243s] Level 1:colcon.colcon_core.package_identification:_identify(src/gazebo_ros2_control/gazebo_ros2_control) by extensions ['colcon_meta']
[0.243s] Level 1:colcon.colcon_core.package_identification:_identify(src/gazebo_ros2_control/gazebo_ros2_control) by extension 'colcon_meta'
[0.243s] Level 1:colcon.colcon_core.package_identification:_identify(src/gazebo_ros2_control/gazebo_ros2_control) by extensions ['ros']
[0.243s] Level 1:colcon.colcon_core.package_identification:_identify(src/gazebo_ros2_control/gazebo_ros2_control) by extension 'ros'
[0.244s] DEBUG:colcon.colcon_core.package_identification:Package 'src/gazebo_ros2_control/gazebo_ros2_control' with type 'ros.ament_cmake' and name 'gazebo_ros2_control'
[0.244s] Level 1:colcon.colcon_core.package_identification:_identify(src/gazebo_ros2_control/gazebo_ros2_control_demos) by extensions ['ignore', 'ignore_ament_install']
[0.244s] Level 1:colcon.colcon_core.package_identification:_identify(src/gazebo_ros2_control/gazebo_ros2_control_demos) by extension 'ignore'
[0.244s] Level 1:colcon.colcon_core.package_identification:_identify(src/gazebo_ros2_control/gazebo_ros2_control_demos) by extension 'ignore_ament_install'
[0.244s] Level 1:colcon.colcon_core.package_identification:_identify(src/gazebo_ros2_control/gazebo_ros2_control_demos) by extensions ['colcon_pkg']
[0.244s] Level 1:colcon.colcon_core.package_identification:_identify(src/gazebo_ros2_control/gazebo_ros2_control_demos) by extension 'colcon_pkg'
[0.244s] Level 1:colcon.colcon_core.package_identification:_identify(src/gazebo_ros2_control/gazebo_ros2_control_demos) by extensions ['colcon_meta']
[0.244s] Level 1:colcon.colcon_core.package_identification:_identify(src/gazebo_ros2_control/gazebo_ros2_control_demos) by extension 'colcon_meta'
[0.244s] Level 1:colcon.colcon_core.package_identification:_identify(src/gazebo_ros2_control/gazebo_ros2_control_demos) by extensions ['ros']
[0.245s] Level 1:colcon.colcon_core.package_identification:_identify(src/gazebo_ros2_control/gazebo_ros2_control_demos) by extension 'ros'
[0.245s] DEBUG:colcon.colcon_core.package_identification:Package 'src/gazebo_ros2_control/gazebo_ros2_control_demos' with type 'ros.ament_cmake' and name 'gazebo_ros2_control_demos'
[0.245s] Level 1:colcon.colcon_core.package_identification:_identify(src/my_python_pkg) by extensions ['ignore', 'ignore_ament_install']
[0.245s] Level 1:colcon.colcon_core.package_identification:_identify(src/my_python_pkg) by extension 'ignore'
[0.245s] Level 1:colcon.colcon_core.package_identification:_identify(src/my_python_pkg) by extension 'ignore_ament_install'
[0.245s] Level 1:colcon.colcon_core.package_identification:_identify(src/my_python_pkg) by extensions ['colcon_pkg']
[0.245s] Level 1:colcon.colcon_core.package_identification:_identify(src/my_python_pkg) by extension 'colcon_pkg'
[0.245s] Level 1:colcon.colcon_core.package_identification:_identify(src/my_python_pkg) by extensions ['colcon_meta']
[0.246s] Level 1:colcon.colcon_core.package_identification:_identify(src/my_python_pkg) by extension 'colcon_meta'
[0.246s] Level 1:colcon.colcon_core.package_identification:_identify(src/my_python_pkg) by extensions ['ros']
[0.246s] Level 1:colcon.colcon_core.package_identification:_identify(src/my_python_pkg) by extension 'ros'
[0.246s] DEBUG:colcon.colcon_core.package_identification:Package 'src/my_python_pkg' with type 'ros.ament_python' and name 'my_python_pkg'
[0.246s] Level 1:colcon.colcon_core.package_identification:_identify(src/realsense-ros) by extensions ['ignore', 'ignore_ament_install']
[0.246s] Level 1:colcon.colcon_core.package_identification:_identify(src/realsense-ros) by extension 'ignore'
[0.246s] Level 1:colcon.colcon_core.package_identification:_identify(src/realsense-ros) by extension 'ignore_ament_install'
[0.246s] Level 1:colcon.colcon_core.package_identification:_identify(src/realsense-ros) by extensions ['colcon_pkg']
[0.246s] Level 1:colcon.colcon_core.package_identification:_identify(src/realsense-ros) by extension 'colcon_pkg'
[0.246s] Level 1:colcon.colcon_core.package_identification:_identify(src/realsense-ros) by extensions ['colcon_meta']
[0.246s] Level 1:colcon.colcon_core.package_identification:_identify(src/realsense-ros) by extension 'colcon_meta'
[0.246s] Level 1:colcon.colcon_core.package_identification:_identify(src/realsense-ros) by extensions ['ros']
[0.246s] Level 1:colcon.colcon_core.package_identification:_identify(src/realsense-ros) by extension 'ros'
[0.246s] Level 1:colcon.colcon_core.package_identification:_identify(src/realsense-ros) by extensions ['cmake', 'python']
[0.246s] Level 1:colcon.colcon_core.package_identification:_identify(src/realsense-ros) by extension 'cmake'
[0.246s] Level 1:colcon.colcon_core.package_identification:_identify(src/realsense-ros) by extension 'python'
[0.247s] Level 1:colcon.colcon_core.package_identification:_identify(src/realsense-ros) by extensions ['python_setup_py']
[0.247s] Level 1:colcon.colcon_core.package_identification:_identify(src/realsense-ros) by extension 'python_setup_py'
[0.247s] Level 1:colcon.colcon_core.package_discovery:discover_packages(recursive) using defaults
[0.247s] Level 1:colcon.colcon_core.package_discovery:discover_packages(ignore) discover
[0.247s] Level 1:colcon.colcon_core.package_discovery:discover_packages(ignore) using defaults
[0.247s] Level 1:colcon.colcon_core.package_discovery:discover_packages(path) discover
[0.247s] Level 1:colcon.colcon_core.package_discovery:discover_packages(path) using defaults
[0.273s] Level 1:colcon.colcon_core.package_discovery:discover_packages(prefix_path) check parameters
[0.273s] Level 1:colcon.colcon_core.package_discovery:discover_packages(prefix_path) discover
[0.275s] DEBUG:colcon.colcon_installed_package_information.package_discovery:Found 351 installed packages in /opt/ros/humble
[0.276s] Level 1:colcon.colcon_core.package_discovery:discover_packages(prefix_path) using defaults
[0.310s] Level 5:colcon.colcon_core.verb:set package 'ana' build argument 'cmake_args' from command line to 'None'
[0.310s] Level 5:colcon.colcon_core.verb:set package 'ana' build argument 'cmake_target' from command line to 'None'
[0.310s] Level 5:colcon.colcon_core.verb:set package 'ana' build argument 'cmake_target_skip_unavailable' from command line to 'False'
[0.310s] Level 5:colcon.colcon_core.verb:set package 'ana' build argument 'cmake_clean_cache' from command line to 'False'
[0.310s] Level 5:colcon.colcon_core.verb:set package 'ana' build argument 'cmake_clean_first' from command line to 'False'
[0.310s] Level 5:colcon.colcon_core.verb:set package 'ana' build argument 'cmake_force_configure' from command line to 'False'
[0.310s] Level 5:colcon.colcon_core.verb:set package 'ana' build argument 'ament_cmake_args' from command line to 'None'
[0.311s] Level 5:colcon.colcon_core.verb:set package 'ana' build argument 'catkin_cmake_args' from command line to 'None'
[0.311s] Level 5:colcon.colcon_core.verb:set package 'ana' build argument 'catkin_skip_building_tests' from command line to 'False'
[0.311s] DEBUG:colcon.colcon_core.verb:Building package 'ana' with the following arguments: {'ament_cmake_args': None, 'build_base': '/home/aidan/ros2_ws/build/ana', 'catkin_cmake_args': None, 'catkin_skip_building_tests': False, 'cmake_args': None, 'cmake_clean_cache': False, 'cmake_clean_first': False, 'cmake_force_configure': False, 'cmake_target': None, 'cmake_target_skip_unavailable': False, 'install_base': '/home/aidan/ros2_ws/install/ana', 'merge_install': False, 'path': '/home/aidan/ros2_ws/src/ana', 'symlink_install': True, 'test_result_base': None}
[0.311s] Level 5:colcon.colcon_core.verb:set package 'gazebo_ros2_control' build argument 'cmake_args' from command line to 'None'
[0.311s] Level 5:colcon.colcon_core.verb:set package 'gazebo_ros2_control' build argument 'cmake_target' from command line to 'None'
[0.311s] Level 5:colcon.colcon_core.verb:set package 'gazebo_ros2_control' build argument 'cmake_target_skip_unavailable' from command line to 'False'
[0.311s] Level 5:colcon.colcon_core.verb:set package 'gazebo_ros2_control' build argument 'cmake_clean_cache' from command line to 'False'
[0.311s] Level 5:colcon.colcon_core.verb:set package 'gazebo_ros2_control' build argument 'cmake_clean_first' from command line to 'False'
[0.311s] Level 5:colcon.colcon_core.verb:set package 'gazebo_ros2_control' build argument 'cmake_force_configure' from command line to 'False'
[0.311s] Level 5:colcon.colcon_core.verb:set package 'gazebo_ros2_control' build argument 'ament_cmake_args' from command line to 'None'
[0.311s] Level 5:colcon.colcon_core.verb:set package 'gazebo_ros2_control' build argument 'catkin_cmake_args' from command line to 'None'
[0.311s] Level 5:colcon.colcon_core.verb:set package 'gazebo_ros2_control' build argument 'catkin_skip_building_tests' from command line to 'False'
[0.311s] DEBUG:colcon.colcon_core.verb:Building package 'gazebo_ros2_control' with the following arguments: {'ament_cmake_args': None, 'build_base': '/home/aidan/ros2_ws/build/gazebo_ros2_control', 'catkin_cmake_args': None, 'catkin_skip_building_tests': False, 'cmake_args': None, 'cmake_clean_cache': False, 'cmake_clean_first': False, 'cmake_force_configure': False, 'cmake_target': None, 'cmake_target_skip_unavailable': False, 'install_base': '/home/aidan/ros2_ws/install/gazebo_ros2_control', 'merge_install': False, 'path': '/home/aidan/ros2_ws/src/gazebo_ros2_control/gazebo_ros2_control', 'symlink_install': True, 'test_result_base': None}
[0.311s] Level 5:colcon.colcon_core.verb:set package 'my_python_pkg' build argument 'cmake_args' from command line to 'None'
[0.311s] Level 5:colcon.colcon_core.verb:set package 'my_python_pkg' build argument 'cmake_target' from command line to 'None'
[0.311s] Level 5:colcon.colcon_core.verb:set package 'my_python_pkg' build argument 'cmake_target_skip_unavailable' from command line to 'False'
[0.311s] Level 5:colcon.colcon_core.verb:set package 'my_python_pkg' build argument 'cmake_clean_cache' from command line to 'False'
[0.311s] Level 5:colcon.colcon_core.verb:set package 'my_python_pkg' build argument 'cmake_clean_first' from command line to 'False'
[0.312s] Level 5:colcon.colcon_core.verb:set package 'my_python_pkg' build argument 'cmake_force_configure' from command line to 'False'
[0.312s] Level 5:colcon.colcon_core.verb:set package 'my_python_pkg' build argument 'ament_cmake_args' from command line to 'None'
[0.312s] Level 5:colcon.colcon_core.verb:set package 'my_python_pkg' build argument 'catkin_cmake_args' from command line to 'None'
[0.312s] Level 5:colcon.colcon_core.verb:set package 'my_python_pkg' build argument 'catkin_skip_building_tests' from command line to 'False'
[0.312s] DEBUG:colcon.colcon_core.verb:Building package 'my_python_pkg' with the following arguments: {'ament_cmake_args': None, 'build_base': '/home/aidan/ros2_ws/build/my_python_pkg', 'catkin_cmake_args': None, 'catkin_skip_building_tests': False, 'cmake_args': None, 'cmake_clean_cache': False, 'cmake_clean_first': False, 'cmake_force_configure': False, 'cmake_target': None, 'cmake_target_skip_unavailable': False, 'install_base': '/home/aidan/ros2_ws/install/my_python_pkg', 'merge_install': False, 'path': '/home/aidan/ros2_ws/src/my_python_pkg', 'symlink_install': True, 'test_result_base': None}
[0.312s] Level 5:colcon.colcon_core.verb:set package 'gazebo_ros2_control_demos' build argument 'cmake_args' from command line to 'None'
[0.312s] Level 5:colcon.colcon_core.verb:set package 'gazebo_ros2_control_demos' build argument 'cmake_target' from command line to 'None'
[0.312s] Level 5:colcon.colcon_core.verb:set package 'gazebo_ros2_control_demos' build argument 'cmake_target_skip_unavailable' from command line to 'False'
[0.312s] Level 5:colcon.colcon_core.verb:set package 'gazebo_ros2_control_demos' build argument 'cmake_clean_cache' from command line to 'False'
[0.312s] Level 5:colcon.colcon_core.verb:set package 'gazebo_ros2_control_demos' build argument 'cmake_clean_first' from command line to 'False'
[0.312s] Level 5:colcon.colcon_core.verb:set package 'gazebo_ros2_control_demos' build argument 'cmake_force_configure' from command line to 'False'
[0.312s] Level 5:colcon.colcon_core.verb:set package 'gazebo_ros2_control_demos' build argument 'ament_cmake_args' from command line to 'None'
[0.312s] Level 5:colcon.colcon_core.verb:set package 'gazebo_ros2_control_demos' build argument 'catkin_cmake_args' from command line to 'None'
[0.312s] Level 5:colcon.colcon_core.verb:set package 'gazebo_ros2_control_demos' build argument 'catkin_skip_building_tests' from command line to 'False'
[0.312s] DEBUG:colcon.colcon_core.verb:Building package 'gazebo_ros2_control_demos' with the following arguments: {'ament_cmake_args': None, 'build_base': '/home/aidan/ros2_ws/build/gazebo_ros2_control_demos', 'catkin_cmake_args': None, 'catkin_skip_building_tests': False, 'cmake_args': None, 'cmake_clean_cache': False, 'cmake_clean_first': False, 'cmake_force_configure': False, 'cmake_target': None, 'cmake_target_skip_unavailable': False, 'install_base': '/home/aidan/ros2_ws/install/gazebo_ros2_control_demos', 'merge_install': False, 'path': '/home/aidan/ros2_ws/src/gazebo_ros2_control/gazebo_ros2_control_demos', 'symlink_install': True, 'test_result_base': None}
[0.312s] INFO:colcon.colcon_core.executor:Executing jobs using 'parallel' executor
[0.313s] DEBUG:colcon.colcon_parallel_executor.executor.parallel:run_until_complete
[0.313s] INFO:colcon.colcon_ros.task.ament_cmake.build:Building ROS package in '/home/aidan/ros2_ws/src/gazebo_ros2_control/gazebo_ros2_control' with build type 'ament_cmake'
[0.313s] INFO:colcon.colcon_cmake.task.cmake.build:Building CMake package in '/home/aidan/ros2_ws/src/gazebo_ros2_control/gazebo_ros2_control'
[0.315s] INFO:colcon.colcon_core.plugin_system:Skipping extension 'colcon_core.shell.bat': Not used on non-Windows systems
[0.315s] INFO:colcon.colcon_core.shell:Skip shell extension 'powershell' for command environment: Not usable outside of PowerShell
[0.315s] DEBUG:colcon.colcon_core.shell:Skip shell extension 'dsv' for command environment
[0.317s] INFO:colcon.colcon_ros.task.ament_cmake.build:Building ROS package in '/home/aidan/ros2_ws/src/ana' with build type 'ament_cmake'
[0.317s] INFO:colcon.colcon_cmake.task.cmake.build:Building CMake package in '/home/aidan/ros2_ws/src/ana'
[0.317s] INFO:colcon.colcon_core.shell:Skip shell extension 'powershell' for command environment: Not usable outside of PowerShell
[0.317s] DEBUG:colcon.colcon_core.shell:Skip shell extension 'dsv' for command environment
[0.319s] INFO:colcon.colcon_ros.task.ament_python.build:Building ROS package in '/home/aidan/ros2_ws/src/my_python_pkg' with build type 'ament_python'
[0.319s] Level 1:colcon.colcon_core.shell:create_environment_hook('my_python_pkg', 'ament_prefix_path')
[0.320s] INFO:colcon.colcon_core.shell:Creating environment hook '/home/aidan/ros2_ws/install/my_python_pkg/share/my_python_pkg/hook/ament_prefix_path.ps1'
[0.320s] INFO:colcon.colcon_core.shell:Creating environment descriptor '/home/aidan/ros2_ws/install/my_python_pkg/share/my_python_pkg/hook/ament_prefix_path.dsv'
[0.320s] INFO:colcon.colcon_core.shell:Creating environment hook '/home/aidan/ros2_ws/install/my_python_pkg/share/my_python_pkg/hook/ament_prefix_path.sh'
[0.321s] INFO:colcon.colcon_core.shell:Skip shell extension 'powershell' for command environment: Not usable outside of PowerShell
[0.321s] DEBUG:colcon.colcon_core.shell:Skip shell extension 'dsv' for command environment
[0.326s] DEBUG:colcon.colcon_core.event_handler.log_command:Invoking command in '/home/aidan/ros2_ws/build/gazebo_ros2_control': CMAKE_PREFIX_PATH=/opt/ros/humble /usr/bin/cmake /home/aidan/ros2_ws/src/gazebo_ros2_control/gazebo_ros2_control -DAMENT_CMAKE_SYMLINK_INSTALL=1 -DCMAKE_INSTALL_PREFIX=/home/aidan/ros2_ws/install/gazebo_ros2_control
[0.328s] DEBUG:colcon.colcon_core.event_handler.log_command:Invoking command in '/home/aidan/ros2_ws/build/ana': CMAKE_PREFIX_PATH=/opt/ros/humble /usr/bin/cmake /home/aidan/ros2_ws/src/ana -DAMENT_CMAKE_SYMLINK_INSTALL=1 -DCMAKE_INSTALL_PREFIX=/home/aidan/ros2_ws/install/ana
[0.548s] INFO:colcon.colcon_core.task.python.build:Building Python package in '/home/aidan/ros2_ws/src/my_python_pkg'
[0.549s] INFO:colcon.colcon_core.shell:Skip shell extension 'powershell' for command environment: Not usable outside of PowerShell
[0.549s] DEBUG:colcon.colcon_core.shell:Skip shell extension 'dsv' for command environment
[0.875s] DEBUG:colcon.colcon_core.task.python.build:While undoing a previous installation files outside the Python library path are being ignored: /home/aidan/ros2_ws/install/my_python_pkg/share/ament_index/resource_index/packages/my_python_pkg
[0.875s] DEBUG:colcon.colcon_core.task.python.build:While undoing a previous installation files outside the Python library path are being ignored: /home/aidan/ros2_ws/install/my_python_pkg/share/my_python_pkg/package.xml
[0.875s] DEBUG:colcon.colcon_core.task.python.build:While undoing a previous installation files outside the Python library path are being ignored: /home/aidan/ros2_ws/install/my_python_pkg/lib/my_python_pkg/arduino_serial
[0.875s] DEBUG:colcon.colcon_core.task.python.build:While undoing a previous installation files outside the Python library path are being ignored: /home/aidan/ros2_ws/install/my_python_pkg/lib/my_python_pkg/motor_control
[0.877s] DEBUG:colcon.colcon_core.event_handler.log_command:Invoking command in '/home/aidan/ros2_ws/build/my_python_pkg': PYTHONPATH=/home/aidan/ros2_ws/build/my_python_pkg/prefix_override:/home/aidan/ros2_ws/install/my_python_pkg/lib/python3.10/site-packages:${PYTHONPATH} /usr/bin/python3 -W ignore:setup.py install is deprecated setup.py develop --editable --build-directory /home/aidan/ros2_ws/build/my_python_pkg/build --no-deps symlink_data --force
[0.938s] DEBUG:colcon.colcon_core.event_handler.log_command:Invoked command in '/home/aidan/ros2_ws/build/ana' returned '0': CMAKE_PREFIX_PATH=/opt/ros/humble /usr/bin/cmake /home/aidan/ros2_ws/src/ana -DAMENT_CMAKE_SYMLINK_INSTALL=1 -DCMAKE_INSTALL_PREFIX=/home/aidan/ros2_ws/install/ana
[0.940s] DEBUG:colcon.colcon_core.event_handler.log_command:Invoking command in '/home/aidan/ros2_ws/build/ana': CMAKE_PREFIX_PATH=/opt/ros/humble /usr/bin/cmake --build /home/aidan/ros2_ws/build/ana -- -j16 -l16
[1.317s] Level 1:colcon.colcon_core.shell:create_environment_hook('my_python_pkg', 'pythonpath_develop')
[1.317s] INFO:colcon.colcon_core.shell:Creating environment hook '/home/aidan/ros2_ws/build/my_python_pkg/share/my_python_pkg/hook/pythonpath_develop.ps1'
[1.317s] DEBUG:colcon.colcon_core.event_handler.log_command:Invoked command in '/home/aidan/ros2_ws/build/my_python_pkg' returned '0': PYTHONPATH=/home/aidan/ros2_ws/build/my_python_pkg/prefix_override:/home/aidan/ros2_ws/install/my_python_pkg/lib/python3.10/site-packages:${PYTHONPATH} /usr/bin/python3 -W ignore:setup.py install is deprecated setup.py develop --editable --build-directory /home/aidan/ros2_ws/build/my_python_pkg/build --no-deps symlink_data --force
[1.318s] INFO:colcon.colcon_core.shell:Creating environment descriptor '/home/aidan/ros2_ws/build/my_python_pkg/share/my_python_pkg/hook/pythonpath_develop.dsv'
[1.318s] INFO:colcon.colcon_core.shell:Creating environment hook '/home/aidan/ros2_ws/build/my_python_pkg/share/my_python_pkg/hook/pythonpath_develop.sh'
[1.321s] Level 1:colcon.colcon_core.environment:checking '/home/aidan/ros2_ws/install/my_python_pkg' for CMake module files
[1.321s] Level 1:colcon.colcon_core.environment:checking '/home/aidan/ros2_ws/install/my_python_pkg' for CMake config files
[1.322s] Level 1:colcon.colcon_core.environment:checking '/home/aidan/ros2_ws/install/my_python_pkg/lib'
[1.323s] Level 1:colcon.colcon_core.environment:checking '/home/aidan/ros2_ws/install/my_python_pkg/bin'
[1.323s] Level 1:colcon.colcon_core.environment:checking '/home/aidan/ros2_ws/install/my_python_pkg/lib/pkgconfig/my_python_pkg.pc'
[1.323s] Level 1:colcon.colcon_core.environment:checking '/home/aidan/ros2_ws/install/my_python_pkg/lib/python3.10/site-packages'
[1.323s] Level 1:colcon.colcon_core.shell:create_environment_hook('my_python_pkg', 'pythonpath')
[1.324s] INFO:colcon.colcon_core.shell:Creating environment hook '/home/aidan/ros2_ws/install/my_python_pkg/share/my_python_pkg/hook/pythonpath.ps1'
[1.325s] INFO:colcon.colcon_core.shell:Creating environment descriptor '/home/aidan/ros2_ws/install/my_python_pkg/share/my_python_pkg/hook/pythonpath.dsv'
[1.325s] INFO:colcon.colcon_core.shell:Creating environment hook '/home/aidan/ros2_ws/install/my_python_pkg/share/my_python_pkg/hook/pythonpath.sh'
[1.326s] Level 1:colcon.colcon_core.environment:checking '/home/aidan/ros2_ws/install/my_python_pkg/bin'
[1.326s] Level 1:colcon.colcon_core.environment:create_environment_scripts_only(my_python_pkg)
[1.327s] INFO:colcon.colcon_core.shell:Creating package script '/home/aidan/ros2_ws/install/my_python_pkg/share/my_python_pkg/package.ps1'
[1.328s] INFO:colcon.colcon_core.shell:Creating package descriptor '/home/aidan/ros2_ws/install/my_python_pkg/share/my_python_pkg/package.dsv'
[1.328s] INFO:colcon.colcon_core.shell:Creating package script '/home/aidan/ros2_ws/install/my_python_pkg/share/my_python_pkg/package.sh'
[1.329s] INFO:colcon.colcon_core.shell:Creating package script '/home/aidan/ros2_ws/install/my_python_pkg/share/my_python_pkg/package.bash'
[1.329s] INFO:colcon.colcon_core.shell:Creating package script '/home/aidan/ros2_ws/install/my_python_pkg/share/my_python_pkg/package.zsh'
[1.330s] Level 1:colcon.colcon_core.environment:create_file_with_runtime_dependencies(/home/aidan/ros2_ws/install/my_python_pkg/share/colcon-core/packages/my_python_pkg)
[1.464s] DEBUG:colcon.colcon_core.event_handler.log_command:Invoked command in '/home/aidan/ros2_ws/build/ana' returned '0': CMAKE_PREFIX_PATH=/opt/ros/humble /usr/bin/cmake --build /home/aidan/ros2_ws/build/ana -- -j16 -l16
[1.490s] DEBUG:colcon.colcon_core.event_handler.log_command:Invoking command in '/home/aidan/ros2_ws/build/ana': CMAKE_PREFIX_PATH=/opt/ros/humble /usr/bin/cmake --install /home/aidan/ros2_ws/build/ana
[1.752s] Level 1:colcon.colcon_core.environment:create_environment_scripts_only(ana)
[1.753s] Level 1:colcon.colcon_core.environment:checking '/home/aidan/ros2_ws/install/ana' for CMake module files
[1.753s] DEBUG:colcon.colcon_core.event_handler.log_command:Invoked command in '/home/aidan/ros2_ws/build/ana' returned '0': CMAKE_PREFIX_PATH=/opt/ros/humble /usr/bin/cmake --install /home/aidan/ros2_ws/build/ana
[1.754s] Level 1:colcon.colcon_core.environment:checking '/home/aidan/ros2_ws/install/ana' for CMake config files
[1.754s] Level 1:colcon.colcon_core.shell:create_environment_hook('ana', 'cmake_prefix_path')
[1.754s] INFO:colcon.colcon_core.shell:Creating environment hook '/home/aidan/ros2_ws/install/ana/share/ana/hook/cmake_prefix_path.ps1'
[1.755s] INFO:colcon.colcon_core.shell:Creating environment descriptor '/home/aidan/ros2_ws/install/ana/share/ana/hook/cmake_prefix_path.dsv'
[1.755s] INFO:colcon.colcon_core.shell:Creating environment hook '/home/aidan/ros2_ws/install/ana/share/ana/hook/cmake_prefix_path.sh'
[1.755s] Level 1:colcon.colcon_core.environment:checking '/home/aidan/ros2_ws/install/ana/lib'
[1.756s] Level 1:colcon.colcon_core.environment:checking '/home/aidan/ros2_ws/install/ana/bin'
[1.756s] Level 1:colcon.colcon_core.environment:checking '/home/aidan/ros2_ws/install/ana/lib/pkgconfig/ana.pc'
[1.756s] Level 1:colcon.colcon_core.environment:checking '/home/aidan/ros2_ws/install/ana/lib/python3.10/site-packages'
[1.756s] Level 1:colcon.colcon_core.environment:checking '/home/aidan/ros2_ws/install/ana/bin'
[1.757s] INFO:colcon.colcon_core.shell:Creating package script '/home/aidan/ros2_ws/install/ana/share/ana/package.ps1'
[1.757s] INFO:colcon.colcon_core.shell:Creating package descriptor '/home/aidan/ros2_ws/install/ana/share/ana/package.dsv'
[1.758s] INFO:colcon.colcon_core.shell:Creating package script '/home/aidan/ros2_ws/install/ana/share/ana/package.sh'
[1.758s] INFO:colcon.colcon_core.shell:Creating package script '/home/aidan/ros2_ws/install/ana/share/ana/package.bash'
[1.758s] INFO:colcon.colcon_core.shell:Creating package script '/home/aidan/ros2_ws/install/ana/share/ana/package.zsh'
[1.759s] Level 1:colcon.colcon_core.environment:create_file_with_runtime_dependencies(/home/aidan/ros2_ws/install/ana/share/colcon-core/packages/ana)
[1.779s] Level 1:colcon.colcon_core.environment:create_environment_scripts_only(ana)
[1.779s] Level 1:colcon.colcon_core.environment:checking '/home/aidan/ros2_ws/install/ana' for CMake module files
[1.780s] Level 1:colcon.colcon_core.environment:checking '/home/aidan/ros2_ws/install/ana' for CMake config files
[1.780s] Level 1:colcon.colcon_core.shell:create_environment_hook('ana', 'cmake_prefix_path')
[1.780s] INFO:colcon.colcon_core.shell:Creating environment hook '/home/aidan/ros2_ws/install/ana/share/ana/hook/cmake_prefix_path.ps1'
[1.781s] INFO:colcon.colcon_core.shell:Creating environment descriptor '/home/aidan/ros2_ws/install/ana/share/ana/hook/cmake_prefix_path.dsv'
[1.781s] INFO:colcon.colcon_core.shell:Creating environment hook '/home/aidan/ros2_ws/install/ana/share/ana/hook/cmake_prefix_path.sh'
[1.781s] Level 1:colcon.colcon_core.environment:checking '/home/aidan/ros2_ws/install/ana/lib'
[1.781s] Level 1:colcon.colcon_core.environment:checking '/home/aidan/ros2_ws/install/ana/bin'
[1.781s] Level 1:colcon.colcon_core.environment:checking '/home/aidan/ros2_ws/install/ana/lib/pkgconfig/ana.pc'
[1.782s] Level 1:colcon.colcon_core.environment:checking '/home/aidan/ros2_ws/install/ana/lib/python3.10/site-packages'
[1.782s] Level 1:colcon.colcon_core.environment:checking '/home/aidan/ros2_ws/install/ana/bin'
[1.782s] INFO:colcon.colcon_core.shell:Creating package script '/home/aidan/ros2_ws/install/ana/share/ana/package.ps1'
[1.782s] INFO:colcon.colcon_core.shell:Creating package descriptor '/home/aidan/ros2_ws/install/ana/share/ana/package.dsv'
[1.783s] INFO:colcon.colcon_core.shell:Creating package script '/home/aidan/ros2_ws/install/ana/share/ana/package.sh'
[1.783s] INFO:colcon.colcon_core.shell:Creating package script '/home/aidan/ros2_ws/install/ana/share/ana/package.bash'
[1.783s] INFO:colcon.colcon_core.shell:Creating package script '/home/aidan/ros2_ws/install/ana/share/ana/package.zsh'
[1.784s] Level 1:colcon.colcon_core.environment:create_file_with_runtime_dependencies(/home/aidan/ros2_ws/install/ana/share/colcon-core/packages/ana)
[3.864s] DEBUG:colcon.colcon_core.event_handler.log_command:Invoked command in '/home/aidan/ros2_ws/build/gazebo_ros2_control' returned '0': CMAKE_PREFIX_PATH=/opt/ros/humble /usr/bin/cmake /home/aidan/ros2_ws/src/gazebo_ros2_control/gazebo_ros2_control -DAMENT_CMAKE_SYMLINK_INSTALL=1 -DCMAKE_INSTALL_PREFIX=/home/aidan/ros2_ws/install/gazebo_ros2_control
[3.866s] DEBUG:colcon.colcon_core.event_handler.log_command:Invoking command in '/home/aidan/ros2_ws/build/gazebo_ros2_control': CMAKE_PREFIX_PATH=/opt/ros/humble /usr/bin/cmake --build /home/aidan/ros2_ws/build/gazebo_ros2_control -- -j16 -l16
[17.334s] DEBUG:colcon.colcon_core.event_handler.log_command:Invoked command in '/home/aidan/ros2_ws/build/gazebo_ros2_control' returned '0': CMAKE_PREFIX_PATH=/opt/ros/humble /usr/bin/cmake --build /home/aidan/ros2_ws/build/gazebo_ros2_control -- -j16 -l16
[17.356s] DEBUG:colcon.colcon_core.event_handler.log_command:Invoking command in '/home/aidan/ros2_ws/build/gazebo_ros2_control': CMAKE_PREFIX_PATH=/opt/ros/humble /usr/bin/cmake --install /home/aidan/ros2_ws/build/gazebo_ros2_control
[17.546s] Level 1:colcon.colcon_core.environment:create_environment_scripts_only(gazebo_ros2_control)
[17.546s] Level 1:colcon.colcon_core.environment:checking '/home/aidan/ros2_ws/install/gazebo_ros2_control' for CMake module files
[17.547s] DEBUG:colcon.colcon_core.event_handler.log_command:Invoked command in '/home/aidan/ros2_ws/build/gazebo_ros2_control' returned '0': CMAKE_PREFIX_PATH=/opt/ros/humble /usr/bin/cmake --install /home/aidan/ros2_ws/build/gazebo_ros2_control
[17.547s] Level 1:colcon.colcon_core.environment:checking '/home/aidan/ros2_ws/install/gazebo_ros2_control' for CMake config files
[17.547s] Level 1:colcon.colcon_core.shell:create_environment_hook('gazebo_ros2_control', 'cmake_prefix_path')
[17.547s] INFO:colcon.colcon_core.shell:Creating environment hook '/home/aidan/ros2_ws/install/gazebo_ros2_control/share/gazebo_ros2_control/hook/cmake_prefix_path.ps1'
[17.548s] INFO:colcon.colcon_core.shell:Creating environment descriptor '/home/aidan/ros2_ws/install/gazebo_ros2_control/share/gazebo_ros2_control/hook/cmake_prefix_path.dsv'
[17.548s] INFO:colcon.colcon_core.shell:Creating environment hook '/home/aidan/ros2_ws/install/gazebo_ros2_control/share/gazebo_ros2_control/hook/cmake_prefix_path.sh'
[17.549s] Level 1:colcon.colcon_core.environment:checking '/home/aidan/ros2_ws/install/gazebo_ros2_control/lib'
[17.549s] Level 1:colcon.colcon_core.shell:create_environment_hook('gazebo_ros2_control', 'ld_library_path_lib')
[17.549s] INFO:colcon.colcon_core.shell:Creating environment hook '/home/aidan/ros2_ws/install/gazebo_ros2_control/share/gazebo_ros2_control/hook/ld_library_path_lib.ps1'
[17.549s] INFO:colcon.colcon_core.shell:Creating environment descriptor '/home/aidan/ros2_ws/install/gazebo_ros2_control/share/gazebo_ros2_control/hook/ld_library_path_lib.dsv'
[17.549s] INFO:colcon.colcon_core.shell:Creating environment hook '/home/aidan/ros2_ws/install/gazebo_ros2_control/share/gazebo_ros2_control/hook/ld_library_path_lib.sh'
[17.549s] Level 1:colcon.colcon_core.environment:checking '/home/aidan/ros2_ws/install/gazebo_ros2_control/bin'
[17.550s] Level 1:colcon.colcon_core.environment:checking '/home/aidan/ros2_ws/install/gazebo_ros2_control/lib/pkgconfig/gazebo_ros2_control.pc'
[17.550s] Level 1:colcon.colcon_core.environment:checking '/home/aidan/ros2_ws/install/gazebo_ros2_control/lib/python3.10/site-packages'
[17.550s] Level 1:colcon.colcon_core.environment:checking '/home/aidan/ros2_ws/install/gazebo_ros2_control/bin'
[17.550s] INFO:colcon.colcon_core.shell:Creating package script '/home/aidan/ros2_ws/install/gazebo_ros2_control/share/gazebo_ros2_control/package.ps1'
[17.550s] INFO:colcon.colcon_core.shell:Creating package descriptor '/home/aidan/ros2_ws/install/gazebo_ros2_control/share/gazebo_ros2_control/package.dsv'
[17.551s] INFO:colcon.colcon_core.shell:Creating package script '/home/aidan/ros2_ws/install/gazebo_ros2_control/share/gazebo_ros2_control/package.sh'
[17.551s] INFO:colcon.colcon_core.shell:Creating package script '/home/aidan/ros2_ws/install/gazebo_ros2_control/share/gazebo_ros2_control/package.bash'
[17.551s] INFO:colcon.colcon_core.shell:Creating package script '/home/aidan/ros2_ws/install/gazebo_ros2_control/share/gazebo_ros2_control/package.zsh'
[17.551s] Level 1:colcon.colcon_core.environment:create_file_with_runtime_dependencies(/home/aidan/ros2_ws/install/gazebo_ros2_control/share/colcon-core/packages/gazebo_ros2_control)
[17.571s] Level 1:colcon.colcon_core.environment:create_environment_scripts_only(gazebo_ros2_control)
[17.571s] Level 1:colcon.colcon_core.environment:checking '/home/aidan/ros2_ws/install/gazebo_ros2_control' for CMake module files
[17.571s] Level 1:colcon.colcon_core.environment:checking '/home/aidan/ros2_ws/install/gazebo_ros2_control' for CMake config files
[17.571s] Level 1:colcon.colcon_core.shell:create_environment_hook('gazebo_ros2_control', 'cmake_prefix_path')
[17.571s] INFO:colcon.colcon_core.shell:Creating environment hook '/home/aidan/ros2_ws/install/gazebo_ros2_control/share/gazebo_ros2_control/hook/cmake_prefix_path.ps1'
[17.572s] INFO:colcon.colcon_core.shell:Creating environment descriptor '/home/aidan/ros2_ws/install/gazebo_ros2_control/share/gazebo_ros2_control/hook/cmake_prefix_path.dsv'
[17.572s] INFO:colcon.colcon_core.shell:Creating environment hook '/home/aidan/ros2_ws/install/gazebo_ros2_control/share/gazebo_ros2_control/hook/cmake_prefix_path.sh'
[17.572s] Level 1:colcon.colcon_core.environment:checking '/home/aidan/ros2_ws/install/gazebo_ros2_control/lib'
[17.573s] Level 1:colcon.colcon_core.shell:create_environment_hook('gazebo_ros2_control', 'ld_library_path_lib')
[17.573s] INFO:colcon.colcon_core.shell:Creating environment hook '/home/aidan/ros2_ws/install/gazebo_ros2_control/share/gazebo_ros2_control/hook/ld_library_path_lib.ps1'
[17.573s] INFO:colcon.colcon_core.shell:Creating environment descriptor '/home/aidan/ros2_ws/install/gazebo_ros2_control/share/gazebo_ros2_control/hook/ld_library_path_lib.dsv'
[17.573s] INFO:colcon.colcon_core.shell:Creating environment hook '/home/aidan/ros2_ws/install/gazebo_ros2_control/share/gazebo_ros2_control/hook/ld_library_path_lib.sh'
[17.573s] Level 1:colcon.colcon_core.environment:checking '/home/aidan/ros2_ws/install/gazebo_ros2_control/bin'
[17.573s] Level 1:colcon.colcon_core.environment:checking '/home/aidan/ros2_ws/install/gazebo_ros2_control/lib/pkgconfig/gazebo_ros2_control.pc'
[17.574s] Level 1:colcon.colcon_core.environment:checking '/home/aidan/ros2_ws/install/gazebo_ros2_control/lib/python3.10/site-packages'
[17.574s] Level 1:colcon.colcon_core.environment:checking '/home/aidan/ros2_ws/install/gazebo_ros2_control/bin'
[17.574s] INFO:colcon.colcon_core.shell:Creating package script '/home/aidan/ros2_ws/install/gazebo_ros2_control/share/gazebo_ros2_control/package.ps1'
[17.575s] INFO:colcon.colcon_core.shell:Creating package descriptor '/home/aidan/ros2_ws/install/gazebo_ros2_control/share/gazebo_ros2_control/package.dsv'
[17.575s] INFO:colcon.colcon_core.shell:Creating package script '/home/aidan/ros2_ws/install/gazebo_ros2_control/share/gazebo_ros2_control/package.sh'
[17.575s] INFO:colcon.colcon_core.shell:Creating package script '/home/aidan/ros2_ws/install/gazebo_ros2_control/share/gazebo_ros2_control/package.bash'
[17.575s] INFO:colcon.colcon_core.shell:Creating package script '/home/aidan/ros2_ws/install/gazebo_ros2_control/share/gazebo_ros2_control/package.zsh'
[17.576s] Level 1:colcon.colcon_core.environment:create_file_with_runtime_dependencies(/home/aidan/ros2_ws/install/gazebo_ros2_control/share/colcon-core/packages/gazebo_ros2_control)
[17.576s] INFO:colcon.colcon_ros.task.ament_cmake.build:Building ROS package in '/home/aidan/ros2_ws/src/gazebo_ros2_control/gazebo_ros2_control_demos' with build type 'ament_cmake'
[17.576s] INFO:colcon.colcon_cmake.task.cmake.build:Building CMake package in '/home/aidan/ros2_ws/src/gazebo_ros2_control/gazebo_ros2_control_demos'
[17.576s] INFO:colcon.colcon_core.shell:Skip shell extension 'powershell' for command environment: Not usable outside of PowerShell
[17.576s] DEBUG:colcon.colcon_core.shell:Skip shell extension 'dsv' for command environment
[17.583s] DEBUG:colcon.colcon_core.event_handler.log_command:Invoking command in '/home/aidan/ros2_ws/build/gazebo_ros2_control_demos': AMENT_PREFIX_PATH=/home/aidan/ros2_ws/install/gazebo_ros2_control:${AMENT_PREFIX_PATH} CMAKE_PREFIX_PATH=/home/aidan/ros2_ws/install/gazebo_ros2_control:/opt/ros/humble LD_LIBRARY_PATH=/home/aidan/ros2_ws/install/gazebo_ros2_control/lib:${LD_LIBRARY_PATH} /usr/bin/cmake /home/aidan/ros2_ws/src/gazebo_ros2_control/gazebo_ros2_control_demos -DAMENT_CMAKE_SYMLINK_INSTALL=1 -DCMAKE_INSTALL_PREFIX=/home/aidan/ros2_ws/install/gazebo_ros2_control_demos
[19.030s] DEBUG:colcon.colcon_core.event_handler.log_command:Invoked command in '/home/aidan/ros2_ws/build/gazebo_ros2_control_demos' returned '0': AMENT_PREFIX_PATH=/home/aidan/ros2_ws/install/gazebo_ros2_control:${AMENT_PREFIX_PATH} CMAKE_PREFIX_PATH=/home/aidan/ros2_ws/install/gazebo_ros2_control:/opt/ros/humble LD_LIBRARY_PATH=/home/aidan/ros2_ws/install/gazebo_ros2_control/lib:${LD_LIBRARY_PATH} /usr/bin/cmake /home/aidan/ros2_ws/src/gazebo_ros2_control/gazebo_ros2_control_demos -DAMENT_CMAKE_SYMLINK_INSTALL=1 -DCMAKE_INSTALL_PREFIX=/home/aidan/ros2_ws/install/gazebo_ros2_control_demos
[19.032s] DEBUG:colcon.colcon_core.event_handler.log_command:Invoking command in '/home/aidan/ros2_ws/build/gazebo_ros2_control_demos': AMENT_PREFIX_PATH=/home/aidan/ros2_ws/install/gazebo_ros2_control:${AMENT_PREFIX_PATH} CMAKE_PREFIX_PATH=/home/aidan/ros2_ws/install/gazebo_ros2_control:/opt/ros/humble LD_LIBRARY_PATH=/home/aidan/ros2_ws/install/gazebo_ros2_control/lib:${LD_LIBRARY_PATH} /usr/bin/cmake --build /home/aidan/ros2_ws/build/gazebo_ros2_control_demos -- -j16 -l16
[24.250s] DEBUG:colcon.colcon_core.event_handler.log_command:Invoked command in '/home/aidan/ros2_ws/build/gazebo_ros2_control_demos' returned '0': AMENT_PREFIX_PATH=/home/aidan/ros2_ws/install/gazebo_ros2_control:${AMENT_PREFIX_PATH} CMAKE_PREFIX_PATH=/home/aidan/ros2_ws/install/gazebo_ros2_control:/opt/ros/humble LD_LIBRARY_PATH=/home/aidan/ros2_ws/install/gazebo_ros2_control/lib:${LD_LIBRARY_PATH} /usr/bin/cmake --build /home/aidan/ros2_ws/build/gazebo_ros2_control_demos -- -j16 -l16
[24.280s] DEBUG:colcon.colcon_core.event_handler.log_command:Invoking command in '/home/aidan/ros2_ws/build/gazebo_ros2_control_demos': AMENT_PREFIX_PATH=/home/aidan/ros2_ws/install/gazebo_ros2_control:${AMENT_PREFIX_PATH} CMAKE_PREFIX_PATH=/home/aidan/ros2_ws/install/gazebo_ros2_control:/opt/ros/humble LD_LIBRARY_PATH=/home/aidan/ros2_ws/install/gazebo_ros2_control/lib:${LD_LIBRARY_PATH} /usr/bin/cmake --install /home/aidan/ros2_ws/build/gazebo_ros2_control_demos
[24.640s] Level 1:colcon.colcon_core.environment:create_environment_scripts_only(gazebo_ros2_control_demos)
[24.640s] Level 1:colcon.colcon_core.environment:checking '/home/aidan/ros2_ws/install/gazebo_ros2_control_demos' for CMake module files
[24.641s] DEBUG:colcon.colcon_core.event_handler.log_command:Invoked command in '/home/aidan/ros2_ws/build/gazebo_ros2_control_demos' returned '0': AMENT_PREFIX_PATH=/home/aidan/ros2_ws/install/gazebo_ros2_control:${AMENT_PREFIX_PATH} CMAKE_PREFIX_PATH=/home/aidan/ros2_ws/install/gazebo_ros2_control:/opt/ros/humble LD_LIBRARY_PATH=/home/aidan/ros2_ws/install/gazebo_ros2_control/lib:${LD_LIBRARY_PATH} /usr/bin/cmake --install /home/aidan/ros2_ws/build/gazebo_ros2_control_demos
[24.641s] Level 1:colcon.colcon_core.environment:checking '/home/aidan/ros2_ws/install/gazebo_ros2_control_demos' for CMake config files
[24.641s] Level 1:colcon.colcon_core.shell:create_environment_hook('gazebo_ros2_control_demos', 'cmake_prefix_path')
[24.641s] INFO:colcon.colcon_core.shell:Creating environment hook '/home/aidan/ros2_ws/install/gazebo_ros2_control_demos/share/gazebo_ros2_control_demos/hook/cmake_prefix_path.ps1'
[24.642s] INFO:colcon.colcon_core.shell:Creating environment descriptor '/home/aidan/ros2_ws/install/gazebo_ros2_control_demos/share/gazebo_ros2_control_demos/hook/cmake_prefix_path.dsv'
[24.642s] INFO:colcon.colcon_core.shell:Creating environment hook '/home/aidan/ros2_ws/install/gazebo_ros2_control_demos/share/gazebo_ros2_control_demos/hook/cmake_prefix_path.sh'
[24.642s] Level 1:colcon.colcon_core.environment:checking '/home/aidan/ros2_ws/install/gazebo_ros2_control_demos/lib'
[24.643s] Level 1:colcon.colcon_core.environment:checking '/home/aidan/ros2_ws/install/gazebo_ros2_control_demos/bin'
[24.643s] Level 1:colcon.colcon_core.environment:checking '/home/aidan/ros2_ws/install/gazebo_ros2_control_demos/lib/pkgconfig/gazebo_ros2_control_demos.pc'
[24.643s] Level 1:colcon.colcon_core.environment:checking '/home/aidan/ros2_ws/install/gazebo_ros2_control_demos/lib/python3.10/site-packages'
[24.643s] Level 1:colcon.colcon_core.environment:checking '/home/aidan/ros2_ws/install/gazebo_ros2_control_demos/bin'
[24.643s] INFO:colcon.colcon_core.shell:Creating package script '/home/aidan/ros2_ws/install/gazebo_ros2_control_demos/share/gazebo_ros2_control_demos/package.ps1'
[24.644s] INFO:colcon.colcon_core.shell:Creating package descriptor '/home/aidan/ros2_ws/install/gazebo_ros2_control_demos/share/gazebo_ros2_control_demos/package.dsv'
[24.644s] INFO:colcon.colcon_core.shell:Creating package script '/home/aidan/ros2_ws/install/gazebo_ros2_control_demos/share/gazebo_ros2_control_demos/package.sh'
[24.644s] INFO:colcon.colcon_core.shell:Creating package script '/home/aidan/ros2_ws/install/gazebo_ros2_control_demos/share/gazebo_ros2_control_demos/package.bash'
[24.645s] INFO:colcon.colcon_core.shell:Creating package script '/home/aidan/ros2_ws/install/gazebo_ros2_control_demos/share/gazebo_ros2_control_demos/package.zsh'
[24.645s] Level 1:colcon.colcon_core.environment:create_file_with_runtime_dependencies(/home/aidan/ros2_ws/install/gazebo_ros2_control_demos/share/colcon-core/packages/gazebo_ros2_control_demos)
[24.673s] Level 1:colcon.colcon_core.environment:create_environment_scripts_only(gazebo_ros2_control_demos)
[24.673s] Level 1:colcon.colcon_core.environment:checking '/home/aidan/ros2_ws/install/gazebo_ros2_control_demos' for CMake module files
[24.673s] Level 1:colcon.colcon_core.environment:checking '/home/aidan/ros2_ws/install/gazebo_ros2_control_demos' for CMake config files
[24.674s] Level 1:colcon.colcon_core.shell:create_environment_hook('gazebo_ros2_control_demos', 'cmake_prefix_path')
[24.674s] INFO:colcon.colcon_core.shell:Creating environment hook '/home/aidan/ros2_ws/install/gazebo_ros2_control_demos/share/gazebo_ros2_control_demos/hook/cmake_prefix_path.ps1'
[24.674s] INFO:colcon.colcon_core.shell:Creating environment descriptor '/home/aidan/ros2_ws/install/gazebo_ros2_control_demos/share/gazebo_ros2_control_demos/hook/cmake_prefix_path.dsv'
[24.674s] INFO:colcon.colcon_core.shell:Creating environment hook '/home/aidan/ros2_ws/install/gazebo_ros2_control_demos/share/gazebo_ros2_control_demos/hook/cmake_prefix_path.sh'
[24.675s] Level 1:colcon.colcon_core.environment:checking '/home/aidan/ros2_ws/install/gazebo_ros2_control_demos/lib'
[24.675s] Level 1:colcon.colcon_core.environment:checking '/home/aidan/ros2_ws/install/gazebo_ros2_control_demos/bin'
[24.675s] Level 1:colcon.colcon_core.environment:checking '/home/aidan/ros2_ws/install/gazebo_ros2_control_demos/lib/pkgconfig/gazebo_ros2_control_demos.pc'
[24.675s] Level 1:colcon.colcon_core.environment:checking '/home/aidan/ros2_ws/install/gazebo_ros2_control_demos/lib/python3.10/site-packages'
[24.675s] Level 1:colcon.colcon_core.environment:checking '/home/aidan/ros2_ws/install/gazebo_ros2_control_demos/bin'
[24.675s] INFO:colcon.colcon_core.shell:Creating package script '/home/aidan/ros2_ws/install/gazebo_ros2_control_demos/share/gazebo_ros2_control_demos/package.ps1'
[24.676s] INFO:colcon.colcon_core.shell:Creating package descriptor '/home/aidan/ros2_ws/install/gazebo_ros2_control_demos/share/gazebo_ros2_control_demos/package.dsv'
[24.676s] INFO:colcon.colcon_core.shell:Creating package script '/home/aidan/ros2_ws/install/gazebo_ros2_control_demos/share/gazebo_ros2_control_demos/package.sh'
[24.676s] INFO:colcon.colcon_core.shell:Creating package script '/home/aidan/ros2_ws/install/gazebo_ros2_control_demos/share/gazebo_ros2_control_demos/package.bash'
[24.677s] INFO:colcon.colcon_core.shell:Creating package script '/home/aidan/ros2_ws/install/gazebo_ros2_control_demos/share/gazebo_ros2_control_demos/package.zsh'
[24.677s] Level 1:colcon.colcon_core.environment:create_file_with_runtime_dependencies(/home/aidan/ros2_ws/install/gazebo_ros2_control_demos/share/colcon-core/packages/gazebo_ros2_control_demos)
[24.677s] DEBUG:colcon.colcon_parallel_executor.executor.parallel:closing loop
[24.677s] DEBUG:colcon.colcon_parallel_executor.executor.parallel:loop closed
[24.677s] DEBUG:colcon.colcon_parallel_executor.executor.parallel:run_until_complete finished with '0'
[24.678s] DEBUG:colcon.colcon_core.event_reactor:joining thread
[24.681s] INFO:colcon.colcon_core.plugin_system:Skipping extension 'colcon_notification.desktop_notification.terminal_notifier': Not used on non-Darwin systems
[24.681s] INFO:colcon.colcon_core.plugin_system:Skipping extension 'colcon_notification.desktop_notification.win32': Not used on non-Windows systems
[24.681s] INFO:colcon.colcon_notification.desktop_notification:Sending desktop notification using 'notify2'
[24.694s] DEBUG:colcon.colcon_core.event_reactor:joined thread
[24.694s] INFO:colcon.colcon_core.shell:Creating prefix script '/home/aidan/ros2_ws/install/local_setup.ps1'
[24.695s] INFO:colcon.colcon_core.shell:Creating prefix util module '/home/aidan/ros2_ws/install/_local_setup_util_ps1.py'
[24.696s] INFO:colcon.colcon_core.shell:Creating prefix chain script '/home/aidan/ros2_ws/install/setup.ps1'
[24.697s] INFO:colcon.colcon_core.shell:Creating prefix script '/home/aidan/ros2_ws/install/local_setup.sh'
[24.697s] INFO:colcon.colcon_core.shell:Creating prefix util module '/home/aidan/ros2_ws/install/_local_setup_util_sh.py'
[24.698s] INFO:colcon.colcon_core.shell:Creating prefix chain script '/home/aidan/ros2_ws/install/setup.sh'
[24.699s] INFO:colcon.colcon_core.shell:Creating prefix script '/home/aidan/ros2_ws/install/local_setup.bash'
[24.699s] INFO:colcon.colcon_core.shell:Creating prefix chain script '/home/aidan/ros2_ws/install/setup.bash'
[24.699s] INFO:colcon.colcon_core.shell:Creating prefix script '/home/aidan/ros2_ws/install/local_setup.zsh'
[24.700s] INFO:colcon.colcon_core.shell:Creating prefix chain script '/home/aidan/ros2_ws/install/setup.zsh'
