<<<<<<<< HEAD:log/build_2024-05-12_22-55-38/my_python_pkg/streams.log
[0.527s] Invoking command in '/home/aidan/ana_bot/src/my_python_pkg': PYTHONPATH=/home/aidan/ana_bot/build/my_python_pkg/prefix_override:/home/aidan/ana_bot/install/my_python_pkg/lib/python3.10/site-packages:${PYTHONPATH} /usr/bin/python3 -W ignore:setup.py install is deprecated setup.py egg_info --egg-base ../../build/my_python_pkg build --build-base /home/aidan/ana_bot/build/my_python_pkg/build install --record /home/aidan/ana_bot/build/my_python_pkg/install.log --single-version-externally-managed install_data
[0.727s] running egg_info
[0.727s] creating ../../build/my_python_pkg/my_python_pkg.egg-info
[0.727s] writing ../../build/my_python_pkg/my_python_pkg.egg-info/PKG-INFO
[0.727s] writing dependency_links to ../../build/my_python_pkg/my_python_pkg.egg-info/dependency_links.txt
[0.728s] writing entry points to ../../build/my_python_pkg/my_python_pkg.egg-info/entry_points.txt
[0.728s] writing requirements to ../../build/my_python_pkg/my_python_pkg.egg-info/requires.txt
[0.728s] writing top-level names to ../../build/my_python_pkg/my_python_pkg.egg-info/top_level.txt
[0.728s] writing manifest file '../../build/my_python_pkg/my_python_pkg.egg-info/SOURCES.txt'
[0.729s] reading manifest file '../../build/my_python_pkg/my_python_pkg.egg-info/SOURCES.txt'
[0.730s] writing manifest file '../../build/my_python_pkg/my_python_pkg.egg-info/SOURCES.txt'
[0.730s] running build
[0.730s] running build_py
[0.730s] creating /home/aidan/ana_bot/build/my_python_pkg/build
[0.730s] creating /home/aidan/ana_bot/build/my_python_pkg/build/lib
[0.730s] creating /home/aidan/ana_bot/build/my_python_pkg/build/lib/my_python_pkg
[0.730s] copying my_python_pkg/arduino_serial.py -> /home/aidan/ana_bot/build/my_python_pkg/build/lib/my_python_pkg
[0.730s] copying my_python_pkg/motor_control.py -> /home/aidan/ana_bot/build/my_python_pkg/build/lib/my_python_pkg
[0.730s] copying my_python_pkg/__init__.py -> /home/aidan/ana_bot/build/my_python_pkg/build/lib/my_python_pkg
[0.730s] running install
[0.730s] running install_lib
[0.731s] creating /home/aidan/ana_bot/install/my_python_pkg/lib/python3.10/site-packages/my_python_pkg
[0.731s] copying /home/aidan/ana_bot/build/my_python_pkg/build/lib/my_python_pkg/arduino_serial.py -> /home/aidan/ana_bot/install/my_python_pkg/lib/python3.10/site-packages/my_python_pkg
[0.731s] copying /home/aidan/ana_bot/build/my_python_pkg/build/lib/my_python_pkg/motor_control.py -> /home/aidan/ana_bot/install/my_python_pkg/lib/python3.10/site-packages/my_python_pkg
[0.731s] copying /home/aidan/ana_bot/build/my_python_pkg/build/lib/my_python_pkg/__init__.py -> /home/aidan/ana_bot/install/my_python_pkg/lib/python3.10/site-packages/my_python_pkg
[0.731s] byte-compiling /home/aidan/ana_bot/install/my_python_pkg/lib/python3.10/site-packages/my_python_pkg/arduino_serial.py to arduino_serial.cpython-310.pyc
[0.732s] byte-compiling /home/aidan/ana_bot/install/my_python_pkg/lib/python3.10/site-packages/my_python_pkg/motor_control.py to motor_control.cpython-310.pyc
[0.733s] byte-compiling /home/aidan/ana_bot/install/my_python_pkg/lib/python3.10/site-packages/my_python_pkg/__init__.py to __init__.cpython-310.pyc
[0.733s] running install_data
[0.733s] creating /home/aidan/ana_bot/install/my_python_pkg/share/ament_index
[0.733s] creating /home/aidan/ana_bot/install/my_python_pkg/share/ament_index/resource_index
[0.733s] creating /home/aidan/ana_bot/install/my_python_pkg/share/ament_index/resource_index/packages
[0.733s] copying resource/my_python_pkg -> /home/aidan/ana_bot/install/my_python_pkg/share/ament_index/resource_index/packages
[0.733s] copying package.xml -> /home/aidan/ana_bot/install/my_python_pkg/share/my_python_pkg
[0.733s] running install_egg_info
[0.734s] Copying ../../build/my_python_pkg/my_python_pkg.egg-info to /home/aidan/ana_bot/install/my_python_pkg/lib/python3.10/site-packages/my_python_pkg-0.0.0-py3.10.egg-info
[0.735s] running install_scripts
[0.750s] Installing arduino_serial script to /home/aidan/ana_bot/install/my_python_pkg/lib/my_python_pkg
[0.750s] Installing motor_control script to /home/aidan/ana_bot/install/my_python_pkg/lib/my_python_pkg
[0.750s] writing list of installed files to '/home/aidan/ana_bot/build/my_python_pkg/install.log'
[0.773s] Invoked command in '/home/aidan/ana_bot/src/my_python_pkg' returned '0': PYTHONPATH=/home/aidan/ana_bot/build/my_python_pkg/prefix_override:/home/aidan/ana_bot/install/my_python_pkg/lib/python3.10/site-packages:${PYTHONPATH} /usr/bin/python3 -W ignore:setup.py install is deprecated setup.py egg_info --egg-base ../../build/my_python_pkg build --build-base /home/aidan/ana_bot/build/my_python_pkg/build install --record /home/aidan/ana_bot/build/my_python_pkg/install.log --single-version-externally-managed install_data
========
[0.493s] Invoking command in '/home/aidan/ana_bot/src/my_python_pkg': PYTHONPATH=/home/aidan/ana_bot/build/my_python_pkg/prefix_override:/home/aidan/ana_bot/install/my_python_pkg/lib/python3.10/site-packages:${PYTHONPATH} /usr/bin/python3 -W ignore:setup.py install is deprecated setup.py egg_info --egg-base ../../build/my_python_pkg build --build-base /home/aidan/ana_bot/build/my_python_pkg/build install --record /home/aidan/ana_bot/build/my_python_pkg/install.log --single-version-externally-managed install_data
[0.688s] running egg_info
[0.688s] creating ../../build/my_python_pkg/my_python_pkg.egg-info
[0.688s] writing ../../build/my_python_pkg/my_python_pkg.egg-info/PKG-INFO
[0.688s] writing dependency_links to ../../build/my_python_pkg/my_python_pkg.egg-info/dependency_links.txt
[0.689s] writing entry points to ../../build/my_python_pkg/my_python_pkg.egg-info/entry_points.txt
[0.689s] writing requirements to ../../build/my_python_pkg/my_python_pkg.egg-info/requires.txt
[0.689s] writing top-level names to ../../build/my_python_pkg/my_python_pkg.egg-info/top_level.txt
[0.689s] writing manifest file '../../build/my_python_pkg/my_python_pkg.egg-info/SOURCES.txt'
[0.690s] reading manifest file '../../build/my_python_pkg/my_python_pkg.egg-info/SOURCES.txt'
[0.691s] writing manifest file '../../build/my_python_pkg/my_python_pkg.egg-info/SOURCES.txt'
[0.691s] running build
[0.691s] running build_py
[0.691s] creating /home/aidan/ana_bot/build/my_python_pkg/build
[0.691s] creating /home/aidan/ana_bot/build/my_python_pkg/build/lib
[0.691s] creating /home/aidan/ana_bot/build/my_python_pkg/build/lib/my_python_pkg
[0.691s] copying my_python_pkg/arduino_serial.py -> /home/aidan/ana_bot/build/my_python_pkg/build/lib/my_python_pkg
[0.691s] copying my_python_pkg/motor_control.py -> /home/aidan/ana_bot/build/my_python_pkg/build/lib/my_python_pkg
[0.691s] copying my_python_pkg/__init__.py -> /home/aidan/ana_bot/build/my_python_pkg/build/lib/my_python_pkg
[0.692s] running install
[0.692s] running install_lib
[0.692s] creating /home/aidan/ana_bot/install/my_python_pkg/lib/python3.10/site-packages/my_python_pkg
[0.692s] copying /home/aidan/ana_bot/build/my_python_pkg/build/lib/my_python_pkg/arduino_serial.py -> /home/aidan/ana_bot/install/my_python_pkg/lib/python3.10/site-packages/my_python_pkg
[0.693s] copying /home/aidan/ana_bot/build/my_python_pkg/build/lib/my_python_pkg/motor_control.py -> /home/aidan/ana_bot/install/my_python_pkg/lib/python3.10/site-packages/my_python_pkg
[0.693s] copying /home/aidan/ana_bot/build/my_python_pkg/build/lib/my_python_pkg/__init__.py -> /home/aidan/ana_bot/install/my_python_pkg/lib/python3.10/site-packages/my_python_pkg
[0.693s] byte-compiling /home/aidan/ana_bot/install/my_python_pkg/lib/python3.10/site-packages/my_python_pkg/arduino_serial.py to arduino_serial.cpython-310.pyc
[0.693s] byte-compiling /home/aidan/ana_bot/install/my_python_pkg/lib/python3.10/site-packages/my_python_pkg/motor_control.py to motor_control.cpython-310.pyc
[0.694s] byte-compiling /home/aidan/ana_bot/install/my_python_pkg/lib/python3.10/site-packages/my_python_pkg/__init__.py to __init__.cpython-310.pyc
[0.694s] running install_data
[0.695s] creating /home/aidan/ana_bot/install/my_python_pkg/share/ament_index
[0.695s] creating /home/aidan/ana_bot/install/my_python_pkg/share/ament_index/resource_index
[0.695s] creating /home/aidan/ana_bot/install/my_python_pkg/share/ament_index/resource_index/packages
[0.695s] copying resource/my_python_pkg -> /home/aidan/ana_bot/install/my_python_pkg/share/ament_index/resource_index/packages
[0.695s] copying package.xml -> /home/aidan/ana_bot/install/my_python_pkg/share/my_python_pkg
[0.695s] running install_egg_info
[0.696s] Copying ../../build/my_python_pkg/my_python_pkg.egg-info to /home/aidan/ana_bot/install/my_python_pkg/lib/python3.10/site-packages/my_python_pkg-0.0.0-py3.10.egg-info
[0.696s] running install_scripts
[0.712s] Installing arduino_serial script to /home/aidan/ana_bot/install/my_python_pkg/lib/my_python_pkg
[0.712s] Installing motor_control script to /home/aidan/ana_bot/install/my_python_pkg/lib/my_python_pkg
[0.712s] writing list of installed files to '/home/aidan/ana_bot/build/my_python_pkg/install.log'
[0.729s] Invoked command in '/home/aidan/ana_bot/src/my_python_pkg' returned '0': PYTHONPATH=/home/aidan/ana_bot/build/my_python_pkg/prefix_override:/home/aidan/ana_bot/install/my_python_pkg/lib/python3.10/site-packages:${PYTHONPATH} /usr/bin/python3 -W ignore:setup.py install is deprecated setup.py egg_info --egg-base ../../build/my_python_pkg build --build-base /home/aidan/ana_bot/build/my_python_pkg/build install --record /home/aidan/ana_bot/build/my_python_pkg/install.log --single-version-externally-managed install_data
>>>>>>>> 72f5edd (SLAM, Costmap generation):log/build_2024-05-13_22-57-38/my_python_pkg/streams.log
