running develop
/usr/lib/python3/dist-packages/setuptools/command/easy_install.py:158: EasyInstallDeprecationWarning: easy_install command is deprecated. Use build and pip and other standards-based tools.
  warnings.warn(
Removing /home/aidan/ana_bot/install/my_python_pkg/lib/python3.10/site-packages/my-python-pkg.egg-link (link to .)
running egg_info
writing ../../build/my_python_pkg/my_python_pkg.egg-info/PKG-INFO
writing dependency_links to ../../build/my_python_pkg/my_python_pkg.egg-info/dependency_links.txt
writing entry points to ../../build/my_python_pkg/my_python_pkg.egg-info/entry_points.txt
writing requirements to ../../build/my_python_pkg/my_python_pkg.egg-info/requires.txt
writing top-level names to ../../build/my_python_pkg/my_python_pkg.egg-info/top_level.txt
reading manifest file '../../build/my_python_pkg/my_python_pkg.egg-info/SOURCES.txt'
writing manifest file '../../build/my_python_pkg/my_python_pkg.egg-info/SOURCES.txt'
running build
running build_py
running install
running install_lib
creating /home/aidan/ana_bot/install/my_python_pkg/lib/python3.10/site-packages/my_python_pkg
copying /home/aidan/ana_bot/build/my_python_pkg/build/lib/my_python_pkg/arduino_serial.py -> /home/aidan/ana_bot/install/my_python_pkg/lib/python3.10/site-packages/my_python_pkg
copying /home/aidan/ana_bot/build/my_python_pkg/build/lib/my_python_pkg/motor_control.py -> /home/aidan/ana_bot/install/my_python_pkg/lib/python3.10/site-packages/my_python_pkg
copying /home/aidan/ana_bot/build/my_python_pkg/build/lib/my_python_pkg/__init__.py -> /home/aidan/ana_bot/install/my_python_pkg/lib/python3.10/site-packages/my_python_pkg
byte-compiling /home/aidan/ana_bot/install/my_python_pkg/lib/python3.10/site-packages/my_python_pkg/arduino_serial.py to arduino_serial.cpython-310.pyc
byte-compiling /home/aidan/ana_bot/install/my_python_pkg/lib/python3.10/site-packages/my_python_pkg/motor_control.py to motor_control.cpython-310.pyc
byte-compiling /home/aidan/ana_bot/install/my_python_pkg/lib/python3.10/site-packages/my_python_pkg/__init__.py to __init__.cpython-310.pyc
running install_data
copying resource/my_python_pkg -> /home/aidan/ana_bot/install/my_python_pkg/share/ament_index/resource_index/packages
copying package.xml -> /home/aidan/ana_bot/install/my_python_pkg/share/my_python_pkg
running install_egg_info
Copying ../../build/my_python_pkg/my_python_pkg.egg-info to /home/aidan/ana_bot/install/my_python_pkg/lib/python3.10/site-packages/my_python_pkg-0.0.0-py3.10.egg-info
running install_scripts
Installing arduino_serial script to /home/aidan/ana_bot/install/my_python_pkg/lib/my_python_pkg
Installing motor_control script to /home/aidan/ana_bot/install/my_python_pkg/lib/my_python_pkg
writing list of installed files to '/home/aidan/ana_bot/build/my_python_pkg/install.log'
