[0.538s] Invoking command in '/home/aidan/ana_bot/build/my_python_pkg': PYTHONPATH=/home/aidan/ana_bot/build/my_python_pkg/prefix_override:/home/aidan/ana_bot/install/my_python_pkg/lib/python3.10/site-packages:${PYTHONPATH} /usr/bin/python3 -W ignore:setup.py install is deprecated setup.py develop --uninstall --editable --build-directory /home/aidan/ana_bot/build/my_python_pkg/build
[0.740s] running develop
[0.740s] /usr/lib/python3/dist-packages/setuptools/command/easy_install.py:158: EasyInstallDeprecationWarning: easy_install command is deprecated. Use build and pip and other standards-based tools.
[0.740s]   warnings.warn(
[0.885s] Removing /home/aidan/ana_bot/install/my_python_pkg/lib/python3.10/site-packages/my-python-pkg.egg-link (link to .)
[0.903s] Invoked command in '/home/aidan/ana_bot/build/my_python_pkg' returned '0': PYTHONPATH=/home/aidan/ana_bot/build/my_python_pkg/prefix_override:/home/aidan/ana_bot/install/my_python_pkg/lib/python3.10/site-packages:${PYTHONPATH} /usr/bin/python3 -W ignore:setup.py install is deprecated setup.py develop --uninstall --editable --build-directory /home/aidan/ana_bot/build/my_python_pkg/build
[0.904s] Invoking command in '/home/aidan/ana_bot/src/my_python_pkg': PYTHONPATH=/home/aidan/ana_bot/build/my_python_pkg/prefix_override:/home/aidan/ana_bot/install/my_python_pkg/lib/python3.10/site-packages:${PYTHONPATH} /usr/bin/python3 -W ignore:setup.py install is deprecated setup.py egg_info --egg-base ../../build/my_python_pkg build --build-base /home/aidan/ana_bot/build/my_python_pkg/build install --record /home/aidan/ana_bot/build/my_python_pkg/install.log --single-version-externally-managed install_data --force
[1.095s] running egg_info
[1.096s] writing ../../build/my_python_pkg/my_python_pkg.egg-info/PKG-INFO
[1.096s] writing dependency_links to ../../build/my_python_pkg/my_python_pkg.egg-info/dependency_links.txt
[1.096s] writing entry points to ../../build/my_python_pkg/my_python_pkg.egg-info/entry_points.txt
[1.097s] writing requirements to ../../build/my_python_pkg/my_python_pkg.egg-info/requires.txt
[1.097s] writing top-level names to ../../build/my_python_pkg/my_python_pkg.egg-info/top_level.txt
[1.098s] reading manifest file '../../build/my_python_pkg/my_python_pkg.egg-info/SOURCES.txt'
[1.099s] writing manifest file '../../build/my_python_pkg/my_python_pkg.egg-info/SOURCES.txt'
[1.099s] running build
[1.099s] running build_py
[1.099s] running install
[1.099s] running install_lib
[1.100s] creating /home/aidan/ana_bot/install/my_python_pkg/lib/python3.10/site-packages/my_python_pkg
[1.100s] copying /home/aidan/ana_bot/build/my_python_pkg/build/lib/my_python_pkg/arduino_serial.py -> /home/aidan/ana_bot/install/my_python_pkg/lib/python3.10/site-packages/my_python_pkg
[1.100s] copying /home/aidan/ana_bot/build/my_python_pkg/build/lib/my_python_pkg/motor_control.py -> /home/aidan/ana_bot/install/my_python_pkg/lib/python3.10/site-packages/my_python_pkg
[1.100s] copying /home/aidan/ana_bot/build/my_python_pkg/build/lib/my_python_pkg/__init__.py -> /home/aidan/ana_bot/install/my_python_pkg/lib/python3.10/site-packages/my_python_pkg
[1.100s] byte-compiling /home/aidan/ana_bot/install/my_python_pkg/lib/python3.10/site-packages/my_python_pkg/arduino_serial.py to arduino_serial.cpython-310.pyc
[1.101s] byte-compiling /home/aidan/ana_bot/install/my_python_pkg/lib/python3.10/site-packages/my_python_pkg/motor_control.py to motor_control.cpython-310.pyc
[1.101s] byte-compiling /home/aidan/ana_bot/install/my_python_pkg/lib/python3.10/site-packages/my_python_pkg/__init__.py to __init__.cpython-310.pyc
[1.102s] running install_data
[1.102s] copying resource/my_python_pkg -> /home/aidan/ana_bot/install/my_python_pkg/share/ament_index/resource_index/packages
[1.102s] copying package.xml -> /home/aidan/ana_bot/install/my_python_pkg/share/my_python_pkg
[1.102s] running install_egg_info
[1.103s] Copying ../../build/my_python_pkg/my_python_pkg.egg-info to /home/aidan/ana_bot/install/my_python_pkg/lib/python3.10/site-packages/my_python_pkg-0.0.0-py3.10.egg-info
[1.104s] running install_scripts
[1.117s] Installing arduino_serial script to /home/aidan/ana_bot/install/my_python_pkg/lib/my_python_pkg
[1.118s] Installing motor_control script to /home/aidan/ana_bot/install/my_python_pkg/lib/my_python_pkg
[1.118s] writing list of installed files to '/home/aidan/ana_bot/build/my_python_pkg/install.log'
[1.134s] Invoked command in '/home/aidan/ana_bot/src/my_python_pkg' returned '0': PYTHONPATH=/home/aidan/ana_bot/build/my_python_pkg/prefix_override:/home/aidan/ana_bot/install/my_python_pkg/lib/python3.10/site-packages:${PYTHONPATH} /usr/bin/python3 -W ignore:setup.py install is deprecated setup.py egg_info --egg-base ../../build/my_python_pkg build --build-base /home/aidan/ana_bot/build/my_python_pkg/build install --record /home/aidan/ana_bot/build/my_python_pkg/install.log --single-version-externally-managed install_data --force
