[0.484s] Invoking command in '/home/aidan/ros2_ws/build/my_python_pkg': PYTHONPATH=/home/aidan/ros2_ws/build/my_python_pkg/prefix_override:/home/aidan/ros2_ws/install/my_python_pkg/lib/python3.10/site-packages:${PYTHONPATH} /usr/bin/python3 -W ignore:setup.py install is deprecated setup.py develop --uninstall --editable --build-directory /home/aidan/ros2_ws/build/my_python_pkg/build
[0.687s] running develop
[0.688s] /usr/lib/python3/dist-packages/setuptools/command/easy_install.py:158: EasyInstallDeprecationWarning: easy_install command is deprecated. Use build and pip and other standards-based tools.
[0.688s]   warnings.warn(
[0.824s] Removing /home/aidan/ros2_ws/install/my_python_pkg/lib/python3.10/site-packages/my-python-pkg.egg-link (link to .)
[0.841s] Invoked command in '/home/aidan/ros2_ws/build/my_python_pkg' returned '0': PYTHONPATH=/home/aidan/ros2_ws/build/my_python_pkg/prefix_override:/home/aidan/ros2_ws/install/my_python_pkg/lib/python3.10/site-packages:${PYTHONPATH} /usr/bin/python3 -W ignore:setup.py install is deprecated setup.py develop --uninstall --editable --build-directory /home/aidan/ros2_ws/build/my_python_pkg/build
[0.842s] Invoking command in '/home/aidan/ros2_ws/src/my_python_pkg': PYTHONPATH=/home/aidan/ros2_ws/build/my_python_pkg/prefix_override:/home/aidan/ros2_ws/install/my_python_pkg/lib/python3.10/site-packages:${PYTHONPATH} /usr/bin/python3 -W ignore:setup.py install is deprecated setup.py egg_info --egg-base ../../build/my_python_pkg build --build-base /home/aidan/ros2_ws/build/my_python_pkg/build install --record /home/aidan/ros2_ws/build/my_python_pkg/install.log --single-version-externally-managed install_data --force
[1.027s] running egg_info
[1.028s] writing ../../build/my_python_pkg/my_python_pkg.egg-info/PKG-INFO
[1.028s] writing dependency_links to ../../build/my_python_pkg/my_python_pkg.egg-info/dependency_links.txt
[1.028s] writing entry points to ../../build/my_python_pkg/my_python_pkg.egg-info/entry_points.txt
[1.028s] writing requirements to ../../build/my_python_pkg/my_python_pkg.egg-info/requires.txt
[1.028s] writing top-level names to ../../build/my_python_pkg/my_python_pkg.egg-info/top_level.txt
[1.029s] reading manifest file '../../build/my_python_pkg/my_python_pkg.egg-info/SOURCES.txt'
[1.030s] writing manifest file '../../build/my_python_pkg/my_python_pkg.egg-info/SOURCES.txt'
[1.031s] running build
[1.031s] running build_py
[1.031s] running install
[1.031s] running install_lib
[1.031s] creating /home/aidan/ros2_ws/install/my_python_pkg/lib/python3.10/site-packages/my_python_pkg
[1.032s] copying /home/aidan/ros2_ws/build/my_python_pkg/build/lib/my_python_pkg/arduino_serial.py -> /home/aidan/ros2_ws/install/my_python_pkg/lib/python3.10/site-packages/my_python_pkg
[1.032s] copying /home/aidan/ros2_ws/build/my_python_pkg/build/lib/my_python_pkg/motor_control.py -> /home/aidan/ros2_ws/install/my_python_pkg/lib/python3.10/site-packages/my_python_pkg
[1.032s] copying /home/aidan/ros2_ws/build/my_python_pkg/build/lib/my_python_pkg/__init__.py -> /home/aidan/ros2_ws/install/my_python_pkg/lib/python3.10/site-packages/my_python_pkg
[1.032s] byte-compiling /home/aidan/ros2_ws/install/my_python_pkg/lib/python3.10/site-packages/my_python_pkg/arduino_serial.py to arduino_serial.cpython-310.pyc
[1.032s] byte-compiling /home/aidan/ros2_ws/install/my_python_pkg/lib/python3.10/site-packages/my_python_pkg/motor_control.py to motor_control.cpython-310.pyc
[1.033s] byte-compiling /home/aidan/ros2_ws/install/my_python_pkg/lib/python3.10/site-packages/my_python_pkg/__init__.py to __init__.cpython-310.pyc
[1.033s] running install_data
[1.033s] copying resource/my_python_pkg -> /home/aidan/ros2_ws/install/my_python_pkg/share/ament_index/resource_index/packages
[1.033s] copying package.xml -> /home/aidan/ros2_ws/install/my_python_pkg/share/my_python_pkg
[1.034s] running install_egg_info
[1.034s] Copying ../../build/my_python_pkg/my_python_pkg.egg-info to /home/aidan/ros2_ws/install/my_python_pkg/lib/python3.10/site-packages/my_python_pkg-0.0.0-py3.10.egg-info
[1.035s] running install_scripts
[1.049s] Installing arduino_serial script to /home/aidan/ros2_ws/install/my_python_pkg/lib/my_python_pkg
[1.049s] Installing motor_control script to /home/aidan/ros2_ws/install/my_python_pkg/lib/my_python_pkg
[1.049s] writing list of installed files to '/home/aidan/ros2_ws/build/my_python_pkg/install.log'
[1.064s] Invoked command in '/home/aidan/ros2_ws/src/my_python_pkg' returned '0': PYTHONPATH=/home/aidan/ros2_ws/build/my_python_pkg/prefix_override:/home/aidan/ros2_ws/install/my_python_pkg/lib/python3.10/site-packages:${PYTHONPATH} /usr/bin/python3 -W ignore:setup.py install is deprecated setup.py egg_info --egg-base ../../build/my_python_pkg build --build-base /home/aidan/ros2_ws/build/my_python_pkg/build install --record /home/aidan/ros2_ws/build/my_python_pkg/install.log --single-version-externally-managed install_data --force
