[0.770s] Invoking command in '/home/aidan/ana_bot/src/my_python_pkg': PYTHONPATH=/home/aidan/ana_bot/build/my_python_pkg/prefix_override:/home/aidan/ana_bot/install/my_python_pkg/lib/python3.10/site-packages:${PYTHONPATH} /usr/bin/python3 -W ignore:setup.py install is deprecated setup.py egg_info --egg-base ../../build/my_python_pkg build --build-base /home/aidan/ana_bot/build/my_python_pkg/build install --record /home/aidan/ana_bot/build/my_python_pkg/install.log --single-version-externally-managed install_data
[1.058s] running egg_info
[1.059s] creating ../../build/my_python_pkg/my_python_pkg.egg-info
[1.059s] writing ../../build/my_python_pkg/my_python_pkg.egg-info/PKG-INFO
[1.059s] writing dependency_links to ../../build/my_python_pkg/my_python_pkg.egg-info/dependency_links.txt
[1.059s] writing entry points to ../../build/my_python_pkg/my_python_pkg.egg-info/entry_points.txt
[1.060s] writing requirements to ../../build/my_python_pkg/my_python_pkg.egg-info/requires.txt
[1.060s] writing top-level names to ../../build/my_python_pkg/my_python_pkg.egg-info/top_level.txt
[1.060s] writing manifest file '../../build/my_python_pkg/my_python_pkg.egg-info/SOURCES.txt'
[1.062s] reading manifest file '../../build/my_python_pkg/my_python_pkg.egg-info/SOURCES.txt'
[1.063s] writing manifest file '../../build/my_python_pkg/my_python_pkg.egg-info/SOURCES.txt'
[1.063s] running build
[1.063s] running build_py
[1.063s] creating /home/aidan/ana_bot/build/my_python_pkg/build
[1.063s] creating /home/aidan/ana_bot/build/my_python_pkg/build/lib
[1.063s] creating /home/aidan/ana_bot/build/my_python_pkg/build/lib/my_python_pkg
[1.063s] copying my_python_pkg/arduino_serial.py -> /home/aidan/ana_bot/build/my_python_pkg/build/lib/my_python_pkg
[1.064s] copying my_python_pkg/motor_control.py -> /home/aidan/ana_bot/build/my_python_pkg/build/lib/my_python_pkg
[1.064s] copying my_python_pkg/__init__.py -> /home/aidan/ana_bot/build/my_python_pkg/build/lib/my_python_pkg
[1.064s] running install
[1.064s] running install_lib
[1.066s] creating /home/aidan/ana_bot/install/my_python_pkg/lib/python3.10/site-packages/my_python_pkg
[1.066s] copying /home/aidan/ana_bot/build/my_python_pkg/build/lib/my_python_pkg/arduino_serial.py -> /home/aidan/ana_bot/install/my_python_pkg/lib/python3.10/site-packages/my_python_pkg
[1.066s] copying /home/aidan/ana_bot/build/my_python_pkg/build/lib/my_python_pkg/motor_control.py -> /home/aidan/ana_bot/install/my_python_pkg/lib/python3.10/site-packages/my_python_pkg
[1.066s] copying /home/aidan/ana_bot/build/my_python_pkg/build/lib/my_python_pkg/__init__.py -> /home/aidan/ana_bot/install/my_python_pkg/lib/python3.10/site-packages/my_python_pkg
[1.067s] byte-compiling /home/aidan/ana_bot/install/my_python_pkg/lib/python3.10/site-packages/my_python_pkg/arduino_serial.py to arduino_serial.cpython-310.pyc
[1.068s] byte-compiling /home/aidan/ana_bot/install/my_python_pkg/lib/python3.10/site-packages/my_python_pkg/motor_control.py to motor_control.cpython-310.pyc
[1.068s] byte-compiling /home/aidan/ana_bot/install/my_python_pkg/lib/python3.10/site-packages/my_python_pkg/__init__.py to __init__.cpython-310.pyc
[1.068s] running install_data
[1.069s] creating /home/aidan/ana_bot/install/my_python_pkg/share/ament_index
[1.069s] creating /home/aidan/ana_bot/install/my_python_pkg/share/ament_index/resource_index
[1.069s] creating /home/aidan/ana_bot/install/my_python_pkg/share/ament_index/resource_index/packages
[1.069s] copying resource/my_python_pkg -> /home/aidan/ana_bot/install/my_python_pkg/share/ament_index/resource_index/packages
[1.069s] copying package.xml -> /home/aidan/ana_bot/install/my_python_pkg/share/my_python_pkg
[1.069s] running install_egg_info
[1.071s] Copying ../../build/my_python_pkg/my_python_pkg.egg-info to /home/aidan/ana_bot/install/my_python_pkg/lib/python3.10/site-packages/my_python_pkg-0.0.0-py3.10.egg-info
[1.072s] running install_scripts
[1.096s] Installing arduino_serial script to /home/aidan/ana_bot/install/my_python_pkg/lib/my_python_pkg
[1.096s] Installing motor_control script to /home/aidan/ana_bot/install/my_python_pkg/lib/my_python_pkg
[1.096s] writing list of installed files to '/home/aidan/ana_bot/build/my_python_pkg/install.log'
[1.131s] Invoked command in '/home/aidan/ana_bot/src/my_python_pkg' returned '0': PYTHONPATH=/home/aidan/ana_bot/build/my_python_pkg/prefix_override:/home/aidan/ana_bot/install/my_python_pkg/lib/python3.10/site-packages:${PYTHONPATH} /usr/bin/python3 -W ignore:setup.py install is deprecated setup.py egg_info --egg-base ../../build/my_python_pkg build --build-base /home/aidan/ana_bot/build/my_python_pkg/build install --record /home/aidan/ana_bot/build/my_python_pkg/install.log --single-version-externally-managed install_data
