[0.028s] Invoking command in '/home/aidan/ana_bot/build/ana': CMAKE_PREFIX_PATH=${CMAKE_PREFIX_PATH}:/home/aidan/ana_bot/install/my_python_pkg:/opt/ros/humble /usr/bin/cmake --build /home/aidan/ana_bot/build/ana -- -j16 -l16
[0.069s] [ 18%] Built target cuda_operations
[0.089s] [ 45%] Built target point_cloud_filter_node
[0.121s] [35m[1mConsolidate compiler generated dependencies of target occupancy_grid_subscriber_node[0m
[0.122s] [35m[1mConsolidate compiler generated dependencies of target publish_pcd_node[0m
[0.177s] [ 54%] [32mBuilding CXX object CMakeFiles/occupancy_grid_subscriber_node.dir/src/nodes/occupancy_grid_subscriber.cpp.o[0m
[0.184s] [ 81%] Built target publish_pcd_node
[8.754s] [ 90%] [32m[1mLinking CUDA device code CMakeFiles/occupancy_grid_subscriber_node.dir/cmake_device_link.o[0m
[8.809s] [100%] [32m[1mLinking CXX executable occupancy_grid_subscriber_node[0m
[14.351s] [100%] Built target occupancy_grid_subscriber_node
[14.359s] Invoked command in '/home/aidan/ana_bot/build/ana' returned '0': CMAKE_PREFIX_PATH=${CMAKE_PREFIX_PATH}:/home/aidan/ana_bot/install/my_python_pkg:/opt/ros/humble /usr/bin/cmake --build /home/aidan/ana_bot/build/ana -- -j16 -l16
[14.387s] Invoking command in '/home/aidan/ana_bot/build/ana': CMAKE_PREFIX_PATH=${CMAKE_PREFIX_PATH}:/home/aidan/ana_bot/install/my_python_pkg:/opt/ros/humble /usr/bin/cmake --install /home/aidan/ana_bot/build/ana
[14.392s] -- Install configuration: ""
[14.393s] -- Execute custom install script
[14.393s] -- Up-to-date symlink: /home/aidan/ana_bot/install/ana/lib/ana/point_cloud_filter_node
[14.393s] -- Up-to-date symlink: /home/aidan/ana_bot/install/ana/lib/ana/publish_pcd_node
[14.393s] -- Up-to-date symlink: /home/aidan/ana_bot/install/ana/lib/ana/occupancy_grid_subscriber_node
[14.393s] -- Up-to-date symlink: /home/aidan/ana_bot/install/ana/lib/ana/libcuda_operations.a
[14.393s] -- Up-to-date symlink: /home/aidan/ana_bot/install/ana/share/ana/config/ana.rviz
[14.394s] -- Up-to-date symlink: /home/aidan/ana_bot/install/ana/share/ana/config/ana_map.rviz
[14.394s] -- Up-to-date symlink: /home/aidan/ana_bot/install/ana/share/ana/config/diff_drive_bot.rviz
[14.394s] -- Up-to-date symlink: /home/aidan/ana_bot/install/ana/share/ana/config/gazebo_params.yaml
[14.394s] -- Up-to-date symlink: /home/aidan/ana_bot/install/ana/share/ana/config/my_controllers.yaml
[14.394s] -- Up-to-date symlink: /home/aidan/ana_bot/install/ana/share/ana/config/nav2_params.yaml
[14.394s] -- Up-to-date symlink: /home/aidan/ana_bot/install/ana/share/ana/config/simulation_depth.rviz
[14.394s] -- Up-to-date symlink: /home/aidan/ana_bot/install/ana/share/ana/description/camera.xacro
[14.394s] -- Up-to-date symlink: /home/aidan/ana_bot/install/ana/share/ana/description/depth_camera.xacro
[14.394s] -- Up-to-date symlink: /home/aidan/ana_bot/install/ana/share/ana/description/gazebo_diff_control.xacro
[14.394s] -- Up-to-date symlink: /home/aidan/ana_bot/install/ana/share/ana/description/gazebo_four_diff_control.xacro
[14.394s] -- Up-to-date symlink: /home/aidan/ana_bot/install/ana/share/ana/description/inertial_macros.xacro
[14.394s] -- Up-to-date symlink: /home/aidan/ana_bot/install/ana/share/ana/description/robot.urdf.xacro
[14.395s] -- Up-to-date symlink: /home/aidan/ana_bot/install/ana/share/ana/description/robot_core.xacro
[14.395s] -- Up-to-date symlink: /home/aidan/ana_bot/install/ana/share/ana/description/ros2_diff_control.xacro
[14.395s] -- Up-to-date symlink: /home/aidan/ana_bot/install/ana/share/ana/launch/launch_sim.launch.py
[14.395s] -- Up-to-date symlink: /home/aidan/ana_bot/install/ana/share/ana/launch/nav2.launch.py
[14.395s] -- Up-to-date symlink: /home/aidan/ana_bot/install/ana/share/ana/launch/rsp.launch.py
[14.395s] -- Up-to-date symlink: /home/aidan/ana_bot/install/ana/share/ana/launch/rtab.launch.py
[14.395s] -- Up-to-date symlink: /home/aidan/ana_bot/install/ana/share/ana/worlds/bedroom.world
[14.395s] -- Up-to-date symlink: /home/aidan/ana_bot/install/ana/share/ana/worlds/empty.world
[14.395s] -- Up-to-date symlink: /home/aidan/ana_bot/install/ana/share/ana/worlds/obstacles.world
[14.395s] -- Up-to-date symlink: /home/aidan/ana_bot/install/ana/share/ana/worlds/obstacles_walls.world
[14.395s] -- Up-to-date symlink: /home/aidan/ana_bot/install/ana/share/ana/worlds/outside.world
[14.396s] -- Up-to-date symlink: /home/aidan/ana_bot/install/ana/share/ana/meshes/ana_chassis.stl
[14.396s] -- Up-to-date symlink: /home/aidan/ana_bot/install/ana/share/ana/meshes/d435i.stl
[14.396s] -- Up-to-date symlink: /home/aidan/ana_bot/install/ana/share/ana/rtab_maps/playground_organized.pcd
[14.396s] -- Up-to-date symlink: /home/aidan/ana_bot/install/ana/share/ana/rtab_maps/playground_organized.ply
[14.396s] -- Up-to-date symlink: /home/aidan/ana_bot/install/ana/share/ana/rtab_maps/rtab_settings.config
[14.396s] -- Up-to-date symlink: /home/aidan/ana_bot/install/ana/share/ana/rtab_maps/settings1.pcd
[14.396s] -- Up-to-date symlink: /home/aidan/ana_bot/install/ana/share/ana/rtab_maps/settings1.ply
[14.396s] -- Up-to-date symlink: /home/aidan/ana_bot/install/ana/share/ana/rtab_maps/settings2.pcd
[14.396s] -- Up-to-date symlink: /home/aidan/ana_bot/install/ana/share/ana/rtab_maps/settings2.ply
[14.396s] -- Up-to-date symlink: /home/aidan/ana_bot/install/ana/share/ana/rtab_maps/settings3.pcd
[14.396s] -- Up-to-date symlink: /home/aidan/ana_bot/install/ana/share/ana/rtab_maps/settings3.ply
[14.396s] -- Up-to-date symlink: /home/aidan/ana_bot/install/ana/share/ana/rtab_maps/settings4.pcd
[14.396s] -- Up-to-date symlink: /home/aidan/ana_bot/install/ana/share/ana/rtab_maps/settings4.ply
[14.396s] -- Up-to-date symlink: /home/aidan/ana_bot/install/ana/share/ana/rtab_maps/settings4_screenshot1.png
[14.397s] -- Up-to-date symlink: /home/aidan/ana_bot/install/ana/share/ana/rtab_maps/settings4_screenshot2.png
[14.397s] -- Up-to-date symlink: /home/aidan/ana_bot/install/ana/share/ana/rtab_maps/settings4_toLoad.ini
[14.397s] -- Up-to-date symlink: /home/aidan/ana_bot/install/ana/share/ament_index/resource_index/package_run_dependencies/ana
[14.397s] -- Up-to-date symlink: /home/aidan/ana_bot/install/ana/share/ament_index/resource_index/parent_prefix_path/ana
[14.397s] -- Up-to-date symlink: /home/aidan/ana_bot/install/ana/share/ana/environment/ament_prefix_path.sh
[14.397s] -- Up-to-date symlink: /home/aidan/ana_bot/install/ana/share/ana/environment/ament_prefix_path.dsv
[14.397s] -- Up-to-date symlink: /home/aidan/ana_bot/install/ana/share/ana/environment/path.sh
[14.397s] -- Up-to-date symlink: /home/aidan/ana_bot/install/ana/share/ana/environment/path.dsv
[14.397s] -- Up-to-date symlink: /home/aidan/ana_bot/install/ana/share/ana/local_setup.bash
[14.397s] -- Up-to-date symlink: /home/aidan/ana_bot/install/ana/share/ana/local_setup.sh
[14.398s] -- Up-to-date symlink: /home/aidan/ana_bot/install/ana/share/ana/local_setup.zsh
[14.398s] -- Up-to-date symlink: /home/aidan/ana_bot/install/ana/share/ana/local_setup.dsv
[14.398s] -- Symlinking: /home/aidan/ana_bot/install/ana/share/ana/package.dsv
[14.403s] -- Up-to-date symlink: /home/aidan/ana_bot/install/ana/share/ament_index/resource_index/packages/ana
[14.404s] -- Up-to-date symlink: /home/aidan/ana_bot/install/ana/share/ana/cmake/anaConfig.cmake
[14.404s] -- Up-to-date symlink: /home/aidan/ana_bot/install/ana/share/ana/cmake/anaConfig-version.cmake
[14.404s] -- Up-to-date symlink: /home/aidan/ana_bot/install/ana/share/ana/package.xml
[14.405s] Invoked command in '/home/aidan/ana_bot/build/ana' returned '0': CMAKE_PREFIX_PATH=${CMAKE_PREFIX_PATH}:/home/aidan/ana_bot/install/my_python_pkg:/opt/ros/humble /usr/bin/cmake --install /home/aidan/ana_bot/build/ana
