[0.138s] DEBUG:colcon:Command line arguments: ['/usr/bin/colcon', 'list', '-p', '--base-paths', '/home/aidan/ros2_ws']
[0.138s] DEBUG:colcon:Parsed command line arguments: Namespace(log_base=None, log_level=None, verb_name='list', build_base='build', ignore_user_meta=False, metas=['./colcon.meta'], base_paths=['/home/aidan/ros2_ws'], packages_ignore=None, packages_ignore_regex=None, paths=None, packages_up_to=None, packages_up_to_regex=None, packages_above=None, packages_above_and_dependencies=None, packages_above_depth=None, packages_select_by_dep=None, packages_skip_by_dep=None, packages_skip_up_to=None, packages_select_build_failed=False, packages_skip_build_finished=False, packages_select_test_failures=False, packages_skip_test_passed=False, packages_select=None, packages_skip=None, packages_select_regex=None, packages_skip_regex=None, packages_start=None, packages_end=None, allow_overriding=[], topological_order=False, names_only=False, paths_only=True, topological_graph=False, topological_graph_dot=False, topological_graph_density=False, topological_graph_legend=False, topological_graph_dot_cluster=False, topological_graph_dot_include_skipped=False, mixin_files=None, mixin=None, verb_parser=<colcon_mixin.mixin.mixin_argument.MixinArgumentDecorator object at 0x7f6b68d478b0>, verb_extension=<colcon_package_information.verb.list.ListVerb object at 0x7f6b68d043d0>, main=<bound method ListVerb.main of <colcon_package_information.verb.list.ListVerb object at 0x7f6b68d043d0>>, mixin_verb=('list',))
[0.366s] Level 1:colcon.colcon_core.package_discovery:discover_packages(colcon_meta) check parameters
[0.366s] Level 1:colcon.colcon_core.package_discovery:discover_packages(recursive) check parameters
[0.366s] Level 1:colcon.colcon_core.package_discovery:discover_packages(ignore) check parameters
[0.366s] Level 1:colcon.colcon_core.package_discovery:discover_packages(path) check parameters
[0.366s] Level 1:colcon.colcon_core.package_discovery:discover_packages(recursive) discover
[0.366s] INFO:colcon.colcon_core.package_discovery:Crawling recursively for packages in '/home/aidan/ros2_ws'
[0.367s] Level 1:colcon.colcon_core.package_identification:_identify(/home/aidan/ros2_ws) by extensions ['ignore', 'ignore_ament_install']
[0.367s] Level 1:colcon.colcon_core.package_identification:_identify(/home/aidan/ros2_ws) by extension 'ignore'
[0.367s] Level 1:colcon.colcon_core.package_identification:_identify(/home/aidan/ros2_ws) by extension 'ignore_ament_install'
[0.367s] Level 1:colcon.colcon_core.package_identification:_identify(/home/aidan/ros2_ws) by extensions ['colcon_pkg']
[0.367s] Level 1:colcon.colcon_core.package_identification:_identify(/home/aidan/ros2_ws) by extension 'colcon_pkg'
[0.367s] Level 1:colcon.colcon_core.package_identification:_identify(/home/aidan/ros2_ws) by extensions ['colcon_meta']
[0.367s] Level 1:colcon.colcon_core.package_identification:_identify(/home/aidan/ros2_ws) by extension 'colcon_meta'
[0.367s] Level 1:colcon.colcon_core.package_identification:_identify(/home/aidan/ros2_ws) by extensions ['ros']
[0.367s] Level 1:colcon.colcon_core.package_identification:_identify(/home/aidan/ros2_ws) by extension 'ros'
[0.384s] Level 1:colcon.colcon_core.package_identification:_identify(/home/aidan/ros2_ws) by extensions ['cmake', 'python']
[0.384s] Level 1:colcon.colcon_core.package_identification:_identify(/home/aidan/ros2_ws) by extension 'cmake'
[0.384s] Level 1:colcon.colcon_core.package_identification:_identify(/home/aidan/ros2_ws) by extension 'python'
[0.384s] Level 1:colcon.colcon_core.package_identification:_identify(/home/aidan/ros2_ws) by extensions ['python_setup_py']
[0.384s] Level 1:colcon.colcon_core.package_identification:_identify(/home/aidan/ros2_ws) by extension 'python_setup_py'
[0.385s] Level 1:colcon.colcon_core.package_identification:_identify(/home/aidan/ros2_ws/build) by extensions ['ignore', 'ignore_ament_install']
[0.385s] Level 1:colcon.colcon_core.package_identification:_identify(/home/aidan/ros2_ws/build) by extension 'ignore'
[0.385s] Level 1:colcon.colcon_core.package_identification:_identify(/home/aidan/ros2_ws/build) ignored
[0.385s] Level 1:colcon.colcon_core.package_identification:_identify(/home/aidan/ros2_ws/install) by extensions ['ignore', 'ignore_ament_install']
[0.385s] Level 1:colcon.colcon_core.package_identification:_identify(/home/aidan/ros2_ws/install) by extension 'ignore'
[0.385s] Level 1:colcon.colcon_core.package_identification:_identify(/home/aidan/ros2_ws/install) ignored
[0.386s] Level 1:colcon.colcon_core.package_identification:_identify(/home/aidan/ros2_ws/log) by extensions ['ignore', 'ignore_ament_install']
[0.386s] Level 1:colcon.colcon_core.package_identification:_identify(/home/aidan/ros2_ws/log) by extension 'ignore'
[0.386s] Level 1:colcon.colcon_core.package_identification:_identify(/home/aidan/ros2_ws/log) ignored
[0.386s] Level 1:colcon.colcon_core.package_identification:_identify(/home/aidan/ros2_ws/src) by extensions ['ignore', 'ignore_ament_install']
[0.386s] Level 1:colcon.colcon_core.package_identification:_identify(/home/aidan/ros2_ws/src) by extension 'ignore'
[0.386s] Level 1:colcon.colcon_core.package_identification:_identify(/home/aidan/ros2_ws/src) by extension 'ignore_ament_install'
[0.386s] Level 1:colcon.colcon_core.package_identification:_identify(/home/aidan/ros2_ws/src) by extensions ['colcon_pkg']
[0.386s] Level 1:colcon.colcon_core.package_identification:_identify(/home/aidan/ros2_ws/src) by extension 'colcon_pkg'
[0.386s] Level 1:colcon.colcon_core.package_identification:_identify(/home/aidan/ros2_ws/src) by extensions ['colcon_meta']
[0.386s] Level 1:colcon.colcon_core.package_identification:_identify(/home/aidan/ros2_ws/src) by extension 'colcon_meta'
[0.386s] Level 1:colcon.colcon_core.package_identification:_identify(/home/aidan/ros2_ws/src) by extensions ['ros']
[0.386s] Level 1:colcon.colcon_core.package_identification:_identify(/home/aidan/ros2_ws/src) by extension 'ros'
[0.386s] Level 1:colcon.colcon_core.package_identification:_identify(/home/aidan/ros2_ws/src) by extensions ['cmake', 'python']
[0.386s] Level 1:colcon.colcon_core.package_identification:_identify(/home/aidan/ros2_ws/src) by extension 'cmake'
[0.386s] Level 1:colcon.colcon_core.package_identification:_identify(/home/aidan/ros2_ws/src) by extension 'python'
[0.387s] Level 1:colcon.colcon_core.package_identification:_identify(/home/aidan/ros2_ws/src) by extensions ['python_setup_py']
[0.387s] Level 1:colcon.colcon_core.package_identification:_identify(/home/aidan/ros2_ws/src) by extension 'python_setup_py'
[0.387s] Level 1:colcon.colcon_core.package_identification:_identify(/home/aidan/ros2_ws/src/ana) by extensions ['ignore', 'ignore_ament_install']
[0.387s] Level 1:colcon.colcon_core.package_identification:_identify(/home/aidan/ros2_ws/src/ana) by extension 'ignore'
[0.387s] Level 1:colcon.colcon_core.package_identification:_identify(/home/aidan/ros2_ws/src/ana) by extension 'ignore_ament_install'
[0.387s] Level 1:colcon.colcon_core.package_identification:_identify(/home/aidan/ros2_ws/src/ana) by extensions ['colcon_pkg']
[0.387s] Level 1:colcon.colcon_core.package_identification:_identify(/home/aidan/ros2_ws/src/ana) by extension 'colcon_pkg'
[0.387s] Level 1:colcon.colcon_core.package_identification:_identify(/home/aidan/ros2_ws/src/ana) by extensions ['colcon_meta']
[0.387s] Level 1:colcon.colcon_core.package_identification:_identify(/home/aidan/ros2_ws/src/ana) by extension 'colcon_meta'
[0.387s] Level 1:colcon.colcon_core.package_identification:_identify(/home/aidan/ros2_ws/src/ana) by extensions ['ros']
[0.387s] Level 1:colcon.colcon_core.package_identification:_identify(/home/aidan/ros2_ws/src/ana) by extension 'ros'
[0.391s] DEBUG:colcon.colcon_core.package_identification:Package '/home/aidan/ros2_ws/src/ana' with type 'ros.ament_cmake' and name 'ana'
[0.391s] Level 1:colcon.colcon_core.package_identification:_identify(/home/aidan/ros2_ws/src/gazebo_ros2_control) by extensions ['ignore', 'ignore_ament_install']
[0.391s] Level 1:colcon.colcon_core.package_identification:_identify(/home/aidan/ros2_ws/src/gazebo_ros2_control) by extension 'ignore'
[0.391s] Level 1:colcon.colcon_core.package_identification:_identify(/home/aidan/ros2_ws/src/gazebo_ros2_control) by extension 'ignore_ament_install'
[0.391s] Level 1:colcon.colcon_core.package_identification:_identify(/home/aidan/ros2_ws/src/gazebo_ros2_control) by extensions ['colcon_pkg']
[0.391s] Level 1:colcon.colcon_core.package_identification:_identify(/home/aidan/ros2_ws/src/gazebo_ros2_control) by extension 'colcon_pkg'
[0.391s] Level 1:colcon.colcon_core.package_identification:_identify(/home/aidan/ros2_ws/src/gazebo_ros2_control) by extensions ['colcon_meta']
[0.391s] Level 1:colcon.colcon_core.package_identification:_identify(/home/aidan/ros2_ws/src/gazebo_ros2_control) by extension 'colcon_meta'
[0.391s] Level 1:colcon.colcon_core.package_identification:_identify(/home/aidan/ros2_ws/src/gazebo_ros2_control) by extensions ['ros']
[0.392s] Level 1:colcon.colcon_core.package_identification:_identify(/home/aidan/ros2_ws/src/gazebo_ros2_control) by extension 'ros'
[0.392s] Level 1:colcon.colcon_core.package_identification:_identify(/home/aidan/ros2_ws/src/gazebo_ros2_control) by extensions ['cmake', 'python']
[0.392s] Level 1:colcon.colcon_core.package_identification:_identify(/home/aidan/ros2_ws/src/gazebo_ros2_control) by extension 'cmake'
[0.392s] Level 1:colcon.colcon_core.package_identification:_identify(/home/aidan/ros2_ws/src/gazebo_ros2_control) by extension 'python'
[0.392s] Level 1:colcon.colcon_core.package_identification:_identify(/home/aidan/ros2_ws/src/gazebo_ros2_control) by extensions ['python_setup_py']
[0.392s] Level 1:colcon.colcon_core.package_identification:_identify(/home/aidan/ros2_ws/src/gazebo_ros2_control) by extension 'python_setup_py'
[0.392s] Level 1:colcon.colcon_core.package_identification:_identify(/home/aidan/ros2_ws/src/gazebo_ros2_control/Docker) by extensions ['ignore', 'ignore_ament_install']
[0.392s] Level 1:colcon.colcon_core.package_identification:_identify(/home/aidan/ros2_ws/src/gazebo_ros2_control/Docker) by extension 'ignore'
[0.392s] Level 1:colcon.colcon_core.package_identification:_identify(/home/aidan/ros2_ws/src/gazebo_ros2_control/Docker) by extension 'ignore_ament_install'
[0.392s] Level 1:colcon.colcon_core.package_identification:_identify(/home/aidan/ros2_ws/src/gazebo_ros2_control/Docker) by extensions ['colcon_pkg']
[0.392s] Level 1:colcon.colcon_core.package_identification:_identify(/home/aidan/ros2_ws/src/gazebo_ros2_control/Docker) by extension 'colcon_pkg'
[0.392s] Level 1:colcon.colcon_core.package_identification:_identify(/home/aidan/ros2_ws/src/gazebo_ros2_control/Docker) by extensions ['colcon_meta']
[0.392s] Level 1:colcon.colcon_core.package_identification:_identify(/home/aidan/ros2_ws/src/gazebo_ros2_control/Docker) by extension 'colcon_meta'
[0.393s] Level 1:colcon.colcon_core.package_identification:_identify(/home/aidan/ros2_ws/src/gazebo_ros2_control/Docker) by extensions ['ros']
[0.393s] Level 1:colcon.colcon_core.package_identification:_identify(/home/aidan/ros2_ws/src/gazebo_ros2_control/Docker) by extension 'ros'
[0.393s] Level 1:colcon.colcon_core.package_identification:_identify(/home/aidan/ros2_ws/src/gazebo_ros2_control/Docker) by extensions ['cmake', 'python']
[0.393s] Level 1:colcon.colcon_core.package_identification:_identify(/home/aidan/ros2_ws/src/gazebo_ros2_control/Docker) by extension 'cmake'
[0.393s] Level 1:colcon.colcon_core.package_identification:_identify(/home/aidan/ros2_ws/src/gazebo_ros2_control/Docker) by extension 'python'
[0.393s] Level 1:colcon.colcon_core.package_identification:_identify(/home/aidan/ros2_ws/src/gazebo_ros2_control/Docker) by extensions ['python_setup_py']
[0.393s] Level 1:colcon.colcon_core.package_identification:_identify(/home/aidan/ros2_ws/src/gazebo_ros2_control/Docker) by extension 'python_setup_py'
[0.393s] Level 1:colcon.colcon_core.package_identification:_identify(/home/aidan/ros2_ws/src/gazebo_ros2_control/doc) by extensions ['ignore', 'ignore_ament_install']
[0.393s] Level 1:colcon.colcon_core.package_identification:_identify(/home/aidan/ros2_ws/src/gazebo_ros2_control/doc) by extension 'ignore'
[0.393s] Level 1:colcon.colcon_core.package_identification:_identify(/home/aidan/ros2_ws/src/gazebo_ros2_control/doc) by extension 'ignore_ament_install'
[0.393s] Level 1:colcon.colcon_core.package_identification:_identify(/home/aidan/ros2_ws/src/gazebo_ros2_control/doc) by extensions ['colcon_pkg']
[0.393s] Level 1:colcon.colcon_core.package_identification:_identify(/home/aidan/ros2_ws/src/gazebo_ros2_control/doc) by extension 'colcon_pkg'
[0.393s] Level 1:colcon.colcon_core.package_identification:_identify(/home/aidan/ros2_ws/src/gazebo_ros2_control/doc) by extensions ['colcon_meta']
[0.393s] Level 1:colcon.colcon_core.package_identification:_identify(/home/aidan/ros2_ws/src/gazebo_ros2_control/doc) by extension 'colcon_meta'
[0.394s] Level 1:colcon.colcon_core.package_identification:_identify(/home/aidan/ros2_ws/src/gazebo_ros2_control/doc) by extensions ['ros']
[0.394s] Level 1:colcon.colcon_core.package_identification:_identify(/home/aidan/ros2_ws/src/gazebo_ros2_control/doc) by extension 'ros'
[0.394s] Level 1:colcon.colcon_core.package_identification:_identify(/home/aidan/ros2_ws/src/gazebo_ros2_control/doc) by extensions ['cmake', 'python']
[0.394s] Level 1:colcon.colcon_core.package_identification:_identify(/home/aidan/ros2_ws/src/gazebo_ros2_control/doc) by extension 'cmake'
[0.394s] Level 1:colcon.colcon_core.package_identification:_identify(/home/aidan/ros2_ws/src/gazebo_ros2_control/doc) by extension 'python'
[0.394s] Level 1:colcon.colcon_core.package_identification:_identify(/home/aidan/ros2_ws/src/gazebo_ros2_control/doc) by extensions ['python_setup_py']
[0.394s] Level 1:colcon.colcon_core.package_identification:_identify(/home/aidan/ros2_ws/src/gazebo_ros2_control/doc) by extension 'python_setup_py'
[0.394s] Level 1:colcon.colcon_core.package_identification:_identify(/home/aidan/ros2_ws/src/gazebo_ros2_control/doc/img) by extensions ['ignore', 'ignore_ament_install']
[0.394s] Level 1:colcon.colcon_core.package_identification:_identify(/home/aidan/ros2_ws/src/gazebo_ros2_control/doc/img) by extension 'ignore'
[0.394s] Level 1:colcon.colcon_core.package_identification:_identify(/home/aidan/ros2_ws/src/gazebo_ros2_control/doc/img) by extension 'ignore_ament_install'
[0.395s] Level 1:colcon.colcon_core.package_identification:_identify(/home/aidan/ros2_ws/src/gazebo_ros2_control/doc/img) by extensions ['colcon_pkg']
[0.395s] Level 1:colcon.colcon_core.package_identification:_identify(/home/aidan/ros2_ws/src/gazebo_ros2_control/doc/img) by extension 'colcon_pkg'
[0.395s] Level 1:colcon.colcon_core.package_identification:_identify(/home/aidan/ros2_ws/src/gazebo_ros2_control/doc/img) by extensions ['colcon_meta']
[0.395s] Level 1:colcon.colcon_core.package_identification:_identify(/home/aidan/ros2_ws/src/gazebo_ros2_control/doc/img) by extension 'colcon_meta'
[0.395s] Level 1:colcon.colcon_core.package_identification:_identify(/home/aidan/ros2_ws/src/gazebo_ros2_control/doc/img) by extensions ['ros']
[0.395s] Level 1:colcon.colcon_core.package_identification:_identify(/home/aidan/ros2_ws/src/gazebo_ros2_control/doc/img) by extension 'ros'
[0.395s] Level 1:colcon.colcon_core.package_identification:_identify(/home/aidan/ros2_ws/src/gazebo_ros2_control/doc/img) by extensions ['cmake', 'python']
[0.395s] Level 1:colcon.colcon_core.package_identification:_identify(/home/aidan/ros2_ws/src/gazebo_ros2_control/doc/img) by extension 'cmake'
[0.395s] Level 1:colcon.colcon_core.package_identification:_identify(/home/aidan/ros2_ws/src/gazebo_ros2_control/doc/img) by extension 'python'
[0.395s] Level 1:colcon.colcon_core.package_identification:_identify(/home/aidan/ros2_ws/src/gazebo_ros2_control/doc/img) by extensions ['python_setup_py']
[0.395s] Level 1:colcon.colcon_core.package_identification:_identify(/home/aidan/ros2_ws/src/gazebo_ros2_control/doc/img) by extension 'python_setup_py'
[0.395s] Level 1:colcon.colcon_core.package_identification:_identify(/home/aidan/ros2_ws/src/gazebo_ros2_control/gazebo_ros2_control) by extensions ['ignore', 'ignore_ament_install']
[0.395s] Level 1:colcon.colcon_core.package_identification:_identify(/home/aidan/ros2_ws/src/gazebo_ros2_control/gazebo_ros2_control) by extension 'ignore'
[0.395s] Level 1:colcon.colcon_core.package_identification:_identify(/home/aidan/ros2_ws/src/gazebo_ros2_control/gazebo_ros2_control) by extension 'ignore_ament_install'
[0.396s] Level 1:colcon.colcon_core.package_identification:_identify(/home/aidan/ros2_ws/src/gazebo_ros2_control/gazebo_ros2_control) by extensions ['colcon_pkg']
[0.396s] Level 1:colcon.colcon_core.package_identification:_identify(/home/aidan/ros2_ws/src/gazebo_ros2_control/gazebo_ros2_control) by extension 'colcon_pkg'
[0.396s] Level 1:colcon.colcon_core.package_identification:_identify(/home/aidan/ros2_ws/src/gazebo_ros2_control/gazebo_ros2_control) by extensions ['colcon_meta']
[0.396s] Level 1:colcon.colcon_core.package_identification:_identify(/home/aidan/ros2_ws/src/gazebo_ros2_control/gazebo_ros2_control) by extension 'colcon_meta'
[0.396s] Level 1:colcon.colcon_core.package_identification:_identify(/home/aidan/ros2_ws/src/gazebo_ros2_control/gazebo_ros2_control) by extensions ['ros']
[0.396s] Level 1:colcon.colcon_core.package_identification:_identify(/home/aidan/ros2_ws/src/gazebo_ros2_control/gazebo_ros2_control) by extension 'ros'
[0.398s] DEBUG:colcon.colcon_core.package_identification:Package '/home/aidan/ros2_ws/src/gazebo_ros2_control/gazebo_ros2_control' with type 'ros.ament_cmake' and name 'gazebo_ros2_control'
[0.398s] Level 1:colcon.colcon_core.package_identification:_identify(/home/aidan/ros2_ws/src/gazebo_ros2_control/gazebo_ros2_control_demos) by extensions ['ignore', 'ignore_ament_install']
[0.398s] Level 1:colcon.colcon_core.package_identification:_identify(/home/aidan/ros2_ws/src/gazebo_ros2_control/gazebo_ros2_control_demos) by extension 'ignore'
[0.398s] Level 1:colcon.colcon_core.package_identification:_identify(/home/aidan/ros2_ws/src/gazebo_ros2_control/gazebo_ros2_control_demos) by extension 'ignore_ament_install'
[0.398s] Level 1:colcon.colcon_core.package_identification:_identify(/home/aidan/ros2_ws/src/gazebo_ros2_control/gazebo_ros2_control_demos) by extensions ['colcon_pkg']
[0.398s] Level 1:colcon.colcon_core.package_identification:_identify(/home/aidan/ros2_ws/src/gazebo_ros2_control/gazebo_ros2_control_demos) by extension 'colcon_pkg'
[0.398s] Level 1:colcon.colcon_core.package_identification:_identify(/home/aidan/ros2_ws/src/gazebo_ros2_control/gazebo_ros2_control_demos) by extensions ['colcon_meta']
[0.398s] Level 1:colcon.colcon_core.package_identification:_identify(/home/aidan/ros2_ws/src/gazebo_ros2_control/gazebo_ros2_control_demos) by extension 'colcon_meta'
[0.399s] Level 1:colcon.colcon_core.package_identification:_identify(/home/aidan/ros2_ws/src/gazebo_ros2_control/gazebo_ros2_control_demos) by extensions ['ros']
[0.399s] Level 1:colcon.colcon_core.package_identification:_identify(/home/aidan/ros2_ws/src/gazebo_ros2_control/gazebo_ros2_control_demos) by extension 'ros'
[0.400s] DEBUG:colcon.colcon_core.package_identification:Package '/home/aidan/ros2_ws/src/gazebo_ros2_control/gazebo_ros2_control_demos' with type 'ros.ament_cmake' and name 'gazebo_ros2_control_demos'
[0.400s] Level 1:colcon.colcon_core.package_identification:_identify(/home/aidan/ros2_ws/src/my_python_pkg) by extensions ['ignore', 'ignore_ament_install']
[0.400s] Level 1:colcon.colcon_core.package_identification:_identify(/home/aidan/ros2_ws/src/my_python_pkg) by extension 'ignore'
[0.400s] Level 1:colcon.colcon_core.package_identification:_identify(/home/aidan/ros2_ws/src/my_python_pkg) by extension 'ignore_ament_install'
[0.401s] Level 1:colcon.colcon_core.package_identification:_identify(/home/aidan/ros2_ws/src/my_python_pkg) by extensions ['colcon_pkg']
[0.401s] Level 1:colcon.colcon_core.package_identification:_identify(/home/aidan/ros2_ws/src/my_python_pkg) by extension 'colcon_pkg'
[0.401s] Level 1:colcon.colcon_core.package_identification:_identify(/home/aidan/ros2_ws/src/my_python_pkg) by extensions ['colcon_meta']
[0.401s] Level 1:colcon.colcon_core.package_identification:_identify(/home/aidan/ros2_ws/src/my_python_pkg) by extension 'colcon_meta'
[0.401s] Level 1:colcon.colcon_core.package_identification:_identify(/home/aidan/ros2_ws/src/my_python_pkg) by extensions ['ros']
[0.401s] Level 1:colcon.colcon_core.package_identification:_identify(/home/aidan/ros2_ws/src/my_python_pkg) by extension 'ros'
[0.402s] DEBUG:colcon.colcon_core.package_identification:Package '/home/aidan/ros2_ws/src/my_python_pkg' with type 'ros.ament_python' and name 'my_python_pkg'
[0.402s] Level 1:colcon.colcon_core.package_identification:_identify(/home/aidan/ros2_ws/src/realsense-ros) by extensions ['ignore', 'ignore_ament_install']
[0.402s] Level 1:colcon.colcon_core.package_identification:_identify(/home/aidan/ros2_ws/src/realsense-ros) by extension 'ignore'
[0.402s] Level 1:colcon.colcon_core.package_identification:_identify(/home/aidan/ros2_ws/src/realsense-ros) by extension 'ignore_ament_install'
[0.402s] Level 1:colcon.colcon_core.package_identification:_identify(/home/aidan/ros2_ws/src/realsense-ros) by extensions ['colcon_pkg']
[0.402s] Level 1:colcon.colcon_core.package_identification:_identify(/home/aidan/ros2_ws/src/realsense-ros) by extension 'colcon_pkg'
[0.402s] Level 1:colcon.colcon_core.package_identification:_identify(/home/aidan/ros2_ws/src/realsense-ros) by extensions ['colcon_meta']
[0.402s] Level 1:colcon.colcon_core.package_identification:_identify(/home/aidan/ros2_ws/src/realsense-ros) by extension 'colcon_meta'
[0.402s] Level 1:colcon.colcon_core.package_identification:_identify(/home/aidan/ros2_ws/src/realsense-ros) by extensions ['ros']
[0.403s] Level 1:colcon.colcon_core.package_identification:_identify(/home/aidan/ros2_ws/src/realsense-ros) by extension 'ros'
[0.403s] Level 1:colcon.colcon_core.package_identification:_identify(/home/aidan/ros2_ws/src/realsense-ros) by extensions ['cmake', 'python']
[0.403s] Level 1:colcon.colcon_core.package_identification:_identify(/home/aidan/ros2_ws/src/realsense-ros) by extension 'cmake'
[0.403s] Level 1:colcon.colcon_core.package_identification:_identify(/home/aidan/ros2_ws/src/realsense-ros) by extension 'python'
[0.403s] Level 1:colcon.colcon_core.package_identification:_identify(/home/aidan/ros2_ws/src/realsense-ros) by extensions ['python_setup_py']
[0.403s] Level 1:colcon.colcon_core.package_identification:_identify(/home/aidan/ros2_ws/src/realsense-ros) by extension 'python_setup_py'
[0.403s] Level 1:colcon.colcon_core.package_discovery:discover_packages(recursive) using defaults
