[0.007s] Invoking command in '/home/aidan/ana_bot/build/ana': CMAKE_PREFIX_PATH=${CMAKE_PREFIX_PATH}:/home/aidan/ana_bot/install/my_python_pkg:/opt/ros/humble /usr/bin/cmake /home/aidan/ana_bot/src/ana -DAMENT_CMAKE_SYMLINK_INSTALL=1 -DCMAKE_INSTALL_PREFIX=/home/aidan/ana_bot/install/ana
[0.042s] -- The C compiler identification is GNU 11.4.0
[0.078s] -- The CXX compiler identification is GNU 11.4.0
[0.083s] -- Detecting C compiler ABI info
[0.126s] -- Detecting C compiler ABI info - done
[0.131s] -- Check for working C compiler: /usr/bin/cc - skipped
[0.131s] -- Detecting C compile features
[0.131s] -- Detecting C compile features - done
[0.134s] -- Detecting CXX compiler ABI info
[0.184s] -- Detecting CXX compiler ABI info - done
[0.189s] -- Check for working CXX compiler: /usr/bin/c++ - skipped
[0.190s] -- Detecting CXX compile features
[0.190s] -- Detecting CXX compile features - done
[0.192s] -- Found ament_cmake: 1.3.8 (/opt/ros/humble/share/ament_cmake/cmake)
[0.295s] -- Found Python3: /usr/bin/python3 (found version "3.10.12") found components: Interpreter 
[0.341s] -- Override CMake install command with custom implementation using symlinks instead of copying resources
[0.363s] -- Found rclcpp: 16.0.8 (/opt/ros/humble/share/rclcpp/cmake)
[0.398s] -- Found rosidl_generator_c: 3.1.5 (/opt/ros/humble/share/rosidl_generator_c/cmake)
[0.402s] -- Found rosidl_adapter: 3.1.5 (/opt/ros/humble/share/rosidl_adapter/cmake)
[0.409s] -- Found rosidl_generator_cpp: 3.1.5 (/opt/ros/humble/share/rosidl_generator_cpp/cmake)
[0.419s] -- Using all available rosidl_typesupport_c: rosidl_typesupport_fastrtps_c;rosidl_typesupport_introspection_c
[0.435s] -- Using all available rosidl_typesupport_cpp: rosidl_typesupport_fastrtps_cpp;rosidl_typesupport_introspection_cpp
[0.489s] -- Found rmw_implementation_cmake: 6.1.1 (/opt/ros/humble/share/rmw_implementation_cmake/cmake)
[0.491s] -- Found rmw_fastrtps_cpp: 6.2.6 (/opt/ros/humble/share/rmw_fastrtps_cpp/cmake)
[0.557s] -- Found OpenSSL: /usr/lib/x86_64-linux-gnu/libcrypto.so (found version "3.0.2")  
[0.578s] -- Found FastRTPS: /opt/ros/humble/include  
[0.612s] -- Using RMW implementation 'rmw_fastrtps_cpp' as default
[0.620s] -- Looking for pthread.h
[0.664s] -- Looking for pthread.h - found
[0.665s] -- Performing Test CMAKE_HAVE_LIBC_PTHREAD
[0.711s] -- Performing Test CMAKE_HAVE_LIBC_PTHREAD - Success
[0.712s] -- Found Threads: TRUE  
[0.836s] -- Found sensor_msgs: 4.2.3 (/opt/ros/humble/share/sensor_msgs/cmake)
[0.934s] -- Found nav_msgs: 4.2.3 (/opt/ros/humble/share/nav_msgs/cmake)
[1.000s] -- Found image_transport: 3.1.9 (/opt/ros/humble/share/image_transport/cmake)
[1.036s] -- Found cv_bridge: 3.2.1 (/opt/ros/humble/share/cv_bridge/cmake)
[1.050s] -- Found OpenCV: /usr (found version "4.5.4") 
[1.060s] -- Checking for module 'eigen3'
[1.067s] --   Found eigen3, version 3.4.0
[1.084s] -- Found Eigen: /usr/include/eigen3 (Required is at least version "3.1") 
[1.084s] -- Eigen found (include: /usr/include/eigen3, version: 3.4.0)
[1.100s] -- Found Boost: /usr/lib/x86_64-linux-gnu/cmake/Boost-1.74.0/BoostConfig.cmake (found suitable version "1.74.0", minimum required is "1.65.0") found components: system filesystem date_time iostreams serialization 
[1.132s] -- Checking for module 'libusb-1.0'
[1.139s] --   Found libusb-1.0, version 1.0.25
[1.157s] -- Found libusb: /usr/lib/x86_64-linux-gnu/libusb-1.0.so  
[1.158s] -- Found OpenNI: /usr/lib/libOpenNI.so;libusb::libusb (found version "1.5.4.0") 
[1.158s] -- OpenNI found (version: 1.5.4.0, include: /usr/include/ni, lib: /usr/lib/libOpenNI.so;libusb::libusb)
[1.188s] -- Found OpenNI2: /usr/lib/x86_64-linux-gnu/libOpenNI2.so;libusb::libusb (found version "2.2.0.33") 
[1.188s] -- OpenNI2 found (version: 2.2.0.33, include: /usr/include/openni2, lib: /usr/lib/x86_64-linux-gnu/libOpenNI2.so;libusb::libusb)
[1.188s] [0m** WARNING ** io features related to pcap will be disabled[0m
[1.188s] [0m** WARNING ** io features related to png will be disabled[0m
[1.214s] -- Found GLEW: /usr/lib/x86_64-linux-gnu/libGLEW.so  
[1.218s] -- Found OpenGL: /usr/lib/x86_64-linux-gnu/libOpenGL.so  found components: OpenGL GLX 
[1.306s] -- Found MPI_C: /usr/lib/x86_64-linux-gnu/libmpi.so (found version "3.1") 
[1.306s] -- Found MPI: TRUE (found version "3.1") found components: C 
[1.308s] -- Found JsonCpp: /usr/lib/x86_64-linux-gnu/libjsoncpp.so (found suitable version "1.9.5", minimum required is "0.7.0") 
[1.315s] -- Found ZLIB: /usr/lib/x86_64-linux-gnu/libz.so (found version "1.2.11") 
[1.328s] -- Found PNG: /usr/lib/x86_64-linux-gnu/libpng.so (found version "1.6.37") 
[1.336s] -- Found Eigen3: /usr/include/eigen3 (found version "3.4.0") 
[1.391s] -- Found X11: /usr/include   
[1.391s] -- Looking for XOpenDisplay in /usr/lib/x86_64-linux-gnu/libX11.so;/usr/lib/x86_64-linux-gnu/libXext.so
[1.436s] -- Looking for XOpenDisplay in /usr/lib/x86_64-linux-gnu/libX11.so;/usr/lib/x86_64-linux-gnu/libXext.so - found
[1.436s] -- Looking for gethostbyname
[1.479s] -- Looking for gethostbyname - found
[1.479s] -- Looking for connect
[1.524s] -- Looking for connect - found
[1.524s] -- Looking for remove
[1.567s] -- Looking for remove - found
[1.567s] -- Looking for shmat
[1.610s] -- Looking for shmat - found
[1.610s] -- Looking for IceConnectionNumber in ICE
[1.653s] -- Looking for IceConnectionNumber in ICE - found
[1.702s] -- Found EXPAT: /usr/lib/x86_64-linux-gnu/libexpat.so (found version "2.4.7") 
[1.703s] -- Found double-conversion: /usr/lib/x86_64-linux-gnu/libdouble-conversion.so  
[1.705s] -- Found LZ4: /usr/lib/x86_64-linux-gnu/liblz4.so (found version "1.9.3") 
[1.706s] -- Found LZMA: /usr/lib/x86_64-linux-gnu/liblzma.so (found version "5.2.5") 
[1.715s] -- Found JPEG: /usr/lib/x86_64-linux-gnu/libjpeg.so (found version "80") 
[1.719s] -- Found TIFF: /usr/lib/x86_64-linux-gnu/libtiff.so (found version "4.3.0")  
[1.722s] -- Found Freetype: /usr/lib/x86_64-linux-gnu/libfreetype.so (found version "2.11.1") 
[1.726s] -- Found utf8cpp: /usr/include/utf8cpp  
[1.749s] -- Eigen found (include: /usr/include/eigen3, version: 3.4.0)
[1.760s] -- Checking for module 'flann'
[1.768s] --   Found flann, version 1.9.1
[1.791s] -- Found FLANN: /usr/lib/x86_64-linux-gnu/libflann_cpp.so  
[1.791s] -- FLANN found (include: /usr/include, lib: /usr/lib/x86_64-linux-gnu/libflann_cpp.so)
[1.994s] -- looking for PCL_COMMON
[1.995s] -- Found PCL_COMMON: /usr/lib/x86_64-linux-gnu/libpcl_common.so  
[1.995s] -- looking for PCL_OCTREE
[1.995s] -- Found PCL_OCTREE: /usr/lib/x86_64-linux-gnu/libpcl_octree.so  
[1.995s] -- looking for PCL_IO
[1.996s] -- Found PCL_IO: /usr/lib/x86_64-linux-gnu/libpcl_io.so  
[1.996s] -- looking for PCL_KDTREE
[1.997s] -- Found PCL_KDTREE: /usr/lib/x86_64-linux-gnu/libpcl_kdtree.so  
[1.997s] -- looking for PCL_SEARCH
[1.998s] -- Found PCL_SEARCH: /usr/lib/x86_64-linux-gnu/libpcl_search.so  
[1.998s] -- looking for PCL_SAMPLE_CONSENSUS
[1.998s] -- Found PCL_SAMPLE_CONSENSUS: /usr/lib/x86_64-linux-gnu/libpcl_sample_consensus.so  
[1.998s] -- looking for PCL_FILTERS
[1.999s] -- Found PCL_FILTERS: /usr/lib/x86_64-linux-gnu/libpcl_filters.so  
[1.999s] -- looking for PCL_GEOMETRY
[2.000s] -- Found PCL_GEOMETRY: /usr/include/pcl-1.12  
[2.000s] -- looking for PCL_2D
[2.000s] -- Found PCL_2D: /usr/include/pcl-1.12  
[2.000s] -- looking for PCL_FEATURES
[2.000s] -- Found PCL_FEATURES: /usr/lib/x86_64-linux-gnu/libpcl_features.so  
[2.001s] -- looking for PCL_ML
[2.001s] -- Found PCL_ML: /usr/lib/x86_64-linux-gnu/libpcl_ml.so  
[2.001s] -- looking for PCL_SEGMENTATION
[2.002s] -- Found PCL_SEGMENTATION: /usr/lib/x86_64-linux-gnu/libpcl_segmentation.so  
[2.003s] -- Found PCL: pcl_common;pcl_octree;pcl_io;pcl_kdtree;pcl_search;pcl_sample_consensus;pcl_filters;pcl_features;pcl_ml;pcl_segmentation;Boost::system;Boost::filesystem;Boost::date_time;Boost::iostreams;Boost::serialization;/usr/lib/libOpenNI.so;libusb::libusb;/usr/lib/x86_64-linux-gnu/libOpenNI2.so;libusb::libusb;VTK::ChartsCore;VTK::CommonColor;VTK::CommonComputationalGeometry;VTK::CommonCore;VTK::CommonDataModel;VTK::CommonExecutionModel;VTK::CommonMath;VTK::CommonMisc;VTK::CommonTransforms;VTK::FiltersCore;VTK::FiltersExtraction;VTK::FiltersGeneral;VTK::FiltersGeometry;VTK::FiltersModeling;VTK::FiltersSources;VTK::ImagingCore;VTK::ImagingSources;VTK::InteractionImage;VTK::InteractionStyle;VTK::InteractionWidgets;VTK::IOCore;VTK::IOGeometry;VTK::IOImage;VTK::IOLegacy;VTK::IOPLY;VTK::RenderingAnnotation;VTK::RenderingCore;VTK::RenderingContext2D;VTK::RenderingLOD;VTK::RenderingFreeType;VTK::ViewsCore;VTK::ViewsContext2D;VTK::RenderingOpenGL2;VTK::GUISupportQt;FLANN::FLANN  
[2.004s] -- Found pcl_conversions: 2.4.0 (/opt/ros/humble/share/pcl_conversions/cmake)
[2.126s] -- Found CUDA: /usr (found version "11.5") 
[2.128s] -- Found nav2_costmap_2d: 1.1.14 (/opt/ros/humble/share/nav2_costmap_2d/cmake)
[2.669s] -- Found Eigen3: TRUE (found version "3.4.0") 
[2.669s] -- Ensuring Eigen3 include directory is part of orocos-kdl CMake target
[4.073s] -- The CUDA compiler identification is NVIDIA 11.5.119
[4.077s] -- Detecting CUDA compiler ABI info
[4.741s] -- Detecting CUDA compiler ABI info - done
[4.761s] -- Check for working CUDA compiler: /usr/bin/nvcc - skipped
[4.761s] -- Detecting CUDA compile features
[4.761s] -- Detecting CUDA compile features - done
[4.907s] -- Found ament_lint_auto: 0.12.10 (/opt/ros/humble/share/ament_lint_auto/cmake)
[4.994s] -- Added test 'copyright' to check source files copyright and LICENSE
[4.995s] -- Added test 'cppcheck' to perform static code analysis on C / C++ code
[4.999s] -- Configured cppcheck include dirs: /home/aidan/ana_bot/src/ana/include;/home/aidan/ana_bot/src/ana/src/cuda
[4.999s] -- Configured cppcheck exclude dirs and/or files: 
[5.001s] -- Added test 'cpplint' to check C / C++ code against the Google style
[5.001s] -- Configured cpplint exclude dirs and/or files: 
[5.001s] -- Added test 'flake8' to check Python code syntax and style conventions
[5.002s] -- Added test 'lint_cmake' to check CMake code style
[5.002s] -- Added test 'pep257' to check Python code against some of the docstring style conventions in PEP 257
[5.004s] -- Added test 'uncrustify' to check C / C++ code style
[5.004s] -- Configured uncrustify additional arguments: 
[5.004s] -- Added test 'xmllint' to check XML markup files
[5.005s] -- Configuring done
[5.478s] -- Generating done
[5.480s] -- Build files have been written to: /home/aidan/ana_bot/build/ana
[5.497s] Invoked command in '/home/aidan/ana_bot/build/ana' returned '0': CMAKE_PREFIX_PATH=${CMAKE_PREFIX_PATH}:/home/aidan/ana_bot/install/my_python_pkg:/opt/ros/humble /usr/bin/cmake /home/aidan/ana_bot/src/ana -DAMENT_CMAKE_SYMLINK_INSTALL=1 -DCMAKE_INSTALL_PREFIX=/home/aidan/ana_bot/install/ana
[5.499s] Invoking command in '/home/aidan/ana_bot/build/ana': CMAKE_PREFIX_PATH=${CMAKE_PREFIX_PATH}:/home/aidan/ana_bot/install/my_python_pkg:/opt/ros/humble /usr/bin/cmake --build /home/aidan/ana_bot/build/ana -- -j16 -l16
[5.527s] [35m[1mConsolidate compiler generated dependencies of target cuda_operations[0m
[5.534s] [ 18%] Built target cuda_operations
[5.542s] [35m[1mConsolidate compiler generated dependencies of target depth_live_filter_node[0m
[5.556s] [ 45%] Built target depth_live_filter_node
[5.582s] [35m[1mConsolidate compiler generated dependencies of target occupancy_grid_subscriber_node[0m
[5.583s] [35m[1mConsolidate compiler generated dependencies of target publish_pcd_node[0m
[5.635s] [ 72%] Built target occupancy_grid_subscriber_node
[5.641s] [100%] Built target publish_pcd_node
[5.649s] Invoked command in '/home/aidan/ana_bot/build/ana' returned '0': CMAKE_PREFIX_PATH=${CMAKE_PREFIX_PATH}:/home/aidan/ana_bot/install/my_python_pkg:/opt/ros/humble /usr/bin/cmake --build /home/aidan/ana_bot/build/ana -- -j16 -l16
[5.674s] Invoking command in '/home/aidan/ana_bot/build/ana': CMAKE_PREFIX_PATH=${CMAKE_PREFIX_PATH}:/home/aidan/ana_bot/install/my_python_pkg:/opt/ros/humble /usr/bin/cmake --install /home/aidan/ana_bot/build/ana
[5.679s] -- Install configuration: ""
[5.679s] -- Execute custom install script
[5.679s] -- Up-to-date symlink: /home/aidan/ana_bot/install/ana/lib/ana/depth_live_filter_node
[5.679s] -- Up-to-date symlink: /home/aidan/ana_bot/install/ana/lib/ana/publish_pcd_node
[5.679s] -- Up-to-date symlink: /home/aidan/ana_bot/install/ana/lib/ana/occupancy_grid_subscriber_node
[5.680s] -- Up-to-date symlink: /home/aidan/ana_bot/install/ana/lib/ana/libcuda_operations.a
[5.680s] -- Up-to-date symlink: /home/aidan/ana_bot/install/ana/share/ana/config/amcl_params.yaml
[5.680s] -- Up-to-date symlink: /home/aidan/ana_bot/install/ana/share/ana/config/ana.rviz
[5.680s] -- Up-to-date symlink: /home/aidan/ana_bot/install/ana/share/ana/config/ana_map.rviz
[5.680s] -- Up-to-date symlink: /home/aidan/ana_bot/install/ana/share/ana/config/ana_nav2.rviz
[5.680s] -- Up-to-date symlink: /home/aidan/ana_bot/install/ana/share/ana/config/custom_navigator.xml
[5.680s] -- Up-to-date symlink: /home/aidan/ana_bot/install/ana/share/ana/config/diff_drive_bot.rviz
[5.680s] -- Up-to-date symlink: /home/aidan/ana_bot/install/ana/share/ana/config/gazebo_params.yaml
[5.680s] -- Up-to-date symlink: /home/aidan/ana_bot/install/ana/share/ana/config/mapper_params_online_async.yaml
[5.680s] -- Up-to-date symlink: /home/aidan/ana_bot/install/ana/share/ana/config/my_controllers.yaml
[5.680s] -- Up-to-date symlink: /home/aidan/ana_bot/install/ana/share/ana/config/nav2_params.yaml
[5.680s] -- Up-to-date symlink: /home/aidan/ana_bot/install/ana/share/ana/config/simple_navigation_bt.xml
[5.681s] -- Up-to-date symlink: /home/aidan/ana_bot/install/ana/share/ana/config/simulation_depth.rviz
[5.681s] -- Up-to-date symlink: /home/aidan/ana_bot/install/ana/share/ana/config/twist_mux.yaml
[5.681s] -- Up-to-date symlink: /home/aidan/ana_bot/install/ana/share/ana/description/camera.xacro
[5.681s] -- Up-to-date symlink: /home/aidan/ana_bot/install/ana/share/ana/description/depth_camera.xacro
[5.681s] -- Up-to-date symlink: /home/aidan/ana_bot/install/ana/share/ana/description/gazebo_diff_control.xacro
[5.681s] -- Up-to-date symlink: /home/aidan/ana_bot/install/ana/share/ana/description/gazebo_four_diff_control.xacro
[5.681s] -- Up-to-date symlink: /home/aidan/ana_bot/install/ana/share/ana/description/inertial_macros.xacro
[5.681s] -- Up-to-date symlink: /home/aidan/ana_bot/install/ana/share/ana/description/robot.urdf.xacro
[5.681s] -- Up-to-date symlink: /home/aidan/ana_bot/install/ana/share/ana/description/robot_core.xacro
[5.681s] -- Up-to-date symlink: /home/aidan/ana_bot/install/ana/share/ana/description/ros2_diff_control.xacro
[5.681s] -- Up-to-date symlink: /home/aidan/ana_bot/install/ana/share/ana/launch/launch_sim.launch.py
[5.681s] -- Up-to-date symlink: /home/aidan/ana_bot/install/ana/share/ana/launch/localization_launch.py
[5.681s] -- Up-to-date symlink: /home/aidan/ana_bot/install/ana/share/ana/launch/nav2.launch.py
[5.681s] -- Up-to-date symlink: /home/aidan/ana_bot/install/ana/share/ana/launch/navigation_launch.py
[5.681s] -- Up-to-date symlink: /home/aidan/ana_bot/install/ana/share/ana/launch/online_async_launch.py
[5.682s] -- Up-to-date symlink: /home/aidan/ana_bot/install/ana/share/ana/launch/rsp.launch.py
[5.682s] -- Up-to-date symlink: /home/aidan/ana_bot/install/ana/share/ana/launch/rtab.launch.py
[5.682s] -- Up-to-date symlink: /home/aidan/ana_bot/install/ana/share/ana/worlds/bedroom.world
[5.682s] -- Up-to-date symlink: /home/aidan/ana_bot/install/ana/share/ana/worlds/empty.world
[5.682s] -- Up-to-date symlink: /home/aidan/ana_bot/install/ana/share/ana/worlds/obstacles.world
[5.682s] -- Up-to-date symlink: /home/aidan/ana_bot/install/ana/share/ana/worlds/obstacles_walls.world
[5.682s] -- Up-to-date symlink: /home/aidan/ana_bot/install/ana/share/ana/worlds/outside.world
[5.682s] -- Up-to-date symlink: /home/aidan/ana_bot/install/ana/share/ana/meshes/ana_chassis.stl
[5.682s] -- Up-to-date symlink: /home/aidan/ana_bot/install/ana/share/ana/meshes/d435i.stl
[5.682s] -- Up-to-date symlink: /home/aidan/ana_bot/install/ana/share/ana/rtab_maps/mapped_point_cloud.pcd
[5.682s] -- Up-to-date symlink: /home/aidan/ana_bot/install/ana/share/ana/rtab_maps/occupancy_grid.pgm
[5.683s] -- Up-to-date symlink: /home/aidan/ana_bot/install/ana/share/ana/rtab_maps/occupancy_grid.yaml
[5.683s] -- Up-to-date symlink: /home/aidan/ana_bot/install/ana/share/ana/rtab_maps/rtab_settings.config
[5.683s] -- Up-to-date symlink: /home/aidan/ana_bot/install/ana/share/ana/rtab_maps/settings4.pcd
[5.683s] -- Up-to-date symlink: /home/aidan/ana_bot/install/ana/share/ana/rtab_maps/settings4.ply
[5.683s] -- Up-to-date symlink: /home/aidan/ana_bot/install/ana/share/ana/rtab_maps/settings4_screenshot1.png
[5.683s] -- Up-to-date symlink: /home/aidan/ana_bot/install/ana/share/ana/rtab_maps/settings4_screenshot2.png
[5.683s] -- Up-to-date symlink: /home/aidan/ana_bot/install/ana/share/ana/rtab_maps/settings4_toLoad.ini
[5.683s] -- Up-to-date symlink: /home/aidan/ana_bot/install/ana/share/ament_index/resource_index/package_run_dependencies/ana
[5.683s] -- Up-to-date symlink: /home/aidan/ana_bot/install/ana/share/ament_index/resource_index/parent_prefix_path/ana
[5.683s] -- Up-to-date symlink: /home/aidan/ana_bot/install/ana/share/ana/environment/ament_prefix_path.sh
[5.683s] -- Up-to-date symlink: /home/aidan/ana_bot/install/ana/share/ana/environment/ament_prefix_path.dsv
[5.683s] -- Up-to-date symlink: /home/aidan/ana_bot/install/ana/share/ana/environment/path.sh
[5.684s] -- Up-to-date symlink: /home/aidan/ana_bot/install/ana/share/ana/environment/path.dsv
[5.684s] -- Up-to-date symlink: /home/aidan/ana_bot/install/ana/share/ana/local_setup.bash
[5.684s] -- Up-to-date symlink: /home/aidan/ana_bot/install/ana/share/ana/local_setup.sh
[5.684s] -- Up-to-date symlink: /home/aidan/ana_bot/install/ana/share/ana/local_setup.zsh
[5.684s] -- Up-to-date symlink: /home/aidan/ana_bot/install/ana/share/ana/local_setup.dsv
[5.684s] -- Symlinking: /home/aidan/ana_bot/install/ana/share/ana/package.dsv
[5.690s] -- Up-to-date symlink: /home/aidan/ana_bot/install/ana/share/ament_index/resource_index/packages/ana
[5.690s] -- Up-to-date symlink: /home/aidan/ana_bot/install/ana/share/ana/cmake/anaConfig.cmake
[5.690s] -- Up-to-date symlink: /home/aidan/ana_bot/install/ana/share/ana/cmake/anaConfig-version.cmake
[5.690s] -- Up-to-date symlink: /home/aidan/ana_bot/install/ana/share/ana/package.xml
[5.692s] Invoked command in '/home/aidan/ana_bot/build/ana' returned '0': CMAKE_PREFIX_PATH=${CMAKE_PREFIX_PATH}:/home/aidan/ana_bot/install/my_python_pkg:/opt/ros/humble /usr/bin/cmake --install /home/aidan/ana_bot/build/ana
