[0.012s] Invoking command in '/home/aidan/ros2_ws/build/ana': CMAKE_PREFIX_PATH=${CMAKE_PREFIX_PATH}:/home/aidan/ros2_ws/install/my_python_pkg:/opt/ros/humble /usr/bin/cmake --build /home/aidan/ros2_ws/build/ana -- -j16 -l16
[0.049s] [100%] Built target pid_node
[0.217s] Invoked command in '/home/aidan/ros2_ws/build/ana' returned '0': CMAKE_PREFIX_PATH=${CMAKE_PREFIX_PATH}:/home/aidan/ros2_ws/install/my_python_pkg:/opt/ros/humble /usr/bin/cmake --build /home/aidan/ros2_ws/build/ana -- -j16 -l16
[0.239s] Invoking command in '/home/aidan/ros2_ws/build/ana': CMAKE_PREFIX_PATH=${CMAKE_PREFIX_PATH}:/home/aidan/ros2_ws/install/my_python_pkg:/opt/ros/humble /usr/bin/cmake --install /home/aidan/ros2_ws/build/ana
[0.244s] -- Install configuration: ""
[0.245s] -- Execute custom install script
[0.245s] -- Up-to-date symlink: /home/aidan/ros2_ws/install/ana/lib/ana/pid_node
[0.245s] -- Up-to-date symlink: /home/aidan/ros2_ws/install/ana/share/ana/config/ana.rviz
[0.245s] -- Up-to-date symlink: /home/aidan/ros2_ws/install/ana/share/ana/config/diff_drive_bot.rviz
[0.245s] -- Up-to-date symlink: /home/aidan/ros2_ws/install/ana/share/ana/config/gazebo_params.yaml
[0.245s] -- Up-to-date symlink: /home/aidan/ros2_ws/install/ana/share/ana/config/my_controllers.yaml
[0.245s] -- Up-to-date symlink: /home/aidan/ros2_ws/install/ana/share/ana/config/simulation_depth.rviz
[0.245s] -- Up-to-date symlink: /home/aidan/ros2_ws/install/ana/share/ana/description/camera.xacro
[0.245s] -- Up-to-date symlink: /home/aidan/ros2_ws/install/ana/share/ana/description/depth_camera.xacro
[0.246s] -- Up-to-date symlink: /home/aidan/ros2_ws/install/ana/share/ana/description/gazebo_diff_control.xacro
[0.246s] -- Up-to-date symlink: /home/aidan/ros2_ws/install/ana/share/ana/description/gazebo_skid_control.xacro
[0.246s] -- Up-to-date symlink: /home/aidan/ros2_ws/install/ana/share/ana/description/inertial_macros.xacro
[0.246s] -- Up-to-date symlink: /home/aidan/ros2_ws/install/ana/share/ana/description/robot.urdf.xacro
[0.246s] -- Up-to-date symlink: /home/aidan/ros2_ws/install/ana/share/ana/description/robot_core.xacro
[0.246s] -- Up-to-date symlink: /home/aidan/ros2_ws/install/ana/share/ana/description/ros2_diff_control.xacro
[0.246s] -- Up-to-date symlink: /home/aidan/ros2_ws/install/ana/share/ana/launch/launch_sim.launch.py
[0.246s] -- Up-to-date symlink: /home/aidan/ros2_ws/install/ana/share/ana/launch/rsp.launch.py
[0.246s] -- Up-to-date symlink: /home/aidan/ros2_ws/install/ana/share/ana/worlds/empty.world
[0.246s] -- Up-to-date symlink: /home/aidan/ros2_ws/install/ana/share/ana/worlds/obstacles.world
[0.247s] -- Up-to-date symlink: /home/aidan/ros2_ws/install/ana/share/ament_index/resource_index/package_run_dependencies/ana
[0.247s] -- Up-to-date symlink: /home/aidan/ros2_ws/install/ana/share/ament_index/resource_index/parent_prefix_path/ana
[0.247s] -- Up-to-date symlink: /home/aidan/ros2_ws/install/ana/share/ana/environment/ament_prefix_path.sh
[0.247s] -- Up-to-date symlink: /home/aidan/ros2_ws/install/ana/share/ana/environment/ament_prefix_path.dsv
[0.247s] -- Up-to-date symlink: /home/aidan/ros2_ws/install/ana/share/ana/environment/path.sh
[0.247s] -- Up-to-date symlink: /home/aidan/ros2_ws/install/ana/share/ana/environment/path.dsv
[0.247s] -- Up-to-date symlink: /home/aidan/ros2_ws/install/ana/share/ana/local_setup.bash
[0.247s] -- Up-to-date symlink: /home/aidan/ros2_ws/install/ana/share/ana/local_setup.sh
[0.248s] -- Up-to-date symlink: /home/aidan/ros2_ws/install/ana/share/ana/local_setup.zsh
[0.248s] -- Up-to-date symlink: /home/aidan/ros2_ws/install/ana/share/ana/local_setup.dsv
[0.248s] -- Symlinking: /home/aidan/ros2_ws/install/ana/share/ana/package.dsv
[0.254s] -- Up-to-date symlink: /home/aidan/ros2_ws/install/ana/share/ament_index/resource_index/packages/ana
[0.254s] -- Up-to-date symlink: /home/aidan/ros2_ws/install/ana/share/ana/cmake/anaConfig.cmake
[0.254s] -- Up-to-date symlink: /home/aidan/ros2_ws/install/ana/share/ana/cmake/anaConfig-version.cmake
[0.254s] -- Up-to-date symlink: /home/aidan/ros2_ws/install/ana/share/ana/package.xml
[0.255s] Invoked command in '/home/aidan/ros2_ws/build/ana' returned '0': CMAKE_PREFIX_PATH=${CMAKE_PREFIX_PATH}:/home/aidan/ros2_ws/install/my_python_pkg:/opt/ros/humble /usr/bin/cmake --install /home/aidan/ros2_ws/build/ana
