[0.007s] Invoking command in '/home/aidan/ana_bot/build/ana': CMAKE_PREFIX_PATH=${CMAKE_PREFIX_PATH}:/home/aidan/ana_bot/install/my_python_pkg:/opt/ros/humble /usr/bin/cmake /home/aidan/ana_bot/src/ana -DAMENT_CMAKE_SYMLINK_INSTALL=1 -DCMAKE_INSTALL_PREFIX=/home/aidan/ana_bot/install/ana
[0.046s] -- The C compiler identification is GNU 11.4.0
[0.097s] -- The CXX compiler identification is GNU 11.4.0
[0.103s] -- Detecting C compiler ABI info
[0.146s] -- Detecting C compiler ABI info - done
[0.152s] -- Check for working C compiler: /usr/bin/cc - skipped
[0.152s] -- Detecting C compile features
[0.152s] -- Detecting C compile features - done
[0.154s] -- Detecting CXX compiler ABI info
[0.205s] -- Detecting CXX compiler ABI info - done
[0.211s] -- Check for working CXX compiler: /usr/bin/c++ - skipped
[0.211s] -- Detecting CXX compile features
[0.211s] -- Detecting CXX compile features - done
[0.213s] -- Found ament_cmake: 1.3.8 (/opt/ros/humble/share/ament_cmake/cmake)
[0.318s] -- Found Python3: /usr/bin/python3 (found version "3.10.12") found components: Interpreter 
[0.367s] -- Override CMake install command with custom implementation using symlinks instead of copying resources
[0.388s] -- Found rclcpp: 16.0.8 (/opt/ros/humble/share/rclcpp/cmake)
[0.422s] -- Found rosidl_generator_c: 3.1.5 (/opt/ros/humble/share/rosidl_generator_c/cmake)
[0.426s] -- Found rosidl_adapter: 3.1.5 (/opt/ros/humble/share/rosidl_adapter/cmake)
[0.432s] -- Found rosidl_generator_cpp: 3.1.5 (/opt/ros/humble/share/rosidl_generator_cpp/cmake)
[0.443s] -- Using all available rosidl_typesupport_c: rosidl_typesupport_fastrtps_c;rosidl_typesupport_introspection_c
[0.457s] -- Using all available rosidl_typesupport_cpp: rosidl_typesupport_fastrtps_cpp;rosidl_typesupport_introspection_cpp
[0.512s] -- Found rmw_implementation_cmake: 6.1.1 (/opt/ros/humble/share/rmw_implementation_cmake/cmake)
[0.514s] -- Found rmw_fastrtps_cpp: 6.2.6 (/opt/ros/humble/share/rmw_fastrtps_cpp/cmake)
[0.582s] -- Found OpenSSL: /usr/lib/x86_64-linux-gnu/libcrypto.so (found version "3.0.2")  
[0.604s] -- Found FastRTPS: /opt/ros/humble/include  
[0.641s] -- Using RMW implementation 'rmw_fastrtps_cpp' as default
[0.648s] -- Looking for pthread.h
[0.695s] -- Looking for pthread.h - found
[0.696s] -- Performing Test CMAKE_HAVE_LIBC_PTHREAD
[0.744s] -- Performing Test CMAKE_HAVE_LIBC_PTHREAD - Success
[0.745s] -- Found Threads: TRUE  
[0.870s] -- Found sensor_msgs: 4.2.3 (/opt/ros/humble/share/sensor_msgs/cmake)
[0.970s] -- Found nav_msgs: 4.2.3 (/opt/ros/humble/share/nav_msgs/cmake)
[1.037s] -- Found image_transport: 3.1.9 (/opt/ros/humble/share/image_transport/cmake)
[1.074s] -- Found cv_bridge: 3.2.1 (/opt/ros/humble/share/cv_bridge/cmake)
[1.088s] -- Found OpenCV: /usr (found version "4.5.4") 
[1.098s] -- Checking for module 'eigen3'
[1.106s] --   Found eigen3, version 3.4.0
[1.124s] -- Found Eigen: /usr/include/eigen3 (Required is at least version "3.1") 
[1.125s] -- Eigen found (include: /usr/include/eigen3, version: 3.4.0)
[1.140s] -- Found Boost: /usr/lib/x86_64-linux-gnu/cmake/Boost-1.74.0/BoostConfig.cmake (found suitable version "1.74.0", minimum required is "1.65.0") found components: system filesystem date_time iostreams serialization 
[1.175s] -- Checking for module 'libusb-1.0'
[1.183s] --   Found libusb-1.0, version 1.0.25
[1.202s] -- Found libusb: /usr/lib/x86_64-linux-gnu/libusb-1.0.so  
[1.203s] -- Found OpenNI: /usr/lib/libOpenNI.so;libusb::libusb (found version "1.5.4.0") 
[1.203s] -- OpenNI found (version: 1.5.4.0, include: /usr/include/ni, lib: /usr/lib/libOpenNI.so;libusb::libusb)
[1.234s] -- Found OpenNI2: /usr/lib/x86_64-linux-gnu/libOpenNI2.so;libusb::libusb (found version "2.2.0.33") 
[1.234s] -- OpenNI2 found (version: 2.2.0.33, include: /usr/include/openni2, lib: /usr/lib/x86_64-linux-gnu/libOpenNI2.so;libusb::libusb)
[1.234s] [0m** WARNING ** io features related to pcap will be disabled[0m
[1.234s] [0m** WARNING ** io features related to png will be disabled[0m
[1.260s] -- Found GLEW: /usr/lib/x86_64-linux-gnu/libGLEW.so  
[1.264s] -- Found OpenGL: /usr/lib/x86_64-linux-gnu/libOpenGL.so  found components: OpenGL GLX 
[1.358s] -- Found MPI_C: /usr/lib/x86_64-linux-gnu/libmpi.so (found version "3.1") 
[1.358s] -- Found MPI: TRUE (found version "3.1") found components: C 
[1.360s] -- Found JsonCpp: /usr/lib/x86_64-linux-gnu/libjsoncpp.so (found suitable version "1.9.5", minimum required is "0.7.0") 
[1.367s] -- Found ZLIB: /usr/lib/x86_64-linux-gnu/libz.so (found version "1.2.11") 
[1.381s] -- Found PNG: /usr/lib/x86_64-linux-gnu/libpng.so (found version "1.6.37") 
[1.389s] -- Found Eigen3: /usr/include/eigen3 (found version "3.4.0") 
[1.445s] -- Found X11: /usr/include   
[1.445s] -- Looking for XOpenDisplay in /usr/lib/x86_64-linux-gnu/libX11.so;/usr/lib/x86_64-linux-gnu/libXext.so
[1.492s] -- Looking for XOpenDisplay in /usr/lib/x86_64-linux-gnu/libX11.so;/usr/lib/x86_64-linux-gnu/libXext.so - found
[1.492s] -- Looking for gethostbyname
[1.538s] -- Looking for gethostbyname - found
[1.538s] -- Looking for connect
[1.582s] -- Looking for connect - found
[1.583s] -- Looking for remove
[1.627s] -- Looking for remove - found
[1.627s] -- Looking for shmat
[1.672s] -- Looking for shmat - found
[1.672s] -- Looking for IceConnectionNumber in ICE
[1.720s] -- Looking for IceConnectionNumber in ICE - found
[1.772s] -- Found EXPAT: /usr/lib/x86_64-linux-gnu/libexpat.so (found version "2.4.7") 
[1.773s] -- Found double-conversion: /usr/lib/x86_64-linux-gnu/libdouble-conversion.so  
[1.775s] -- Found LZ4: /usr/lib/x86_64-linux-gnu/liblz4.so (found version "1.9.3") 
[1.776s] -- Found LZMA: /usr/lib/x86_64-linux-gnu/liblzma.so (found version "5.2.5") 
[1.785s] -- Found JPEG: /usr/lib/x86_64-linux-gnu/libjpeg.so (found version "80") 
[1.789s] -- Found TIFF: /usr/lib/x86_64-linux-gnu/libtiff.so (found version "4.3.0")  
[1.792s] -- Found Freetype: /usr/lib/x86_64-linux-gnu/libfreetype.so (found version "2.11.1") 
[1.796s] -- Found utf8cpp: /usr/include/utf8cpp  
[1.819s] -- Eigen found (include: /usr/include/eigen3, version: 3.4.0)
[1.831s] -- Checking for module 'flann'
[1.838s] --   Found flann, version 1.9.1
[1.863s] -- Found FLANN: /usr/lib/x86_64-linux-gnu/libflann_cpp.so  
[1.863s] -- FLANN found (include: /usr/include, lib: /usr/lib/x86_64-linux-gnu/libflann_cpp.so)
[2.069s] -- looking for PCL_COMMON
[2.070s] -- Found PCL_COMMON: /usr/lib/x86_64-linux-gnu/libpcl_common.so  
[2.070s] -- looking for PCL_OCTREE
[2.070s] -- Found PCL_OCTREE: /usr/lib/x86_64-linux-gnu/libpcl_octree.so  
[2.071s] -- looking for PCL_IO
[2.071s] -- Found PCL_IO: /usr/lib/x86_64-linux-gnu/libpcl_io.so  
[2.071s] -- looking for PCL_KDTREE
[2.072s] -- Found PCL_KDTREE: /usr/lib/x86_64-linux-gnu/libpcl_kdtree.so  
[2.072s] -- looking for PCL_SEARCH
[2.073s] -- Found PCL_SEARCH: /usr/lib/x86_64-linux-gnu/libpcl_search.so  
[2.073s] -- looking for PCL_SAMPLE_CONSENSUS
[2.073s] -- Found PCL_SAMPLE_CONSENSUS: /usr/lib/x86_64-linux-gnu/libpcl_sample_consensus.so  
[2.073s] -- looking for PCL_FILTERS
[2.074s] -- Found PCL_FILTERS: /usr/lib/x86_64-linux-gnu/libpcl_filters.so  
[2.074s] -- looking for PCL_GEOMETRY
[2.074s] -- Found PCL_GEOMETRY: /usr/include/pcl-1.12  
[2.074s] -- looking for PCL_2D
[2.075s] -- Found PCL_2D: /usr/include/pcl-1.12  
[2.075s] -- looking for PCL_FEATURES
[2.075s] -- Found PCL_FEATURES: /usr/lib/x86_64-linux-gnu/libpcl_features.so  
[2.076s] -- looking for PCL_ML
[2.076s] -- Found PCL_ML: /usr/lib/x86_64-linux-gnu/libpcl_ml.so  
[2.076s] -- looking for PCL_SEGMENTATION
[2.077s] -- Found PCL_SEGMENTATION: /usr/lib/x86_64-linux-gnu/libpcl_segmentation.so  
[2.077s] -- Found PCL: pcl_common;pcl_octree;pcl_io;pcl_kdtree;pcl_search;pcl_sample_consensus;pcl_filters;pcl_features;pcl_ml;pcl_segmentation;Boost::system;Boost::filesystem;Boost::date_time;Boost::iostreams;Boost::serialization;/usr/lib/libOpenNI.so;libusb::libusb;/usr/lib/x86_64-linux-gnu/libOpenNI2.so;libusb::libusb;VTK::ChartsCore;VTK::CommonColor;VTK::CommonComputationalGeometry;VTK::CommonCore;VTK::CommonDataModel;VTK::CommonExecutionModel;VTK::CommonMath;VTK::CommonMisc;VTK::CommonTransforms;VTK::FiltersCore;VTK::FiltersExtraction;VTK::FiltersGeneral;VTK::FiltersGeometry;VTK::FiltersModeling;VTK::FiltersSources;VTK::ImagingCore;VTK::ImagingSources;VTK::InteractionImage;VTK::InteractionStyle;VTK::InteractionWidgets;VTK::IOCore;VTK::IOGeometry;VTK::IOImage;VTK::IOLegacy;VTK::IOPLY;VTK::RenderingAnnotation;VTK::RenderingCore;VTK::RenderingContext2D;VTK::RenderingLOD;VTK::RenderingFreeType;VTK::ViewsCore;VTK::ViewsContext2D;VTK::RenderingOpenGL2;VTK::GUISupportQt;FLANN::FLANN  
[2.079s] -- Found pcl_conversions: 2.4.0 (/opt/ros/humble/share/pcl_conversions/cmake)
[2.192s] -- Found CUDA: /usr/local/cuda (found version "12.4") 
[2.194s] -- Found nav2_costmap_2d: 1.1.14 (/opt/ros/humble/share/nav2_costmap_2d/cmake)
[2.755s] -- Found Eigen3: TRUE (found version "3.4.0") 
[2.755s] -- Ensuring Eigen3 include directory is part of orocos-kdl CMake target
[4.150s] -- The CUDA compiler identification is NVIDIA 11.5.119
[4.154s] -- Detecting CUDA compiler ABI info
[4.828s] -- Detecting CUDA compiler ABI info - done
[4.849s] -- Check for working CUDA compiler: /usr/bin/nvcc - skipped
[4.849s] -- Detecting CUDA compile features
[4.849s] -- Detecting CUDA compile features - done
[4.997s] -- Found ament_lint_auto: 0.12.10 (/opt/ros/humble/share/ament_lint_auto/cmake)
[5.074s] -- Added test 'copyright' to check source files copyright and LICENSE
[5.076s] -- Added test 'cppcheck' to perform static code analysis on C / C++ code
[5.080s] -- Configured cppcheck include dirs: /home/aidan/ana_bot/src/ana/include;/home/aidan/ana_bot/src/ana/src/cuda
[5.080s] -- Configured cppcheck exclude dirs and/or files: 
[5.081s] -- Added test 'cpplint' to check C / C++ code against the Google style
[5.081s] -- Configured cpplint exclude dirs and/or files: 
[5.082s] -- Added test 'flake8' to check Python code syntax and style conventions
[5.082s] -- Added test 'lint_cmake' to check CMake code style
[5.082s] -- Added test 'pep257' to check Python code against some of the docstring style conventions in PEP 257
[5.084s] -- Added test 'uncrustify' to check C / C++ code style
[5.084s] -- Configured uncrustify additional arguments: 
[5.084s] -- Added test 'xmllint' to check XML markup files
[5.085s] -- Configuring done
[5.569s] -- Generating done
[5.571s] -- Build files have been written to: /home/aidan/ana_bot/build/ana
[5.588s] Invoked command in '/home/aidan/ana_bot/build/ana' returned '0': CMAKE_PREFIX_PATH=${CMAKE_PREFIX_PATH}:/home/aidan/ana_bot/install/my_python_pkg:/opt/ros/humble /usr/bin/cmake /home/aidan/ana_bot/src/ana -DAMENT_CMAKE_SYMLINK_INSTALL=1 -DCMAKE_INSTALL_PREFIX=/home/aidan/ana_bot/install/ana
[5.590s] Invoking command in '/home/aidan/ana_bot/build/ana': CMAKE_PREFIX_PATH=${CMAKE_PREFIX_PATH}:/home/aidan/ana_bot/install/my_python_pkg:/opt/ros/humble /usr/bin/cmake --build /home/aidan/ana_bot/build/ana -- -j16 -l16
[5.619s] [35m[1mConsolidate compiler generated dependencies of target cuda_operations[0m
[5.626s] [ 18%] Built target cuda_operations
[5.635s] [35m[1mConsolidate compiler generated dependencies of target point_cloud_filter_node[0m
[5.649s] [ 45%] Built target point_cloud_filter_node
[5.675s] [35m[1mConsolidate compiler generated dependencies of target publish_pcd_node[0m
[5.675s] [35m[1mConsolidate compiler generated dependencies of target occupancy_grid_subscriber_node[0m
[5.729s] [ 54%] [32mBuilding CXX object CMakeFiles/occupancy_grid_subscriber_node.dir/src/nodes/occupancy_grid_subscriber.cpp.o[0m
[5.735s] [ 81%] Built target publish_pcd_node
[13.448s] [ 90%] [32m[1mLinking CUDA device code CMakeFiles/occupancy_grid_subscriber_node.dir/cmake_device_link.o[0m
[13.460s] nvlink warning : Skipping incompatible '/usr/lib/x86_64-linux-gnu/libdl.a' when searching for -ldl
[13.461s] nvlink warning : Skipping incompatible '/usr/lib/x86_64-linux-gnu/librt.a' when searching for -lrt
[13.461s] nvlink warning : Skipping incompatible '/usr/lib/x86_64-linux-gnu/libpthread.a' when searching for -lpthread
[13.502s] [100%] [32m[1mLinking CXX executable occupancy_grid_subscriber_node[0m
[17.989s] [100%] Built target occupancy_grid_subscriber_node
[18.006s] Invoked command in '/home/aidan/ana_bot/build/ana' returned '0': CMAKE_PREFIX_PATH=${CMAKE_PREFIX_PATH}:/home/aidan/ana_bot/install/my_python_pkg:/opt/ros/humble /usr/bin/cmake --build /home/aidan/ana_bot/build/ana -- -j16 -l16
[18.034s] Invoking command in '/home/aidan/ana_bot/build/ana': CMAKE_PREFIX_PATH=${CMAKE_PREFIX_PATH}:/home/aidan/ana_bot/install/my_python_pkg:/opt/ros/humble /usr/bin/cmake --install /home/aidan/ana_bot/build/ana
[18.038s] -- Install configuration: ""
[18.038s] -- Execute custom install script
[18.038s] -- Up-to-date symlink: /home/aidan/ana_bot/install/ana/lib/ana/point_cloud_filter_node
[18.038s] -- Up-to-date symlink: /home/aidan/ana_bot/install/ana/lib/ana/publish_pcd_node
[18.039s] -- Up-to-date symlink: /home/aidan/ana_bot/install/ana/lib/ana/occupancy_grid_subscriber_node
[18.039s] -- Up-to-date symlink: /home/aidan/ana_bot/install/ana/lib/ana/libcuda_operations.a
[18.039s] -- Up-to-date symlink: /home/aidan/ana_bot/install/ana/share/ana/config/ana.rviz
[18.039s] -- Up-to-date symlink: /home/aidan/ana_bot/install/ana/share/ana/config/ana_map.rviz
[18.039s] -- Up-to-date symlink: /home/aidan/ana_bot/install/ana/share/ana/config/diff_drive_bot.rviz
[18.039s] -- Up-to-date symlink: /home/aidan/ana_bot/install/ana/share/ana/config/gazebo_params.yaml
[18.039s] -- Up-to-date symlink: /home/aidan/ana_bot/install/ana/share/ana/config/my_controllers.yaml
[18.039s] -- Up-to-date symlink: /home/aidan/ana_bot/install/ana/share/ana/config/nav2_params.yaml
[18.039s] -- Up-to-date symlink: /home/aidan/ana_bot/install/ana/share/ana/config/simulation_depth.rviz
[18.039s] -- Up-to-date symlink: /home/aidan/ana_bot/install/ana/share/ana/description/camera.xacro
[18.039s] -- Up-to-date symlink: /home/aidan/ana_bot/install/ana/share/ana/description/depth_camera.xacro
[18.040s] -- Up-to-date symlink: /home/aidan/ana_bot/install/ana/share/ana/description/gazebo_diff_control.xacro
[18.040s] -- Up-to-date symlink: /home/aidan/ana_bot/install/ana/share/ana/description/gazebo_four_diff_control.xacro
[18.040s] -- Up-to-date symlink: /home/aidan/ana_bot/install/ana/share/ana/description/inertial_macros.xacro
[18.040s] -- Up-to-date symlink: /home/aidan/ana_bot/install/ana/share/ana/description/robot.urdf.xacro
[18.040s] -- Up-to-date symlink: /home/aidan/ana_bot/install/ana/share/ana/description/robot_core.xacro
[18.040s] -- Up-to-date symlink: /home/aidan/ana_bot/install/ana/share/ana/description/ros2_diff_control.xacro
[18.040s] -- Up-to-date symlink: /home/aidan/ana_bot/install/ana/share/ana/launch/launch_sim.launch.py
[18.040s] -- Up-to-date symlink: /home/aidan/ana_bot/install/ana/share/ana/launch/nav2.launch.py
[18.040s] -- Up-to-date symlink: /home/aidan/ana_bot/install/ana/share/ana/launch/rsp.launch.py
[18.040s] -- Up-to-date symlink: /home/aidan/ana_bot/install/ana/share/ana/launch/rtab.launch.py
[18.040s] -- Up-to-date symlink: /home/aidan/ana_bot/install/ana/share/ana/worlds/empty.world
[18.040s] -- Up-to-date symlink: /home/aidan/ana_bot/install/ana/share/ana/worlds/obstacles.world
[18.040s] -- Up-to-date symlink: /home/aidan/ana_bot/install/ana/share/ana/worlds/obstacles_walls.world
[18.041s] -- Up-to-date symlink: /home/aidan/ana_bot/install/ana/share/ana/meshes/ana_chassis.stl
[18.041s] -- Up-to-date symlink: /home/aidan/ana_bot/install/ana/share/ana/meshes/d435i.stl
[18.041s] -- Up-to-date symlink: /home/aidan/ana_bot/install/ana/share/ana/rtab_maps/orange_cones_3d.pcd
[18.041s] -- Up-to-date symlink: /home/aidan/ana_bot/install/ana/share/ana/rtab_maps/orange_cones_3d.ply
[18.041s] -- Up-to-date symlink: /home/aidan/ana_bot/install/ana/share/ament_index/resource_index/package_run_dependencies/ana
[18.041s] -- Up-to-date symlink: /home/aidan/ana_bot/install/ana/share/ament_index/resource_index/parent_prefix_path/ana
[18.041s] -- Up-to-date symlink: /home/aidan/ana_bot/install/ana/share/ana/environment/ament_prefix_path.sh
[18.041s] -- Up-to-date symlink: /home/aidan/ana_bot/install/ana/share/ana/environment/ament_prefix_path.dsv
[18.041s] -- Up-to-date symlink: /home/aidan/ana_bot/install/ana/share/ana/environment/path.sh
[18.042s] -- Up-to-date symlink: /home/aidan/ana_bot/install/ana/share/ana/environment/path.dsv
[18.042s] -- Up-to-date symlink: /home/aidan/ana_bot/install/ana/share/ana/local_setup.bash
[18.042s] -- Up-to-date symlink: /home/aidan/ana_bot/install/ana/share/ana/local_setup.sh
[18.042s] -- Up-to-date symlink: /home/aidan/ana_bot/install/ana/share/ana/local_setup.zsh
[18.042s] -- Up-to-date symlink: /home/aidan/ana_bot/install/ana/share/ana/local_setup.dsv
[18.042s] -- Symlinking: /home/aidan/ana_bot/install/ana/share/ana/package.dsv
[18.047s] -- Up-to-date symlink: /home/aidan/ana_bot/install/ana/share/ament_index/resource_index/packages/ana
[18.047s] -- Up-to-date symlink: /home/aidan/ana_bot/install/ana/share/ana/cmake/anaConfig.cmake
[18.047s] -- Up-to-date symlink: /home/aidan/ana_bot/install/ana/share/ana/cmake/anaConfig-version.cmake
[18.048s] -- Up-to-date symlink: /home/aidan/ana_bot/install/ana/share/ana/package.xml
[18.049s] Invoked command in '/home/aidan/ana_bot/build/ana' returned '0': CMAKE_PREFIX_PATH=${CMAKE_PREFIX_PATH}:/home/aidan/ana_bot/install/my_python_pkg:/opt/ros/humble /usr/bin/cmake --install /home/aidan/ana_bot/build/ana
