[0.678s] Invoking command in '/home/aidan/ana_bot/src/my_python_pkg': PYTHONPATH=/home/aidan/ana_bot/build/my_python_pkg/prefix_override:/home/aidan/ana_bot/install/my_python_pkg/lib/python3.10/site-packages:${PYTHONPATH} /usr/bin/python3 -W ignore:setup.py install is deprecated setup.py egg_info --egg-base ../../build/my_python_pkg build --build-base /home/aidan/ana_bot/build/my_python_pkg/build install --record /home/aidan/ana_bot/build/my_python_pkg/install.log --single-version-externally-managed install_data
[0.917s] running egg_info
[0.918s] writing ../../build/my_python_pkg/my_python_pkg.egg-info/PKG-INFO
[0.918s] writing dependency_links to ../../build/my_python_pkg/my_python_pkg.egg-info/dependency_links.txt
[0.918s] writing entry points to ../../build/my_python_pkg/my_python_pkg.egg-info/entry_points.txt
[0.919s] writing requirements to ../../build/my_python_pkg/my_python_pkg.egg-info/requires.txt
[0.919s] writing top-level names to ../../build/my_python_pkg/my_python_pkg.egg-info/top_level.txt
[0.920s] reading manifest file '../../build/my_python_pkg/my_python_pkg.egg-info/SOURCES.txt'
[0.921s] writing manifest file '../../build/my_python_pkg/my_python_pkg.egg-info/SOURCES.txt'
[0.921s] running build
[0.922s] running build_py
[0.922s] running install
[0.922s] running install_lib
[0.924s] running install_data
[0.924s] running install_egg_info
[0.925s] removing '/home/aidan/ana_bot/install/my_python_pkg/lib/python3.10/site-packages/my_python_pkg-0.0.0-py3.10.egg-info' (and everything under it)
[0.926s] Copying ../../build/my_python_pkg/my_python_pkg.egg-info to /home/aidan/ana_bot/install/my_python_pkg/lib/python3.10/site-packages/my_python_pkg-0.0.0-py3.10.egg-info
[0.927s] running install_scripts
[0.943s] Installing arduino_serial script to /home/aidan/ana_bot/install/my_python_pkg/lib/my_python_pkg
[0.943s] Installing motor_control script to /home/aidan/ana_bot/install/my_python_pkg/lib/my_python_pkg
[0.944s] writing list of installed files to '/home/aidan/ana_bot/build/my_python_pkg/install.log'
[0.969s] Invoked command in '/home/aidan/ana_bot/src/my_python_pkg' returned '0': PYTHONPATH=/home/aidan/ana_bot/build/my_python_pkg/prefix_override:/home/aidan/ana_bot/install/my_python_pkg/lib/python3.10/site-packages:${PYTHONPATH} /usr/bin/python3 -W ignore:setup.py install is deprecated setup.py egg_info --egg-base ../../build/my_python_pkg build --build-base /home/aidan/ana_bot/build/my_python_pkg/build install --record /home/aidan/ana_bot/build/my_python_pkg/install.log --single-version-externally-managed install_data
