[0.086s] DEBUG:colcon:Command line arguments: ['/usr/bin/colcon', 'build', '--packages-select', 'ana', '--cmake-clean-cache']
[0.086s] DEBUG:colcon:Parsed command line arguments: Namespace(log_base=None, log_level=None, verb_name='build', build_base='build', install_base='install', merge_install=False, symlink_install=False, test_result_base=None, continue_on_error=False, executor='parallel', parallel_workers=16, event_handlers=None, ignore_user_meta=False, metas=['./colcon.meta'], base_paths=['.'], packages_ignore=None, packages_ignore_regex=None, paths=None, packages_up_to=None, packages_up_to_regex=None, packages_above=None, packages_above_and_dependencies=None, packages_above_depth=None, packages_select_by_dep=None, packages_skip_by_dep=None, packages_skip_up_to=None, packages_select_build_failed=False, packages_skip_build_finished=False, packages_select_test_failures=False, packages_skip_test_passed=False, packages_select=['ana'], packages_skip=None, packages_select_regex=None, packages_skip_regex=None, packages_start=None, packages_end=None, allow_overriding=[], cmake_args=None, cmake_target=None, cmake_target_skip_unavailable=False, cmake_clean_cache=True, cmake_clean_first=False, cmake_force_configure=False, ament_cmake_args=None, catkin_cmake_args=None, catkin_skip_building_tests=False, mixin_files=None, mixin=None, verb_parser=<colcon_mixin.mixin.mixin_argument.MixinArgumentDecorator object at 0x7efdc7c2ece0>, verb_extension=<colcon_core.verb.build.BuildVerb object at 0x7efdc7d3b2e0>, main=<bound method BuildVerb.main of <colcon_core.verb.build.BuildVerb object at 0x7efdc7d3b2e0>>, mixin_verb=('build',))
[0.236s] Level 1:colcon.colcon_core.package_discovery:discover_packages(colcon_meta) check parameters
[0.237s] Level 1:colcon.colcon_core.package_discovery:discover_packages(recursive) check parameters
[0.237s] Level 1:colcon.colcon_core.package_discovery:discover_packages(ignore) check parameters
[0.237s] Level 1:colcon.colcon_core.package_discovery:discover_packages(path) check parameters
[0.237s] Level 1:colcon.colcon_core.package_discovery:discover_packages(colcon_meta) discover
[0.237s] Level 1:colcon.colcon_core.package_discovery:discover_packages(recursive) discover
[0.237s] INFO:colcon.colcon_core.package_discovery:Crawling recursively for packages in '/home/aidan/ana_bot'
[0.237s] Level 1:colcon.colcon_core.package_identification:_identify(.) by extensions ['ignore', 'ignore_ament_install']
[0.237s] Level 1:colcon.colcon_core.package_identification:_identify(.) by extension 'ignore'
[0.237s] Level 1:colcon.colcon_core.package_identification:_identify(.) by extension 'ignore_ament_install'
[0.237s] Level 1:colcon.colcon_core.package_identification:_identify(.) by extensions ['colcon_pkg']
[0.237s] Level 1:colcon.colcon_core.package_identification:_identify(.) by extension 'colcon_pkg'
[0.237s] Level 1:colcon.colcon_core.package_identification:_identify(.) by extensions ['colcon_meta']
[0.237s] Level 1:colcon.colcon_core.package_identification:_identify(.) by extension 'colcon_meta'
[0.237s] Level 1:colcon.colcon_core.package_identification:_identify(.) by extensions ['ros']
[0.237s] Level 1:colcon.colcon_core.package_identification:_identify(.) by extension 'ros'
[0.246s] Level 1:colcon.colcon_core.package_identification:_identify(.) by extensions ['cmake', 'python']
[0.246s] Level 1:colcon.colcon_core.package_identification:_identify(.) by extension 'cmake'
[0.246s] Level 1:colcon.colcon_core.package_identification:_identify(.) by extension 'python'
[0.246s] Level 1:colcon.colcon_core.package_identification:_identify(.) by extensions ['python_setup_py']
[0.246s] Level 1:colcon.colcon_core.package_identification:_identify(.) by extension 'python_setup_py'
[0.246s] Level 1:colcon.colcon_core.package_identification:_identify(build) by extensions ['ignore', 'ignore_ament_install']
[0.246s] Level 1:colcon.colcon_core.package_identification:_identify(build) by extension 'ignore'
[0.246s] Level 1:colcon.colcon_core.package_identification:_identify(build) ignored
[0.246s] Level 1:colcon.colcon_core.package_identification:_identify(install) by extensions ['ignore', 'ignore_ament_install']
[0.246s] Level 1:colcon.colcon_core.package_identification:_identify(install) by extension 'ignore'
[0.246s] Level 1:colcon.colcon_core.package_identification:_identify(install) ignored
[0.246s] Level 1:colcon.colcon_core.package_identification:_identify(log) by extensions ['ignore', 'ignore_ament_install']
[0.246s] Level 1:colcon.colcon_core.package_identification:_identify(log) by extension 'ignore'
[0.246s] Level 1:colcon.colcon_core.package_identification:_identify(log) ignored
[0.246s] Level 1:colcon.colcon_core.package_identification:_identify(src) by extensions ['ignore', 'ignore_ament_install']
[0.246s] Level 1:colcon.colcon_core.package_identification:_identify(src) by extension 'ignore'
[0.247s] Level 1:colcon.colcon_core.package_identification:_identify(src) by extension 'ignore_ament_install'
[0.247s] Level 1:colcon.colcon_core.package_identification:_identify(src) by extensions ['colcon_pkg']
[0.247s] Level 1:colcon.colcon_core.package_identification:_identify(src) by extension 'colcon_pkg'
[0.247s] Level 1:colcon.colcon_core.package_identification:_identify(src) by extensions ['colcon_meta']
[0.247s] Level 1:colcon.colcon_core.package_identification:_identify(src) by extension 'colcon_meta'
[0.247s] Level 1:colcon.colcon_core.package_identification:_identify(src) by extensions ['ros']
[0.247s] Level 1:colcon.colcon_core.package_identification:_identify(src) by extension 'ros'
[0.247s] Level 1:colcon.colcon_core.package_identification:_identify(src) by extensions ['cmake', 'python']
[0.247s] Level 1:colcon.colcon_core.package_identification:_identify(src) by extension 'cmake'
[0.247s] Level 1:colcon.colcon_core.package_identification:_identify(src) by extension 'python'
[0.247s] Level 1:colcon.colcon_core.package_identification:_identify(src) by extensions ['python_setup_py']
[0.247s] Level 1:colcon.colcon_core.package_identification:_identify(src) by extension 'python_setup_py'
[0.247s] Level 1:colcon.colcon_core.package_identification:_identify(src/ana) by extensions ['ignore', 'ignore_ament_install']
[0.247s] Level 1:colcon.colcon_core.package_identification:_identify(src/ana) by extension 'ignore'
[0.247s] Level 1:colcon.colcon_core.package_identification:_identify(src/ana) by extension 'ignore_ament_install'
[0.247s] Level 1:colcon.colcon_core.package_identification:_identify(src/ana) by extensions ['colcon_pkg']
[0.247s] Level 1:colcon.colcon_core.package_identification:_identify(src/ana) by extension 'colcon_pkg'
[0.247s] Level 1:colcon.colcon_core.package_identification:_identify(src/ana) by extensions ['colcon_meta']
[0.247s] Level 1:colcon.colcon_core.package_identification:_identify(src/ana) by extension 'colcon_meta'
[0.247s] Level 1:colcon.colcon_core.package_identification:_identify(src/ana) by extensions ['ros']
[0.247s] Level 1:colcon.colcon_core.package_identification:_identify(src/ana) by extension 'ros'
[0.249s] DEBUG:colcon.colcon_core.package_identification:Package 'src/ana' with type 'ros.ament_cmake' and name 'ana'
[0.250s] Level 1:colcon.colcon_core.package_identification:_identify(src/my_python_pkg) by extensions ['ignore', 'ignore_ament_install']
[0.250s] Level 1:colcon.colcon_core.package_identification:_identify(src/my_python_pkg) by extension 'ignore'
[0.250s] Level 1:colcon.colcon_core.package_identification:_identify(src/my_python_pkg) by extension 'ignore_ament_install'
[0.250s] Level 1:colcon.colcon_core.package_identification:_identify(src/my_python_pkg) by extensions ['colcon_pkg']
[0.250s] Level 1:colcon.colcon_core.package_identification:_identify(src/my_python_pkg) by extension 'colcon_pkg'
[0.250s] Level 1:colcon.colcon_core.package_identification:_identify(src/my_python_pkg) by extensions ['colcon_meta']
[0.250s] Level 1:colcon.colcon_core.package_identification:_identify(src/my_python_pkg) by extension 'colcon_meta'
[0.250s] Level 1:colcon.colcon_core.package_identification:_identify(src/my_python_pkg) by extensions ['ros']
[0.250s] Level 1:colcon.colcon_core.package_identification:_identify(src/my_python_pkg) by extension 'ros'
[0.251s] DEBUG:colcon.colcon_core.package_identification:Package 'src/my_python_pkg' with type 'ros.ament_python' and name 'my_python_pkg'
[0.251s] Level 1:colcon.colcon_core.package_discovery:discover_packages(recursive) using defaults
[0.251s] Level 1:colcon.colcon_core.package_discovery:discover_packages(ignore) discover
[0.251s] Level 1:colcon.colcon_core.package_discovery:discover_packages(ignore) using defaults
[0.251s] Level 1:colcon.colcon_core.package_discovery:discover_packages(path) discover
[0.251s] Level 1:colcon.colcon_core.package_discovery:discover_packages(path) using defaults
[0.273s] INFO:colcon.colcon_core.package_selection:Skipping not selected package 'my_python_pkg' in 'src/my_python_pkg'
[0.273s] Level 1:colcon.colcon_core.package_discovery:discover_packages(prefix_path) check parameters
[0.273s] Level 1:colcon.colcon_core.package_discovery:discover_packages(prefix_path) discover
[0.275s] DEBUG:colcon.colcon_installed_package_information.package_discovery:Found 2 installed packages in /home/aidan/ana_bot/install
[0.276s] DEBUG:colcon.colcon_installed_package_information.package_discovery:Found 446 installed packages in /opt/ros/humble
[0.278s] Level 1:colcon.colcon_core.package_discovery:discover_packages(prefix_path) using defaults
[0.320s] Level 5:colcon.colcon_core.verb:set package 'ana' build argument 'cmake_args' from command line to 'None'
[0.320s] Level 5:colcon.colcon_core.verb:set package 'ana' build argument 'cmake_target' from command line to 'None'
[0.320s] Level 5:colcon.colcon_core.verb:set package 'ana' build argument 'cmake_target_skip_unavailable' from command line to 'False'
[0.320s] Level 5:colcon.colcon_core.verb:set package 'ana' build argument 'cmake_clean_cache' from command line to 'True'
[0.320s] Level 5:colcon.colcon_core.verb:set package 'ana' build argument 'cmake_clean_first' from command line to 'False'
[0.320s] Level 5:colcon.colcon_core.verb:set package 'ana' build argument 'cmake_force_configure' from command line to 'False'
[0.320s] Level 5:colcon.colcon_core.verb:set package 'ana' build argument 'ament_cmake_args' from command line to 'None'
[0.321s] Level 5:colcon.colcon_core.verb:set package 'ana' build argument 'catkin_cmake_args' from command line to 'None'
[0.321s] Level 5:colcon.colcon_core.verb:set package 'ana' build argument 'catkin_skip_building_tests' from command line to 'False'
[0.321s] DEBUG:colcon.colcon_core.verb:Building package 'ana' with the following arguments: {'ament_cmake_args': None, 'build_base': '/home/aidan/ana_bot/build/ana', 'catkin_cmake_args': None, 'catkin_skip_building_tests': False, 'cmake_args': None, 'cmake_clean_cache': True, 'cmake_clean_first': False, 'cmake_force_configure': False, 'cmake_target': None, 'cmake_target_skip_unavailable': False, 'install_base': '/home/aidan/ana_bot/install/ana', 'merge_install': False, 'path': '/home/aidan/ana_bot/src/ana', 'symlink_install': False, 'test_result_base': None}
[0.321s] INFO:colcon.colcon_core.executor:Executing jobs using 'parallel' executor
[0.321s] DEBUG:colcon.colcon_parallel_executor.executor.parallel:run_until_complete
[0.322s] INFO:colcon.colcon_ros.task.ament_cmake.build:Building ROS package in '/home/aidan/ana_bot/src/ana' with build type 'ament_cmake'
[0.322s] INFO:colcon.colcon_cmake.task.cmake.build:Building CMake package in '/home/aidan/ana_bot/src/ana'
[0.323s] INFO:colcon.colcon_core.plugin_system:Skipping extension 'colcon_core.shell.bat': Not used on non-Windows systems
[0.323s] INFO:colcon.colcon_core.shell:Skip shell extension 'powershell' for command environment: Not usable outside of PowerShell
[0.323s] DEBUG:colcon.colcon_core.shell:Skip shell extension 'dsv' for command environment
[0.329s] DEBUG:colcon.colcon_core.event_handler.log_command:Invoking command in '/home/aidan/ana_bot/build/ana': CMAKE_PREFIX_PATH=${CMAKE_PREFIX_PATH}:/home/aidan/ana_bot/install/my_python_pkg:/opt/ros/humble /usr/bin/cmake /home/aidan/ana_bot/src/ana -DCMAKE_INSTALL_PREFIX=/home/aidan/ana_bot/install/ana
[2.778s] DEBUG:colcon.colcon_core.event_handler.log_command:Invoked command in '/home/aidan/ana_bot/build/ana' returned '0': CMAKE_PREFIX_PATH=${CMAKE_PREFIX_PATH}:/home/aidan/ana_bot/install/my_python_pkg:/opt/ros/humble /usr/bin/cmake /home/aidan/ana_bot/src/ana -DCMAKE_INSTALL_PREFIX=/home/aidan/ana_bot/install/ana
[2.778s] DEBUG:colcon.colcon_core.event_handler.log_command:Invoking command in '/home/aidan/ana_bot/build/ana': CMAKE_PREFIX_PATH=${CMAKE_PREFIX_PATH}:/home/aidan/ana_bot/install/my_python_pkg:/opt/ros/humble /usr/bin/cmake --build /home/aidan/ana_bot/build/ana -- -j16 -l16
[10.562s] DEBUG:colcon.colcon_core.event_handler.log_command:Invoked command in '/home/aidan/ana_bot/build/ana' returned '0': CMAKE_PREFIX_PATH=${CMAKE_PREFIX_PATH}:/home/aidan/ana_bot/install/my_python_pkg:/opt/ros/humble /usr/bin/cmake --build /home/aidan/ana_bot/build/ana -- -j16 -l16
[10.585s] DEBUG:colcon.colcon_core.event_handler.log_command:Invoking command in '/home/aidan/ana_bot/build/ana': CMAKE_PREFIX_PATH=${CMAKE_PREFIX_PATH}:/home/aidan/ana_bot/install/my_python_pkg:/opt/ros/humble /usr/bin/cmake --install /home/aidan/ana_bot/build/ana
[10.593s] Level 1:colcon.colcon_core.environment:create_environment_scripts_only(ana)
[10.597s] Level 1:colcon.colcon_core.environment:checking '/home/aidan/ana_bot/install/ana' for CMake module files
[10.597s] Level 1:colcon.colcon_core.environment:checking '/home/aidan/ana_bot/install/ana' for CMake config files
[10.598s] DEBUG:colcon.colcon_core.event_handler.log_command:Invoked command in '/home/aidan/ana_bot/build/ana' returned '0': CMAKE_PREFIX_PATH=${CMAKE_PREFIX_PATH}:/home/aidan/ana_bot/install/my_python_pkg:/opt/ros/humble /usr/bin/cmake --install /home/aidan/ana_bot/build/ana
[10.598s] Level 1:colcon.colcon_core.shell:create_environment_hook('ana', 'cmake_prefix_path')
[10.598s] INFO:colcon.colcon_core.shell:Creating environment hook '/home/aidan/ana_bot/install/ana/share/ana/hook/cmake_prefix_path.ps1'
[10.599s] INFO:colcon.colcon_core.shell:Creating environment descriptor '/home/aidan/ana_bot/install/ana/share/ana/hook/cmake_prefix_path.dsv'
[10.599s] INFO:colcon.colcon_core.shell:Creating environment hook '/home/aidan/ana_bot/install/ana/share/ana/hook/cmake_prefix_path.sh'
[10.600s] Level 1:colcon.colcon_core.environment:checking '/home/aidan/ana_bot/install/ana/lib'
[10.600s] Level 1:colcon.colcon_core.environment:checking '/home/aidan/ana_bot/install/ana/bin'
[10.600s] Level 1:colcon.colcon_core.environment:checking '/home/aidan/ana_bot/install/ana/lib/pkgconfig/ana.pc'
[10.600s] Level 1:colcon.colcon_core.environment:checking '/home/aidan/ana_bot/install/ana/lib/python3.10/site-packages'
[10.600s] Level 1:colcon.colcon_core.environment:checking '/home/aidan/ana_bot/install/ana/bin'
[10.600s] INFO:colcon.colcon_core.shell:Creating package script '/home/aidan/ana_bot/install/ana/share/ana/package.ps1'
[10.601s] INFO:colcon.colcon_core.shell:Creating package descriptor '/home/aidan/ana_bot/install/ana/share/ana/package.dsv'
[10.601s] INFO:colcon.colcon_core.shell:Creating package script '/home/aidan/ana_bot/install/ana/share/ana/package.sh'
[10.602s] INFO:colcon.colcon_core.shell:Creating package script '/home/aidan/ana_bot/install/ana/share/ana/package.bash'
[10.602s] INFO:colcon.colcon_core.shell:Creating package script '/home/aidan/ana_bot/install/ana/share/ana/package.zsh'
[10.602s] Level 1:colcon.colcon_core.environment:create_file_with_runtime_dependencies(/home/aidan/ana_bot/install/ana/share/colcon-core/packages/ana)
[10.621s] Level 1:colcon.colcon_core.environment:create_environment_scripts_only(ana)
[10.621s] Level 1:colcon.colcon_core.environment:checking '/home/aidan/ana_bot/install/ana' for CMake module files
[10.621s] Level 1:colcon.colcon_core.environment:checking '/home/aidan/ana_bot/install/ana' for CMake config files
[10.621s] Level 1:colcon.colcon_core.shell:create_environment_hook('ana', 'cmake_prefix_path')
[10.621s] INFO:colcon.colcon_core.shell:Creating environment hook '/home/aidan/ana_bot/install/ana/share/ana/hook/cmake_prefix_path.ps1'
[10.622s] INFO:colcon.colcon_core.shell:Creating environment descriptor '/home/aidan/ana_bot/install/ana/share/ana/hook/cmake_prefix_path.dsv'
[10.622s] INFO:colcon.colcon_core.shell:Creating environment hook '/home/aidan/ana_bot/install/ana/share/ana/hook/cmake_prefix_path.sh'
[10.622s] Level 1:colcon.colcon_core.environment:checking '/home/aidan/ana_bot/install/ana/lib'
[10.622s] Level 1:colcon.colcon_core.environment:checking '/home/aidan/ana_bot/install/ana/bin'
[10.623s] Level 1:colcon.colcon_core.environment:checking '/home/aidan/ana_bot/install/ana/lib/pkgconfig/ana.pc'
[10.623s] Level 1:colcon.colcon_core.environment:checking '/home/aidan/ana_bot/install/ana/lib/python3.10/site-packages'
[10.623s] Level 1:colcon.colcon_core.environment:checking '/home/aidan/ana_bot/install/ana/bin'
[10.623s] INFO:colcon.colcon_core.shell:Creating package script '/home/aidan/ana_bot/install/ana/share/ana/package.ps1'
[10.623s] INFO:colcon.colcon_core.shell:Creating package descriptor '/home/aidan/ana_bot/install/ana/share/ana/package.dsv'
[10.624s] INFO:colcon.colcon_core.shell:Creating package script '/home/aidan/ana_bot/install/ana/share/ana/package.sh'
[10.624s] INFO:colcon.colcon_core.shell:Creating package script '/home/aidan/ana_bot/install/ana/share/ana/package.bash'
[10.624s] INFO:colcon.colcon_core.shell:Creating package script '/home/aidan/ana_bot/install/ana/share/ana/package.zsh'
[10.624s] Level 1:colcon.colcon_core.environment:create_file_with_runtime_dependencies(/home/aidan/ana_bot/install/ana/share/colcon-core/packages/ana)
[10.625s] DEBUG:colcon.colcon_parallel_executor.executor.parallel:closing loop
[10.625s] DEBUG:colcon.colcon_parallel_executor.executor.parallel:loop closed
[10.625s] DEBUG:colcon.colcon_parallel_executor.executor.parallel:run_until_complete finished with '0'
[10.625s] DEBUG:colcon.colcon_core.event_reactor:joining thread
[10.629s] INFO:colcon.colcon_core.plugin_system:Skipping extension 'colcon_notification.desktop_notification.terminal_notifier': Not used on non-Darwin systems
[10.629s] INFO:colcon.colcon_core.plugin_system:Skipping extension 'colcon_notification.desktop_notification.win32': Not used on non-Windows systems
[10.629s] INFO:colcon.colcon_notification.desktop_notification:Sending desktop notification using 'notify2'
[10.638s] DEBUG:colcon.colcon_core.event_reactor:joined thread
[10.638s] INFO:colcon.colcon_core.shell:Creating prefix script '/home/aidan/ana_bot/install/local_setup.ps1'
[10.639s] INFO:colcon.colcon_core.shell:Creating prefix util module '/home/aidan/ana_bot/install/_local_setup_util_ps1.py'
[10.640s] INFO:colcon.colcon_core.shell:Creating prefix chain script '/home/aidan/ana_bot/install/setup.ps1'
[10.641s] INFO:colcon.colcon_core.shell:Creating prefix script '/home/aidan/ana_bot/install/local_setup.sh'
[10.641s] INFO:colcon.colcon_core.shell:Creating prefix util module '/home/aidan/ana_bot/install/_local_setup_util_sh.py'
[10.641s] INFO:colcon.colcon_core.shell:Creating prefix chain script '/home/aidan/ana_bot/install/setup.sh'
[10.642s] INFO:colcon.colcon_core.shell:Creating prefix script '/home/aidan/ana_bot/install/local_setup.bash'
[10.642s] INFO:colcon.colcon_core.shell:Creating prefix chain script '/home/aidan/ana_bot/install/setup.bash'
[10.643s] INFO:colcon.colcon_core.shell:Creating prefix script '/home/aidan/ana_bot/install/local_setup.zsh'
[10.643s] INFO:colcon.colcon_core.shell:Creating prefix chain script '/home/aidan/ana_bot/install/setup.zsh'
