[0.619s] Invoking command in '/home/aidan/ana_bot/build/my_python_pkg': PYTHONPATH=/home/aidan/ana_bot/build/my_python_pkg/prefix_override:/home/aidan/ana_bot/install/my_python_pkg/lib/python3.10/site-packages:${PYTHONPATH} /usr/bin/python3 -W ignore:setup.py install is deprecated setup.py develop --editable --build-directory /home/aidan/ana_bot/build/my_python_pkg/build --no-deps symlink_data --force
[0.844s] running develop
[0.846s] /usr/lib/python3/dist-packages/setuptools/command/easy_install.py:158: EasyInstallDeprecationWarning: easy_install command is deprecated. Use build and pip and other standards-based tools.
[0.846s]   warnings.warn(
[1.004s] running egg_info
[1.004s] writing my_python_pkg.egg-info/PKG-INFO
[1.004s] writing dependency_links to my_python_pkg.egg-info/dependency_links.txt
[1.005s] writing entry points to my_python_pkg.egg-info/entry_points.txt
[1.005s] writing requirements to my_python_pkg.egg-info/requires.txt
[1.005s] writing top-level names to my_python_pkg.egg-info/top_level.txt
[1.006s] reading manifest file 'my_python_pkg.egg-info/SOURCES.txt'
[1.007s] writing manifest file 'my_python_pkg.egg-info/SOURCES.txt'
[1.008s] running build_ext
[1.008s] Creating /home/aidan/ana_bot/install/my_python_pkg/lib/python3.10/site-packages/my-python-pkg.egg-link (link to .)
[1.008s] Installing arduino_serial script to /home/aidan/ana_bot/install/my_python_pkg/lib/my_python_pkg
[1.008s] Installing motor_control script to /home/aidan/ana_bot/install/my_python_pkg/lib/my_python_pkg
[1.009s] 
[1.009s] Installed /home/aidan/ana_bot/build/my_python_pkg
[1.009s] running symlink_data
[1.009s] symbolically linking /home/aidan/ana_bot/build/my_python_pkg/resource/my_python_pkg -> /home/aidan/ana_bot/install/my_python_pkg/share/ament_index/resource_index/packages
[1.009s] symbolically linking /home/aidan/ana_bot/build/my_python_pkg/package.xml -> /home/aidan/ana_bot/install/my_python_pkg/share/my_python_pkg
[1.038s] Invoked command in '/home/aidan/ana_bot/build/my_python_pkg' returned '0': PYTHONPATH=/home/aidan/ana_bot/build/my_python_pkg/prefix_override:/home/aidan/ana_bot/install/my_python_pkg/lib/python3.10/site-packages:${PYTHONPATH} /usr/bin/python3 -W ignore:setup.py install is deprecated setup.py develop --editable --build-directory /home/aidan/ana_bot/build/my_python_pkg/build --no-deps symlink_data --force
