[ 18%] Built target cuda_operations
[ 45%] Built target depth_live_filter_node
[ 72%] Built target occupancy_grid_subscriber_node
[ 81%] [32mBuilding CXX object CMakeFiles/publish_pcd_node.dir/src/nodes/ply2pcd.cpp.o[0m
[ 90%] [32m[1mLinking CUDA device code CMakeFiles/publish_pcd_node.dir/cmake_device_link.o[0m
[100%] [32m[1mLinking CXX executable publish_pcd_node[0m
/usr/bin/ld: CMakeFiles/publish_pcd_node.dir/src/nodes/ply2pcd.cpp.o: in function `YAML::operator<<(YAML::ostream_wrapper&, std::__cxx11::basic_string<char, std::char_traits<char>, std::allocator<char> > const&)':
ply2pcd.cpp:(.text._ZN4YAMLlsERNS_15ostream_wrapperERKNSt7__cxx1112basic_stringIcSt11char_traitsIcESaIcEEE[_ZN4YAMLlsERNS_15ostream_wrapperERKNSt7__cxx1112basic_stringIcSt11char_traitsIcESaIcEEE]+0x23): undefined reference to `YAML::ostream_wrapper::write(std::__cxx11::basic_string<char, std::char_traits<char>, std::allocator<char> > const&)'
/usr/bin/ld: CMakeFiles/publish_pcd_node.dir/src/nodes/ply2pcd.cpp.o: in function `void YAML::Emitter::SetStreamablePrecision<float>(std::__cxx11::basic_stringstream<char, std::char_traits<char>, std::allocator<char> >&)':
ply2pcd.cpp:(.text._ZN4YAML7Emitter22SetStreamablePrecisionIfEEvRNSt7__cxx1118basic_stringstreamIcSt11char_traitsIcESaIcEEE[_ZN4YAML7Emitter22SetStreamablePrecisionIfEEvRNSt7__cxx1118basic_stringstreamIcSt11char_traitsIcESaIcEEE]+0x36): undefined reference to `YAML::Emitter::GetFloatPrecision() const'
/usr/bin/ld: CMakeFiles/publish_pcd_node.dir/src/nodes/ply2pcd.cpp.o: in function `YAML::operator<<(YAML::Emitter&, std::__cxx11::basic_string<char, std::char_traits<char>, std::allocator<char> > const&)':
ply2pcd.cpp:(.text._ZN4YAMLlsERNS_7EmitterERKNSt7__cxx1112basic_stringIcSt11char_traitsIcESaIcEEE[_ZN4YAMLlsERNS_7EmitterERKNSt7__cxx1112basic_stringIcSt11char_traitsIcESaIcEEE]+0x23): undefined reference to `YAML::Emitter::Write(std::__cxx11::basic_string<char, std::char_traits<char>, std::allocator<char> > const&)'
/usr/bin/ld: CMakeFiles/publish_pcd_node.dir/src/nodes/ply2pcd.cpp.o: in function `YAML::operator<<(YAML::Emitter&, char const*)':
ply2pcd.cpp:(.text._ZN4YAMLlsERNS_7EmitterEPKc[_ZN4YAMLlsERNS_7EmitterEPKc]+0x56): undefined reference to `YAML::Emitter::Write(std::__cxx11::basic_string<char, std::char_traits<char>, std::allocator<char> > const&)'
/usr/bin/ld: CMakeFiles/publish_pcd_node.dir/src/nodes/ply2pcd.cpp.o: in function `YAML::operator<<(YAML::Emitter&, YAML::EMITTER_MANIP)':
ply2pcd.cpp:(.text._ZN4YAMLlsERNS_7EmitterENS_13EMITTER_MANIPE[_ZN4YAMLlsERNS_7EmitterENS_13EMITTER_MANIPE]+0x20): undefined reference to `YAML::Emitter::SetLocalValue(YAML::EMITTER_MANIP)'
/usr/bin/ld: CMakeFiles/publish_pcd_node.dir/src/nodes/ply2pcd.cpp.o: in function `PCDPublisher::saveOccupancyGridToFile(std::__cxx11::basic_string<char, std::char_traits<char>, std::allocator<char> > const&, nav_msgs::msg::OccupancyGrid_<std::allocator<void> > const&)':
ply2pcd.cpp:(.text._ZN12PCDPublisher23saveOccupancyGridToFileERKNSt7__cxx1112basic_stringIcSt11char_traitsIcESaIcEEERKN8nav_msgs3msg14OccupancyGrid_ISaIvEEE[_ZN12PCDPublisher23saveOccupancyGridToFileERKNSt7__cxx1112basic_stringIcSt11char_traitsIcESaIcEEERKN8nav_msgs3msg14OccupancyGrid_ISaIvEEE]+0x20f): undefined reference to `YAML::Emitter::Emitter()'
/usr/bin/ld: ply2pcd.cpp:(.text._ZN12PCDPublisher23saveOccupancyGridToFileERKNSt7__cxx1112basic_stringIcSt11char_traitsIcESaIcEEERKN8nav_msgs3msg14OccupancyGrid_ISaIvEEE[_ZN12PCDPublisher23saveOccupancyGridToFileERKNSt7__cxx1112basic_stringIcSt11char_traitsIcESaIcEEERKN8nav_msgs3msg14OccupancyGrid_ISaIvEEE]+0x492): undefined reference to `YAML::Emitter::c_str() const'
/usr/bin/ld: ply2pcd.cpp:(.text._ZN12PCDPublisher23saveOccupancyGridToFileERKNSt7__cxx1112basic_stringIcSt11char_traitsIcESaIcEEERKN8nav_msgs3msg14OccupancyGrid_ISaIvEEE[_ZN12PCDPublisher23saveOccupancyGridToFileERKNSt7__cxx1112basic_stringIcSt11char_traitsIcESaIcEEERKN8nav_msgs3msg14OccupancyGrid_ISaIvEEE]+0x692): undefined reference to `YAML::Emitter::~Emitter()'
/usr/bin/ld: ply2pcd.cpp:(.text._ZN12PCDPublisher23saveOccupancyGridToFileERKNSt7__cxx1112basic_stringIcSt11char_traitsIcESaIcEEERKN8nav_msgs3msg14OccupancyGrid_ISaIvEEE[_ZN12PCDPublisher23saveOccupancyGridToFileERKNSt7__cxx1112basic_stringIcSt11char_traitsIcESaIcEEERKN8nav_msgs3msg14OccupancyGrid_ISaIvEEE]+0x737): undefined reference to `YAML::Emitter::~Emitter()'
/usr/bin/ld: CMakeFiles/publish_pcd_node.dir/src/nodes/ply2pcd.cpp.o: in function `YAML::Emitter& YAML::Emitter::WriteIntegralType<int>(int)':
ply2pcd.cpp:(.text._ZN4YAML7Emitter17WriteIntegralTypeIiEERS0_T_[_ZN4YAML7Emitter17WriteIntegralTypeIiEERS0_T_]+0x37): undefined reference to `YAML::Emitter::good() const'
/usr/bin/ld: ply2pcd.cpp:(.text._ZN4YAML7Emitter17WriteIntegralTypeIiEERS0_T_[_ZN4YAML7Emitter17WriteIntegralTypeIiEERS0_T_]+0x5e): undefined reference to `YAML::Emitter::PrepareNode(YAML::EmitterNodeType::value)'
/usr/bin/ld: ply2pcd.cpp:(.text._ZN4YAML7Emitter17WriteIntegralTypeIiEERS0_T_[_ZN4YAML7Emitter17WriteIntegralTypeIiEERS0_T_]+0x86): undefined reference to `YAML::Emitter::PrepareIntegralStream(std::__cxx11::basic_stringstream<char, std::char_traits<char>, std::allocator<char> >&) const'
/usr/bin/ld: ply2pcd.cpp:(.text._ZN4YAML7Emitter17WriteIntegralTypeIiEERS0_T_[_ZN4YAML7Emitter17WriteIntegralTypeIiEERS0_T_]+0xf5): undefined reference to `YAML::Emitter::StartedScalar()'
/usr/bin/ld: CMakeFiles/publish_pcd_node.dir/src/nodes/ply2pcd.cpp.o: in function `YAML::Emitter& YAML::Emitter::WriteIntegralType<unsigned int>(unsigned int)':
ply2pcd.cpp:(.text._ZN4YAML7Emitter17WriteIntegralTypeIjEERS0_T_[_ZN4YAML7Emitter17WriteIntegralTypeIjEERS0_T_]+0x37): undefined reference to `YAML::Emitter::good() const'
/usr/bin/ld: ply2pcd.cpp:(.text._ZN4YAML7Emitter17WriteIntegralTypeIjEERS0_T_[_ZN4YAML7Emitter17WriteIntegralTypeIjEERS0_T_]+0x5e): undefined reference to `YAML::Emitter::PrepareNode(YAML::EmitterNodeType::value)'
/usr/bin/ld: ply2pcd.cpp:(.text._ZN4YAML7Emitter17WriteIntegralTypeIjEERS0_T_[_ZN4YAML7Emitter17WriteIntegralTypeIjEERS0_T_]+0x86): undefined reference to `YAML::Emitter::PrepareIntegralStream(std::__cxx11::basic_stringstream<char, std::char_traits<char>, std::allocator<char> >&) const'
/usr/bin/ld: ply2pcd.cpp:(.text._ZN4YAML7Emitter17WriteIntegralTypeIjEERS0_T_[_ZN4YAML7Emitter17WriteIntegralTypeIjEERS0_T_]+0xf5): undefined reference to `YAML::Emitter::StartedScalar()'
/usr/bin/ld: CMakeFiles/publish_pcd_node.dir/src/nodes/ply2pcd.cpp.o: in function `YAML::Emitter& YAML::Emitter::WriteStreamable<float>(float)':
ply2pcd.cpp:(.text._ZN4YAML7Emitter15WriteStreamableIfEERS0_T_[_ZN4YAML7Emitter15WriteStreamableIfEERS0_T_]+0x39): undefined reference to `YAML::Emitter::good() const'
/usr/bin/ld: ply2pcd.cpp:(.text._ZN4YAML7Emitter15WriteStreamableIfEERS0_T_[_ZN4YAML7Emitter15WriteStreamableIfEERS0_T_]+0x60): undefined reference to `YAML::Emitter::PrepareNode(YAML::EmitterNodeType::value)'
/usr/bin/ld: ply2pcd.cpp:(.text._ZN4YAML7Emitter15WriteStreamableIfEERS0_T_[_ZN4YAML7Emitter15WriteStreamableIfEERS0_T_]+0x1b0): undefined reference to `YAML::Emitter::StartedScalar()'
collect2: error: ld returned 1 exit status
gmake[2]: *** [CMakeFiles/publish_pcd_node.dir/build.make:8255: publish_pcd_node] Error 1
gmake[1]: *** [CMakeFiles/Makefile2:169: CMakeFiles/publish_pcd_node.dir/all] Error 2
gmake: *** [Makefile:146: all] Error 2
