[0.012s] Invoking command in '/home/aidan/ana_bot/build/ana': CMAKE_PREFIX_PATH=${CMAKE_PREFIX_PATH}:/home/aidan/ana_bot/install/my_python_pkg:/opt/ros/humble /usr/bin/cmake --build /home/aidan/ana_bot/build/ana -- -j16 -l16
[0.050s] [ 18%] Built target cuda_operations
[0.070s] [ 45%] Built target depth_live_filter_node
[0.152s] [ 72%] Built target occupancy_grid_subscriber_node
[0.154s] [ 81%] [32mBuilding CXX object CMakeFiles/publish_pcd_node.dir/src/nodes/ply2pcd.cpp.o[0m
[7.462s] [ 90%] [32m[1mLinking CUDA device code CMakeFiles/publish_pcd_node.dir/cmake_device_link.o[0m
[7.502s] [100%] [32m[1mLinking CXX executable publish_pcd_node[0m
[12.965s] /usr/bin/ld: CMakeFiles/publish_pcd_node.dir/src/nodes/ply2pcd.cpp.o: in function `YAML::operator<<(YAML::ostream_wrapper&, std::__cxx11::basic_string<char, std::char_traits<char>, std::allocator<char> > const&)':
[12.966s] ply2pcd.cpp:(.text._ZN4YAMLlsERNS_15ostream_wrapperERKNSt7__cxx1112basic_stringIcSt11char_traitsIcESaIcEEE[_ZN4YAMLlsERNS_15ostream_wrapperERKNSt7__cxx1112basic_stringIcSt11char_traitsIcESaIcEEE]+0x23): undefined reference to `YAML::ostream_wrapper::write(std::__cxx11::basic_string<char, std::char_traits<char>, std::allocator<char> > const&)'
[12.966s] /usr/bin/ld: CMakeFiles/publish_pcd_node.dir/src/nodes/ply2pcd.cpp.o: in function `void YAML::Emitter::SetStreamablePrecision<float>(std::__cxx11::basic_stringstream<char, std::char_traits<char>, std::allocator<char> >&)':
[12.966s] ply2pcd.cpp:(.text._ZN4YAML7Emitter22SetStreamablePrecisionIfEEvRNSt7__cxx1118basic_stringstreamIcSt11char_traitsIcESaIcEEE[_ZN4YAML7Emitter22SetStreamablePrecisionIfEEvRNSt7__cxx1118basic_stringstreamIcSt11char_traitsIcESaIcEEE]+0x36): undefined reference to `YAML::Emitter::GetFloatPrecision() const'
[12.966s] /usr/bin/ld: CMakeFiles/publish_pcd_node.dir/src/nodes/ply2pcd.cpp.o: in function `YAML::operator<<(YAML::Emitter&, std::__cxx11::basic_string<char, std::char_traits<char>, std::allocator<char> > const&)':
[12.966s] ply2pcd.cpp:(.text._ZN4YAMLlsERNS_7EmitterERKNSt7__cxx1112basic_stringIcSt11char_traitsIcESaIcEEE[_ZN4YAMLlsERNS_7EmitterERKNSt7__cxx1112basic_stringIcSt11char_traitsIcESaIcEEE]+0x23): undefined reference to `YAML::Emitter::Write(std::__cxx11::basic_string<char, std::char_traits<char>, std::allocator<char> > const&)'
[12.966s] /usr/bin/ld: CMakeFiles/publish_pcd_node.dir/src/nodes/ply2pcd.cpp.o: in function `YAML::operator<<(YAML::Emitter&, char const*)':
[12.966s] ply2pcd.cpp:(.text._ZN4YAMLlsERNS_7EmitterEPKc[_ZN4YAMLlsERNS_7EmitterEPKc]+0x56): undefined reference to `YAML::Emitter::Write(std::__cxx11::basic_string<char, std::char_traits<char>, std::allocator<char> > const&)'
[12.966s] /usr/bin/ld: CMakeFiles/publish_pcd_node.dir/src/nodes/ply2pcd.cpp.o: in function `YAML::operator<<(YAML::Emitter&, YAML::EMITTER_MANIP)':
[12.966s] ply2pcd.cpp:(.text._ZN4YAMLlsERNS_7EmitterENS_13EMITTER_MANIPE[_ZN4YAMLlsERNS_7EmitterENS_13EMITTER_MANIPE]+0x20): undefined reference to `YAML::Emitter::SetLocalValue(YAML::EMITTER_MANIP)'
[12.966s] /usr/bin/ld: CMakeFiles/publish_pcd_node.dir/src/nodes/ply2pcd.cpp.o: in function `PCDPublisher::saveOccupancyGridToFile(std::__cxx11::basic_string<char, std::char_traits<char>, std::allocator<char> > const&, nav_msgs::msg::OccupancyGrid_<std::allocator<void> > const&)':
[12.966s] ply2pcd.cpp:(.text._ZN12PCDPublisher23saveOccupancyGridToFileERKNSt7__cxx1112basic_stringIcSt11char_traitsIcESaIcEEERKN8nav_msgs3msg14OccupancyGrid_ISaIvEEE[_ZN12PCDPublisher23saveOccupancyGridToFileERKNSt7__cxx1112basic_stringIcSt11char_traitsIcESaIcEEERKN8nav_msgs3msg14OccupancyGrid_ISaIvEEE]+0x20f): undefined reference to `YAML::Emitter::Emitter()'
[12.966s] /usr/bin/ld: ply2pcd.cpp:(.text._ZN12PCDPublisher23saveOccupancyGridToFileERKNSt7__cxx1112basic_stringIcSt11char_traitsIcESaIcEEERKN8nav_msgs3msg14OccupancyGrid_ISaIvEEE[_ZN12PCDPublisher23saveOccupancyGridToFileERKNSt7__cxx1112basic_stringIcSt11char_traitsIcESaIcEEERKN8nav_msgs3msg14OccupancyGrid_ISaIvEEE]+0x492): undefined reference to `YAML::Emitter::c_str() const'
[12.966s] /usr/bin/ld: ply2pcd.cpp:(.text._ZN12PCDPublisher23saveOccupancyGridToFileERKNSt7__cxx1112basic_stringIcSt11char_traitsIcESaIcEEERKN8nav_msgs3msg14OccupancyGrid_ISaIvEEE[_ZN12PCDPublisher23saveOccupancyGridToFileERKNSt7__cxx1112basic_stringIcSt11char_traitsIcESaIcEEERKN8nav_msgs3msg14OccupancyGrid_ISaIvEEE]+0x692): undefined reference to `YAML::Emitter::~Emitter()'
[12.966s] /usr/bin/ld: ply2pcd.cpp:(.text._ZN12PCDPublisher23saveOccupancyGridToFileERKNSt7__cxx1112basic_stringIcSt11char_traitsIcESaIcEEERKN8nav_msgs3msg14OccupancyGrid_ISaIvEEE[_ZN12PCDPublisher23saveOccupancyGridToFileERKNSt7__cxx1112basic_stringIcSt11char_traitsIcESaIcEEERKN8nav_msgs3msg14OccupancyGrid_ISaIvEEE]+0x737): undefined reference to `YAML::Emitter::~Emitter()'
[12.967s] /usr/bin/ld: CMakeFiles/publish_pcd_node.dir/src/nodes/ply2pcd.cpp.o: in function `YAML::Emitter& YAML::Emitter::WriteIntegralType<int>(int)':
[12.967s] ply2pcd.cpp:(.text._ZN4YAML7Emitter17WriteIntegralTypeIiEERS0_T_[_ZN4YAML7Emitter17WriteIntegralTypeIiEERS0_T_]+0x37): undefined reference to `YAML::Emitter::good() const'
[12.967s] /usr/bin/ld: ply2pcd.cpp:(.text._ZN4YAML7Emitter17WriteIntegralTypeIiEERS0_T_[_ZN4YAML7Emitter17WriteIntegralTypeIiEERS0_T_]+0x5e): undefined reference to `YAML::Emitter::PrepareNode(YAML::EmitterNodeType::value)'
[12.967s] /usr/bin/ld: ply2pcd.cpp:(.text._ZN4YAML7Emitter17WriteIntegralTypeIiEERS0_T_[_ZN4YAML7Emitter17WriteIntegralTypeIiEERS0_T_]+0x86): undefined reference to `YAML::Emitter::PrepareIntegralStream(std::__cxx11::basic_stringstream<char, std::char_traits<char>, std::allocator<char> >&) const'
[12.967s] /usr/bin/ld: ply2pcd.cpp:(.text._ZN4YAML7Emitter17WriteIntegralTypeIiEERS0_T_[_ZN4YAML7Emitter17WriteIntegralTypeIiEERS0_T_]+0xf5): undefined reference to `YAML::Emitter::StartedScalar()'
[12.967s] /usr/bin/ld: CMakeFiles/publish_pcd_node.dir/src/nodes/ply2pcd.cpp.o: in function `YAML::Emitter& YAML::Emitter::WriteIntegralType<unsigned int>(unsigned int)':
[12.967s] ply2pcd.cpp:(.text._ZN4YAML7Emitter17WriteIntegralTypeIjEERS0_T_[_ZN4YAML7Emitter17WriteIntegralTypeIjEERS0_T_]+0x37): undefined reference to `YAML::Emitter::good() const'
[12.967s] /usr/bin/ld: ply2pcd.cpp:(.text._ZN4YAML7Emitter17WriteIntegralTypeIjEERS0_T_[_ZN4YAML7Emitter17WriteIntegralTypeIjEERS0_T_]+0x5e): undefined reference to `YAML::Emitter::PrepareNode(YAML::EmitterNodeType::value)'
[12.967s] /usr/bin/ld: ply2pcd.cpp:(.text._ZN4YAML7Emitter17WriteIntegralTypeIjEERS0_T_[_ZN4YAML7Emitter17WriteIntegralTypeIjEERS0_T_]+0x86): undefined reference to `YAML::Emitter::PrepareIntegralStream(std::__cxx11::basic_stringstream<char, std::char_traits<char>, std::allocator<char> >&) const'
[12.968s] /usr/bin/ld: ply2pcd.cpp:(.text._ZN4YAML7Emitter17WriteIntegralTypeIjEERS0_T_[_ZN4YAML7Emitter17WriteIntegralTypeIjEERS0_T_]+0xf5): undefined reference to `YAML::Emitter::StartedScalar()'
[12.968s] /usr/bin/ld: CMakeFiles/publish_pcd_node.dir/src/nodes/ply2pcd.cpp.o: in function `YAML::Emitter& YAML::Emitter::WriteStreamable<float>(float)':
[12.968s] ply2pcd.cpp:(.text._ZN4YAML7Emitter15WriteStreamableIfEERS0_T_[_ZN4YAML7Emitter15WriteStreamableIfEERS0_T_]+0x39): undefined reference to `YAML::Emitter::good() const'
[12.968s] /usr/bin/ld: ply2pcd.cpp:(.text._ZN4YAML7Emitter15WriteStreamableIfEERS0_T_[_ZN4YAML7Emitter15WriteStreamableIfEERS0_T_]+0x60): undefined reference to `YAML::Emitter::PrepareNode(YAML::EmitterNodeType::value)'
[12.968s] /usr/bin/ld: ply2pcd.cpp:(.text._ZN4YAML7Emitter15WriteStreamableIfEERS0_T_[_ZN4YAML7Emitter15WriteStreamableIfEERS0_T_]+0x1b0): undefined reference to `YAML::Emitter::StartedScalar()'
[13.020s] collect2: error: ld returned 1 exit status
[13.021s] gmake[2]: *** [CMakeFiles/publish_pcd_node.dir/build.make:8255: publish_pcd_node] Error 1
[13.022s] gmake[1]: *** [CMakeFiles/Makefile2:169: CMakeFiles/publish_pcd_node.dir/all] Error 2
[13.022s] gmake: *** [Makefile:146: all] Error 2
[13.024s] Invoked command in '/home/aidan/ana_bot/build/ana' returned '2': CMAKE_PREFIX_PATH=${CMAKE_PREFIX_PATH}:/home/aidan/ana_bot/install/my_python_pkg:/opt/ros/humble /usr/bin/cmake --build /home/aidan/ana_bot/build/ana -- -j16 -l16
