[ 18%] Built target cuda_operations
[ 45%] Built target point_cloud_filter_node
[ 72%] Built target occupancy_grid_subscriber_node
[100%] Built target publish_pcd_node
-- Install configuration: ""
-- Up-to-date: /home/aidan/ana_bot/install/ana/lib/ana/point_cloud_filter_node
-- Up-to-date: /home/aidan/ana_bot/install/ana/lib/ana/publish_pcd_node
-- Up-to-date: /home/aidan/ana_bot/install/ana/lib/ana/occupancy_grid_subscriber_node
-- Up-to-date: /home/aidan/ana_bot/install/ana/lib/ana/libcuda_operations.a
-- Up-to-date: /home/aidan/ana_bot/install/ana/share/ana/config
-- Up-to-date: /home/aidan/ana_bot/install/ana/share/ana/config/simulation_depth.rviz
-- Up-to-date: /home/aidan/ana_bot/install/ana/share/ana/config/diff_drive_bot.rviz
-- Up-to-date: /home/aidan/ana_bot/install/ana/share/ana/config/gazebo_params.yaml
-- Up-to-date: /home/aidan/ana_bot/install/ana/share/ana/config/ana_map.rviz
-- Up-to-date: /home/aidan/ana_bot/install/ana/share/ana/config/ana.rviz
-- Up-to-date: /home/aidan/ana_bot/install/ana/share/ana/config/my_controllers.yaml
-- Up-to-date: /home/aidan/ana_bot/install/ana/share/ana/config/nav2_params.yaml
-- Up-to-date: /home/aidan/ana_bot/install/ana/share/ana/description
-- Up-to-date: /home/aidan/ana_bot/install/ana/share/ana/description/camera.xacro
-- Up-to-date: /home/aidan/ana_bot/install/ana/share/ana/description/ros2_diff_control.xacro
-- Up-to-date: /home/aidan/ana_bot/install/ana/share/ana/description/gazebo_four_diff_control.xacro
-- Up-to-date: /home/aidan/ana_bot/install/ana/share/ana/description/depth_camera.xacro
-- Up-to-date: /home/aidan/ana_bot/install/ana/share/ana/description/robot_core.xacro
-- Up-to-date: /home/aidan/ana_bot/install/ana/share/ana/description/gazebo_diff_control.xacro
-- Up-to-date: /home/aidan/ana_bot/install/ana/share/ana/description/inertial_macros.xacro
-- Up-to-date: /home/aidan/ana_bot/install/ana/share/ana/description/robot.urdf.xacro
-- Up-to-date: /home/aidan/ana_bot/install/ana/share/ana/launch
-- Installing: /home/aidan/ana_bot/install/ana/share/ana/launch/launch_sim.launch.py
-- Up-to-date: /home/aidan/ana_bot/install/ana/share/ana/launch/rsp.launch.py
-- Up-to-date: /home/aidan/ana_bot/install/ana/share/ana/launch/rtab.launch.py
-- Up-to-date: /home/aidan/ana_bot/install/ana/share/ana/launch/nav2.launch.py
-- Up-to-date: /home/aidan/ana_bot/install/ana/share/ana/worlds
-- Up-to-date: /home/aidan/ana_bot/install/ana/share/ana/worlds/obstacles_walls.world
-- Up-to-date: /home/aidan/ana_bot/install/ana/share/ana/worlds/bedroom.world
-- Installing: /home/aidan/ana_bot/install/ana/share/ana/worlds/outside.world
-- Up-to-date: /home/aidan/ana_bot/install/ana/share/ana/worlds/obstacles.world
-- Up-to-date: /home/aidan/ana_bot/install/ana/share/ana/worlds/empty.world
-- Up-to-date: /home/aidan/ana_bot/install/ana/share/ana/meshes
-- Up-to-date: /home/aidan/ana_bot/install/ana/share/ana/meshes/ana_chassis.stl
-- Up-to-date: /home/aidan/ana_bot/install/ana/share/ana/meshes/d435i.stl
-- Up-to-date: /home/aidan/ana_bot/install/ana/share/ana/rtab_maps
-- Up-to-date: /home/aidan/ana_bot/install/ana/share/ana/rtab_maps/orange_cones_3d.pcd
-- Up-to-date: /home/aidan/ana_bot/install/ana/share/ana/rtab_maps/orange_cones_3d.ply
-- Up-to-date: /home/aidan/ana_bot/install/ana/share/ament_index/resource_index/package_run_dependencies/ana
-- Up-to-date: /home/aidan/ana_bot/install/ana/share/ament_index/resource_index/parent_prefix_path/ana
-- Up-to-date: /home/aidan/ana_bot/install/ana/share/ana/environment/ament_prefix_path.sh
-- Up-to-date: /home/aidan/ana_bot/install/ana/share/ana/environment/ament_prefix_path.dsv
-- Up-to-date: /home/aidan/ana_bot/install/ana/share/ana/environment/path.sh
-- Up-to-date: /home/aidan/ana_bot/install/ana/share/ana/environment/path.dsv
-- Up-to-date: /home/aidan/ana_bot/install/ana/share/ana/local_setup.bash
-- Up-to-date: /home/aidan/ana_bot/install/ana/share/ana/local_setup.sh
-- Up-to-date: /home/aidan/ana_bot/install/ana/share/ana/local_setup.zsh
-- Up-to-date: /home/aidan/ana_bot/install/ana/share/ana/local_setup.dsv
-- Installing: /home/aidan/ana_bot/install/ana/share/ana/package.dsv
-- Up-to-date: /home/aidan/ana_bot/install/ana/share/ament_index/resource_index/packages/ana
-- Up-to-date: /home/aidan/ana_bot/install/ana/share/ana/cmake/anaConfig.cmake
-- Up-to-date: /home/aidan/ana_bot/install/ana/share/ana/cmake/anaConfig-version.cmake
-- Up-to-date: /home/aidan/ana_bot/install/ana/share/ana/package.xml
