[100%] Built target pid_node
-- Install configuration: ""
-- Execute custom install script
-- Up-to-date symlink: /home/aidan/ros2_ws/install/ana/lib/ana/pid_node
-- Up-to-date symlink: /home/aidan/ros2_ws/install/ana/share/ana/config/ana.rviz
-- Up-to-date symlink: /home/aidan/ros2_ws/install/ana/share/ana/config/diff_drive_bot.rviz
-- Up-to-date symlink: /home/aidan/ros2_ws/install/ana/share/ana/config/gazebo_params.yaml
-- Up-to-date symlink: /home/aidan/ros2_ws/install/ana/share/ana/config/my_controllers.yaml
-- Up-to-date symlink: /home/aidan/ros2_ws/install/ana/share/ana/config/simulation_depth.rviz
-- Up-to-date symlink: /home/aidan/ros2_ws/install/ana/share/ana/description/camera.xacro
-- Up-to-date symlink: /home/aidan/ros2_ws/install/ana/share/ana/description/depth_camera.xacro
-- Up-to-date symlink: /home/aidan/ros2_ws/install/ana/share/ana/description/gazebo_diff_control.xacro
-- Symlinking: /home/aidan/ros2_ws/install/ana/share/ana/description/gazebo_skid_control.xacro
-- Up-to-date symlink: /home/aidan/ros2_ws/install/ana/share/ana/description/inertial_macros.xacro
-- Up-to-date symlink: /home/aidan/ros2_ws/install/ana/share/ana/description/robot.urdf.xacro
-- Up-to-date symlink: /home/aidan/ros2_ws/install/ana/share/ana/description/robot_core.xacro
-- Up-to-date symlink: /home/aidan/ros2_ws/install/ana/share/ana/description/ros2_diff_control.xacro
-- Up-to-date symlink: /home/aidan/ros2_ws/install/ana/share/ana/launch/launch_sim.launch.py
-- Up-to-date symlink: /home/aidan/ros2_ws/install/ana/share/ana/launch/rsp.launch.py
-- Up-to-date symlink: /home/aidan/ros2_ws/install/ana/share/ana/worlds/empty.world
-- Up-to-date symlink: /home/aidan/ros2_ws/install/ana/share/ana/worlds/obstacles.world
-- Up-to-date symlink: /home/aidan/ros2_ws/install/ana/share/ament_index/resource_index/package_run_dependencies/ana
-- Up-to-date symlink: /home/aidan/ros2_ws/install/ana/share/ament_index/resource_index/parent_prefix_path/ana
-- Up-to-date symlink: /home/aidan/ros2_ws/install/ana/share/ana/environment/ament_prefix_path.sh
-- Up-to-date symlink: /home/aidan/ros2_ws/install/ana/share/ana/environment/ament_prefix_path.dsv
-- Up-to-date symlink: /home/aidan/ros2_ws/install/ana/share/ana/environment/path.sh
-- Up-to-date symlink: /home/aidan/ros2_ws/install/ana/share/ana/environment/path.dsv
-- Up-to-date symlink: /home/aidan/ros2_ws/install/ana/share/ana/local_setup.bash
-- Up-to-date symlink: /home/aidan/ros2_ws/install/ana/share/ana/local_setup.sh
-- Up-to-date symlink: /home/aidan/ros2_ws/install/ana/share/ana/local_setup.zsh
-- Up-to-date symlink: /home/aidan/ros2_ws/install/ana/share/ana/local_setup.dsv
-- Symlinking: /home/aidan/ros2_ws/install/ana/share/ana/package.dsv
-- Up-to-date symlink: /home/aidan/ros2_ws/install/ana/share/ament_index/resource_index/packages/ana
-- Up-to-date symlink: /home/aidan/ros2_ws/install/ana/share/ana/cmake/anaConfig.cmake
-- Up-to-date symlink: /home/aidan/ros2_ws/install/ana/share/ana/cmake/anaConfig-version.cmake
-- Up-to-date symlink: /home/aidan/ros2_ws/install/ana/share/ana/package.xml
