[01m[K/tmp/tmpxft_0000e714_00000000-6_pointcloud_processing.cudafe1.cpp:1:3:[m[K [01;35m[Kwarning: [m[Kstyle of line directive is a GCC extension
    1 | # [01;35m[K1[m[K "/home/aidan/ana_bot/src/ana/src/cuda/pointcloud_processing.cu"
      |   [01;35m[K^[m[K
[01m[K/home/aidan/ana_bot/src/ana/src/cuda/pointcloud_processing.cu:2:3:[m[K [01;35m[Kwarning: [m[Kstyle of line directive is a GCC extension
    2 | #i[01;35m[Kn[m[Kclude <device_launch_parameters.h>
      |   [01;35m[K^[m[K
[01m[K/home/aidan/ana_bot/src/ana/src/cuda/pointcloud_processing.cu:2:3:[m[K [01;35m[Kwarning: [m[Kstyle of line directive is a GCC extension
    2 | #i[01;35m[Kn[m[Kclude <device_launch_parameters.h>
      |   [01;35m[K^[m[K
[01m[K/home/aidan/ana_bot/src/ana/src/cuda/pointcloud_processing.cu:2:3:[m[K [01;35m[Kwarning: [m[Kstyle of line directive is a GCC extension
    2 | #i[01;35m[Kn[m[Kclude <device_launch_parameters.h>
      |   [01;35m[K^[m[K
[01m[K/home/aidan/ana_bot/src/ana/src/cuda/pointcloud_processing.cu:2:3:[m[K [01;35m[Kwarning: [m[Kstyle of line directive is a GCC extension
    2 | #i[01;35m[Kn[m[Kclude <device_launch_parameters.h>
      |   [01;35m[K^[m[K
[01m[K/home/aidan/ana_bot/src/ana/src/cuda/pointcloud_processing.cu:2:3:[m[K [01;35m[Kwarning: [m[Kstyle of line directive is a GCC extension
    2 | #i[01;35m[Kn[m[Kclude <device_launch_parameters.h>
      |   [01;35m[K^[m[K
[01m[K/home/aidan/ana_bot/src/ana/src/cuda/pointcloud_processing.cu:2:3:[m[K [01;35m[Kwarning: [m[Kstyle of line directive is a GCC extension
    2 | #i[01;35m[Kn[m[Kclude <device_launch_parameters.h>
      |   [01;35m[K^[m[K
[01m[K/home/aidan/ana_bot/src/ana/src/cuda/pointcloud_processing.cu:3:3:[m[K [01;35m[Kwarning: [m[Kstyle of line directive is a GCC extension
    3 | #i[01;35m[Kn[m[Kclude <stdio.h>  // For error logging
      |   [01;35m[K^[m[K
[01m[K/home/aidan/ana_bot/src/ana/src/cuda/pointcloud_processing.cu:6:3:[m[K [01;35m[Kwarning: [m[Kstyle of line directive is a GCC extension
    6 | //[01;35m[K [m[KDefine constants for filter sizes and other parameters
      |   [01;35m[K^[m[K
[01m[K/home/aidan/ana_bot/src/ana/src/cuda/pointcloud_processing.cu:1:3:[m[K [01;35m[Kwarning: [m[Kstyle of line directive is a GCC extension
    1 | #i[01;35m[Knc[m[Klude <cuda_runtime.h>
      |   [01;35m[K^~[m[K
[01m[K/home/aidan/ana_bot/src/ana/src/cuda/pointcloud_processing.cu:36:3:[m[K [01;35m[Kwarning: [m[Kstyle of line directive is a GCC extension
   36 |   [01;35m[K  [m[Kint idx = blockIdx.x * blockDim.x + threadIdx.x;
      |   [01;35m[K^[m[K 
[01m[K/home/aidan/ana_bot/src/ana/src/cuda/pointcloud_processing.cu:45:3:[m[K [01;35m[Kwarning: [m[Kstyle of line directive is a GCC extension
   45 |   [01;35m[K  [m[K// Apply a simple mean filter
      |   [01;35m[K^[m[K 
[01m[K/home/aidan/ana_bot/src/ana/src/cuda/pointcloud_processing.cu:76:3:[m[K [01;35m[Kwarning: [m[Kstyle of line directive is a GCC extension
   76 | //[01;35m[K  [m[K   // Apply smoothing
      |   [01;35m[K^~[m[K
[01m[K/home/aidan/ana_bot/src/ana/src/cuda/pointcloud_processing.cu:86:3:[m[K [01;35m[Kwarning: [m[Kstyle of line directive is a GCC extension
   86 |   [01;35m[K  [m[K// Calculate new dimensions
      |   [01;35m[K^[m[K 
[01m[K/home/aidan/ana_bot/src/ana/src/cuda/pointcloud_processing.cu:88:3:[m[K [01;35m[Kwarning: [m[Kstyle of line directive is a GCC extension
   88 |   [01;35m[K  [m[Kint newHeight = height / 5;
      |   [01;35m[K^[m[K 
[01m[K/home/aidan/ana_bot/src/ana/src/cuda/pointcloud_processing.cu:89:3:[m[K [01;35m[Kwarning: [m[Kstyle of line directive is a GCC extension
   89 |   [01;35m[K  [m[Ksize_t newImageSize = newWidth * newHeight * sizeof(float);
      |   [01;35m[K^[m[K 
[01m[K/home/aidan/ana_bot/src/ana/src/cuda/pointcloud_processing.cu:90:3:[m[K [01;35m[Kwarning: [m[Kstyle of line directive is a GCC extension
   90 |   [01;35m[K  [m[Ksize_t oldImageSize = width * height * sizeof(float);
      |   [01;35m[K^[m[K 
[01m[K/home/aidan/ana_bot/src/ana/src/cuda/pointcloud_processing.cu:91:3:[m[K [01;35m[Kwarning: [m[Kstyle of line directive is a GCC extension
   91 | 
      |   [01;35m[K^[m[K 
[01m[K/home/aidan/ana_bot/src/ana/src/cuda/pointcloud_processing.cu:93:3:[m[K [01;35m[Kwarning: [m[Kstyle of line directive is a GCC extension
   93 |   [01;35m[K  [m[Kfloat* devOutputImage;
      |   [01;35m[K^[m[K 
[01m[K/home/aidan/ana_bot/src/ana/src/cuda/pointcloud_processing.cu:94:3:[m[K [01;35m[Kwarning: [m[Kstyle of line directive is a GCC extension
   94 |   [01;35m[K  [m[KcudaMalloc((void**)&devInputImage, oldImageSize);
      |   [01;35m[K^[m[K 
[01m[K/home/aidan/ana_bot/src/ana/src/cuda/pointcloud_processing.cu:95:3:[m[K [01;35m[Kwarning: [m[Kstyle of line directive is a GCC extension
   95 |   [01;35m[K  [m[KcudaMalloc((void**)&devOutputImage, newImageSize);
      |   [01;35m[K^[m[K 
[01m[K/home/aidan/ana_bot/src/ana/src/cuda/pointcloud_processing.cu:96:3:[m[K [01;35m[Kwarning: [m[Kstyle of line directive is a GCC extension
   96 |   [01;35m[K  [m[KcudaMemcpy(devInputImage, hostImage, oldImageSize, cudaMemcpyHostToDevice);
      |   [01;35m[K^[m[K 
[01m[K/home/aidan/ana_bot/src/ana/src/cuda/pointcloud_processing.cu:97:3:[m[K [01;35m[Kwarning: [m[Kstyle of line directive is a GCC extension
   97 | 
      |   [01;35m[K^[m[K 
[01m[K/home/aidan/ana_bot/src/ana/src/cuda/pointcloud_processing.cu:99:3:[m[K [01;35m[Kwarning: [m[Kstyle of line directive is a GCC extension
   99 |   [01;35m[K  [m[Kdim3 dimGrid((newWidth + BLOCK_SIZE - 1) / BLOCK_SIZE, (newHeight + BLOCK_SIZE - 1) / BLOCK_SIZE);
      |   [01;35m[K^[m[K 
[01m[K/home/aidan/ana_bot/src/ana/src/cuda/pointcloud_processing.cu:100:3:[m[K [01;35m[Kwarning: [m[Kstyle of line directive is a GCC extension
  100 | 
      |   [01;35m[K^[m[K  
[01m[K/home/aidan/ana_bot/src/ana/src/cuda/pointcloud_processing.cu:103:3:[m[K [01;35m[Kwarning: [m[Kstyle of line directive is a GCC extension
  103 | 
      |   [01;35m[K^[m[K  
[01m[K/home/aidan/ana_bot/src/ana/src/cuda/pointcloud_processing.cu:105:3:[m[K [01;35m[Kwarning: [m[Kstyle of line directive is a GCC extension
  105 | 
      |   [01;35m[K^[m[K  
[01m[K/home/aidan/ana_bot/src/ana/src/cuda/pointcloud_processing.cu:107:3:[m[K [01;35m[Kwarning: [m[Kstyle of line directive is a GCC extension
  107 |   [01;35m[K  c[m[KudaFree(devOutputImage);
      |   [01;35m[K^[m[K [01;35m[K~[m[K
[01m[K/home/aidan/ana_bot/src/ana/src/cuda/pointcloud_processing.cu:108:3:[m[K [01;35m[Kwarning: [m[Kstyle of line directive is a GCC extension
  108 | }
      |   [01;35m[K^[m[K  
[01m[K/home/aidan/ana_bot/src/ana/src/cuda/pointcloud_processing.cu:109:3:[m[K [01;35m[Kwarning: [m[Kstyle of line directive is a GCC extension
  109 | 
      |   [01;35m[K^[m[K  
[01m[K/home/aidan/ana_bot/src/ana/src/cuda/pointcloud_processing.cu:112:3:[m[K [01;35m[Kwarning: [m[Kstyle of line directive is a GCC extension
  112 |   [01;35m[K  f[m[Kloat x, y, z;
      |   [01;35m[K^[m[K [01;35m[K~[m[K
[01m[K/home/aidan/ana_bot/src/ana/src/cuda/pointcloud_processing.cu:113:3:[m[K [01;35m[Kwarning: [m[Kstyle of line directive is a GCC extension
  113 | };
      |   [01;35m[K^[m[K  
[01m[K/home/aidan/ana_bot/src/ana/src/cuda/pointcloud_processing.cu:114:3:[m[K [01;35m[Kwarning: [m[Kstyle of line directive is a GCC extension
  114 | 
      |   [01;35m[K^[m[K  
[01m[K/home/aidan/ana_bot/src/ana/src/cuda/pointcloud_processing.cu:144:3:[m[K [01;35m[Kwarning: [m[Kstyle of line directive is a GCC extension
  144 | 
      |   [01;35m[K^[m[K  
[01m[K/home/aidan/ana_bot/src/ana/src/cuda/pointcloud_processing.cu:133:3:[m[K [01;35m[Kwarning: [m[Kstyle of line directive is a GCC extension
  133 |   [01;35m[K  P[m[KointXYZ *devPoints, *devReducedPoints;
      |   [01;35m[K^[m[K [01;35m[K~[m[K
[01m[K/home/aidan/ana_bot/src/ana/src/cuda/pointcloud_processing.cu:134:3:[m[K [01;35m[Kwarning: [m[Kstyle of line directive is a GCC extension
  134 |   [01;35m[K  i[m[Knt *minIndexGrid;
      |   [01;35m[K^[m[K [01;35m[K~[m[K
[01m[K/home/aidan/ana_bot/src/ana/src/cuda/pointcloud_processing.cu:135:3:[m[K [01;35m[Kwarning: [m[Kstyle of line directive is a GCC extension
  135 |   [01;35m[K  i[m[Knt gridDimensions = ceil(10.0 / voxelSize);  // Assuming a 10x10x10m space for example
      |   [01;35m[K^[m[K [01;35m[K~[m[K
[01m[K/home/aidan/ana_bot/src/ana/src/cuda/pointcloud_processing.cu:136:3:[m[K [01;35m[Kwarning: [m[Kstyle of line directive is a GCC extension
  136 |   [01;35m[K  i[m[Knt gridSize = gridDimensions * gridDimensions * gridDimensions;
      |   [01;35m[K^[m[K [01;35m[K~[m[K
[01m[K/home/aidan/ana_bot/src/ana/src/cuda/pointcloud_processing.cu:137:3:[m[K [01;35m[Kwarning: [m[Kstyle of line directive is a GCC extension
  137 | 
      |   [01;35m[K^[m[K  
[01m[K/home/aidan/ana_bot/src/ana/src/cuda/pointcloud_processing.cu:139:3:[m[K [01;35m[Kwarning: [m[Kstyle of line directive is a GCC extension
  139 |   [01;35m[K  c[m[KudaMalloc(&devReducedPoints, gridSize * sizeof(PointXYZ));
      |   [01;35m[K^[m[K [01;35m[K~[m[K
[01m[K/home/aidan/ana_bot/src/ana/src/cuda/pointcloud_processing.cu:140:3:[m[K [01;35m[Kwarning: [m[Kstyle of line directive is a GCC extension
  140 |   [01;35m[K  c[m[KudaMalloc(&minIndexGrid, gridSize * sizeof(int));
      |   [01;35m[K^[m[K [01;35m[K~[m[K
[01m[K/home/aidan/ana_bot/src/ana/src/cuda/pointcloud_processing.cu:141:3:[m[K [01;35m[Kwarning: [m[Kstyle of line directive is a GCC extension
  141 |   [01;35m[K  c[m[KudaMemset(minIndexGrid, INT_MAX, gridSize * sizeof(int));
      |   [01;35m[K^[m[K [01;35m[K~[m[K
[01m[K/home/aidan/ana_bot/src/ana/src/cuda/pointcloud_processing.cu:142:3:[m[K [01;35m[Kwarning: [m[Kstyle of line directive is a GCC extension
  142 | 
      |   [01;35m[K^[m[K  
[01m[K/home/aidan/ana_bot/src/ana/src/cuda/pointcloud_processing.cu:144:3:[m[K [01;35m[Kwarning: [m[Kstyle of line directive is a GCC extension
  144 | 
      |   [01;35m[K^[m[K  
[01m[K/home/aidan/ana_bot/src/ana/src/cuda/pointcloud_processing.cu:146:3:[m[K [01;35m[Kwarning: [m[Kstyle of line directive is a GCC extension
  146 |   [01;35m[K  d[m[Kim3 grid((numPoints + block.x - 1) / block.x);
      |   [01;35m[K^[m[K [01;35m[K~[m[K
[01m[K/home/aidan/ana_bot/src/ana/src/cuda/pointcloud_processing.cu:147:3:[m[K [01;35m[Kwarning: [m[Kstyle of line directive is a GCC extension
  147 |   [01;35m[K  v[m[KoxelGridDownsample<<<grid, block>>>(devPoints, devReducedPoints, numPoints, voxelSize, minIndexGrid, gridDimensions);
      |   [01;35m[K^[m[K [01;35m[K~[m[K
[01m[K/home/aidan/ana_bot/src/ana/src/cuda/pointcloud_processing.cu:148:3:[m[K [01;35m[Kwarning: [m[Kstyle of line directive is a GCC extension
  148 | 
      |   [01;35m[K^[m[K  
[01m[K/home/aidan/ana_bot/src/ana/src/cuda/pointcloud_processing.cu:150:3:[m[K [01;35m[Kwarning: [m[Kstyle of line directive is a GCC extension
  150 | 
      |   [01;35m[K^[m[K  
[01m[K/home/aidan/ana_bot/src/ana/src/cuda/pointcloud_processing.cu:152:3:[m[K [01;35m[Kwarning: [m[Kstyle of line directive is a GCC extension
  152 |   [01;35m[K  c[m[KudaFree(devReducedPoints);
      |   [01;35m[K^[m[K [01;35m[K~[m[K
[01m[K/home/aidan/ana_bot/src/ana/src/cuda/pointcloud_processing.cu:153:3:[m[K [01;35m[Kwarning: [m[Kstyle of line directive is a GCC extension
  153 |   [01;35m[K  c[m[KudaFree(minIndexGrid);
      |   [01;35m[K^[m[K [01;35m[K~[m[K
[01m[K/home/aidan/ana_bot/src/ana/src/cuda/pointcloud_processing.cu:154:3:[m[K [01;35m[Kwarning: [m[Kstyle of line directive is a GCC extension
  154 | }
      |   [01;35m[K^[m[K  
[01m[K/home/aidan/ana_bot/src/ana/src/cuda/pointcloud_processing.cu:156:3:[m[K [01;35m[Kwarning: [m[Kstyle of line directive is a GCC extension
[01m[Ktmpxft_0000e714_00000000-6_pointcloud_processing.cudafe1.stub.c:4:3:[m[K [01;35m[Kwarning: [m[Kstyle of line directive is a GCC extension
In file included from [01m[Ktmpxft_0000e714_00000000-6_pointcloud_processing.cudafe1.stub.c:1[m[K:
[01m[K/home/aidan/ana_bot/src/ana/src/cuda/pointcloud_processing.cu:12:3:[m[K [01;35m[Kwarning: [m[Kstyle of line directive is a GCC extension
   12 |   [01;35m[K  [m[Kint idx = blockIdx.x * blockDim.x + threadIdx.x;
      |   [01;35m[K^[m[K 
In file included from [01m[Ktmpxft_0000e714_00000000-6_pointcloud_processing.cudafe1.stub.c:1[m[K:
[01m[K/home/aidan/ana_bot/src/ana/src/cuda/pointcloud_processing.cu:12:3:[m[K [01;35m[Kwarning: [m[Kstyle of line directive is a GCC extension
   12 |   [01;35m[K  [m[Kint idx = blockIdx.x * blockDim.x + threadIdx.x;
      |   [01;35m[K^[m[K 
In file included from [01m[Ktmpxft_0000e714_00000000-6_pointcloud_processing.cudafe1.stub.c:1[m[K:
[01m[K/home/aidan/ana_bot/src/ana/src/cuda/pointcloud_processing.cu:23:3:[m[K [01;35m[Kwarning: [m[Kstyle of line directive is a GCC extension
   23 | 
      |   [01;35m[K^[m[K
In file included from [01m[Ktmpxft_0000e714_00000000-6_pointcloud_processing.cudafe1.stub.c:1[m[K:
[01m[K/tmp/tmpxft_0000e714_00000000-6_pointcloud_processing.cudafe1.stub.c:2:3:[m[K [01;35m[Kwarning: [m[Kstyle of line directive is a GCC extension
    2 | #p[01;35m[Kra[m[Kgma GCC diagnostic ignored "-Wunused-function"
      |   [01;35m[K^~[m[K
In file included from [01m[Ktmpxft_0000e714_00000000-6_pointcloud_processing.cudafe1.stub.c:1[m[K:
[01m[K/home/aidan/ana_bot/src/ana/src/cuda/pointcloud_processing.cu:25:3:[m[K [01;35m[Kwarning: [m[Kstyle of line directive is a GCC extension
   25 |   [01;35m[K  [m[Kint idx = blockIdx.x * blockDim.x + threadIdx.x;
      |   [01;35m[K^[m[K 
In file included from [01m[Ktmpxft_0000e714_00000000-6_pointcloud_processing.cudafe1.stub.c:1[m[K:
[01m[K/home/aidan/ana_bot/src/ana/src/cuda/pointcloud_processing.cu:25:3:[m[K [01;35m[Kwarning: [m[Kstyle of line directive is a GCC extension
   25 |   [01;35m[K  [m[Kint idx = blockIdx.x * blockDim.x + threadIdx.x;
      |   [01;35m[K^[m[K 
In file included from [01m[Ktmpxft_0000e714_00000000-6_pointcloud_processing.cudafe1.stub.c:1[m[K:
[01m[K/home/aidan/ana_bot/src/ana/src/cuda/pointcloud_processing.cu:33:3:[m[K [01;35m[Kwarning: [m[Kstyle of line directive is a GCC extension
   33 | 
      |   [01;35m[K^[m[K
In file included from [01m[Ktmpxft_0000e714_00000000-6_pointcloud_processing.cudafe1.stub.c:1[m[K:
[01m[K/tmp/tmpxft_0000e714_00000000-6_pointcloud_processing.cudafe1.stub.c:2:3:[m[K [01;35m[Kwarning: [m[Kstyle of line directive is a GCC extension
    2 | #p[01;35m[Kra[m[Kgma GCC diagnostic ignored "-Wunused-function"
      |   [01;35m[K^~[m[K
In file included from [01m[Ktmpxft_0000e714_00000000-6_pointcloud_processing.cudafe1.stub.c:1[m[K:
[01m[K/home/aidan/ana_bot/src/ana/src/cuda/pointcloud_processing.cu:36:3:[m[K [01;35m[Kwarning: [m[Kstyle of line directive is a GCC extension
   36 |   [01;35m[K  [m[Kint idx = blockIdx.x * blockDim.x + threadIdx.x;
      |   [01;35m[K^[m[K 
In file included from [01m[Ktmpxft_0000e714_00000000-6_pointcloud_processing.cudafe1.stub.c:1[m[K:
[01m[K/home/aidan/ana_bot/src/ana/src/cuda/pointcloud_processing.cu:36:3:[m[K [01;35m[Kwarning: [m[Kstyle of line directive is a GCC extension
   36 |   [01;35m[K  [m[Kint idx = blockIdx.x * blockDim.x + threadIdx.x;
      |   [01;35m[K^[m[K 
In file included from [01m[Ktmpxft_0000e714_00000000-6_pointcloud_processing.cudafe1.stub.c:1[m[K:
[01m[K/home/aidan/ana_bot/src/ana/src/cuda/pointcloud_processing.cu:59:3:[m[K [01;35m[Kwarning: [m[Kstyle of line directive is a GCC extension
   59 | 
      |   [01;35m[K^[m[K
In file included from [01m[Ktmpxft_0000e714_00000000-6_pointcloud_processing.cudafe1.stub.c:1[m[K:
[01m[K/tmp/tmpxft_0000e714_00000000-6_pointcloud_processing.cudafe1.stub.c:2:3:[m[K [01;35m[Kwarning: [m[Kstyle of line directive is a GCC extension
    2 | #p[01;35m[Krag[m[Kma GCC diagnostic ignored "-Wunused-function"
      |   [01;35m[K^~~[m[K
In file included from [01m[Ktmpxft_0000e714_00000000-6_pointcloud_processing.cudafe1.stub.c:1[m[K:
[01m[K/home/aidan/ana_bot/src/ana/src/cuda/pointcloud_processing.cu:116:3:[m[K [01;35m[Kwarning: [m[Kstyle of line directive is a GCC extension
  116 |   [01;35m[K  i[m[Knt idx = threadIdx.x + blockIdx.x * blockDim.x;
      |   [01;35m[K^[m[K [01;35m[K~[m[K
In file included from [01m[Ktmpxft_0000e714_00000000-6_pointcloud_processing.cudafe1.stub.c:1[m[K:
[01m[K/home/aidan/ana_bot/src/ana/src/cuda/pointcloud_processing.cu:116:3:[m[K [01;35m[Kwarning: [m[Kstyle of line directive is a GCC extension
  116 |   [01;35m[K  i[m[Knt idx = threadIdx.x + blockIdx.x * blockDim.x;
      |   [01;35m[K^[m[K [01;35m[K~[m[K
In file included from [01m[Ktmpxft_0000e714_00000000-6_pointcloud_processing.cudafe1.stub.c:1[m[K:
[01m[K/home/aidan/ana_bot/src/ana/src/cuda/pointcloud_processing.cu:131:3:[m[K [01;35m[Kwarning: [m[Kstyle of line directive is a GCC extension
  131 | 
      |   [01;35m[K^[m[K
[01m[Ktmpxft_0000e714_00000000-6_pointcloud_processing.cudafe1.stub.c:2:3:[m[K [01;35m[Kwarning: [m[Kstyle of line directive is a GCC extension
[01m[K/home/aidan/ana_bot/src/ana/src/cuda/pointcloud_processing.cu:[m[K In function ‘[01m[Kvoid processDepthImage(float*, int, int, float)[m[K’:
[01m[K/home/aidan/ana_bot/src/ana/src/cuda/pointcloud_processing.cu:85:82:[m[K [01;35m[Kwarning: [m[Kunused parameter ‘[01m[KmaxDepth[m[K’ [[01;35m[K]8;;https://gcc.gnu.org/onlinedocs/gcc/Warning-Options.html#index-Wunused-parameter-Wunused-parameter]8;;[m[K]
   85 | ssDepthImage(float* hostImage, int width, int height, [01;35m[Kfloat maxDepth[m[K) {
      |                                                       [01;35m[K~~~~~~^~~~~~~~[m[K

At global scope:
[01m[Kcc1plus:[m[K [01;36m[Knote: [m[Kunrecognized command-line option ‘[01m[K-Wno-line[m[K’ may have been intended to silence earlier diagnostics
