[0.013s] Invoking command in '/home/aidan/ana_bot/build/ana': CMAKE_PREFIX_PATH=${CMAKE_PREFIX_PATH}:/home/aidan/ana_bot/install/my_python_pkg:/opt/ros/humble /usr/bin/cmake --build /home/aidan/ana_bot/build/ana -- -j16 -l16
[0.052s] [  9%] [32mBuilding CUDA object CMakeFiles/cuda_operations.dir/src/cuda/pointcloud_processing.cu.o[0m
[0.524s] [01m[K/tmp/tmpxft_0000e714_00000000-6_pointcloud_processing.cudafe1.cpp:1:3:[m[K [01;35m[Kwarning: [m[Kstyle of line directive is a GCC extension
[0.524s]     1 | # [01;35m[K1[m[K "/home/aidan/ana_bot/src/ana/src/cuda/pointcloud_processing.cu"
[0.524s]       |   [01;35m[K^[m[K
[0.524s] [01m[K/home/aidan/ana_bot/src/ana/src/cuda/pointcloud_processing.cu:2:3:[m[K [01;35m[Kwarning: [m[Kstyle of line directive is a GCC extension
[0.524s]     2 | #i[01;35m[Kn[m[Kclude <device_launch_parameters.h>
[0.524s]       |   [01;35m[K^[m[K
[0.524s] [01m[K/home/aidan/ana_bot/src/ana/src/cuda/pointcloud_processing.cu:2:3:[m[K [01;35m[Kwarning: [m[Kstyle of line directive is a GCC extension
[0.524s]     2 | #i[01;35m[Kn[m[Kclude <device_launch_parameters.h>
[0.524s]       |   [01;35m[K^[m[K
[0.525s] [01m[K/home/aidan/ana_bot/src/ana/src/cuda/pointcloud_processing.cu:2:3:[m[K [01;35m[Kwarning: [m[Kstyle of line directive is a GCC extension
[0.525s]     2 | #i[01;35m[Kn[m[Kclude <device_launch_parameters.h>
[0.525s]       |   [01;35m[K^[m[K
[0.525s] [01m[K/home/aidan/ana_bot/src/ana/src/cuda/pointcloud_processing.cu:2:3:[m[K [01;35m[Kwarning: [m[Kstyle of line directive is a GCC extension
[0.525s]     2 | #i[01;35m[Kn[m[Kclude <device_launch_parameters.h>
[0.525s]       |   [01;35m[K^[m[K
[0.525s] [01m[K/home/aidan/ana_bot/src/ana/src/cuda/pointcloud_processing.cu:2:3:[m[K [01;35m[Kwarning: [m[Kstyle of line directive is a GCC extension
[0.525s]     2 | #i[01;35m[Kn[m[Kclude <device_launch_parameters.h>
[0.525s]       |   [01;35m[K^[m[K
[0.525s] [01m[K/home/aidan/ana_bot/src/ana/src/cuda/pointcloud_processing.cu:2:3:[m[K [01;35m[Kwarning: [m[Kstyle of line directive is a GCC extension
[0.525s]     2 | #i[01;35m[Kn[m[Kclude <device_launch_parameters.h>
[0.525s]       |   [01;35m[K^[m[K
[0.525s] [01m[K/home/aidan/ana_bot/src/ana/src/cuda/pointcloud_processing.cu:3:3:[m[K [01;35m[Kwarning: [m[Kstyle of line directive is a GCC extension
[0.525s]     3 | #i[01;35m[Kn[m[Kclude <stdio.h>  // For error logging
[0.526s]       |   [01;35m[K^[m[K
[0.526s] [01m[K/home/aidan/ana_bot/src/ana/src/cuda/pointcloud_processing.cu:6:3:[m[K [01;35m[Kwarning: [m[Kstyle of line directive is a GCC extension
[0.526s]     6 | //[01;35m[K [m[KDefine constants for filter sizes and other parameters
[0.526s]       |   [01;35m[K^[m[K
[0.526s] [01m[K/home/aidan/ana_bot/src/ana/src/cuda/pointcloud_processing.cu:1:3:[m[K [01;35m[Kwarning: [m[Kstyle of line directive is a GCC extension
[0.526s]     1 | #i[01;35m[Knc[m[Klude <cuda_runtime.h>
[0.526s]       |   [01;35m[K^~[m[K
[0.538s] [01m[K/home/aidan/ana_bot/src/ana/src/cuda/pointcloud_processing.cu:36:3:[m[K [01;35m[Kwarning: [m[Kstyle of line directive is a GCC extension
[0.538s]    36 |   [01;35m[K  [m[Kint idx = blockIdx.x * blockDim.x + threadIdx.x;
[0.538s]       |   [01;35m[K^[m[K 
[0.538s] [01m[K/home/aidan/ana_bot/src/ana/src/cuda/pointcloud_processing.cu:45:3:[m[K [01;35m[Kwarning: [m[Kstyle of line directive is a GCC extension
[0.538s]    45 |   [01;35m[K  [m[K// Apply a simple mean filter
[0.538s]       |   [01;35m[K^[m[K 
[0.539s] [01m[K/home/aidan/ana_bot/src/ana/src/cuda/pointcloud_processing.cu:76:3:[m[K [01;35m[Kwarning: [m[Kstyle of line directive is a GCC extension
[0.539s]    76 | //[01;35m[K  [m[K   // Apply smoothing
[0.539s]       |   [01;35m[K^~[m[K
[0.539s] [01m[K/home/aidan/ana_bot/src/ana/src/cuda/pointcloud_processing.cu:86:3:[m[K [01;35m[Kwarning: [m[Kstyle of line directive is a GCC extension
[0.539s]    86 |   [01;35m[K  [m[K// Calculate new dimensions
[0.539s]       |   [01;35m[K^[m[K 
[0.539s] [01m[K/home/aidan/ana_bot/src/ana/src/cuda/pointcloud_processing.cu:88:3:[m[K [01;35m[Kwarning: [m[Kstyle of line directive is a GCC extension
[0.539s]    88 |   [01;35m[K  [m[Kint newHeight = height / 5;
[0.539s]       |   [01;35m[K^[m[K 
[0.539s] [01m[K/home/aidan/ana_bot/src/ana/src/cuda/pointcloud_processing.cu:89:3:[m[K [01;35m[Kwarning: [m[Kstyle of line directive is a GCC extension
[0.539s]    89 |   [01;35m[K  [m[Ksize_t newImageSize = newWidth * newHeight * sizeof(float);
[0.539s]       |   [01;35m[K^[m[K 
[0.539s] [01m[K/home/aidan/ana_bot/src/ana/src/cuda/pointcloud_processing.cu:90:3:[m[K [01;35m[Kwarning: [m[Kstyle of line directive is a GCC extension
[0.540s]    90 |   [01;35m[K  [m[Ksize_t oldImageSize = width * height * sizeof(float);
[0.540s]       |   [01;35m[K^[m[K 
[0.540s] [01m[K/home/aidan/ana_bot/src/ana/src/cuda/pointcloud_processing.cu:91:3:[m[K [01;35m[Kwarning: [m[Kstyle of line directive is a GCC extension
[0.540s]    91 | 
[0.540s]       |   [01;35m[K^[m[K 
[0.540s] [01m[K/home/aidan/ana_bot/src/ana/src/cuda/pointcloud_processing.cu:93:3:[m[K [01;35m[Kwarning: [m[Kstyle of line directive is a GCC extension
[0.540s]    93 |   [01;35m[K  [m[Kfloat* devOutputImage;
[0.540s]       |   [01;35m[K^[m[K 
[0.540s] [01m[K/home/aidan/ana_bot/src/ana/src/cuda/pointcloud_processing.cu:94:3:[m[K [01;35m[Kwarning: [m[Kstyle of line directive is a GCC extension
[0.540s]    94 |   [01;35m[K  [m[KcudaMalloc((void**)&devInputImage, oldImageSize);
[0.540s]       |   [01;35m[K^[m[K 
[0.540s] [01m[K/home/aidan/ana_bot/src/ana/src/cuda/pointcloud_processing.cu:95:3:[m[K [01;35m[Kwarning: [m[Kstyle of line directive is a GCC extension
[0.540s]    95 |   [01;35m[K  [m[KcudaMalloc((void**)&devOutputImage, newImageSize);
[0.540s]       |   [01;35m[K^[m[K 
[0.541s] [01m[K/home/aidan/ana_bot/src/ana/src/cuda/pointcloud_processing.cu:96:3:[m[K [01;35m[Kwarning: [m[Kstyle of line directive is a GCC extension
[0.541s]    96 |   [01;35m[K  [m[KcudaMemcpy(devInputImage, hostImage, oldImageSize, cudaMemcpyHostToDevice);
[0.541s]       |   [01;35m[K^[m[K 
[0.541s] [01m[K/home/aidan/ana_bot/src/ana/src/cuda/pointcloud_processing.cu:97:3:[m[K [01;35m[Kwarning: [m[Kstyle of line directive is a GCC extension
[0.541s]    97 | 
[0.541s]       |   [01;35m[K^[m[K 
[0.541s] [01m[K/home/aidan/ana_bot/src/ana/src/cuda/pointcloud_processing.cu:99:3:[m[K [01;35m[Kwarning: [m[Kstyle of line directive is a GCC extension
[0.541s]    99 |   [01;35m[K  [m[Kdim3 dimGrid((newWidth + BLOCK_SIZE - 1) / BLOCK_SIZE, (newHeight + BLOCK_SIZE - 1) / BLOCK_SIZE);
[0.541s]       |   [01;35m[K^[m[K 
[0.541s] [01m[K/home/aidan/ana_bot/src/ana/src/cuda/pointcloud_processing.cu:100:3:[m[K [01;35m[Kwarning: [m[Kstyle of line directive is a GCC extension
[0.541s]   100 | 
[0.541s]       |   [01;35m[K^[m[K  
[0.541s] [01m[K/home/aidan/ana_bot/src/ana/src/cuda/pointcloud_processing.cu:103:3:[m[K [01;35m[Kwarning: [m[Kstyle of line directive is a GCC extension
[0.541s]   103 | 
[0.541s]       |   [01;35m[K^[m[K  
[0.542s] [01m[K/home/aidan/ana_bot/src/ana/src/cuda/pointcloud_processing.cu:105:3:[m[K [01;35m[Kwarning: [m[Kstyle of line directive is a GCC extension
[0.542s]   105 | 
[0.542s]       |   [01;35m[K^[m[K  
[0.542s] [01m[K/home/aidan/ana_bot/src/ana/src/cuda/pointcloud_processing.cu:107:3:[m[K [01;35m[Kwarning: [m[Kstyle of line directive is a GCC extension
[0.542s]   107 |   [01;35m[K  c[m[KudaFree(devOutputImage);
[0.542s]       |   [01;35m[K^[m[K [01;35m[K~[m[K
[0.542s] [01m[K/home/aidan/ana_bot/src/ana/src/cuda/pointcloud_processing.cu:108:3:[m[K [01;35m[Kwarning: [m[Kstyle of line directive is a GCC extension
[0.542s]   108 | }
[0.542s]       |   [01;35m[K^[m[K  
[0.542s] [01m[K/home/aidan/ana_bot/src/ana/src/cuda/pointcloud_processing.cu:109:3:[m[K [01;35m[Kwarning: [m[Kstyle of line directive is a GCC extension
[0.542s]   109 | 
[0.542s]       |   [01;35m[K^[m[K  
[0.542s] [01m[K/home/aidan/ana_bot/src/ana/src/cuda/pointcloud_processing.cu:112:3:[m[K [01;35m[Kwarning: [m[Kstyle of line directive is a GCC extension
[0.542s]   112 |   [01;35m[K  f[m[Kloat x, y, z;
[0.543s]       |   [01;35m[K^[m[K [01;35m[K~[m[K
[0.543s] [01m[K/home/aidan/ana_bot/src/ana/src/cuda/pointcloud_processing.cu:113:3:[m[K [01;35m[Kwarning: [m[Kstyle of line directive is a GCC extension
[0.543s]   113 | };
[0.543s]       |   [01;35m[K^[m[K  
[0.543s] [01m[K/home/aidan/ana_bot/src/ana/src/cuda/pointcloud_processing.cu:114:3:[m[K [01;35m[Kwarning: [m[Kstyle of line directive is a GCC extension
[0.543s]   114 | 
[0.543s]       |   [01;35m[K^[m[K  
[0.543s] [01m[K/home/aidan/ana_bot/src/ana/src/cuda/pointcloud_processing.cu:144:3:[m[K [01;35m[Kwarning: [m[Kstyle of line directive is a GCC extension
[0.543s]   144 | 
[0.543s]       |   [01;35m[K^[m[K  
[0.543s] [01m[K/home/aidan/ana_bot/src/ana/src/cuda/pointcloud_processing.cu:133:3:[m[K [01;35m[Kwarning: [m[Kstyle of line directive is a GCC extension
[0.543s]   133 |   [01;35m[K  P[m[KointXYZ *devPoints, *devReducedPoints;
[0.543s]       |   [01;35m[K^[m[K [01;35m[K~[m[K
[0.543s] [01m[K/home/aidan/ana_bot/src/ana/src/cuda/pointcloud_processing.cu:134:3:[m[K [01;35m[Kwarning: [m[Kstyle of line directive is a GCC extension
[0.544s]   134 |   [01;35m[K  i[m[Knt *minIndexGrid;
[0.544s]       |   [01;35m[K^[m[K [01;35m[K~[m[K
[0.544s] [01m[K/home/aidan/ana_bot/src/ana/src/cuda/pointcloud_processing.cu:135:3:[m[K [01;35m[Kwarning: [m[Kstyle of line directive is a GCC extension
[0.544s]   135 |   [01;35m[K  i[m[Knt gridDimensions = ceil(10.0 / voxelSize);  // Assuming a 10x10x10m space for example
[0.544s]       |   [01;35m[K^[m[K [01;35m[K~[m[K
[0.544s] [01m[K/home/aidan/ana_bot/src/ana/src/cuda/pointcloud_processing.cu:136:3:[m[K [01;35m[Kwarning: [m[Kstyle of line directive is a GCC extension
[0.544s]   136 |   [01;35m[K  i[m[Knt gridSize = gridDimensions * gridDimensions * gridDimensions;
[0.544s]       |   [01;35m[K^[m[K [01;35m[K~[m[K
[0.544s] [01m[K/home/aidan/ana_bot/src/ana/src/cuda/pointcloud_processing.cu:137:3:[m[K [01;35m[Kwarning: [m[Kstyle of line directive is a GCC extension
[0.544s]   137 | 
[0.544s]       |   [01;35m[K^[m[K  
[0.545s] [01m[K/home/aidan/ana_bot/src/ana/src/cuda/pointcloud_processing.cu:139:3:[m[K [01;35m[Kwarning: [m[Kstyle of line directive is a GCC extension
[0.545s]   139 |   [01;35m[K  c[m[KudaMalloc(&devReducedPoints, gridSize * sizeof(PointXYZ));
[0.545s]       |   [01;35m[K^[m[K [01;35m[K~[m[K
[0.545s] [01m[K/home/aidan/ana_bot/src/ana/src/cuda/pointcloud_processing.cu:140:3:[m[K [01;35m[Kwarning: [m[Kstyle of line directive is a GCC extension
[0.545s]   140 |   [01;35m[K  c[m[KudaMalloc(&minIndexGrid, gridSize * sizeof(int));
[0.545s]       |   [01;35m[K^[m[K [01;35m[K~[m[K
[0.545s] [01m[K/home/aidan/ana_bot/src/ana/src/cuda/pointcloud_processing.cu:141:3:[m[K [01;35m[Kwarning: [m[Kstyle of line directive is a GCC extension
[0.545s]   141 |   [01;35m[K  c[m[KudaMemset(minIndexGrid, INT_MAX, gridSize * sizeof(int));
[0.545s]       |   [01;35m[K^[m[K [01;35m[K~[m[K
[0.545s] [01m[K/home/aidan/ana_bot/src/ana/src/cuda/pointcloud_processing.cu:142:3:[m[K [01;35m[Kwarning: [m[Kstyle of line directive is a GCC extension
[0.545s]   142 | 
[0.545s]       |   [01;35m[K^[m[K  
[0.546s] [01m[K/home/aidan/ana_bot/src/ana/src/cuda/pointcloud_processing.cu:144:3:[m[K [01;35m[Kwarning: [m[Kstyle of line directive is a GCC extension
[0.546s]   144 | 
[0.546s]       |   [01;35m[K^[m[K  
[0.546s] [01m[K/home/aidan/ana_bot/src/ana/src/cuda/pointcloud_processing.cu:146:3:[m[K [01;35m[Kwarning: [m[Kstyle of line directive is a GCC extension
[0.546s]   146 |   [01;35m[K  d[m[Kim3 grid((numPoints + block.x - 1) / block.x);
[0.546s]       |   [01;35m[K^[m[K [01;35m[K~[m[K
[0.546s] [01m[K/home/aidan/ana_bot/src/ana/src/cuda/pointcloud_processing.cu:147:3:[m[K [01;35m[Kwarning: [m[Kstyle of line directive is a GCC extension
[0.546s]   147 |   [01;35m[K  v[m[KoxelGridDownsample<<<grid, block>>>(devPoints, devReducedPoints, numPoints, voxelSize, minIndexGrid, gridDimensions);
[0.546s]       |   [01;35m[K^[m[K [01;35m[K~[m[K
[0.546s] [01m[K/home/aidan/ana_bot/src/ana/src/cuda/pointcloud_processing.cu:148:3:[m[K [01;35m[Kwarning: [m[Kstyle of line directive is a GCC extension
[0.546s]   148 | 
[0.546s]       |   [01;35m[K^[m[K  
[0.547s] [01m[K/home/aidan/ana_bot/src/ana/src/cuda/pointcloud_processing.cu:150:3:[m[K [01;35m[Kwarning: [m[Kstyle of line directive is a GCC extension
[0.547s]   150 | 
[0.547s]       |   [01;35m[K^[m[K  
[0.547s] [01m[K/home/aidan/ana_bot/src/ana/src/cuda/pointcloud_processing.cu:152:3:[m[K [01;35m[Kwarning: [m[Kstyle of line directive is a GCC extension
[0.547s]   152 |   [01;35m[K  c[m[KudaFree(devReducedPoints);
[0.547s]       |   [01;35m[K^[m[K [01;35m[K~[m[K
[0.547s] [01m[K/home/aidan/ana_bot/src/ana/src/cuda/pointcloud_processing.cu:153:3:[m[K [01;35m[Kwarning: [m[Kstyle of line directive is a GCC extension
[0.547s]   153 |   [01;35m[K  c[m[KudaFree(minIndexGrid);
[0.547s]       |   [01;35m[K^[m[K [01;35m[K~[m[K
[0.547s] [01m[K/home/aidan/ana_bot/src/ana/src/cuda/pointcloud_processing.cu:154:3:[m[K [01;35m[Kwarning: [m[Kstyle of line directive is a GCC extension
[0.547s]   154 | }
[0.547s]       |   [01;35m[K^[m[K  
[0.548s] [01m[K/home/aidan/ana_bot/src/ana/src/cuda/pointcloud_processing.cu:156:3:[m[K [01;35m[Kwarning: [m[Kstyle of line directive is a GCC extension
[0.548s] [01m[Ktmpxft_0000e714_00000000-6_pointcloud_processing.cudafe1.stub.c:4:3:[m[K [01;35m[Kwarning: [m[Kstyle of line directive is a GCC extension
[0.548s] In file included from [01m[Ktmpxft_0000e714_00000000-6_pointcloud_processing.cudafe1.stub.c:1[m[K:
[0.548s] [01m[K/home/aidan/ana_bot/src/ana/src/cuda/pointcloud_processing.cu:12:3:[m[K [01;35m[Kwarning: [m[Kstyle of line directive is a GCC extension
[0.548s]    12 |   [01;35m[K  [m[Kint idx = blockIdx.x * blockDim.x + threadIdx.x;
[0.548s]       |   [01;35m[K^[m[K 
[0.548s] In file included from [01m[Ktmpxft_0000e714_00000000-6_pointcloud_processing.cudafe1.stub.c:1[m[K:
[0.548s] [01m[K/home/aidan/ana_bot/src/ana/src/cuda/pointcloud_processing.cu:12:3:[m[K [01;35m[Kwarning: [m[Kstyle of line directive is a GCC extension
[0.548s]    12 |   [01;35m[K  [m[Kint idx = blockIdx.x * blockDim.x + threadIdx.x;
[0.548s]       |   [01;35m[K^[m[K 
[0.548s] In file included from [01m[Ktmpxft_0000e714_00000000-6_pointcloud_processing.cudafe1.stub.c:1[m[K:
[0.548s] [01m[K/home/aidan/ana_bot/src/ana/src/cuda/pointcloud_processing.cu:23:3:[m[K [01;35m[Kwarning: [m[Kstyle of line directive is a GCC extension
[0.549s]    23 | 
[0.549s]       |   [01;35m[K^[m[K
[0.549s] In file included from [01m[Ktmpxft_0000e714_00000000-6_pointcloud_processing.cudafe1.stub.c:1[m[K:
[0.549s] [01m[K/tmp/tmpxft_0000e714_00000000-6_pointcloud_processing.cudafe1.stub.c:2:3:[m[K [01;35m[Kwarning: [m[Kstyle of line directive is a GCC extension
[0.549s]     2 | #p[01;35m[Kra[m[Kgma GCC diagnostic ignored "-Wunused-function"
[0.549s]       |   [01;35m[K^~[m[K
[0.549s] In file included from [01m[Ktmpxft_0000e714_00000000-6_pointcloud_processing.cudafe1.stub.c:1[m[K:
[0.549s] [01m[K/home/aidan/ana_bot/src/ana/src/cuda/pointcloud_processing.cu:25:3:[m[K [01;35m[Kwarning: [m[Kstyle of line directive is a GCC extension
[0.549s]    25 |   [01;35m[K  [m[Kint idx = blockIdx.x * blockDim.x + threadIdx.x;
[0.549s]       |   [01;35m[K^[m[K 
[0.549s] In file included from [01m[Ktmpxft_0000e714_00000000-6_pointcloud_processing.cudafe1.stub.c:1[m[K:
[0.549s] [01m[K/home/aidan/ana_bot/src/ana/src/cuda/pointcloud_processing.cu:25:3:[m[K [01;35m[Kwarning: [m[Kstyle of line directive is a GCC extension
[0.550s]    25 |   [01;35m[K  [m[Kint idx = blockIdx.x * blockDim.x + threadIdx.x;
[0.550s]       |   [01;35m[K^[m[K 
[0.550s] In file included from [01m[Ktmpxft_0000e714_00000000-6_pointcloud_processing.cudafe1.stub.c:1[m[K:
[0.550s] [01m[K/home/aidan/ana_bot/src/ana/src/cuda/pointcloud_processing.cu:33:3:[m[K [01;35m[Kwarning: [m[Kstyle of line directive is a GCC extension
[0.550s]    33 | 
[0.550s]       |   [01;35m[K^[m[K
[0.550s] In file included from [01m[Ktmpxft_0000e714_00000000-6_pointcloud_processing.cudafe1.stub.c:1[m[K:
[0.550s] [01m[K/tmp/tmpxft_0000e714_00000000-6_pointcloud_processing.cudafe1.stub.c:2:3:[m[K [01;35m[Kwarning: [m[Kstyle of line directive is a GCC extension
[0.550s]     2 | #p[01;35m[Kra[m[Kgma GCC diagnostic ignored "-Wunused-function"
[0.550s]       |   [01;35m[K^~[m[K
[0.550s] In file included from [01m[Ktmpxft_0000e714_00000000-6_pointcloud_processing.cudafe1.stub.c:1[m[K:
[0.551s] [01m[K/home/aidan/ana_bot/src/ana/src/cuda/pointcloud_processing.cu:36:3:[m[K [01;35m[Kwarning: [m[Kstyle of line directive is a GCC extension
[0.551s]    36 |   [01;35m[K  [m[Kint idx = blockIdx.x * blockDim.x + threadIdx.x;
[0.551s]       |   [01;35m[K^[m[K 
[0.551s] In file included from [01m[Ktmpxft_0000e714_00000000-6_pointcloud_processing.cudafe1.stub.c:1[m[K:
[0.551s] [01m[K/home/aidan/ana_bot/src/ana/src/cuda/pointcloud_processing.cu:36:3:[m[K [01;35m[Kwarning: [m[Kstyle of line directive is a GCC extension
[0.551s]    36 |   [01;35m[K  [m[Kint idx = blockIdx.x * blockDim.x + threadIdx.x;
[0.551s]       |   [01;35m[K^[m[K 
[0.551s] In file included from [01m[Ktmpxft_0000e714_00000000-6_pointcloud_processing.cudafe1.stub.c:1[m[K:
[0.551s] [01m[K/home/aidan/ana_bot/src/ana/src/cuda/pointcloud_processing.cu:59:3:[m[K [01;35m[Kwarning: [m[Kstyle of line directive is a GCC extension
[0.551s]    59 | 
[0.551s]       |   [01;35m[K^[m[K
[0.551s] In file included from [01m[Ktmpxft_0000e714_00000000-6_pointcloud_processing.cudafe1.stub.c:1[m[K:
[0.552s] [01m[K/tmp/tmpxft_0000e714_00000000-6_pointcloud_processing.cudafe1.stub.c:2:3:[m[K [01;35m[Kwarning: [m[Kstyle of line directive is a GCC extension
[0.552s]     2 | #p[01;35m[Krag[m[Kma GCC diagnostic ignored "-Wunused-function"
[0.552s]       |   [01;35m[K^~~[m[K
[0.552s] In file included from [01m[Ktmpxft_0000e714_00000000-6_pointcloud_processing.cudafe1.stub.c:1[m[K:
[0.552s] [01m[K/home/aidan/ana_bot/src/ana/src/cuda/pointcloud_processing.cu:116:3:[m[K [01;35m[Kwarning: [m[Kstyle of line directive is a GCC extension
[0.552s]   116 |   [01;35m[K  i[m[Knt idx = threadIdx.x + blockIdx.x * blockDim.x;
[0.552s]       |   [01;35m[K^[m[K [01;35m[K~[m[K
[0.552s] In file included from [01m[Ktmpxft_0000e714_00000000-6_pointcloud_processing.cudafe1.stub.c:1[m[K:
[0.552s] [01m[K/home/aidan/ana_bot/src/ana/src/cuda/pointcloud_processing.cu:116:3:[m[K [01;35m[Kwarning: [m[Kstyle of line directive is a GCC extension
[0.552s]   116 |   [01;35m[K  i[m[Knt idx = threadIdx.x + blockIdx.x * blockDim.x;
[0.552s]       |   [01;35m[K^[m[K [01;35m[K~[m[K
[0.553s] In file included from [01m[Ktmpxft_0000e714_00000000-6_pointcloud_processing.cudafe1.stub.c:1[m[K:
[0.553s] [01m[K/home/aidan/ana_bot/src/ana/src/cuda/pointcloud_processing.cu:131:3:[m[K [01;35m[Kwarning: [m[Kstyle of line directive is a GCC extension
[0.553s]   131 | 
[0.553s]       |   [01;35m[K^[m[K
[0.553s] [01m[Ktmpxft_0000e714_00000000-6_pointcloud_processing.cudafe1.stub.c:2:3:[m[K [01;35m[Kwarning: [m[Kstyle of line directive is a GCC extension
[0.593s] [01m[K/home/aidan/ana_bot/src/ana/src/cuda/pointcloud_processing.cu:[m[K In function ‘[01m[Kvoid processDepthImage(float*, int, int, float)[m[K’:
[0.593s] [01m[K/home/aidan/ana_bot/src/ana/src/cuda/pointcloud_processing.cu:85:82:[m[K [01;35m[Kwarning: [m[Kunused parameter ‘[01m[KmaxDepth[m[K’ [[01;35m[K]8;;https://gcc.gnu.org/onlinedocs/gcc/Warning-Options.html#index-Wunused-parameter-Wunused-parameter]8;;[m[K]
[0.593s]    85 | ssDepthImage(float* hostImage, int width, int height, [01;35m[Kfloat maxDepth[m[K) {
[0.593s]       |                                                       [01;35m[K~~~~~~^~~~~~~~[m[K
[0.593s] 
[0.616s] At global scope:
[0.616s] [01m[Kcc1plus:[m[K [01;36m[Knote: [m[Kunrecognized command-line option ‘[01m[K-Wno-line[m[K’ may have been intended to silence earlier diagnostics
[0.628s] [ 18%] [32m[1mLinking CUDA static library libcuda_operations.a[0m
[0.650s] [ 18%] Built target cuda_operations
[0.660s] [35m[1mConsolidate compiler generated dependencies of target depth_live_filter_node[0m
[0.675s] [ 27%] [32m[1mLinking CUDA device code CMakeFiles/depth_live_filter_node.dir/cmake_device_link.o[0m
[0.715s] [ 36%] [32m[1mLinking CXX executable depth_live_filter_node[0m
[0.760s] [ 45%] [32m[1mLinking CUDA device code CMakeFiles/occupancy_grid_subscriber_node.dir/cmake_device_link.o[0m
[0.766s] [ 54%] [32m[1mLinking CUDA device code CMakeFiles/publish_pcd_node.dir/cmake_device_link.o[0m
[0.812s] [ 72%] [32m[1mLinking CXX executable occupancy_grid_subscriber_node[0m
[0.812s] [ 72%] [32m[1mLinking CXX executable publish_pcd_node[0m
[1.380s] [ 81%] Built target depth_live_filter_node
[9.823s] [ 90%] Built target occupancy_grid_subscriber_node
[10.622s] [100%] Built target publish_pcd_node
[10.639s] Invoked command in '/home/aidan/ana_bot/build/ana' returned '0': CMAKE_PREFIX_PATH=${CMAKE_PREFIX_PATH}:/home/aidan/ana_bot/install/my_python_pkg:/opt/ros/humble /usr/bin/cmake --build /home/aidan/ana_bot/build/ana -- -j16 -l16
[10.668s] Invoking command in '/home/aidan/ana_bot/build/ana': CMAKE_PREFIX_PATH=${CMAKE_PREFIX_PATH}:/home/aidan/ana_bot/install/my_python_pkg:/opt/ros/humble /usr/bin/cmake --install /home/aidan/ana_bot/build/ana
[10.673s] -- Install configuration: ""
[10.673s] -- Execute custom install script
[10.674s] -- Up-to-date symlink: /home/aidan/ana_bot/install/ana/lib/ana/depth_live_filter_node
[10.674s] -- Up-to-date symlink: /home/aidan/ana_bot/install/ana/lib/ana/publish_pcd_node
[10.674s] -- Up-to-date symlink: /home/aidan/ana_bot/install/ana/lib/ana/occupancy_grid_subscriber_node
[10.674s] -- Up-to-date symlink: /home/aidan/ana_bot/install/ana/lib/ana/libcuda_operations.a
[10.674s] -- Up-to-date symlink: /home/aidan/ana_bot/install/ana/share/ana/config/ana.rviz
[10.674s] -- Up-to-date symlink: /home/aidan/ana_bot/install/ana/share/ana/config/ana_map.rviz
[10.674s] -- Up-to-date symlink: /home/aidan/ana_bot/install/ana/share/ana/config/diff_drive_bot.rviz
[10.674s] -- Up-to-date symlink: /home/aidan/ana_bot/install/ana/share/ana/config/gazebo_params.yaml
[10.674s] -- Up-to-date symlink: /home/aidan/ana_bot/install/ana/share/ana/config/my_controllers.yaml
[10.675s] -- Up-to-date symlink: /home/aidan/ana_bot/install/ana/share/ana/config/nav2_params.yaml
[10.675s] -- Up-to-date symlink: /home/aidan/ana_bot/install/ana/share/ana/config/simulation_depth.rviz
[10.675s] -- Up-to-date symlink: /home/aidan/ana_bot/install/ana/share/ana/description/camera.xacro
[10.675s] -- Up-to-date symlink: /home/aidan/ana_bot/install/ana/share/ana/description/depth_camera.xacro
[10.675s] -- Up-to-date symlink: /home/aidan/ana_bot/install/ana/share/ana/description/gazebo_diff_control.xacro
[10.675s] -- Up-to-date symlink: /home/aidan/ana_bot/install/ana/share/ana/description/gazebo_four_diff_control.xacro
[10.675s] -- Up-to-date symlink: /home/aidan/ana_bot/install/ana/share/ana/description/inertial_macros.xacro
[10.675s] -- Up-to-date symlink: /home/aidan/ana_bot/install/ana/share/ana/description/robot.urdf.xacro
[10.675s] -- Up-to-date symlink: /home/aidan/ana_bot/install/ana/share/ana/description/robot_core.xacro
[10.675s] -- Up-to-date symlink: /home/aidan/ana_bot/install/ana/share/ana/description/ros2_diff_control.xacro
[10.675s] -- Up-to-date symlink: /home/aidan/ana_bot/install/ana/share/ana/launch/launch_sim.launch.py
[10.675s] -- Up-to-date symlink: /home/aidan/ana_bot/install/ana/share/ana/launch/nav2.launch.py
[10.675s] -- Up-to-date symlink: /home/aidan/ana_bot/install/ana/share/ana/launch/rsp.launch.py
[10.675s] -- Up-to-date symlink: /home/aidan/ana_bot/install/ana/share/ana/launch/rtab.launch.py
[10.676s] -- Up-to-date symlink: /home/aidan/ana_bot/install/ana/share/ana/worlds/bedroom.world
[10.676s] -- Up-to-date symlink: /home/aidan/ana_bot/install/ana/share/ana/worlds/empty.world
[10.676s] -- Up-to-date symlink: /home/aidan/ana_bot/install/ana/share/ana/worlds/obstacles.world
[10.676s] -- Up-to-date symlink: /home/aidan/ana_bot/install/ana/share/ana/worlds/obstacles_walls.world
[10.676s] -- Up-to-date symlink: /home/aidan/ana_bot/install/ana/share/ana/worlds/outside.world
[10.676s] -- Up-to-date symlink: /home/aidan/ana_bot/install/ana/share/ana/meshes/ana_chassis.stl
[10.676s] -- Up-to-date symlink: /home/aidan/ana_bot/install/ana/share/ana/meshes/d435i.stl
[10.676s] -- Up-to-date symlink: /home/aidan/ana_bot/install/ana/share/ana/rtab_maps/playground_organized.pcd
[10.676s] -- Up-to-date symlink: /home/aidan/ana_bot/install/ana/share/ana/rtab_maps/playground_organized.ply
[10.676s] -- Up-to-date symlink: /home/aidan/ana_bot/install/ana/share/ana/rtab_maps/rtab_settings.config
[10.676s] -- Up-to-date symlink: /home/aidan/ana_bot/install/ana/share/ana/rtab_maps/settings1.pcd
[10.676s] -- Up-to-date symlink: /home/aidan/ana_bot/install/ana/share/ana/rtab_maps/settings1.ply
[10.677s] -- Up-to-date symlink: /home/aidan/ana_bot/install/ana/share/ana/rtab_maps/settings2.pcd
[10.677s] -- Up-to-date symlink: /home/aidan/ana_bot/install/ana/share/ana/rtab_maps/settings2.ply
[10.677s] -- Up-to-date symlink: /home/aidan/ana_bot/install/ana/share/ana/rtab_maps/settings3.pcd
[10.677s] -- Up-to-date symlink: /home/aidan/ana_bot/install/ana/share/ana/rtab_maps/settings3.ply
[10.677s] -- Up-to-date symlink: /home/aidan/ana_bot/install/ana/share/ana/rtab_maps/settings4.pcd
[10.677s] -- Up-to-date symlink: /home/aidan/ana_bot/install/ana/share/ana/rtab_maps/settings4.ply
[10.677s] -- Up-to-date symlink: /home/aidan/ana_bot/install/ana/share/ana/rtab_maps/settings4_screenshot1.png
[10.677s] -- Up-to-date symlink: /home/aidan/ana_bot/install/ana/share/ana/rtab_maps/settings4_screenshot2.png
[10.677s] -- Up-to-date symlink: /home/aidan/ana_bot/install/ana/share/ana/rtab_maps/settings4_toLoad.ini
[10.677s] -- Up-to-date symlink: /home/aidan/ana_bot/install/ana/share/ament_index/resource_index/package_run_dependencies/ana
[10.677s] -- Up-to-date symlink: /home/aidan/ana_bot/install/ana/share/ament_index/resource_index/parent_prefix_path/ana
[10.677s] -- Up-to-date symlink: /home/aidan/ana_bot/install/ana/share/ana/environment/ament_prefix_path.sh
[10.677s] -- Up-to-date symlink: /home/aidan/ana_bot/install/ana/share/ana/environment/ament_prefix_path.dsv
[10.678s] -- Up-to-date symlink: /home/aidan/ana_bot/install/ana/share/ana/environment/path.sh
[10.678s] -- Up-to-date symlink: /home/aidan/ana_bot/install/ana/share/ana/environment/path.dsv
[10.678s] -- Up-to-date symlink: /home/aidan/ana_bot/install/ana/share/ana/local_setup.bash
[10.678s] -- Up-to-date symlink: /home/aidan/ana_bot/install/ana/share/ana/local_setup.sh
[10.678s] -- Up-to-date symlink: /home/aidan/ana_bot/install/ana/share/ana/local_setup.zsh
[10.678s] -- Up-to-date symlink: /home/aidan/ana_bot/install/ana/share/ana/local_setup.dsv
[10.678s] -- Symlinking: /home/aidan/ana_bot/install/ana/share/ana/package.dsv
[10.685s] -- Up-to-date symlink: /home/aidan/ana_bot/install/ana/share/ament_index/resource_index/packages/ana
[10.685s] -- Up-to-date symlink: /home/aidan/ana_bot/install/ana/share/ana/cmake/anaConfig.cmake
[10.685s] -- Up-to-date symlink: /home/aidan/ana_bot/install/ana/share/ana/cmake/anaConfig-version.cmake
[10.685s] -- Up-to-date symlink: /home/aidan/ana_bot/install/ana/share/ana/package.xml
[10.686s] Invoked command in '/home/aidan/ana_bot/build/ana' returned '0': CMAKE_PREFIX_PATH=${CMAKE_PREFIX_PATH}:/home/aidan/ana_bot/install/my_python_pkg:/opt/ros/humble /usr/bin/cmake --install /home/aidan/ana_bot/build/ana
