[35m[1mConsolidate compiler generated dependencies of target point_cloud_filter_node[0m
[ 50%] [32mBuilding CXX object CMakeFiles/point_cloud_filter_node.dir/src/PointCloudFilter.cpp.o[0m
[01m[K/home/aidan/ana_bot/src/ana/src/PointCloudFilter.cpp:[m[K In lambda function:
[01m[K/home/aidan/ana_bot/src/ana/src/PointCloudFilter.cpp:30:85:[m[K [01;35m[Kwarning: [m[Kunused parameter ‘[01m[Kposition[m[K’ [[01;35m[K]8;;https://gcc.gnu.org/onlinedocs/gcc/Warning-Options.html#index-Wunused-parameter-Wunused-parameter]8;;[m[K]
   30 | image.forEach<float>([max_valid_depth](float& depth, [01;35m[Kconst int* position[m[K) -> void {
      |                                                      [01;35m[K~~~~~~~~~~~^~~~~~~~[m[K

[01m[K/home/aidan/ana_bot/src/ana/src/PointCloudFilter.cpp:[m[K In lambda function:
[01m[K/home/aidan/ana_bot/src/ana/src/PointCloudFilter.cpp:38:88:[m[K [01;35m[Kwarning: [m[Kunused parameter ‘[01m[Kposition[m[K’ [[01;35m[K]8;;https://gcc.gnu.org/onlinedocs/gcc/Warning-Options.html#index-Wunused-parameter-Wunused-parameter]8;;[m[K]
   38 | ge.forEach<uint16_t>([max_mm_depth](uint16_t& depth, [01;35m[Kconst int* position[m[K) -> void {
      |                                                      [01;35m[K~~~~~~~~~~~^~~~~~~~[m[K

[100%] [32m[1mLinking CXX executable point_cloud_filter_node[0m
[100%] Built target point_cloud_filter_node
-- Install configuration: ""
-- Installing: /home/aidan/ana_bot/install/ana/lib/ana/point_cloud_filter_node
-- Set runtime path of "/home/aidan/ana_bot/install/ana/lib/ana/point_cloud_filter_node" to ""
-- Up-to-date: /home/aidan/ana_bot/install/ana/share/ana/config
-- Up-to-date: /home/aidan/ana_bot/install/ana/share/ana/config/simulation_depth.rviz
-- Up-to-date: /home/aidan/ana_bot/install/ana/share/ana/config/diff_drive_bot.rviz
-- Up-to-date: /home/aidan/ana_bot/install/ana/share/ana/config/gazebo_params.yaml
-- Up-to-date: /home/aidan/ana_bot/install/ana/share/ana/config/ana.rviz
-- Up-to-date: /home/aidan/ana_bot/install/ana/share/ana/config/my_controllers.yaml
-- Up-to-date: /home/aidan/ana_bot/install/ana/share/ana/description
-- Up-to-date: /home/aidan/ana_bot/install/ana/share/ana/description/camera.xacro
-- Up-to-date: /home/aidan/ana_bot/install/ana/share/ana/description/ros2_diff_control.xacro
-- Up-to-date: /home/aidan/ana_bot/install/ana/share/ana/description/gazebo_four_diff_control.xacro
-- Up-to-date: /home/aidan/ana_bot/install/ana/share/ana/description/depth_camera.xacro
-- Up-to-date: /home/aidan/ana_bot/install/ana/share/ana/description/robot_core.xacro
-- Up-to-date: /home/aidan/ana_bot/install/ana/share/ana/description/gazebo_diff_control.xacro
-- Up-to-date: /home/aidan/ana_bot/install/ana/share/ana/description/inertial_macros.xacro
-- Up-to-date: /home/aidan/ana_bot/install/ana/share/ana/description/robot.urdf.xacro
-- Up-to-date: /home/aidan/ana_bot/install/ana/share/ana/launch
-- Up-to-date: /home/aidan/ana_bot/install/ana/share/ana/launch/launch_sim.launch.py
-- Up-to-date: /home/aidan/ana_bot/install/ana/share/ana/launch/rsp.launch.py
-- Up-to-date: /home/aidan/ana_bot/install/ana/share/ana/launch/rtab.launch.py
-- Up-to-date: /home/aidan/ana_bot/install/ana/share/ana/worlds
-- Up-to-date: /home/aidan/ana_bot/install/ana/share/ana/worlds/obstacles_walls.world
-- Up-to-date: /home/aidan/ana_bot/install/ana/share/ana/worlds/obstacles.world
-- Up-to-date: /home/aidan/ana_bot/install/ana/share/ana/worlds/empty.world
-- Up-to-date: /home/aidan/ana_bot/install/ana/share/ana/meshes
-- Up-to-date: /home/aidan/ana_bot/install/ana/share/ana/meshes/ana_chassis.stl
-- Up-to-date: /home/aidan/ana_bot/install/ana/share/ana/meshes/d435i.stl
-- Up-to-date: /home/aidan/ana_bot/install/ana/share/ament_index/resource_index/package_run_dependencies/ana
-- Up-to-date: /home/aidan/ana_bot/install/ana/share/ament_index/resource_index/parent_prefix_path/ana
-- Up-to-date: /home/aidan/ana_bot/install/ana/share/ana/environment/ament_prefix_path.sh
-- Up-to-date: /home/aidan/ana_bot/install/ana/share/ana/environment/ament_prefix_path.dsv
-- Up-to-date: /home/aidan/ana_bot/install/ana/share/ana/environment/path.sh
-- Up-to-date: /home/aidan/ana_bot/install/ana/share/ana/environment/path.dsv
-- Up-to-date: /home/aidan/ana_bot/install/ana/share/ana/local_setup.bash
-- Up-to-date: /home/aidan/ana_bot/install/ana/share/ana/local_setup.sh
-- Up-to-date: /home/aidan/ana_bot/install/ana/share/ana/local_setup.zsh
-- Up-to-date: /home/aidan/ana_bot/install/ana/share/ana/local_setup.dsv
-- Installing: /home/aidan/ana_bot/install/ana/share/ana/package.dsv
-- Up-to-date: /home/aidan/ana_bot/install/ana/share/ament_index/resource_index/packages/ana
-- Up-to-date: /home/aidan/ana_bot/install/ana/share/ana/cmake/anaConfig.cmake
-- Up-to-date: /home/aidan/ana_bot/install/ana/share/ana/cmake/anaConfig-version.cmake
-- Up-to-date: /home/aidan/ana_bot/install/ana/share/ana/package.xml
