[0.012s] Invoking command in '/home/aidan/ana_bot/build/ana': CMAKE_PREFIX_PATH=${CMAKE_PREFIX_PATH}:/home/aidan/ana_bot/install/robot_math:/home/aidan/ana_bot/install/my_python_pkg:/opt/ros/humble /usr/bin/cmake --build /home/aidan/ana_bot/build/ana -- -j16 -l16
[0.043s] [35m[1mConsolidate compiler generated dependencies of target point_cloud_filter_node[0m
[0.062s] [ 50%] [32mBuilding CXX object CMakeFiles/point_cloud_filter_node.dir/src/PointCloudFilter.cpp.o[0m
[2.281s] [01m[K/home/aidan/ana_bot/src/ana/src/PointCloudFilter.cpp:[m[K In lambda function:
[2.281s] [01m[K/home/aidan/ana_bot/src/ana/src/PointCloudFilter.cpp:30:85:[m[K [01;35m[Kwarning: [m[Kunused parameter ‘[01m[Kposition[m[K’ [[01;35m[K]8;;https://gcc.gnu.org/onlinedocs/gcc/Warning-Options.html#index-Wunused-parameter-Wunused-parameter]8;;[m[K]
[2.282s]    30 | image.forEach<float>([max_valid_depth](float& depth, [01;35m[Kconst int* position[m[K) -> void {
[2.282s]       |                                                      [01;35m[K~~~~~~~~~~~^~~~~~~~[m[K
[2.282s] 
[2.282s] [01m[K/home/aidan/ana_bot/src/ana/src/PointCloudFilter.cpp:[m[K In lambda function:
[2.282s] [01m[K/home/aidan/ana_bot/src/ana/src/PointCloudFilter.cpp:38:88:[m[K [01;35m[Kwarning: [m[Kunused parameter ‘[01m[Kposition[m[K’ [[01;35m[K]8;;https://gcc.gnu.org/onlinedocs/gcc/Warning-Options.html#index-Wunused-parameter-Wunused-parameter]8;;[m[K]
[2.282s]    38 | ge.forEach<uint16_t>([max_mm_depth](uint16_t& depth, [01;35m[Kconst int* position[m[K) -> void {
[2.282s]       |                                                      [01;35m[K~~~~~~~~~~~^~~~~~~~[m[K
[2.282s] 
[3.353s] [100%] [32m[1mLinking CXX executable point_cloud_filter_node[0m
[3.729s] [100%] Built target point_cloud_filter_node
[3.737s] Invoked command in '/home/aidan/ana_bot/build/ana' returned '0': CMAKE_PREFIX_PATH=${CMAKE_PREFIX_PATH}:/home/aidan/ana_bot/install/robot_math:/home/aidan/ana_bot/install/my_python_pkg:/opt/ros/humble /usr/bin/cmake --build /home/aidan/ana_bot/build/ana -- -j16 -l16
[3.760s] Invoking command in '/home/aidan/ana_bot/build/ana': CMAKE_PREFIX_PATH=${CMAKE_PREFIX_PATH}:/home/aidan/ana_bot/install/robot_math:/home/aidan/ana_bot/install/my_python_pkg:/opt/ros/humble /usr/bin/cmake --install /home/aidan/ana_bot/build/ana
[3.765s] -- Install configuration: ""
[3.765s] -- Installing: /home/aidan/ana_bot/install/ana/lib/ana/point_cloud_filter_node
[3.766s] -- Set runtime path of "/home/aidan/ana_bot/install/ana/lib/ana/point_cloud_filter_node" to ""
[3.766s] -- Up-to-date: /home/aidan/ana_bot/install/ana/share/ana/config
[3.766s] -- Up-to-date: /home/aidan/ana_bot/install/ana/share/ana/config/simulation_depth.rviz
[3.766s] -- Up-to-date: /home/aidan/ana_bot/install/ana/share/ana/config/diff_drive_bot.rviz
[3.766s] -- Up-to-date: /home/aidan/ana_bot/install/ana/share/ana/config/gazebo_params.yaml
[3.766s] -- Up-to-date: /home/aidan/ana_bot/install/ana/share/ana/config/ana.rviz
[3.766s] -- Up-to-date: /home/aidan/ana_bot/install/ana/share/ana/config/my_controllers.yaml
[3.767s] -- Up-to-date: /home/aidan/ana_bot/install/ana/share/ana/description
[3.767s] -- Up-to-date: /home/aidan/ana_bot/install/ana/share/ana/description/camera.xacro
[3.767s] -- Up-to-date: /home/aidan/ana_bot/install/ana/share/ana/description/ros2_diff_control.xacro
[3.767s] -- Up-to-date: /home/aidan/ana_bot/install/ana/share/ana/description/gazebo_four_diff_control.xacro
[3.767s] -- Up-to-date: /home/aidan/ana_bot/install/ana/share/ana/description/depth_camera.xacro
[3.767s] -- Up-to-date: /home/aidan/ana_bot/install/ana/share/ana/description/robot_core.xacro
[3.767s] -- Up-to-date: /home/aidan/ana_bot/install/ana/share/ana/description/gazebo_diff_control.xacro
[3.767s] -- Up-to-date: /home/aidan/ana_bot/install/ana/share/ana/description/inertial_macros.xacro
[3.767s] -- Up-to-date: /home/aidan/ana_bot/install/ana/share/ana/description/robot.urdf.xacro
[3.767s] -- Up-to-date: /home/aidan/ana_bot/install/ana/share/ana/launch
[3.767s] -- Up-to-date: /home/aidan/ana_bot/install/ana/share/ana/launch/launch_sim.launch.py
[3.767s] -- Up-to-date: /home/aidan/ana_bot/install/ana/share/ana/launch/rsp.launch.py
[3.767s] -- Up-to-date: /home/aidan/ana_bot/install/ana/share/ana/launch/rtab.launch.py
[3.767s] -- Up-to-date: /home/aidan/ana_bot/install/ana/share/ana/worlds
[3.767s] -- Up-to-date: /home/aidan/ana_bot/install/ana/share/ana/worlds/obstacles_walls.world
[3.767s] -- Up-to-date: /home/aidan/ana_bot/install/ana/share/ana/worlds/obstacles.world
[3.767s] -- Up-to-date: /home/aidan/ana_bot/install/ana/share/ana/worlds/empty.world
[3.768s] -- Up-to-date: /home/aidan/ana_bot/install/ana/share/ana/meshes
[3.768s] -- Up-to-date: /home/aidan/ana_bot/install/ana/share/ana/meshes/ana_chassis.stl
[3.768s] -- Up-to-date: /home/aidan/ana_bot/install/ana/share/ana/meshes/d435i.stl
[3.768s] -- Up-to-date: /home/aidan/ana_bot/install/ana/share/ament_index/resource_index/package_run_dependencies/ana
[3.768s] -- Up-to-date: /home/aidan/ana_bot/install/ana/share/ament_index/resource_index/parent_prefix_path/ana
[3.768s] -- Up-to-date: /home/aidan/ana_bot/install/ana/share/ana/environment/ament_prefix_path.sh
[3.768s] -- Up-to-date: /home/aidan/ana_bot/install/ana/share/ana/environment/ament_prefix_path.dsv
[3.768s] -- Up-to-date: /home/aidan/ana_bot/install/ana/share/ana/environment/path.sh
[3.768s] -- Up-to-date: /home/aidan/ana_bot/install/ana/share/ana/environment/path.dsv
[3.768s] -- Up-to-date: /home/aidan/ana_bot/install/ana/share/ana/local_setup.bash
[3.768s] -- Up-to-date: /home/aidan/ana_bot/install/ana/share/ana/local_setup.sh
[3.768s] -- Up-to-date: /home/aidan/ana_bot/install/ana/share/ana/local_setup.zsh
[3.769s] -- Up-to-date: /home/aidan/ana_bot/install/ana/share/ana/local_setup.dsv
[3.769s] -- Installing: /home/aidan/ana_bot/install/ana/share/ana/package.dsv
[3.769s] -- Up-to-date: /home/aidan/ana_bot/install/ana/share/ament_index/resource_index/packages/ana
[3.769s] -- Up-to-date: /home/aidan/ana_bot/install/ana/share/ana/cmake/anaConfig.cmake
[3.769s] -- Up-to-date: /home/aidan/ana_bot/install/ana/share/ana/cmake/anaConfig-version.cmake
[3.769s] -- Up-to-date: /home/aidan/ana_bot/install/ana/share/ana/package.xml
[3.769s] Invoked command in '/home/aidan/ana_bot/build/ana' returned '0': CMAKE_PREFIX_PATH=${CMAKE_PREFIX_PATH}:/home/aidan/ana_bot/install/robot_math:/home/aidan/ana_bot/install/my_python_pkg:/opt/ros/humble /usr/bin/cmake --install /home/aidan/ana_bot/build/ana
