[0.007s] Invoking command in '/home/aidan/ana_bot/build/ana': CMAKE_PREFIX_PATH=${CMAKE_PREFIX_PATH}:/home/aidan/ana_bot/install/my_python_pkg:/opt/ros/humble /usr/bin/cmake /home/aidan/ana_bot/src/ana -DCMAKE_INSTALL_PREFIX=/home/aidan/ana_bot/install/ana
[0.043s] -- The C compiler identification is GNU 11.4.0
[0.081s] -- The CXX compiler identification is GNU 11.4.0
[0.086s] -- Detecting C compiler ABI info
[0.131s] -- Detecting C compiler ABI info - done
[0.137s] -- Check for working C compiler: /usr/bin/cc - skipped
[0.137s] -- Detecting C compile features
[0.137s] -- Detecting C compile features - done
[0.139s] -- Detecting CXX compiler ABI info
[0.193s] -- Detecting CXX compiler ABI info - done
[0.199s] -- Check for working CXX compiler: /usr/bin/c++ - skipped
[0.199s] -- Detecting CXX compile features
[0.199s] -- Detecting CXX compile features - done
[0.201s] -- Found ament_cmake: 1.3.8 (/opt/ros/humble/share/ament_cmake/cmake)
[0.312s] -- Found Python3: /usr/bin/python3 (found version "3.10.12") found components: Interpreter 
[0.385s] -- Found rclcpp: 16.0.8 (/opt/ros/humble/share/rclcpp/cmake)
[0.419s] -- Found rosidl_generator_c: 3.1.5 (/opt/ros/humble/share/rosidl_generator_c/cmake)
[0.423s] -- Found rosidl_adapter: 3.1.5 (/opt/ros/humble/share/rosidl_adapter/cmake)
[0.430s] -- Found rosidl_generator_cpp: 3.1.5 (/opt/ros/humble/share/rosidl_generator_cpp/cmake)
[0.440s] -- Using all available rosidl_typesupport_c: rosidl_typesupport_fastrtps_c;rosidl_typesupport_introspection_c
[0.455s] -- Using all available rosidl_typesupport_cpp: rosidl_typesupport_fastrtps_cpp;rosidl_typesupport_introspection_cpp
[0.509s] -- Found rmw_implementation_cmake: 6.1.1 (/opt/ros/humble/share/rmw_implementation_cmake/cmake)
[0.511s] -- Found rmw_fastrtps_cpp: 6.2.6 (/opt/ros/humble/share/rmw_fastrtps_cpp/cmake)
[0.579s] -- Found OpenSSL: /usr/lib/x86_64-linux-gnu/libcrypto.so (found version "3.0.2")  
[0.611s] -- Found FastRTPS: /opt/ros/humble/include  
[0.654s] -- Using RMW implementation 'rmw_fastrtps_cpp' as default
[0.662s] -- Looking for pthread.h
[0.712s] -- Looking for pthread.h - found
[0.712s] -- Performing Test CMAKE_HAVE_LIBC_PTHREAD
[0.763s] -- Performing Test CMAKE_HAVE_LIBC_PTHREAD - Success
[0.764s] -- Found Threads: TRUE  
[0.913s] -- Found sensor_msgs: 4.2.3 (/opt/ros/humble/share/sensor_msgs/cmake)
[1.015s] -- Found image_transport: 3.1.9 (/opt/ros/humble/share/image_transport/cmake)
[1.052s] -- Found cv_bridge: 3.2.1 (/opt/ros/humble/share/cv_bridge/cmake)
[1.066s] -- Found OpenCV: /usr (found version "4.5.4") 
[1.077s] -- Checking for module 'eigen3'
[1.085s] --   Found eigen3, version 3.4.0
[1.103s] -- Found Eigen: /usr/include/eigen3 (Required is at least version "3.1") 
[1.104s] -- Eigen found (include: /usr/include/eigen3, version: 3.4.0)
[1.119s] -- Found Boost: /usr/lib/x86_64-linux-gnu/cmake/Boost-1.74.0/BoostConfig.cmake (found suitable version "1.74.0", minimum required is "1.65.0") found components: system filesystem date_time iostreams serialization 
[1.154s] -- Checking for module 'libusb-1.0'
[1.161s] --   Found libusb-1.0, version 1.0.25
[1.181s] -- Found libusb: /usr/lib/x86_64-linux-gnu/libusb-1.0.so  
[1.181s] -- Found OpenNI: /usr/lib/libOpenNI.so;libusb::libusb (found version "1.5.4.0") 
[1.181s] -- OpenNI found (version: 1.5.4.0, include: /usr/include/ni, lib: /usr/lib/libOpenNI.so;libusb::libusb)
[1.213s] -- Found OpenNI2: /usr/lib/x86_64-linux-gnu/libOpenNI2.so;libusb::libusb (found version "2.2.0.33") 
[1.213s] -- OpenNI2 found (version: 2.2.0.33, include: /usr/include/openni2, lib: /usr/lib/x86_64-linux-gnu/libOpenNI2.so;libusb::libusb)
[1.213s] [0m** WARNING ** io features related to pcap will be disabled[0m
[1.213s] [0m** WARNING ** io features related to png will be disabled[0m
[1.240s] -- Found GLEW: /usr/lib/x86_64-linux-gnu/libGLEW.so  
[1.244s] -- Found OpenGL: /usr/lib/x86_64-linux-gnu/libOpenGL.so  found components: OpenGL GLX 
[1.337s] -- Found MPI_C: /usr/lib/x86_64-linux-gnu/libmpi.so (found version "3.1") 
[1.337s] -- Found MPI: TRUE (found version "3.1") found components: C 
[1.339s] -- Found JsonCpp: /usr/lib/x86_64-linux-gnu/libjsoncpp.so (found suitable version "1.9.5", minimum required is "0.7.0") 
[1.346s] -- Found ZLIB: /usr/lib/x86_64-linux-gnu/libz.so (found version "1.2.11") 
[1.360s] -- Found PNG: /usr/lib/x86_64-linux-gnu/libpng.so (found version "1.6.37") 
[1.368s] -- Found Eigen3: /usr/include/eigen3 (found version "3.4.0") 
[1.431s] -- Found X11: /usr/include   
[1.431s] -- Looking for XOpenDisplay in /usr/lib/x86_64-linux-gnu/libX11.so;/usr/lib/x86_64-linux-gnu/libXext.so
[1.484s] -- Looking for XOpenDisplay in /usr/lib/x86_64-linux-gnu/libX11.so;/usr/lib/x86_64-linux-gnu/libXext.so - found
[1.484s] -- Looking for gethostbyname
[1.532s] -- Looking for gethostbyname - found
[1.532s] -- Looking for connect
[1.580s] -- Looking for connect - found
[1.580s] -- Looking for remove
[1.626s] -- Looking for remove - found
[1.626s] -- Looking for shmat
[1.673s] -- Looking for shmat - found
[1.673s] -- Looking for IceConnectionNumber in ICE
[1.719s] -- Looking for IceConnectionNumber in ICE - found
[1.776s] -- Found EXPAT: /usr/lib/x86_64-linux-gnu/libexpat.so (found version "2.4.7") 
[1.778s] -- Found double-conversion: /usr/lib/x86_64-linux-gnu/libdouble-conversion.so  
[1.780s] -- Found LZ4: /usr/lib/x86_64-linux-gnu/liblz4.so (found version "1.9.3") 
[1.781s] -- Found LZMA: /usr/lib/x86_64-linux-gnu/liblzma.so (found version "5.2.5") 
[1.790s] -- Found JPEG: /usr/lib/x86_64-linux-gnu/libjpeg.so (found version "80") 
[1.795s] -- Found TIFF: /usr/lib/x86_64-linux-gnu/libtiff.so (found version "4.3.0")  
[1.798s] -- Found Freetype: /usr/lib/x86_64-linux-gnu/libfreetype.so (found version "2.11.1") 
[1.803s] -- Found utf8cpp: /usr/include/utf8cpp  
[1.836s] -- Eigen found (include: /usr/include/eigen3, version: 3.4.0)
[1.852s] -- Checking for module 'flann'
[1.862s] --   Found flann, version 1.9.1
[1.887s] -- Found FLANN: /usr/lib/x86_64-linux-gnu/libflann_cpp.so  
[1.887s] -- FLANN found (include: /usr/include, lib: /usr/lib/x86_64-linux-gnu/libflann_cpp.so)
[2.111s] -- looking for PCL_COMMON
[2.112s] -- Found PCL_COMMON: /usr/lib/x86_64-linux-gnu/libpcl_common.so  
[2.112s] -- looking for PCL_OCTREE
[2.112s] -- Found PCL_OCTREE: /usr/lib/x86_64-linux-gnu/libpcl_octree.so  
[2.113s] -- looking for PCL_IO
[2.113s] -- Found PCL_IO: /usr/lib/x86_64-linux-gnu/libpcl_io.so  
[2.113s] -- looking for PCL_KDTREE
[2.114s] -- Found PCL_KDTREE: /usr/lib/x86_64-linux-gnu/libpcl_kdtree.so  
[2.114s] -- looking for PCL_SEARCH
[2.115s] -- Found PCL_SEARCH: /usr/lib/x86_64-linux-gnu/libpcl_search.so  
[2.115s] -- looking for PCL_SAMPLE_CONSENSUS
[2.115s] -- Found PCL_SAMPLE_CONSENSUS: /usr/lib/x86_64-linux-gnu/libpcl_sample_consensus.so  
[2.115s] -- looking for PCL_FILTERS
[2.116s] -- Found PCL_FILTERS: /usr/lib/x86_64-linux-gnu/libpcl_filters.so  
[2.116s] -- looking for PCL_GEOMETRY
[2.116s] -- Found PCL_GEOMETRY: /usr/include/pcl-1.12  
[2.116s] -- looking for PCL_2D
[2.117s] -- Found PCL_2D: /usr/include/pcl-1.12  
[2.117s] -- looking for PCL_FEATURES
[2.117s] -- Found PCL_FEATURES: /usr/lib/x86_64-linux-gnu/libpcl_features.so  
[2.118s] -- looking for PCL_ML
[2.118s] -- Found PCL_ML: /usr/lib/x86_64-linux-gnu/libpcl_ml.so  
[2.118s] -- looking for PCL_SEGMENTATION
[2.119s] -- Found PCL_SEGMENTATION: /usr/lib/x86_64-linux-gnu/libpcl_segmentation.so  
[2.119s] -- Found PCL: pcl_common;pcl_octree;pcl_io;pcl_kdtree;pcl_search;pcl_sample_consensus;pcl_filters;pcl_features;pcl_ml;pcl_segmentation;Boost::system;Boost::filesystem;Boost::date_time;Boost::iostreams;Boost::serialization;/usr/lib/libOpenNI.so;libusb::libusb;/usr/lib/x86_64-linux-gnu/libOpenNI2.so;libusb::libusb;VTK::ChartsCore;VTK::CommonColor;VTK::CommonComputationalGeometry;VTK::CommonCore;VTK::CommonDataModel;VTK::CommonExecutionModel;VTK::CommonMath;VTK::CommonMisc;VTK::CommonTransforms;VTK::FiltersCore;VTK::FiltersExtraction;VTK::FiltersGeneral;VTK::FiltersGeometry;VTK::FiltersModeling;VTK::FiltersSources;VTK::ImagingCore;VTK::ImagingSources;VTK::InteractionImage;VTK::InteractionStyle;VTK::InteractionWidgets;VTK::IOCore;VTK::IOGeometry;VTK::IOImage;VTK::IOLegacy;VTK::IOPLY;VTK::RenderingAnnotation;VTK::RenderingCore;VTK::RenderingContext2D;VTK::RenderingLOD;VTK::RenderingFreeType;VTK::ViewsCore;VTK::ViewsContext2D;VTK::RenderingOpenGL2;VTK::GUISupportQt;FLANN::FLANN  
[2.122s] -- Found pcl_conversions: 2.4.0 (/opt/ros/humble/share/pcl_conversions/cmake)
[2.350s] -- Found ament_lint_auto: 0.12.10 (/opt/ros/humble/share/ament_lint_auto/cmake)
[2.412s] -- Added test 'copyright' to check source files copyright and LICENSE
[2.414s] -- Added test 'cppcheck' to perform static code analysis on C / C++ code
[2.414s] -- Configured cppcheck include dirs: /home/aidan/ana_bot/src/ana/include
[2.414s] -- Configured cppcheck exclude dirs and/or files: 
[2.415s] -- Added test 'cpplint' to check C / C++ code against the Google style
[2.415s] -- Configured cpplint exclude dirs and/or files: 
[2.416s] -- Added test 'flake8' to check Python code syntax and style conventions
[2.416s] -- Added test 'lint_cmake' to check CMake code style
[2.417s] -- Added test 'pep257' to check Python code against some of the docstring style conventions in PEP 257
[2.418s] -- Added test 'uncrustify' to check C / C++ code style
[2.418s] -- Configured uncrustify additional arguments: 
[2.418s] -- Added test 'xmllint' to check XML markup files
[2.419s] -- Configuring done
[2.499s] -- Generating done
[2.501s] -- Build files have been written to: /home/aidan/ana_bot/build/ana
[2.515s] Invoked command in '/home/aidan/ana_bot/build/ana' returned '0': CMAKE_PREFIX_PATH=${CMAKE_PREFIX_PATH}:/home/aidan/ana_bot/install/my_python_pkg:/opt/ros/humble /usr/bin/cmake /home/aidan/ana_bot/src/ana -DCMAKE_INSTALL_PREFIX=/home/aidan/ana_bot/install/ana
[2.517s] Invoking command in '/home/aidan/ana_bot/build/ana': CMAKE_PREFIX_PATH=${CMAKE_PREFIX_PATH}:/home/aidan/ana_bot/install/my_python_pkg:/opt/ros/humble /usr/bin/cmake --build /home/aidan/ana_bot/build/ana -- -j16 -l16
[2.545s] [35m[1mConsolidate compiler generated dependencies of target point_cloud_filter_node[0m
[2.548s] [35m[1mConsolidate compiler generated dependencies of target publish_pcd_node[0m
[2.559s] [ 50%] Built target point_cloud_filter_node
[2.571s] [ 75%] [32mBuilding CXX object CMakeFiles/publish_pcd_node.dir/src/ply2pcd.cpp.o[0m
[8.541s] [100%] [32m[1mLinking CXX executable publish_pcd_node[0m
[10.363s] [100%] Built target publish_pcd_node
[10.380s] Invoked command in '/home/aidan/ana_bot/build/ana' returned '0': CMAKE_PREFIX_PATH=${CMAKE_PREFIX_PATH}:/home/aidan/ana_bot/install/my_python_pkg:/opt/ros/humble /usr/bin/cmake --build /home/aidan/ana_bot/build/ana -- -j16 -l16
[10.405s] Invoking command in '/home/aidan/ana_bot/build/ana': CMAKE_PREFIX_PATH=${CMAKE_PREFIX_PATH}:/home/aidan/ana_bot/install/my_python_pkg:/opt/ros/humble /usr/bin/cmake --install /home/aidan/ana_bot/build/ana
[10.410s] -- Install configuration: ""
[10.410s] -- Up-to-date: /home/aidan/ana_bot/install/ana/lib/ana/point_cloud_filter_node
[10.410s] -- Installing: /home/aidan/ana_bot/install/ana/lib/ana/publish_pcd_node
[10.411s] -- Set runtime path of "/home/aidan/ana_bot/install/ana/lib/ana/publish_pcd_node" to ""
[10.411s] -- Up-to-date: /home/aidan/ana_bot/install/ana/share/ana/config
[10.412s] -- Up-to-date: /home/aidan/ana_bot/install/ana/share/ana/config/simulation_depth.rviz
[10.412s] -- Up-to-date: /home/aidan/ana_bot/install/ana/share/ana/config/diff_drive_bot.rviz
[10.412s] -- Up-to-date: /home/aidan/ana_bot/install/ana/share/ana/config/gazebo_params.yaml
[10.412s] -- Up-to-date: /home/aidan/ana_bot/install/ana/share/ana/config/ana_map.rviz
[10.412s] -- Up-to-date: /home/aidan/ana_bot/install/ana/share/ana/config/ana.rviz
[10.412s] -- Up-to-date: /home/aidan/ana_bot/install/ana/share/ana/config/my_controllers.yaml
[10.412s] -- Up-to-date: /home/aidan/ana_bot/install/ana/share/ana/config/nav2_params.yaml
[10.412s] -- Up-to-date: /home/aidan/ana_bot/install/ana/share/ana/description
[10.412s] -- Up-to-date: /home/aidan/ana_bot/install/ana/share/ana/description/camera.xacro
[10.412s] -- Up-to-date: /home/aidan/ana_bot/install/ana/share/ana/description/ros2_diff_control.xacro
[10.412s] -- Up-to-date: /home/aidan/ana_bot/install/ana/share/ana/description/gazebo_four_diff_control.xacro
[10.412s] -- Up-to-date: /home/aidan/ana_bot/install/ana/share/ana/description/depth_camera.xacro
[10.413s] -- Up-to-date: /home/aidan/ana_bot/install/ana/share/ana/description/robot_core.xacro
[10.413s] -- Up-to-date: /home/aidan/ana_bot/install/ana/share/ana/description/gazebo_diff_control.xacro
[10.413s] -- Up-to-date: /home/aidan/ana_bot/install/ana/share/ana/description/inertial_macros.xacro
[10.413s] -- Up-to-date: /home/aidan/ana_bot/install/ana/share/ana/description/robot.urdf.xacro
[10.413s] -- Up-to-date: /home/aidan/ana_bot/install/ana/share/ana/launch
[10.413s] -- Up-to-date: /home/aidan/ana_bot/install/ana/share/ana/launch/launch_sim.launch.py
[10.414s] -- Up-to-date: /home/aidan/ana_bot/install/ana/share/ana/launch/rsp.launch.py
[10.414s] -- Up-to-date: /home/aidan/ana_bot/install/ana/share/ana/launch/rtab.launch.py
[10.414s] -- Up-to-date: /home/aidan/ana_bot/install/ana/share/ana/launch/nav2.launch.py
[10.414s] -- Up-to-date: /home/aidan/ana_bot/install/ana/share/ana/worlds
[10.414s] -- Up-to-date: /home/aidan/ana_bot/install/ana/share/ana/worlds/obstacles_walls.world
[10.415s] -- Up-to-date: /home/aidan/ana_bot/install/ana/share/ana/worlds/obstacles.world
[10.415s] -- Up-to-date: /home/aidan/ana_bot/install/ana/share/ana/worlds/empty.world
[10.415s] -- Up-to-date: /home/aidan/ana_bot/install/ana/share/ana/meshes
[10.415s] -- Up-to-date: /home/aidan/ana_bot/install/ana/share/ana/meshes/ana_chassis.stl
[10.415s] -- Up-to-date: /home/aidan/ana_bot/install/ana/share/ana/meshes/d435i.stl
[10.415s] -- Up-to-date: /home/aidan/ana_bot/install/ana/share/ana/rtab_maps
[10.416s] -- Up-to-date: /home/aidan/ana_bot/install/ana/share/ana/rtab_maps/orange_cones_3d.pcd
[10.416s] -- Up-to-date: /home/aidan/ana_bot/install/ana/share/ana/rtab_maps/orange_cones_3d.ply
[10.416s] -- Up-to-date: /home/aidan/ana_bot/install/ana/share/ament_index/resource_index/package_run_dependencies/ana
[10.416s] -- Up-to-date: /home/aidan/ana_bot/install/ana/share/ament_index/resource_index/parent_prefix_path/ana
[10.416s] -- Up-to-date: /home/aidan/ana_bot/install/ana/share/ana/environment/ament_prefix_path.sh
[10.416s] -- Installing: /home/aidan/ana_bot/install/ana/share/ana/environment/ament_prefix_path.dsv
[10.416s] -- Up-to-date: /home/aidan/ana_bot/install/ana/share/ana/environment/path.sh
[10.417s] -- Installing: /home/aidan/ana_bot/install/ana/share/ana/environment/path.dsv
[10.417s] -- Up-to-date: /home/aidan/ana_bot/install/ana/share/ana/local_setup.bash
[10.417s] -- Up-to-date: /home/aidan/ana_bot/install/ana/share/ana/local_setup.sh
[10.418s] -- Up-to-date: /home/aidan/ana_bot/install/ana/share/ana/local_setup.zsh
[10.418s] -- Installing: /home/aidan/ana_bot/install/ana/share/ana/local_setup.dsv
[10.418s] -- Installing: /home/aidan/ana_bot/install/ana/share/ana/package.dsv
[10.418s] -- Up-to-date: /home/aidan/ana_bot/install/ana/share/ament_index/resource_index/packages/ana
[10.418s] -- Up-to-date: /home/aidan/ana_bot/install/ana/share/ana/cmake/anaConfig.cmake
[10.418s] -- Up-to-date: /home/aidan/ana_bot/install/ana/share/ana/cmake/anaConfig-version.cmake
[10.418s] -- Up-to-date: /home/aidan/ana_bot/install/ana/share/ana/package.xml
[10.418s] Invoked command in '/home/aidan/ana_bot/build/ana' returned '0': CMAKE_PREFIX_PATH=${CMAKE_PREFIX_PATH}:/home/aidan/ana_bot/install/my_python_pkg:/opt/ros/humble /usr/bin/cmake --install /home/aidan/ana_bot/build/ana
