[0.012s] Invoking command in '/home/aidan/ana_bot/build/ana': CMAKE_PREFIX_PATH=${CMAKE_PREFIX_PATH}:/home/aidan/ana_bot/install/my_python_pkg:/opt/ros/humble /usr/bin/cmake --build /home/aidan/ana_bot/build/ana -- -j16 -l16
[0.053s] [ 18%] Built target cuda_operations
[0.075s] [ 45%] Built target depth_live_filter_node
[0.109s] [35m[1mConsolidate compiler generated dependencies of target publish_pcd_node[0m
[0.166s] [ 72%] Built target occupancy_grid_subscriber_node
[0.172s] [ 81%] [32mBuilding CXX object CMakeFiles/publish_pcd_node.dir/src/nodes/ply2pcd.cpp.o[0m
[7.406s] [ 90%] [32m[1mLinking CUDA device code CMakeFiles/publish_pcd_node.dir/cmake_device_link.o[0m
[7.445s] [100%] [32m[1mLinking CXX executable publish_pcd_node[0m
[13.522s] [100%] Built target publish_pcd_node
[13.540s] Invoked command in '/home/aidan/ana_bot/build/ana' returned '0': CMAKE_PREFIX_PATH=${CMAKE_PREFIX_PATH}:/home/aidan/ana_bot/install/my_python_pkg:/opt/ros/humble /usr/bin/cmake --build /home/aidan/ana_bot/build/ana -- -j16 -l16
[13.568s] Invoking command in '/home/aidan/ana_bot/build/ana': CMAKE_PREFIX_PATH=${CMAKE_PREFIX_PATH}:/home/aidan/ana_bot/install/my_python_pkg:/opt/ros/humble /usr/bin/cmake --install /home/aidan/ana_bot/build/ana
[13.573s] -- Install configuration: ""
[13.573s] -- Execute custom install script
[13.573s] -- Up-to-date symlink: /home/aidan/ana_bot/install/ana/lib/ana/depth_live_filter_node
[13.573s] -- Up-to-date symlink: /home/aidan/ana_bot/install/ana/lib/ana/publish_pcd_node
[13.573s] -- Up-to-date symlink: /home/aidan/ana_bot/install/ana/lib/ana/occupancy_grid_subscriber_node
[13.574s] -- Up-to-date symlink: /home/aidan/ana_bot/install/ana/lib/ana/libcuda_operations.a
[13.574s] -- Up-to-date symlink: /home/aidan/ana_bot/install/ana/share/ana/config/ana.rviz
[13.574s] -- Up-to-date symlink: /home/aidan/ana_bot/install/ana/share/ana/config/ana_map.rviz
[13.574s] -- Up-to-date symlink: /home/aidan/ana_bot/install/ana/share/ana/config/diff_drive_bot.rviz
[13.574s] -- Up-to-date symlink: /home/aidan/ana_bot/install/ana/share/ana/config/gazebo_params.yaml
[13.574s] -- Up-to-date symlink: /home/aidan/ana_bot/install/ana/share/ana/config/my_controllers.yaml
[13.574s] -- Up-to-date symlink: /home/aidan/ana_bot/install/ana/share/ana/config/nav2_params.yaml
[13.574s] -- Up-to-date symlink: /home/aidan/ana_bot/install/ana/share/ana/config/simulation_depth.rviz
[13.574s] -- Up-to-date symlink: /home/aidan/ana_bot/install/ana/share/ana/description/camera.xacro
[13.574s] -- Up-to-date symlink: /home/aidan/ana_bot/install/ana/share/ana/description/depth_camera.xacro
[13.574s] -- Up-to-date symlink: /home/aidan/ana_bot/install/ana/share/ana/description/gazebo_diff_control.xacro
[13.574s] -- Up-to-date symlink: /home/aidan/ana_bot/install/ana/share/ana/description/gazebo_four_diff_control.xacro
[13.574s] -- Up-to-date symlink: /home/aidan/ana_bot/install/ana/share/ana/description/inertial_macros.xacro
[13.575s] -- Up-to-date symlink: /home/aidan/ana_bot/install/ana/share/ana/description/robot.urdf.xacro
[13.575s] -- Up-to-date symlink: /home/aidan/ana_bot/install/ana/share/ana/description/robot_core.xacro
[13.575s] -- Up-to-date symlink: /home/aidan/ana_bot/install/ana/share/ana/description/ros2_diff_control.xacro
[13.575s] -- Up-to-date symlink: /home/aidan/ana_bot/install/ana/share/ana/launch/launch_sim.launch.py
[13.575s] -- Up-to-date symlink: /home/aidan/ana_bot/install/ana/share/ana/launch/nav2.launch.py
[13.575s] -- Up-to-date symlink: /home/aidan/ana_bot/install/ana/share/ana/launch/rsp.launch.py
[13.575s] -- Up-to-date symlink: /home/aidan/ana_bot/install/ana/share/ana/launch/rtab.launch.py
[13.575s] -- Up-to-date symlink: /home/aidan/ana_bot/install/ana/share/ana/worlds/bedroom.world
[13.575s] -- Up-to-date symlink: /home/aidan/ana_bot/install/ana/share/ana/worlds/empty.world
[13.575s] -- Up-to-date symlink: /home/aidan/ana_bot/install/ana/share/ana/worlds/obstacles.world
[13.575s] -- Up-to-date symlink: /home/aidan/ana_bot/install/ana/share/ana/worlds/obstacles_walls.world
[13.575s] -- Up-to-date symlink: /home/aidan/ana_bot/install/ana/share/ana/worlds/outside.world
[13.576s] -- Up-to-date symlink: /home/aidan/ana_bot/install/ana/share/ana/meshes/ana_chassis.stl
[13.576s] -- Up-to-date symlink: /home/aidan/ana_bot/install/ana/share/ana/meshes/d435i.stl
[13.576s] -- Up-to-date symlink: /home/aidan/ana_bot/install/ana/share/ana/rtab_maps/day2_1.pcd
[13.576s] -- Up-to-date symlink: /home/aidan/ana_bot/install/ana/share/ana/rtab_maps/day2_1.ply
[13.576s] -- Up-to-date symlink: /home/aidan/ana_bot/install/ana/share/ana/rtab_maps/playground_organized.pcd
[13.576s] -- Up-to-date symlink: /home/aidan/ana_bot/install/ana/share/ana/rtab_maps/playground_organized.ply
[13.576s] -- Up-to-date symlink: /home/aidan/ana_bot/install/ana/share/ana/rtab_maps/rtab_settings.config
[13.576s] -- Up-to-date symlink: /home/aidan/ana_bot/install/ana/share/ana/rtab_maps/settings1.pcd
[13.576s] -- Up-to-date symlink: /home/aidan/ana_bot/install/ana/share/ana/rtab_maps/settings1.ply
[13.576s] -- Up-to-date symlink: /home/aidan/ana_bot/install/ana/share/ana/rtab_maps/settings2.pcd
[13.576s] -- Up-to-date symlink: /home/aidan/ana_bot/install/ana/share/ana/rtab_maps/settings2.ply
[13.576s] -- Up-to-date symlink: /home/aidan/ana_bot/install/ana/share/ana/rtab_maps/settings3.pcd
[13.577s] -- Up-to-date symlink: /home/aidan/ana_bot/install/ana/share/ana/rtab_maps/settings3.ply
[13.577s] -- Up-to-date symlink: /home/aidan/ana_bot/install/ana/share/ana/rtab_maps/settings4.pcd
[13.577s] -- Up-to-date symlink: /home/aidan/ana_bot/install/ana/share/ana/rtab_maps/settings4.ply
[13.577s] -- Up-to-date symlink: /home/aidan/ana_bot/install/ana/share/ana/rtab_maps/settings4_screenshot1.png
[13.577s] -- Up-to-date symlink: /home/aidan/ana_bot/install/ana/share/ana/rtab_maps/settings4_screenshot2.png
[13.577s] -- Up-to-date symlink: /home/aidan/ana_bot/install/ana/share/ana/rtab_maps/settings4_toLoad.ini
[13.577s] -- Up-to-date symlink: /home/aidan/ana_bot/install/ana/share/ament_index/resource_index/package_run_dependencies/ana
[13.577s] -- Up-to-date symlink: /home/aidan/ana_bot/install/ana/share/ament_index/resource_index/parent_prefix_path/ana
[13.577s] -- Up-to-date symlink: /home/aidan/ana_bot/install/ana/share/ana/environment/ament_prefix_path.sh
[13.577s] -- Up-to-date symlink: /home/aidan/ana_bot/install/ana/share/ana/environment/ament_prefix_path.dsv
[13.577s] -- Up-to-date symlink: /home/aidan/ana_bot/install/ana/share/ana/environment/path.sh
[13.577s] -- Up-to-date symlink: /home/aidan/ana_bot/install/ana/share/ana/environment/path.dsv
[13.577s] -- Up-to-date symlink: /home/aidan/ana_bot/install/ana/share/ana/local_setup.bash
[13.577s] -- Up-to-date symlink: /home/aidan/ana_bot/install/ana/share/ana/local_setup.sh
[13.578s] -- Up-to-date symlink: /home/aidan/ana_bot/install/ana/share/ana/local_setup.zsh
[13.578s] -- Up-to-date symlink: /home/aidan/ana_bot/install/ana/share/ana/local_setup.dsv
[13.578s] -- Symlinking: /home/aidan/ana_bot/install/ana/share/ana/package.dsv
[13.584s] -- Up-to-date symlink: /home/aidan/ana_bot/install/ana/share/ament_index/resource_index/packages/ana
[13.584s] -- Up-to-date symlink: /home/aidan/ana_bot/install/ana/share/ana/cmake/anaConfig.cmake
[13.584s] -- Up-to-date symlink: /home/aidan/ana_bot/install/ana/share/ana/cmake/anaConfig-version.cmake
[13.584s] -- Up-to-date symlink: /home/aidan/ana_bot/install/ana/share/ana/package.xml
[13.585s] Invoked command in '/home/aidan/ana_bot/build/ana' returned '0': CMAKE_PREFIX_PATH=${CMAKE_PREFIX_PATH}:/home/aidan/ana_bot/install/my_python_pkg:/opt/ros/humble /usr/bin/cmake --install /home/aidan/ana_bot/build/ana
