[0.011s] Invoking command in '/home/aidan/ros2_ws/build/ana': CMAKE_PREFIX_PATH=${CMAKE_PREFIX_PATH}:/home/aidan/ros2_ws/install/my_python_pkg:/opt/ros/humble /usr/bin/cmake /home/aidan/ros2_ws/src/ana -DCMAKE_INSTALL_PREFIX=/home/aidan/ros2_ws/install/ana
[0.018s] -- Found ament_cmake: 1.3.8 (/opt/ros/humble/share/ament_cmake/cmake)
[0.105s] -- Override CMake install command with custom implementation using symlinks instead of copying resources
[0.110s] -- Found rclcpp: 16.0.8 (/opt/ros/humble/share/rclcpp/cmake)
[0.131s] -- Found rosidl_generator_c: 3.1.5 (/opt/ros/humble/share/rosidl_generator_c/cmake)
[0.133s] -- Found rosidl_adapter: 3.1.5 (/opt/ros/humble/share/rosidl_adapter/cmake)
[0.137s] -- Found rosidl_generator_cpp: 3.1.5 (/opt/ros/humble/share/rosidl_generator_cpp/cmake)
[0.146s] -- Using all available rosidl_typesupport_c: rosidl_typesupport_fastrtps_c;rosidl_typesupport_introspection_c
[0.158s] -- Using all available rosidl_typesupport_cpp: rosidl_typesupport_fastrtps_cpp;rosidl_typesupport_introspection_cpp
[0.202s] -- Found rmw_implementation_cmake: 6.1.1 (/opt/ros/humble/share/rmw_implementation_cmake/cmake)
[0.203s] -- Found rmw_fastrtps_cpp: 6.2.6 (/opt/ros/humble/share/rmw_fastrtps_cpp/cmake)
[0.290s] -- Using RMW implementation 'rmw_fastrtps_cpp' as default
[0.415s] -- Found ament_lint_auto: 0.12.10 (/opt/ros/humble/share/ament_lint_auto/cmake)
[0.468s] -- Added test 'copyright' to check source files copyright and LICENSE
[0.469s] -- Added test 'cppcheck' to perform static code analysis on C / C++ code
[0.469s] -- Configured cppcheck include dirs: 
[0.469s] -- Configured cppcheck exclude dirs and/or files: 
[0.469s] -- Added test 'cpplint' to check C / C++ code against the Google style
[0.470s] -- Configured cpplint exclude dirs and/or files: 
[0.470s] -- Added test 'flake8' to check Python code syntax and style conventions
[0.470s] -- Added test 'lint_cmake' to check CMake code style
[0.470s] -- Added test 'pep257' to check Python code against some of the docstring style conventions in PEP 257
[0.471s] -- Added test 'uncrustify' to check C / C++ code style
[0.471s] -- Configured uncrustify additional arguments: 
[0.472s] -- Added test 'xmllint' to check XML markup files
[0.472s] -- Configuring done
[0.479s] -- Generating done
[0.480s] -- Build files have been written to: /home/aidan/ros2_ws/build/ana
[0.487s] Invoked command in '/home/aidan/ros2_ws/build/ana' returned '0': CMAKE_PREFIX_PATH=${CMAKE_PREFIX_PATH}:/home/aidan/ros2_ws/install/my_python_pkg:/opt/ros/humble /usr/bin/cmake /home/aidan/ros2_ws/src/ana -DCMAKE_INSTALL_PREFIX=/home/aidan/ros2_ws/install/ana
[0.488s] Invoking command in '/home/aidan/ros2_ws/build/ana': CMAKE_PREFIX_PATH=${CMAKE_PREFIX_PATH}:/home/aidan/ros2_ws/install/my_python_pkg:/opt/ros/humble /usr/bin/cmake --build /home/aidan/ros2_ws/build/ana -- -j16 -l16
[0.514s] [35m[1mConsolidate compiler generated dependencies of target pid_node[0m
[0.526s] [100%] Built target pid_node
[0.534s] Invoked command in '/home/aidan/ros2_ws/build/ana' returned '0': CMAKE_PREFIX_PATH=${CMAKE_PREFIX_PATH}:/home/aidan/ros2_ws/install/my_python_pkg:/opt/ros/humble /usr/bin/cmake --build /home/aidan/ros2_ws/build/ana -- -j16 -l16
[0.555s] Invoking command in '/home/aidan/ros2_ws/build/ana': CMAKE_PREFIX_PATH=${CMAKE_PREFIX_PATH}:/home/aidan/ros2_ws/install/my_python_pkg:/opt/ros/humble /usr/bin/cmake --install /home/aidan/ros2_ws/build/ana
[0.559s] -- Install configuration: ""
[0.559s] -- Execute custom install script
[0.560s] -- Up-to-date symlink: /home/aidan/ros2_ws/install/ana/lib/ana/pid_node
[0.560s] -- Up-to-date symlink: /home/aidan/ros2_ws/install/ana/share/ana/config/ana.rviz
[0.560s] -- Up-to-date symlink: /home/aidan/ros2_ws/install/ana/share/ana/config/diff_drive_bot.rviz
[0.560s] -- Up-to-date symlink: /home/aidan/ros2_ws/install/ana/share/ana/config/gazebo_params.yaml
[0.560s] -- Up-to-date symlink: /home/aidan/ros2_ws/install/ana/share/ana/config/my_controllers.yaml
[0.560s] -- Up-to-date symlink: /home/aidan/ros2_ws/install/ana/share/ana/config/simulation_depth.rviz
[0.561s] -- Up-to-date symlink: /home/aidan/ros2_ws/install/ana/share/ana/description/camera.xacro
[0.561s] -- Up-to-date symlink: /home/aidan/ros2_ws/install/ana/share/ana/description/depth_camera.xacro
[0.561s] -- Up-to-date symlink: /home/aidan/ros2_ws/install/ana/share/ana/description/gazebo_diff_control.xacro
[0.561s] -- Up-to-date symlink: /home/aidan/ros2_ws/install/ana/share/ana/description/inertial_macros.xacro
[0.561s] -- Up-to-date symlink: /home/aidan/ros2_ws/install/ana/share/ana/description/robot.urdf.xacro
[0.561s] -- Up-to-date symlink: /home/aidan/ros2_ws/install/ana/share/ana/description/robot_core.xacro
[0.561s] -- Up-to-date symlink: /home/aidan/ros2_ws/install/ana/share/ana/description/ros2_diff_control.xacro
[0.561s] -- Up-to-date symlink: /home/aidan/ros2_ws/install/ana/share/ana/launch/launch_sim.launch.py
[0.561s] -- Up-to-date symlink: /home/aidan/ros2_ws/install/ana/share/ana/launch/rsp.launch.py
[0.561s] -- Up-to-date symlink: /home/aidan/ros2_ws/install/ana/share/ana/worlds/empty.world
[0.561s] -- Up-to-date symlink: /home/aidan/ros2_ws/install/ana/share/ana/worlds/obstacles.world
[0.561s] -- Up-to-date symlink: /home/aidan/ros2_ws/install/ana/share/ament_index/resource_index/package_run_dependencies/ana
[0.561s] -- Up-to-date symlink: /home/aidan/ros2_ws/install/ana/share/ament_index/resource_index/parent_prefix_path/ana
[0.562s] -- Up-to-date symlink: /home/aidan/ros2_ws/install/ana/share/ana/environment/ament_prefix_path.sh
[0.562s] -- Up-to-date symlink: /home/aidan/ros2_ws/install/ana/share/ana/environment/ament_prefix_path.dsv
[0.562s] -- Up-to-date symlink: /home/aidan/ros2_ws/install/ana/share/ana/environment/path.sh
[0.562s] -- Up-to-date symlink: /home/aidan/ros2_ws/install/ana/share/ana/environment/path.dsv
[0.562s] -- Up-to-date symlink: /home/aidan/ros2_ws/install/ana/share/ana/local_setup.bash
[0.562s] -- Up-to-date symlink: /home/aidan/ros2_ws/install/ana/share/ana/local_setup.sh
[0.562s] -- Up-to-date symlink: /home/aidan/ros2_ws/install/ana/share/ana/local_setup.zsh
[0.562s] -- Up-to-date symlink: /home/aidan/ros2_ws/install/ana/share/ana/local_setup.dsv
[0.562s] -- Symlinking: /home/aidan/ros2_ws/install/ana/share/ana/package.dsv
[0.568s] -- Up-to-date symlink: /home/aidan/ros2_ws/install/ana/share/ament_index/resource_index/packages/ana
[0.568s] -- Up-to-date symlink: /home/aidan/ros2_ws/install/ana/share/ana/cmake/anaConfig.cmake
[0.568s] -- Up-to-date symlink: /home/aidan/ros2_ws/install/ana/share/ana/cmake/anaConfig-version.cmake
[0.568s] -- Up-to-date symlink: /home/aidan/ros2_ws/install/ana/share/ana/package.xml
[0.570s] Invoked command in '/home/aidan/ros2_ws/build/ana' returned '0': CMAKE_PREFIX_PATH=${CMAKE_PREFIX_PATH}:/home/aidan/ros2_ws/install/my_python_pkg:/opt/ros/humble /usr/bin/cmake --install /home/aidan/ros2_ws/build/ana
