[0.014s] Invoking command in '/home/aidan/ana_bot/build/ana': CMAKE_PREFIX_PATH=${CMAKE_PREFIX_PATH}:/home/aidan/ana_bot/install/robot_math:/home/aidan/ana_bot/install/my_python_pkg:/opt/ros/humble /usr/bin/cmake --build /home/aidan/ana_bot/build/ana -- -j16 -l16
[0.046s] [35m[1mConsolidate compiler generated dependencies of target point_cloud_filter_node[0m
[0.064s] [ 50%] [32mBuilding CXX object CMakeFiles/point_cloud_filter_node.dir/src/PointCloudFilter.cpp.o[0m
[8.396s] [100%] [32m[1mLinking CXX executable point_cloud_filter_node[0m
[9.058s] [100%] Built target point_cloud_filter_node
[9.066s] Invoked command in '/home/aidan/ana_bot/build/ana' returned '0': CMAKE_PREFIX_PATH=${CMAKE_PREFIX_PATH}:/home/aidan/ana_bot/install/robot_math:/home/aidan/ana_bot/install/my_python_pkg:/opt/ros/humble /usr/bin/cmake --build /home/aidan/ana_bot/build/ana -- -j16 -l16
[9.088s] Invoking command in '/home/aidan/ana_bot/build/ana': CMAKE_PREFIX_PATH=${CMAKE_PREFIX_PATH}:/home/aidan/ana_bot/install/robot_math:/home/aidan/ana_bot/install/my_python_pkg:/opt/ros/humble /usr/bin/cmake --install /home/aidan/ana_bot/build/ana
[9.092s] -- Install configuration: ""
[9.092s] -- Installing: /home/aidan/ana_bot/install/ana/lib/ana/point_cloud_filter_node
[9.095s] -- Set runtime path of "/home/aidan/ana_bot/install/ana/lib/ana/point_cloud_filter_node" to ""
[9.095s] -- Installing: /home/aidan/ana_bot/install/ana/share/ana/config
[9.095s] -- Installing: /home/aidan/ana_bot/install/ana/share/ana/config/simulation_depth.rviz
[9.095s] -- Installing: /home/aidan/ana_bot/install/ana/share/ana/config/diff_drive_bot.rviz
[9.095s] -- Installing: /home/aidan/ana_bot/install/ana/share/ana/config/gazebo_params.yaml
[9.095s] -- Installing: /home/aidan/ana_bot/install/ana/share/ana/config/ana.rviz
[9.095s] -- Installing: /home/aidan/ana_bot/install/ana/share/ana/config/my_controllers.yaml
[9.095s] -- Installing: /home/aidan/ana_bot/install/ana/share/ana/description
[9.095s] -- Installing: /home/aidan/ana_bot/install/ana/share/ana/description/camera.xacro
[9.095s] -- Installing: /home/aidan/ana_bot/install/ana/share/ana/description/ros2_diff_control.xacro
[9.095s] -- Installing: /home/aidan/ana_bot/install/ana/share/ana/description/gazebo_four_diff_control.xacro
[9.095s] -- Installing: /home/aidan/ana_bot/install/ana/share/ana/description/depth_camera.xacro
[9.095s] -- Installing: /home/aidan/ana_bot/install/ana/share/ana/description/robot_core.xacro
[9.096s] -- Installing: /home/aidan/ana_bot/install/ana/share/ana/description/gazebo_diff_control.xacro
[9.096s] -- Installing: /home/aidan/ana_bot/install/ana/share/ana/description/inertial_macros.xacro
[9.096s] -- Installing: /home/aidan/ana_bot/install/ana/share/ana/description/robot.urdf.xacro
[9.096s] -- Installing: /home/aidan/ana_bot/install/ana/share/ana/launch
[9.096s] -- Installing: /home/aidan/ana_bot/install/ana/share/ana/launch/launch_sim.launch.py
[9.096s] -- Installing: /home/aidan/ana_bot/install/ana/share/ana/launch/rsp.launch.py
[9.096s] -- Installing: /home/aidan/ana_bot/install/ana/share/ana/launch/rtab.launch.py
[9.096s] -- Installing: /home/aidan/ana_bot/install/ana/share/ana/worlds
[9.096s] -- Installing: /home/aidan/ana_bot/install/ana/share/ana/worlds/obstacles_walls.world
[9.096s] -- Installing: /home/aidan/ana_bot/install/ana/share/ana/worlds/obstacles.world
[9.096s] -- Installing: /home/aidan/ana_bot/install/ana/share/ana/worlds/empty.world
[9.096s] -- Installing: /home/aidan/ana_bot/install/ana/share/ana/meshes
[9.096s] -- Installing: /home/aidan/ana_bot/install/ana/share/ana/meshes/ana_chassis.stl
[9.097s] -- Installing: /home/aidan/ana_bot/install/ana/share/ana/meshes/d435i.stl
[9.098s] -- Installing: /home/aidan/ana_bot/install/ana/share/ament_index/resource_index/package_run_dependencies/ana
[9.099s] -- Installing: /home/aidan/ana_bot/install/ana/share/ament_index/resource_index/parent_prefix_path/ana
[9.099s] -- Installing: /home/aidan/ana_bot/install/ana/share/ana/environment/ament_prefix_path.sh
[9.099s] -- Installing: /home/aidan/ana_bot/install/ana/share/ana/environment/ament_prefix_path.dsv
[9.099s] -- Installing: /home/aidan/ana_bot/install/ana/share/ana/environment/path.sh
[9.099s] -- Installing: /home/aidan/ana_bot/install/ana/share/ana/environment/path.dsv
[9.099s] -- Installing: /home/aidan/ana_bot/install/ana/share/ana/local_setup.bash
[9.099s] -- Installing: /home/aidan/ana_bot/install/ana/share/ana/local_setup.sh
[9.099s] -- Installing: /home/aidan/ana_bot/install/ana/share/ana/local_setup.zsh
[9.099s] -- Installing: /home/aidan/ana_bot/install/ana/share/ana/local_setup.dsv
[9.100s] -- Installing: /home/aidan/ana_bot/install/ana/share/ana/package.dsv
[9.100s] -- Installing: /home/aidan/ana_bot/install/ana/share/ament_index/resource_index/packages/ana
[9.100s] -- Installing: /home/aidan/ana_bot/install/ana/share/ana/cmake/anaConfig.cmake
[9.100s] -- Installing: /home/aidan/ana_bot/install/ana/share/ana/cmake/anaConfig-version.cmake
[9.100s] -- Installing: /home/aidan/ana_bot/install/ana/share/ana/package.xml
[9.102s] Invoked command in '/home/aidan/ana_bot/build/ana' returned '0': CMAKE_PREFIX_PATH=${CMAKE_PREFIX_PATH}:/home/aidan/ana_bot/install/robot_math:/home/aidan/ana_bot/install/my_python_pkg:/opt/ros/humble /usr/bin/cmake --install /home/aidan/ana_bot/build/ana
