[0.012s] Invoking command in '/home/aidan/ana_bot/build/ana': CMAKE_PREFIX_PATH=${CMAKE_PREFIX_PATH}:/home/aidan/ana_bot/install/my_python_pkg:/opt/ros/humble /usr/bin/cmake --build /home/aidan/ana_bot/build/ana -- -j16 -l16
[0.047s] [35m[1mConsolidate compiler generated dependencies of target publish_pcd_node[0m
[0.052s] [ 50%] Built target point_cloud_filter_node
[0.069s] [ 75%] [32mBuilding CXX object CMakeFiles/publish_pcd_node.dir/src/ply2pcd.cpp.o[0m
[5.520s] [100%] [32m[1mLinking CXX executable publish_pcd_node[0m
[6.436s] [100%] Built target publish_pcd_node
[6.444s] Invoked command in '/home/aidan/ana_bot/build/ana' returned '0': CMAKE_PREFIX_PATH=${CMAKE_PREFIX_PATH}:/home/aidan/ana_bot/install/my_python_pkg:/opt/ros/humble /usr/bin/cmake --build /home/aidan/ana_bot/build/ana -- -j16 -l16
[6.467s] Invoking command in '/home/aidan/ana_bot/build/ana': CMAKE_PREFIX_PATH=${CMAKE_PREFIX_PATH}:/home/aidan/ana_bot/install/my_python_pkg:/opt/ros/humble /usr/bin/cmake --install /home/aidan/ana_bot/build/ana
[6.472s] -- Install configuration: ""
[6.472s] -- Up-to-date: /home/aidan/ana_bot/install/ana/lib/ana/point_cloud_filter_node
[6.472s] -- Installing: /home/aidan/ana_bot/install/ana/lib/ana/publish_pcd_node
[6.473s] -- Set runtime path of "/home/aidan/ana_bot/install/ana/lib/ana/publish_pcd_node" to ""
[6.473s] -- Up-to-date: /home/aidan/ana_bot/install/ana/share/ana/config
[6.473s] -- Up-to-date: /home/aidan/ana_bot/install/ana/share/ana/config/simulation_depth.rviz
[6.473s] -- Up-to-date: /home/aidan/ana_bot/install/ana/share/ana/config/diff_drive_bot.rviz
[6.473s] -- Up-to-date: /home/aidan/ana_bot/install/ana/share/ana/config/gazebo_params.yaml
[6.473s] -- Up-to-date: /home/aidan/ana_bot/install/ana/share/ana/config/ana.rviz
[6.473s] -- Up-to-date: /home/aidan/ana_bot/install/ana/share/ana/config/my_controllers.yaml
[6.473s] -- Up-to-date: /home/aidan/ana_bot/install/ana/share/ana/config/nav2_params.yaml
[6.474s] -- Up-to-date: /home/aidan/ana_bot/install/ana/share/ana/description
[6.474s] -- Up-to-date: /home/aidan/ana_bot/install/ana/share/ana/description/camera.xacro
[6.474s] -- Up-to-date: /home/aidan/ana_bot/install/ana/share/ana/description/ros2_diff_control.xacro
[6.474s] -- Up-to-date: /home/aidan/ana_bot/install/ana/share/ana/description/gazebo_four_diff_control.xacro
[6.474s] -- Up-to-date: /home/aidan/ana_bot/install/ana/share/ana/description/depth_camera.xacro
[6.474s] -- Up-to-date: /home/aidan/ana_bot/install/ana/share/ana/description/robot_core.xacro
[6.474s] -- Up-to-date: /home/aidan/ana_bot/install/ana/share/ana/description/gazebo_diff_control.xacro
[6.474s] -- Up-to-date: /home/aidan/ana_bot/install/ana/share/ana/description/inertial_macros.xacro
[6.474s] -- Up-to-date: /home/aidan/ana_bot/install/ana/share/ana/description/robot.urdf.xacro
[6.474s] -- Up-to-date: /home/aidan/ana_bot/install/ana/share/ana/launch
[6.474s] -- Up-to-date: /home/aidan/ana_bot/install/ana/share/ana/launch/launch_sim.launch.py
[6.474s] -- Up-to-date: /home/aidan/ana_bot/install/ana/share/ana/launch/rsp.launch.py
[6.474s] -- Up-to-date: /home/aidan/ana_bot/install/ana/share/ana/launch/rtab.launch.py
[6.474s] -- Up-to-date: /home/aidan/ana_bot/install/ana/share/ana/launch/nav2.launch.py
[6.474s] -- Up-to-date: /home/aidan/ana_bot/install/ana/share/ana/worlds
[6.474s] -- Up-to-date: /home/aidan/ana_bot/install/ana/share/ana/worlds/obstacles_walls.world
[6.474s] -- Up-to-date: /home/aidan/ana_bot/install/ana/share/ana/worlds/obstacles.world
[6.474s] -- Up-to-date: /home/aidan/ana_bot/install/ana/share/ana/worlds/empty.world
[6.474s] -- Up-to-date: /home/aidan/ana_bot/install/ana/share/ana/meshes
[6.474s] -- Up-to-date: /home/aidan/ana_bot/install/ana/share/ana/meshes/ana_chassis.stl
[6.474s] -- Up-to-date: /home/aidan/ana_bot/install/ana/share/ana/meshes/d435i.stl
[6.475s] -- Up-to-date: /home/aidan/ana_bot/install/ana/share/ana/rtab_maps
[6.475s] -- Up-to-date: /home/aidan/ana_bot/install/ana/share/ana/rtab_maps/orange_cones_3d.pcd
[6.475s] -- Up-to-date: /home/aidan/ana_bot/install/ana/share/ana/rtab_maps/orange_cones_3d.ply
[6.475s] -- Up-to-date: /home/aidan/ana_bot/install/ana/share/ament_index/resource_index/package_run_dependencies/ana
[6.475s] -- Up-to-date: /home/aidan/ana_bot/install/ana/share/ament_index/resource_index/parent_prefix_path/ana
[6.475s] -- Up-to-date: /home/aidan/ana_bot/install/ana/share/ana/environment/ament_prefix_path.sh
[6.475s] -- Up-to-date: /home/aidan/ana_bot/install/ana/share/ana/environment/ament_prefix_path.dsv
[6.475s] -- Up-to-date: /home/aidan/ana_bot/install/ana/share/ana/environment/path.sh
[6.475s] -- Up-to-date: /home/aidan/ana_bot/install/ana/share/ana/environment/path.dsv
[6.476s] -- Up-to-date: /home/aidan/ana_bot/install/ana/share/ana/local_setup.bash
[6.476s] -- Up-to-date: /home/aidan/ana_bot/install/ana/share/ana/local_setup.sh
[6.476s] -- Up-to-date: /home/aidan/ana_bot/install/ana/share/ana/local_setup.zsh
[6.476s] -- Up-to-date: /home/aidan/ana_bot/install/ana/share/ana/local_setup.dsv
[6.476s] -- Installing: /home/aidan/ana_bot/install/ana/share/ana/package.dsv
[6.476s] -- Up-to-date: /home/aidan/ana_bot/install/ana/share/ament_index/resource_index/packages/ana
[6.476s] -- Up-to-date: /home/aidan/ana_bot/install/ana/share/ana/cmake/anaConfig.cmake
[6.476s] -- Up-to-date: /home/aidan/ana_bot/install/ana/share/ana/cmake/anaConfig-version.cmake
[6.476s] -- Up-to-date: /home/aidan/ana_bot/install/ana/share/ana/package.xml
[6.477s] Invoked command in '/home/aidan/ana_bot/build/ana' returned '0': CMAKE_PREFIX_PATH=${CMAKE_PREFIX_PATH}:/home/aidan/ana_bot/install/my_python_pkg:/opt/ros/humble /usr/bin/cmake --install /home/aidan/ana_bot/build/ana
