[0m** WARNING ** io features related to pcap will be disabled[0m
[0m** WARNING ** io features related to png will be disabled[0m
[01m[K/home/aidan/ana_bot/src/ana/src/nodes/occupancy_grid_subscriber.cpp:[m[K In member function ‘[01m[Kvoid GridSubscriber::applyGradientCosts(int, int, nav_msgs::msg::OccupancyGrid&, int, int)[m[K’:
[01m[K/home/aidan/ana_bot/src/ana/src/nodes/occupancy_grid_subscriber.cpp:75:61:[m[K [01;31m[Kerror: [m[Kno matching function for call to ‘[01m[Kmin(int&, __gnu_cxx::__alloc_traits<std::allocator<signed char>, signed char>::value_type&)[m[K’
   75 |                     decayedCost = std::max(minCost, [01;31m[Kstd::min(decayedCost, costmap.data[nIdx])[m[K);  // Ensuring the cost does not drop below minCost
      |                                                     [01;31m[K~~~~~~~~^~~~~~~~~~~~~~~~~~~~~~~~~~~~~~~~~[m[K
In file included from [01m[K/usr/include/c++/11/memory:63[m[K,
                 from [01m[K/opt/ros/humble/include/rclcpp/rclcpp/rclcpp.hpp:153[m[K,
                 from [01m[K/home/aidan/ana_bot/src/ana/src/nodes/occupancy_grid_subscriber.cpp:1[m[K:
[01m[K/usr/include/c++/11/bits/stl_algobase.h:230:5:[m[K [01;36m[Knote: [m[Kcandidate: ‘[01m[Ktemplate<class _Tp> constexpr const _Tp& std::min(const _Tp&, const _Tp&)[m[K’
  230 |     [01;36m[Kmin[m[K(const _Tp& __a, const _Tp& __b)
      |     [01;36m[K^~~[m[K
[01m[K/usr/include/c++/11/bits/stl_algobase.h:230:5:[m[K [01;36m[Knote: [m[K  template argument deduction/substitution failed:
[01m[K/home/aidan/ana_bot/src/ana/src/nodes/occupancy_grid_subscriber.cpp:75:61:[m[K [01;36m[Knote: [m[K  deduced conflicting types for parameter ‘[01m[Kconst _Tp[m[K’ (‘[01m[Kint[m[K’ and ‘[01m[K__gnu_cxx::__alloc_traits<std::allocator<signed char>, signed char>::value_type[m[K’ {aka ‘[01m[Ksigned char[m[K’})
   75 |                     decayedCost = std::max(minCost, [01;36m[Kstd::min(decayedCost, costmap.data[nIdx])[m[K);  // Ensuring the cost does not drop below minCost
      |                                                     [01;36m[K~~~~~~~~^~~~~~~~~~~~~~~~~~~~~~~~~~~~~~~~~[m[K
In file included from [01m[K/usr/include/c++/11/memory:63[m[K,
                 from [01m[K/opt/ros/humble/include/rclcpp/rclcpp/rclcpp.hpp:153[m[K,
                 from [01m[K/home/aidan/ana_bot/src/ana/src/nodes/occupancy_grid_subscriber.cpp:1[m[K:
[01m[K/usr/include/c++/11/bits/stl_algobase.h:278:5:[m[K [01;36m[Knote: [m[Kcandidate: ‘[01m[Ktemplate<class _Tp, class _Compare> constexpr const _Tp& std::min(const _Tp&, const _Tp&, _Compare)[m[K’
  278 |     [01;36m[Kmin[m[K(const _Tp& __a, const _Tp& __b, _Compare __comp)
      |     [01;36m[K^~~[m[K
[01m[K/usr/include/c++/11/bits/stl_algobase.h:278:5:[m[K [01;36m[Knote: [m[K  template argument deduction/substitution failed:
[01m[K/home/aidan/ana_bot/src/ana/src/nodes/occupancy_grid_subscriber.cpp:75:61:[m[K [01;36m[Knote: [m[K  deduced conflicting types for parameter ‘[01m[Kconst _Tp[m[K’ (‘[01m[Kint[m[K’ and ‘[01m[K__gnu_cxx::__alloc_traits<std::allocator<signed char>, signed char>::value_type[m[K’ {aka ‘[01m[Ksigned char[m[K’})
   75 |                     decayedCost = std::max(minCost, [01;36m[Kstd::min(decayedCost, costmap.data[nIdx])[m[K);  // Ensuring the cost does not drop below minCost
      |                                                     [01;36m[K~~~~~~~~^~~~~~~~~~~~~~~~~~~~~~~~~~~~~~~~~[m[K
In file included from [01m[K/usr/include/c++/11/algorithm:62[m[K,
                 from [01m[K/opt/ros/humble/include/rclcpp/rclcpp/executor.hpp:18[m[K,
                 from [01m[K/opt/ros/humble/include/rclcpp/rclcpp/executors/multi_threaded_executor.hpp:25[m[K,
                 from [01m[K/opt/ros/humble/include/rclcpp/rclcpp/executors.hpp:21[m[K,
                 from [01m[K/opt/ros/humble/include/rclcpp/rclcpp/rclcpp.hpp:155[m[K,
                 from [01m[K/home/aidan/ana_bot/src/ana/src/nodes/occupancy_grid_subscriber.cpp:1[m[K:
[01m[K/usr/include/c++/11/bits/stl_algo.h:3449:5:[m[K [01;36m[Knote: [m[Kcandidate: ‘[01m[Ktemplate<class _Tp> constexpr _Tp std::min(std::initializer_list<_Tp>)[m[K’
 3449 |     [01;36m[Kmin[m[K(initializer_list<_Tp> __l)
      |     [01;36m[K^~~[m[K
[01m[K/usr/include/c++/11/bits/stl_algo.h:3449:5:[m[K [01;36m[Knote: [m[K  template argument deduction/substitution failed:
[01m[K/home/aidan/ana_bot/src/ana/src/nodes/occupancy_grid_subscriber.cpp:75:61:[m[K [01;36m[Knote: [m[K  mismatched types ‘[01m[Kstd::initializer_list<_Tp>[m[K’ and ‘[01m[Kint[m[K’
   75 |                     decayedCost = std::max(minCost, [01;36m[Kstd::min(decayedCost, costmap.data[nIdx])[m[K);  // Ensuring the cost does not drop below minCost
      |                                                     [01;36m[K~~~~~~~~^~~~~~~~~~~~~~~~~~~~~~~~~~~~~~~~~[m[K
In file included from [01m[K/usr/include/c++/11/algorithm:62[m[K,
                 from [01m[K/opt/ros/humble/include/rclcpp/rclcpp/executor.hpp:18[m[K,
                 from [01m[K/opt/ros/humble/include/rclcpp/rclcpp/executors/multi_threaded_executor.hpp:25[m[K,
                 from [01m[K/opt/ros/humble/include/rclcpp/rclcpp/executors.hpp:21[m[K,
                 from [01m[K/opt/ros/humble/include/rclcpp/rclcpp/rclcpp.hpp:155[m[K,
                 from [01m[K/home/aidan/ana_bot/src/ana/src/nodes/occupancy_grid_subscriber.cpp:1[m[K:
[01m[K/usr/include/c++/11/bits/stl_algo.h:3455:5:[m[K [01;36m[Knote: [m[Kcandidate: ‘[01m[Ktemplate<class _Tp, class _Compare> constexpr _Tp std::min(std::initializer_list<_Tp>, _Compare)[m[K’
 3455 |     [01;36m[Kmin[m[K(initializer_list<_Tp> __l, _Compare __comp)
      |     [01;36m[K^~~[m[K
[01m[K/usr/include/c++/11/bits/stl_algo.h:3455:5:[m[K [01;36m[Knote: [m[K  template argument deduction/substitution failed:
[01m[K/home/aidan/ana_bot/src/ana/src/nodes/occupancy_grid_subscriber.cpp:75:61:[m[K [01;36m[Knote: [m[K  mismatched types ‘[01m[Kstd::initializer_list<_Tp>[m[K’ and ‘[01m[Kint[m[K’
   75 |                     decayedCost = std::max(minCost, [01;36m[Kstd::min(decayedCost, costmap.data[nIdx])[m[K);  // Ensuring the cost does not drop below minCost
      |                                                     [01;36m[K~~~~~~~~^~~~~~~~~~~~~~~~~~~~~~~~~~~~~~~~~[m[K
gmake[2]: *** [CMakeFiles/occupancy_grid_subscriber_node.dir/build.make:76: CMakeFiles/occupancy_grid_subscriber_node.dir/src/nodes/occupancy_grid_subscriber.cpp.o] Error 1
gmake[1]: *** [CMakeFiles/Makefile2:195: CMakeFiles/occupancy_grid_subscriber_node.dir/all] Error 2
gmake: *** [Makefile:146: all] Error 2
