[0.015s] Invoking command in '/home/aidan/ana_bot/build/ana': CMAKE_PREFIX_PATH=${CMAKE_PREFIX_PATH}:/home/aidan/ana_bot/install/my_python_pkg:/opt/ros/humble /usr/bin/cmake --build /home/aidan/ana_bot/build/ana -- -j16 -l16
[0.042s] -- Found ament_cmake: 1.3.8 (/opt/ros/humble/share/ament_cmake/cmake)
[0.146s] -- Override CMake install command with custom implementation using symlinks instead of copying resources
[0.160s] -- Found rclcpp: 16.0.8 (/opt/ros/humble/share/rclcpp/cmake)
[0.196s] -- Found rosidl_generator_c: 3.1.5 (/opt/ros/humble/share/rosidl_generator_c/cmake)
[0.198s] -- Found rosidl_adapter: 3.1.5 (/opt/ros/humble/share/rosidl_adapter/cmake)
[0.205s] -- Found rosidl_generator_cpp: 3.1.5 (/opt/ros/humble/share/rosidl_generator_cpp/cmake)
[0.217s] -- Using all available rosidl_typesupport_c: rosidl_typesupport_fastrtps_c;rosidl_typesupport_introspection_c
[0.233s] -- Using all available rosidl_typesupport_cpp: rosidl_typesupport_fastrtps_cpp;rosidl_typesupport_introspection_cpp
[0.288s] -- Found rmw_implementation_cmake: 6.1.1 (/opt/ros/humble/share/rmw_implementation_cmake/cmake)
[0.290s] -- Found rmw_fastrtps_cpp: 6.2.6 (/opt/ros/humble/share/rmw_fastrtps_cpp/cmake)
[0.390s] -- Using RMW implementation 'rmw_fastrtps_cpp' as default
[0.522s] -- Found sensor_msgs: 4.2.3 (/opt/ros/humble/share/sensor_msgs/cmake)
[0.625s] -- Found nav_msgs: 4.2.3 (/opt/ros/humble/share/nav_msgs/cmake)
[0.691s] -- Found image_transport: 3.1.9 (/opt/ros/humble/share/image_transport/cmake)
[0.722s] -- Found cv_bridge: 3.2.1 (/opt/ros/humble/share/cv_bridge/cmake)
[0.746s] -- Eigen found (include: /usr/include/eigen3, version: 3.4.0)
[0.765s] -- OpenNI found (version: 1.5.4.0, include: /usr/include/ni, lib: /usr/lib/libOpenNI.so;libusb::libusb)
[0.770s] -- OpenNI2 found (version: 2.2.0.33, include: /usr/include/openni2, lib: /usr/lib/x86_64-linux-gnu/libOpenNI2.so;libusb::libusb)
[0.770s] [0m** WARNING ** io features related to pcap will be disabled[0m
[0.770s] [0m** WARNING ** io features related to png will be disabled[0m
[0.930s] -- Found Eigen3: /usr/include/eigen3 (found version "3.4.0") 
[1.015s] -- Eigen found (include: /usr/include/eigen3, version: 3.4.0)
[1.030s] -- FLANN found (include: /usr/include, lib: /usr/lib/x86_64-linux-gnu/libflann_cpp.so)
[1.222s] -- looking for PCL_COMMON
[1.222s] -- looking for PCL_OCTREE
[1.223s] -- looking for PCL_IO
[1.223s] -- looking for PCL_KDTREE
[1.223s] -- looking for PCL_SEARCH
[1.224s] -- looking for PCL_SAMPLE_CONSENSUS
[1.224s] -- looking for PCL_FILTERS
[1.224s] -- looking for PCL_GEOMETRY
[1.225s] -- looking for PCL_2D
[1.225s] -- looking for PCL_FEATURES
[1.225s] -- looking for PCL_ML
[1.226s] -- looking for PCL_SEGMENTATION
[1.227s] -- Found pcl_conversions: 2.4.0 (/opt/ros/humble/share/pcl_conversions/cmake)
[1.337s] -- Found nav2_costmap_2d: 1.1.14 (/opt/ros/humble/share/nav2_costmap_2d/cmake)
[1.881s] -- Found Eigen3: TRUE (found version "3.4.0") 
[1.881s] -- Ensuring Eigen3 include directory is part of orocos-kdl CMake target
[2.778s] -- Found ament_lint_auto: 0.12.10 (/opt/ros/humble/share/ament_lint_auto/cmake)
[2.851s] -- Added test 'copyright' to check source files copyright and LICENSE
[2.853s] -- Added test 'cppcheck' to perform static code analysis on C / C++ code
[2.857s] -- Configured cppcheck include dirs: /home/aidan/ana_bot/src/ana/include;/home/aidan/ana_bot/src/ana/src/cuda
[2.857s] -- Configured cppcheck exclude dirs and/or files: 
[2.858s] -- Added test 'cpplint' to check C / C++ code against the Google style
[2.858s] -- Configured cpplint exclude dirs and/or files: 
[2.859s] -- Added test 'flake8' to check Python code syntax and style conventions
[2.859s] -- Added test 'lint_cmake' to check CMake code style
[2.860s] -- Added test 'pep257' to check Python code against some of the docstring style conventions in PEP 257
[2.861s] -- Added test 'uncrustify' to check C / C++ code style
[2.862s] -- Configured uncrustify additional arguments: 
[2.862s] -- Added test 'xmllint' to check XML markup files
[2.863s] -- Configuring done
[3.376s] -- Generating done
[3.378s] -- Build files have been written to: /home/aidan/ana_bot/build/ana
[3.403s] [35m[1mConsolidate compiler generated dependencies of target cuda_operations[0m
[3.410s] [  9%] [32mBuilding CUDA object CMakeFiles/cuda_operations.dir/src/cuda/pointcloud_processing.cu.o[0m
[3.844s] [01m[K/tmp/tmpxft_00050538_00000000-6_pointcloud_processing.cudafe1.cpp:1:3:[m[K [01;35m[Kwarning: [m[Kstyle of line directive is a GCC extension
[3.844s]     1 | # [01;35m[K1[m[K "/home/aidan/ana_bot/src/ana/src/cuda/pointcloud_processing.cu"
[3.844s]       |   [01;35m[K^[m[K
[3.844s] [01m[K/home/aidan/ana_bot/src/ana/src/cuda/pointcloud_processing.cu:2:3:[m[K [01;35m[Kwarning: [m[Kstyle of line directive is a GCC extension
[3.844s]     2 | #i[01;35m[Kn[m[Kclude <device_launch_parameters.h>
[3.844s]       |   [01;35m[K^[m[K
[3.845s] [01m[K/home/aidan/ana_bot/src/ana/src/cuda/pointcloud_processing.cu:2:3:[m[K [01;35m[Kwarning: [m[Kstyle of line directive is a GCC extension
[3.845s]     2 | #i[01;35m[Kn[m[Kclude <device_launch_parameters.h>
[3.845s]       |   [01;35m[K^[m[K
[3.845s] [01m[K/home/aidan/ana_bot/src/ana/src/cuda/pointcloud_processing.cu:2:3:[m[K [01;35m[Kwarning: [m[Kstyle of line directive is a GCC extension
[3.845s]     2 | #i[01;35m[Kn[m[Kclude <device_launch_parameters.h>
[3.845s]       |   [01;35m[K^[m[K
[3.845s] [01m[K/home/aidan/ana_bot/src/ana/src/cuda/pointcloud_processing.cu:2:3:[m[K [01;35m[Kwarning: [m[Kstyle of line directive is a GCC extension
[3.845s]     2 | #i[01;35m[Kn[m[Kclude <device_launch_parameters.h>
[3.845s]       |   [01;35m[K^[m[K
[3.845s] [01m[K/home/aidan/ana_bot/src/ana/src/cuda/pointcloud_processing.cu:2:3:[m[K [01;35m[Kwarning: [m[Kstyle of line directive is a GCC extension
[3.845s]     2 | #i[01;35m[Kn[m[Kclude <device_launch_parameters.h>
[3.845s]       |   [01;35m[K^[m[K
[3.845s] [01m[K/home/aidan/ana_bot/src/ana/src/cuda/pointcloud_processing.cu:2:3:[m[K [01;35m[Kwarning: [m[Kstyle of line directive is a GCC extension
[3.845s]     2 | #i[01;35m[Kn[m[Kclude <device_launch_parameters.h>
[3.845s]       |   [01;35m[K^[m[K
[3.846s] [01m[K/home/aidan/ana_bot/src/ana/src/cuda/pointcloud_processing.cu:3:3:[m[K [01;35m[Kwarning: [m[Kstyle of line directive is a GCC extension
[3.846s]     3 | #i[01;35m[Kn[m[Kclude <stdio.h>  // For error logging
[3.846s]       |   [01;35m[K^[m[K
[3.846s] [01m[K/home/aidan/ana_bot/src/ana/src/cuda/pointcloud_processing.cu:6:3:[m[K [01;35m[Kwarning: [m[Kstyle of line directive is a GCC extension
[3.846s]     6 | //[01;35m[K [m[KDefine constants for filter sizes and other parameters
[3.846s]       |   [01;35m[K^[m[K
[3.846s] [01m[K/home/aidan/ana_bot/src/ana/src/cuda/pointcloud_processing.cu:1:3:[m[K [01;35m[Kwarning: [m[Kstyle of line directive is a GCC extension
[3.846s]     1 | #i[01;35m[Knc[m[Klude <cuda_runtime.h>
[3.846s]       |   [01;35m[K^~[m[K
[3.856s] [01m[K/home/aidan/ana_bot/src/ana/src/cuda/pointcloud_processing.cu:36:3:[m[K [01;35m[Kwarning: [m[Kstyle of line directive is a GCC extension
[3.857s]    36 |   [01;35m[K  [m[Kfor (int ky = -FILTER_SIZE / 2; ky <= FILTER_SIZE / 2; ++ky) {
[3.857s]       |   [01;35m[K^[m[K 
[3.857s] [01m[K/home/aidan/ana_bot/src/ana/src/cuda/pointcloud_processing.cu:66:3:[m[K [01;35m[Kwarning: [m[Kstyle of line directive is a GCC extension
[3.857s]    66 |   [01;35m[K  [m[K// Apply smoothing
[3.857s]       |   [01;35m[K^[m[K 
[3.857s] [01m[K/home/aidan/ana_bot/src/ana/src/cuda/pointcloud_processing.cu:52:3:[m[K [01;35m[Kwarning: [m[Kstyle of line directive is a GCC extension
[3.857s]    52 |   [01;35m[K  [m[Kfloat* devImage;
[3.857s]       |   [01;35m[K^[m[K 
[3.857s] [01m[K/home/aidan/ana_bot/src/ana/src/cuda/pointcloud_processing.cu:53:3:[m[K [01;35m[Kwarning: [m[Kstyle of line directive is a GCC extension
[3.857s]    53 |   [01;35m[K  [m[Ksize_t imageSize = width * height * sizeof(float);
[3.857s]       |   [01;35m[K^[m[K 
[3.858s] [01m[K/home/aidan/ana_bot/src/ana/src/cuda/pointcloud_processing.cu:54:3:[m[K [01;35m[Kwarning: [m[Kstyle of line directive is a GCC extension
[3.858s]    54 |   [01;35m[K  [m[Kfloat* smoothedDepth;
[3.858s]       |   [01;35m[K^[m[K 
[3.858s] [01m[K/home/aidan/ana_bot/src/ana/src/cuda/pointcloud_processing.cu:55:3:[m[K [01;35m[Kwarning: [m[Kstyle of line directive is a GCC extension
[3.858s]    55 | 
[3.858s]       |   [01;35m[K^[m[K 
[3.858s] [01m[K/home/aidan/ana_bot/src/ana/src/cuda/pointcloud_processing.cu:57:3:[m[K [01;35m[Kwarning: [m[Kstyle of line directive is a GCC extension
[3.858s]    57 |   [01;35m[K  [m[KcudaMalloc((void**)&smoothedDepth, imageSize);
[3.858s]       |   [01;35m[K^[m[K 
[3.858s] [01m[K/home/aidan/ana_bot/src/ana/src/cuda/pointcloud_processing.cu:58:3:[m[K [01;35m[Kwarning: [m[Kstyle of line directive is a GCC extension
[3.858s]    58 |   [01;35m[K  [m[KcudaMemcpy(devImage, hostImage, imageSize, cudaMemcpyHostToDevice);
[3.858s]       |   [01;35m[K^[m[K 
[3.858s] [01m[K/home/aidan/ana_bot/src/ana/src/cuda/pointcloud_processing.cu:59:3:[m[K [01;35m[Kwarning: [m[Kstyle of line directive is a GCC extension
[3.858s]    59 | 
[3.859s]       |   [01;35m[K^[m[K 
[3.859s] [01m[K/home/aidan/ana_bot/src/ana/src/cuda/pointcloud_processing.cu:61:3:[m[K [01;35m[Kwarning: [m[Kstyle of line directive is a GCC extension
[3.859s]    61 |   [01;35m[K  [m[Kdim3 dimGrid((width + BLOCK_SIZE - 1) / BLOCK_SIZE, (height + BLOCK_SIZE - 1) / BLOCK_SIZE);
[3.859s]       |   [01;35m[K^[m[K 
[3.859s] [01m[K/home/aidan/ana_bot/src/ana/src/cuda/pointcloud_processing.cu:62:3:[m[K [01;35m[Kwarning: [m[Kstyle of line directive is a GCC extension
[3.859s]    62 | 
[3.859s]       |   [01;35m[K^[m[K 
[3.859s] [01m[K/home/aidan/ana_bot/src/ana/src/cuda/pointcloud_processing.cu:65:3:[m[K [01;35m[Kwarning: [m[Kstyle of line directive is a GCC extension
[3.859s]    65 | 
[3.859s]       |   [01;35m[K^[m[K 
[3.859s] [01m[K/home/aidan/ana_bot/src/ana/src/cuda/pointcloud_processing.cu:68:3:[m[K [01;35m[Kwarning: [m[Kstyle of line directive is a GCC extension
[3.859s]    68 | 
[3.859s]       |   [01;35m[K^[m[K 
[3.859s] [01m[K/home/aidan/ana_bot/src/ana/src/cuda/pointcloud_processing.cu:70:3:[m[K [01;35m[Kwarning: [m[Kstyle of line directive is a GCC extension
[3.860s]    70 | 
[3.860s]       |   [01;35m[K^[m[K 
[3.860s] [01m[K/home/aidan/ana_bot/src/ana/src/cuda/pointcloud_processing.cu:72:3:[m[K [01;35m[Kwarning: [m[Kstyle of line directive is a GCC extension
[3.860s]    72 |   [01;35m[K  [m[KcudaFree(smoothedDepth);
[3.860s]       |   [01;35m[K^[m[K 
[3.860s] [01m[K/home/aidan/ana_bot/src/ana/src/cuda/pointcloud_processing.cu:73:3:[m[K [01;35m[Kwarning: [m[Kstyle of line directive is a GCC extension
[3.860s]    73 | }
[3.860s]       |   [01;35m[K^[m[K 
[3.860s] [01m[K/home/aidan/ana_bot/src/ana/src/cuda/pointcloud_processing.cu:74:3:[m[K [01;35m[Kwarning: [m[Kstyle of line directive is a GCC extension
[3.860s]    74 | 
[3.860s]       |   [01;35m[K^[m[K 
[3.860s] [01m[K/home/aidan/ana_bot/src/ana/src/cuda/pointcloud_processing.cu:76:3:[m[K [01;35m[Kwarning: [m[Kstyle of line directive is a GCC extension
[3.860s]    76 |   [01;35m[K  [m[Kfloat x, y, z;
[3.860s]       |   [01;35m[K^[m[K 
[3.861s] [01m[K/home/aidan/ana_bot/src/ana/src/cuda/pointcloud_processing.cu:77:3:[m[K [01;35m[Kwarning: [m[Kstyle of line directive is a GCC extension
[3.861s]    77 | };
[3.861s]       |   [01;35m[K^[m[K 
[3.861s] [01m[K/home/aidan/ana_bot/src/ana/src/cuda/pointcloud_processing.cu:78:3:[m[K [01;35m[Kwarning: [m[Kstyle of line directive is a GCC extension
[3.861s]    78 | 
[3.861s]       |   [01;35m[K^[m[K 
[3.861s] [01m[K/home/aidan/ana_bot/src/ana/src/cuda/pointcloud_processing.cu:108:3:[m[K [01;35m[Kwarning: [m[Kstyle of line directive is a GCC extension
[3.861s]   108 | 
[3.861s]       |   [01;35m[K^[m[K 
[3.861s] [01m[K/home/aidan/ana_bot/src/ana/src/cuda/pointcloud_processing.cu:97:3:[m[K [01;35m[Kwarning: [m[Kstyle of line directive is a GCC extension
[3.861s]    97 |   [01;35m[K  [m[KPointXYZ *devPoints, *devReducedPoints;
[3.861s]       |   [01;35m[K^[m[K 
[3.862s] [01m[K/home/aidan/ana_bot/src/ana/src/cuda/pointcloud_processing.cu:98:3:[m[K [01;35m[Kwarning: [m[Kstyle of line directive is a GCC extension
[3.862s]    98 |   [01;35m[K  [m[Kint *minIndexGrid;
[3.862s]       |   [01;35m[K^[m[K 
[3.862s] [01m[K/home/aidan/ana_bot/src/ana/src/cuda/pointcloud_processing.cu:99:3:[m[K [01;35m[Kwarning: [m[Kstyle of line directive is a GCC extension
[3.862s]    99 |   [01;35m[K  [m[Kint gridDimensions = ceil(10.0 / voxelSize);  // Assuming a 10x10x10m space for example
[3.862s]       |   [01;35m[K^[m[K 
[3.862s] [01m[K/home/aidan/ana_bot/src/ana/src/cuda/pointcloud_processing.cu:100:3:[m[K [01;35m[Kwarning: [m[Kstyle of line directive is a GCC extension
[3.862s]   100 |   [01;35m[K  i[m[Knt gridSize = gridDimensions * gridDimensions * gridDimensions;
[3.862s]       |   [01;35m[K^[m[K [01;35m[K~[m[K
[3.862s] [01m[K/home/aidan/ana_bot/src/ana/src/cuda/pointcloud_processing.cu:101:3:[m[K [01;35m[Kwarning: [m[Kstyle of line directive is a GCC extension
[3.862s]   101 | 
[3.862s]       |   [01;35m[K^[m[K  
[3.863s] [01m[K/home/aidan/ana_bot/src/ana/src/cuda/pointcloud_processing.cu:103:3:[m[K [01;35m[Kwarning: [m[Kstyle of line directive is a GCC extension
[3.863s]   103 |   [01;35m[K  c[m[KudaMalloc(&devReducedPoints, gridSize * sizeof(PointXYZ));
[3.863s]       |   [01;35m[K^[m[K [01;35m[K~[m[K
[3.863s] [01m[K/home/aidan/ana_bot/src/ana/src/cuda/pointcloud_processing.cu:104:3:[m[K [01;35m[Kwarning: [m[Kstyle of line directive is a GCC extension
[3.863s]   104 |   [01;35m[K  c[m[KudaMalloc(&minIndexGrid, gridSize * sizeof(int));
[3.863s]       |   [01;35m[K^[m[K [01;35m[K~[m[K
[3.863s] [01m[K/home/aidan/ana_bot/src/ana/src/cuda/pointcloud_processing.cu:105:3:[m[K [01;35m[Kwarning: [m[Kstyle of line directive is a GCC extension
[3.863s]   105 |   [01;35m[K  c[m[KudaMemset(minIndexGrid, INT_MAX, gridSize * sizeof(int));
[3.863s]       |   [01;35m[K^[m[K [01;35m[K~[m[K
[3.863s] [01m[K/home/aidan/ana_bot/src/ana/src/cuda/pointcloud_processing.cu:106:3:[m[K [01;35m[Kwarning: [m[Kstyle of line directive is a GCC extension
[3.863s]   106 | 
[3.863s]       |   [01;35m[K^[m[K  
[3.863s] [01m[K/home/aidan/ana_bot/src/ana/src/cuda/pointcloud_processing.cu:108:3:[m[K [01;35m[Kwarning: [m[Kstyle of line directive is a GCC extension
[3.863s]   108 | 
[3.864s]       |   [01;35m[K^[m[K  
[3.864s] [01m[K/home/aidan/ana_bot/src/ana/src/cuda/pointcloud_processing.cu:110:3:[m[K [01;35m[Kwarning: [m[Kstyle of line directive is a GCC extension
[3.864s]   110 |   [01;35m[K  d[m[Kim3 grid((numPoints + block.x - 1) / block.x);
[3.864s]       |   [01;35m[K^[m[K [01;35m[K~[m[K
[3.864s] [01m[K/home/aidan/ana_bot/src/ana/src/cuda/pointcloud_processing.cu:111:3:[m[K [01;35m[Kwarning: [m[Kstyle of line directive is a GCC extension
[3.864s]   111 |   [01;35m[K  v[m[KoxelGridDownsample<<<grid, block>>>(devPoints, devReducedPoints, numPoints, voxelSize, minIndexGrid, gridDimensions);
[3.864s]       |   [01;35m[K^[m[K [01;35m[K~[m[K
[3.864s] [01m[K/home/aidan/ana_bot/src/ana/src/cuda/pointcloud_processing.cu:112:3:[m[K [01;35m[Kwarning: [m[Kstyle of line directive is a GCC extension
[3.864s]   112 | 
[3.864s]       |   [01;35m[K^[m[K  
[3.864s] [01m[K/home/aidan/ana_bot/src/ana/src/cuda/pointcloud_processing.cu:114:3:[m[K [01;35m[Kwarning: [m[Kstyle of line directive is a GCC extension
[3.864s]   114 | 
[3.864s]       |   [01;35m[K^[m[K  
[3.865s] [01m[K/home/aidan/ana_bot/src/ana/src/cuda/pointcloud_processing.cu:116:3:[m[K [01;35m[Kwarning: [m[Kstyle of line directive is a GCC extension
[3.865s]   116 |   [01;35m[K  c[m[KudaFree(devReducedPoints);
[3.865s]       |   [01;35m[K^[m[K [01;35m[K~[m[K
[3.865s] [01m[K/home/aidan/ana_bot/src/ana/src/cuda/pointcloud_processing.cu:117:3:[m[K [01;35m[Kwarning: [m[Kstyle of line directive is a GCC extension
[3.865s]   117 |   [01;35m[K  c[m[KudaFree(minIndexGrid);
[3.865s]       |   [01;35m[K^[m[K [01;35m[K~[m[K
[3.865s] [01m[K/home/aidan/ana_bot/src/ana/src/cuda/pointcloud_processing.cu:118:3:[m[K [01;35m[Kwarning: [m[Kstyle of line directive is a GCC extension
[3.865s]   118 | }
[3.865s]       |   [01;35m[K^[m[K  
[3.865s] [01m[K/home/aidan/ana_bot/src/ana/src/cuda/pointcloud_processing.cu:120:3:[m[K [01;35m[Kwarning: [m[Kstyle of line directive is a GCC extension
[3.865s] [01m[Ktmpxft_00050538_00000000-6_pointcloud_processing.cudafe1.stub.c:4:3:[m[K [01;35m[Kwarning: [m[Kstyle of line directive is a GCC extension
[3.866s] In file included from [01m[Ktmpxft_00050538_00000000-6_pointcloud_processing.cudafe1.stub.c:1[m[K:
[3.866s] [01m[K/home/aidan/ana_bot/src/ana/src/cuda/pointcloud_processing.cu:12:3:[m[K [01;35m[Kwarning: [m[Kstyle of line directive is a GCC extension
[3.866s]    12 |   [01;35m[K  [m[Kint idx = blockIdx.x * blockDim.x + threadIdx.x;
[3.866s]       |   [01;35m[K^[m[K 
[3.866s] In file included from [01m[Ktmpxft_00050538_00000000-6_pointcloud_processing.cudafe1.stub.c:1[m[K:
[3.866s] [01m[K/home/aidan/ana_bot/src/ana/src/cuda/pointcloud_processing.cu:12:3:[m[K [01;35m[Kwarning: [m[Kstyle of line directive is a GCC extension
[3.866s]    12 |   [01;35m[K  [m[Kint idx = blockIdx.x * blockDim.x + threadIdx.x;
[3.866s]       |   [01;35m[K^[m[K 
[3.866s] In file included from [01m[Ktmpxft_00050538_00000000-6_pointcloud_processing.cudafe1.stub.c:1[m[K:
[3.866s] [01m[K/home/aidan/ana_bot/src/ana/src/cuda/pointcloud_processing.cu:23:3:[m[K [01;35m[Kwarning: [m[Kstyle of line directive is a GCC extension
[3.866s]    23 | 
[3.866s]       |   [01;35m[K^[m[K
[3.866s] In file included from [01m[Ktmpxft_00050538_00000000-6_pointcloud_processing.cudafe1.stub.c:1[m[K:
[3.866s] [01m[K/tmp/tmpxft_00050538_00000000-6_pointcloud_processing.cudafe1.stub.c:2:3:[m[K [01;35m[Kwarning: [m[Kstyle of line directive is a GCC extension
[3.867s]     2 | #p[01;35m[Kra[m[Kgma GCC diagnostic ignored "-Wunused-function"
[3.867s]       |   [01;35m[K^~[m[K
[3.867s] In file included from [01m[Ktmpxft_00050538_00000000-6_pointcloud_processing.cudafe1.stub.c:1[m[K:
[3.867s] [01m[K/home/aidan/ana_bot/src/ana/src/cuda/pointcloud_processing.cu:26:3:[m[K [01;35m[Kwarning: [m[Kstyle of line directive is a GCC extension
[3.867s]    26 |   [01;35m[K  [m[Kint idx = blockIdx.x * blockDim.x + threadIdx.x;
[3.867s]       |   [01;35m[K^[m[K 
[3.867s] In file included from [01m[Ktmpxft_00050538_00000000-6_pointcloud_processing.cudafe1.stub.c:1[m[K:
[3.867s] [01m[K/home/aidan/ana_bot/src/ana/src/cuda/pointcloud_processing.cu:26:3:[m[K [01;35m[Kwarning: [m[Kstyle of line directive is a GCC extension
[3.867s]    26 |   [01;35m[K  [m[Kint idx = blockIdx.x * blockDim.x + threadIdx.x;
[3.867s]       |   [01;35m[K^[m[K 
[3.867s] In file included from [01m[Ktmpxft_00050538_00000000-6_pointcloud_processing.cudafe1.stub.c:1[m[K:
[3.867s] [01m[K/home/aidan/ana_bot/src/ana/src/cuda/pointcloud_processing.cu:49:3:[m[K [01;35m[Kwarning: [m[Kstyle of line directive is a GCC extension
[3.867s]    49 | 
[3.867s]       |   [01;35m[K^[m[K
[3.868s] In file included from [01m[Ktmpxft_00050538_00000000-6_pointcloud_processing.cudafe1.stub.c:1[m[K:
[3.868s] [01m[K/tmp/tmpxft_00050538_00000000-6_pointcloud_processing.cudafe1.stub.c:2:3:[m[K [01;35m[Kwarning: [m[Kstyle of line directive is a GCC extension
[3.868s]     2 | #p[01;35m[Kra[m[Kgma GCC diagnostic ignored "-Wunused-function"
[3.868s]       |   [01;35m[K^~[m[K
[3.868s] In file included from [01m[Ktmpxft_00050538_00000000-6_pointcloud_processing.cudafe1.stub.c:1[m[K:
[3.868s] [01m[K/home/aidan/ana_bot/src/ana/src/cuda/pointcloud_processing.cu:80:3:[m[K [01;35m[Kwarning: [m[Kstyle of line directive is a GCC extension
[3.868s]    80 |   [01;35m[K  [m[Kint idx = threadIdx.x + blockIdx.x * blockDim.x;
[3.868s]       |   [01;35m[K^[m[K 
[3.868s] In file included from [01m[Ktmpxft_00050538_00000000-6_pointcloud_processing.cudafe1.stub.c:1[m[K:
[3.868s] [01m[K/home/aidan/ana_bot/src/ana/src/cuda/pointcloud_processing.cu:80:3:[m[K [01;35m[Kwarning: [m[Kstyle of line directive is a GCC extension
[3.868s]    80 |   [01;35m[K  [m[Kint idx = threadIdx.x + blockIdx.x * blockDim.x;
[3.868s]       |   [01;35m[K^[m[K 
[3.868s] In file included from [01m[Ktmpxft_00050538_00000000-6_pointcloud_processing.cudafe1.stub.c:1[m[K:
[3.869s] [01m[K/home/aidan/ana_bot/src/ana/src/cuda/pointcloud_processing.cu:95:3:[m[K [01;35m[Kwarning: [m[Kstyle of line directive is a GCC extension
[3.869s]    95 | 
[3.869s]       |   [01;35m[K^[m[K
[3.869s] [01m[Ktmpxft_00050538_00000000-6_pointcloud_processing.cudafe1.stub.c:2:3:[m[K [01;35m[Kwarning: [m[Kstyle of line directive is a GCC extension
[3.943s] [01m[Kcc1plus:[m[K [01;36m[Knote: [m[Kunrecognized command-line option ‘[01m[K-Wno-line[m[K’ may have been intended to silence earlier diagnostics
[3.954s] [ 18%] [32m[1mLinking CUDA static library libcuda_operations.a[0m
[3.974s] [ 18%] Built target cuda_operations
[3.982s] [35m[1mConsolidate compiler generated dependencies of target depth_live_filter_node[0m
[3.995s] [ 27%] [32mBuilding CXX object CMakeFiles/depth_live_filter_node.dir/src/nodes/depth_live_filter.cpp.o[0m
[4.021s] [35m[1mConsolidate compiler generated dependencies of target occupancy_grid_subscriber_node[0m
[4.022s] [35m[1mConsolidate compiler generated dependencies of target publish_pcd_node[0m
[4.076s] [ 36%] [32mBuilding CXX object CMakeFiles/occupancy_grid_subscriber_node.dir/src/nodes/occupancy_grid_subscriber.cpp.o[0m
[4.082s] [ 45%] [32mBuilding CXX object CMakeFiles/publish_pcd_node.dir/src/nodes/ply2pcd.cpp.o[0m
[7.454s] [ 54%] [32m[1mLinking CUDA device code CMakeFiles/depth_live_filter_node.dir/cmake_device_link.o[0m
[7.495s] [ 63%] [32m[1mLinking CXX executable depth_live_filter_node[0m
[8.032s] [ 63%] Built target depth_live_filter_node
[11.533s] [ 72%] [32m[1mLinking CUDA device code CMakeFiles/publish_pcd_node.dir/cmake_device_link.o[0m
[11.572s] [ 81%] [32m[1mLinking CXX executable publish_pcd_node[0m
[12.254s] [ 90%] [32m[1mLinking CUDA device code CMakeFiles/occupancy_grid_subscriber_node.dir/cmake_device_link.o[0m
[12.296s] [100%] [32m[1mLinking CXX executable occupancy_grid_subscriber_node[0m
[18.523s] [100%] Built target occupancy_grid_subscriber_node
[18.869s] [100%] Built target publish_pcd_node
[18.876s] Invoked command in '/home/aidan/ana_bot/build/ana' returned '0': CMAKE_PREFIX_PATH=${CMAKE_PREFIX_PATH}:/home/aidan/ana_bot/install/my_python_pkg:/opt/ros/humble /usr/bin/cmake --build /home/aidan/ana_bot/build/ana -- -j16 -l16
[18.903s] Invoking command in '/home/aidan/ana_bot/build/ana': CMAKE_PREFIX_PATH=${CMAKE_PREFIX_PATH}:/home/aidan/ana_bot/install/my_python_pkg:/opt/ros/humble /usr/bin/cmake --install /home/aidan/ana_bot/build/ana
[18.908s] -- Install configuration: ""
[18.908s] -- Execute custom install script
[18.908s] -- Up-to-date symlink: /home/aidan/ana_bot/install/ana/lib/ana/depth_live_filter_node
[18.909s] -- Up-to-date symlink: /home/aidan/ana_bot/install/ana/lib/ana/publish_pcd_node
[18.909s] -- Up-to-date symlink: /home/aidan/ana_bot/install/ana/lib/ana/occupancy_grid_subscriber_node
[18.909s] -- Up-to-date symlink: /home/aidan/ana_bot/install/ana/lib/ana/libcuda_operations.a
[18.909s] -- Up-to-date symlink: /home/aidan/ana_bot/install/ana/share/ana/config/amcl_params.yaml
[18.909s] -- Up-to-date symlink: /home/aidan/ana_bot/install/ana/share/ana/config/ana.rviz
[18.909s] -- Up-to-date symlink: /home/aidan/ana_bot/install/ana/share/ana/config/ana_map.rviz
[18.909s] -- Up-to-date symlink: /home/aidan/ana_bot/install/ana/share/ana/config/ana_nav2.rviz
[18.909s] -- Up-to-date symlink: /home/aidan/ana_bot/install/ana/share/ana/config/custom_navigator.xml
[18.909s] -- Up-to-date symlink: /home/aidan/ana_bot/install/ana/share/ana/config/diff_drive_bot.rviz
[18.909s] -- Up-to-date symlink: /home/aidan/ana_bot/install/ana/share/ana/config/gazebo_params.yaml
[18.909s] -- Up-to-date symlink: /home/aidan/ana_bot/install/ana/share/ana/config/mapper_params_online_async.yaml
[18.909s] -- Up-to-date symlink: /home/aidan/ana_bot/install/ana/share/ana/config/my_controllers.yaml
[18.910s] -- Up-to-date symlink: /home/aidan/ana_bot/install/ana/share/ana/config/nav2_params.yaml
[18.910s] -- Up-to-date symlink: /home/aidan/ana_bot/install/ana/share/ana/config/rtabmap.yaml
[18.910s] -- Up-to-date symlink: /home/aidan/ana_bot/install/ana/share/ana/config/simple_navigation_bt.xml
[18.910s] -- Up-to-date symlink: /home/aidan/ana_bot/install/ana/share/ana/config/simulation_depth.rviz
[18.910s] -- Up-to-date symlink: /home/aidan/ana_bot/install/ana/share/ana/config/twist_mux.yaml
[18.910s] -- Up-to-date symlink: /home/aidan/ana_bot/install/ana/share/ana/description/camera.xacro
[18.910s] -- Up-to-date symlink: /home/aidan/ana_bot/install/ana/share/ana/description/depth_camera.xacro
[18.910s] -- Up-to-date symlink: /home/aidan/ana_bot/install/ana/share/ana/description/gazebo_diff_control.xacro
[18.910s] -- Up-to-date symlink: /home/aidan/ana_bot/install/ana/share/ana/description/gazebo_four_diff_control.xacro
[18.910s] -- Up-to-date symlink: /home/aidan/ana_bot/install/ana/share/ana/description/inertial_macros.xacro
[18.910s] -- Up-to-date symlink: /home/aidan/ana_bot/install/ana/share/ana/description/robot.urdf.xacro
[18.910s] -- Up-to-date symlink: /home/aidan/ana_bot/install/ana/share/ana/description/robot_core.xacro
[18.910s] -- Up-to-date symlink: /home/aidan/ana_bot/install/ana/share/ana/description/ros2_diff_control.xacro
[18.911s] -- Up-to-date symlink: /home/aidan/ana_bot/install/ana/share/ana/launch/launch_sim.launch.py
[18.911s] -- Up-to-date symlink: /home/aidan/ana_bot/install/ana/share/ana/launch/localization_launch.py
[18.911s] -- Up-to-date symlink: /home/aidan/ana_bot/install/ana/share/ana/launch/nav2.launch.py
[18.911s] -- Up-to-date symlink: /home/aidan/ana_bot/install/ana/share/ana/launch/navigation_launch.py
[18.911s] -- Up-to-date symlink: /home/aidan/ana_bot/install/ana/share/ana/launch/online_async_launch.py
[18.911s] -- Up-to-date symlink: /home/aidan/ana_bot/install/ana/share/ana/launch/rsp.launch.py
[18.911s] -- Up-to-date symlink: /home/aidan/ana_bot/install/ana/share/ana/launch/rtab.launch.py
[18.911s] -- Up-to-date symlink: /home/aidan/ana_bot/install/ana/share/ana/worlds/bedroom.world
[18.911s] -- Up-to-date symlink: /home/aidan/ana_bot/install/ana/share/ana/worlds/empty.world
[18.911s] -- Up-to-date symlink: /home/aidan/ana_bot/install/ana/share/ana/worlds/obstacles.world
[18.911s] -- Up-to-date symlink: /home/aidan/ana_bot/install/ana/share/ana/worlds/obstacles_walls.world
[18.911s] -- Up-to-date symlink: /home/aidan/ana_bot/install/ana/share/ana/worlds/outside.world
[18.911s] -- Up-to-date symlink: /home/aidan/ana_bot/install/ana/share/ana/meshes/ana_chassis.stl
[18.912s] -- Up-to-date symlink: /home/aidan/ana_bot/install/ana/share/ana/meshes/d435i.stl
[18.912s] -- Up-to-date symlink: /home/aidan/ana_bot/install/ana/share/ana/rtab_maps/occupancy_grid.pgm
[18.912s] -- Up-to-date symlink: /home/aidan/ana_bot/install/ana/share/ana/rtab_maps/occupancy_grid.yaml
[18.912s] -- Up-to-date symlink: /home/aidan/ana_bot/install/ana/share/ana/rtab_maps/rtab_settings.config
[18.912s] -- Up-to-date symlink: /home/aidan/ana_bot/install/ana/share/ana/rtab_maps/settings4_screenshot1.png
[18.912s] -- Up-to-date symlink: /home/aidan/ana_bot/install/ana/share/ana/rtab_maps/settings4_screenshot2.png
[18.912s] -- Up-to-date symlink: /home/aidan/ana_bot/install/ana/share/ana/rtab_maps/settings4_toLoad.ini
[18.912s] -- Up-to-date symlink: /home/aidan/ana_bot/install/ana/share/ament_index/resource_index/package_run_dependencies/ana
[18.912s] -- Up-to-date symlink: /home/aidan/ana_bot/install/ana/share/ament_index/resource_index/parent_prefix_path/ana
[18.912s] -- Up-to-date symlink: /home/aidan/ana_bot/install/ana/share/ana/environment/ament_prefix_path.sh
[18.912s] -- Up-to-date symlink: /home/aidan/ana_bot/install/ana/share/ana/environment/ament_prefix_path.dsv
[18.913s] -- Up-to-date symlink: /home/aidan/ana_bot/install/ana/share/ana/environment/path.sh
[18.913s] -- Up-to-date symlink: /home/aidan/ana_bot/install/ana/share/ana/environment/path.dsv
[18.913s] -- Up-to-date symlink: /home/aidan/ana_bot/install/ana/share/ana/local_setup.bash
[18.913s] -- Up-to-date symlink: /home/aidan/ana_bot/install/ana/share/ana/local_setup.sh
[18.913s] -- Up-to-date symlink: /home/aidan/ana_bot/install/ana/share/ana/local_setup.zsh
[18.913s] -- Up-to-date symlink: /home/aidan/ana_bot/install/ana/share/ana/local_setup.dsv
[18.913s] -- Symlinking: /home/aidan/ana_bot/install/ana/share/ana/package.dsv
[18.919s] -- Up-to-date symlink: /home/aidan/ana_bot/install/ana/share/ament_index/resource_index/packages/ana
[18.919s] -- Up-to-date symlink: /home/aidan/ana_bot/install/ana/share/ana/cmake/anaConfig.cmake
[18.920s] -- Up-to-date symlink: /home/aidan/ana_bot/install/ana/share/ana/cmake/anaConfig-version.cmake
[18.920s] -- Up-to-date symlink: /home/aidan/ana_bot/install/ana/share/ana/package.xml
[18.921s] Invoked command in '/home/aidan/ana_bot/build/ana' returned '0': CMAKE_PREFIX_PATH=${CMAKE_PREFIX_PATH}:/home/aidan/ana_bot/install/my_python_pkg:/opt/ros/humble /usr/bin/cmake --install /home/aidan/ana_bot/build/ana
