[0.557s] Invoking command in '/home/aidan/ros2_ws/build/my_python_pkg': PYTHONPATH=/home/aidan/ros2_ws/build/my_python_pkg/prefix_override:/home/aidan/ros2_ws/install/my_python_pkg/lib/python3.10/site-packages:${PYTHONPATH} /usr/bin/python3 -W ignore:setup.py install is deprecated setup.py develop --editable --build-directory /home/aidan/ros2_ws/build/my_python_pkg/build --no-deps symlink_data --force
[0.787s] running develop
[0.787s] /usr/lib/python3/dist-packages/setuptools/command/easy_install.py:158: EasyInstallDeprecationWarning: easy_install command is deprecated. Use build and pip and other standards-based tools.
[0.787s]   warnings.warn(
[0.946s] running egg_info
[0.946s] writing my_python_pkg.egg-info/PKG-INFO
[0.946s] writing dependency_links to my_python_pkg.egg-info/dependency_links.txt
[0.946s] writing entry points to my_python_pkg.egg-info/entry_points.txt
[0.946s] writing requirements to my_python_pkg.egg-info/requires.txt
[0.946s] writing top-level names to my_python_pkg.egg-info/top_level.txt
[0.948s] reading manifest file 'my_python_pkg.egg-info/SOURCES.txt'
[0.949s] writing manifest file 'my_python_pkg.egg-info/SOURCES.txt'
[0.950s] running build_ext
[0.951s] Creating /home/aidan/ros2_ws/install/my_python_pkg/lib/python3.10/site-packages/my-python-pkg.egg-link (link to .)
[0.951s] Installing arduino_serial script to /home/aidan/ros2_ws/install/my_python_pkg/lib/my_python_pkg
[0.952s] Installing motor_control script to /home/aidan/ros2_ws/install/my_python_pkg/lib/my_python_pkg
[0.952s] 
[0.952s] Installed /home/aidan/ros2_ws/build/my_python_pkg
[0.952s] running symlink_data
[0.952s] symbolically linking /home/aidan/ros2_ws/build/my_python_pkg/resource/my_python_pkg -> /home/aidan/ros2_ws/install/my_python_pkg/share/ament_index/resource_index/packages
[0.952s] symbolically linking /home/aidan/ros2_ws/build/my_python_pkg/package.xml -> /home/aidan/ros2_ws/install/my_python_pkg/share/my_python_pkg
[0.998s] Invoked command in '/home/aidan/ros2_ws/build/my_python_pkg' returned '0': PYTHONPATH=/home/aidan/ros2_ws/build/my_python_pkg/prefix_override:/home/aidan/ros2_ws/install/my_python_pkg/lib/python3.10/site-packages:${PYTHONPATH} /usr/bin/python3 -W ignore:setup.py install is deprecated setup.py develop --editable --build-directory /home/aidan/ros2_ws/build/my_python_pkg/build --no-deps symlink_data --force
