[0.457s] Invoking command in '/home/aidan/ros2_ws/src/my_python_pkg': PYTHONPATH=/home/aidan/ros2_ws/build/my_python_pkg/prefix_override:/home/aidan/ros2_ws/install/my_python_pkg/lib/python3.10/site-packages:${PYTHONPATH} /usr/bin/python3 -W ignore:setup.py install is deprecated setup.py egg_info --egg-base ../../build/my_python_pkg build --build-base /home/aidan/ros2_ws/build/my_python_pkg/build install --record /home/aidan/ros2_ws/build/my_python_pkg/install.log --single-version-externally-managed install_data
[0.629s] running egg_info
[0.629s] creating ../../build/my_python_pkg/my_python_pkg.egg-info
[0.629s] writing ../../build/my_python_pkg/my_python_pkg.egg-info/PKG-INFO
[0.630s] writing dependency_links to ../../build/my_python_pkg/my_python_pkg.egg-info/dependency_links.txt
[0.630s] writing entry points to ../../build/my_python_pkg/my_python_pkg.egg-info/entry_points.txt
[0.630s] writing requirements to ../../build/my_python_pkg/my_python_pkg.egg-info/requires.txt
[0.630s] writing top-level names to ../../build/my_python_pkg/my_python_pkg.egg-info/top_level.txt
[0.630s] writing manifest file '../../build/my_python_pkg/my_python_pkg.egg-info/SOURCES.txt'
[0.631s] reading manifest file '../../build/my_python_pkg/my_python_pkg.egg-info/SOURCES.txt'
[0.631s] writing manifest file '../../build/my_python_pkg/my_python_pkg.egg-info/SOURCES.txt'
[0.632s] running build
[0.632s] running build_py
[0.632s] creating /home/aidan/ros2_ws/build/my_python_pkg/build
[0.632s] creating /home/aidan/ros2_ws/build/my_python_pkg/build/lib
[0.632s] creating /home/aidan/ros2_ws/build/my_python_pkg/build/lib/my_python_pkg
[0.632s] copying my_python_pkg/arduino_serial.py -> /home/aidan/ros2_ws/build/my_python_pkg/build/lib/my_python_pkg
[0.632s] copying my_python_pkg/motor_control.py -> /home/aidan/ros2_ws/build/my_python_pkg/build/lib/my_python_pkg
[0.632s] copying my_python_pkg/__init__.py -> /home/aidan/ros2_ws/build/my_python_pkg/build/lib/my_python_pkg
[0.632s] running install
[0.632s] running install_lib
[0.633s] creating /home/aidan/ros2_ws/install/my_python_pkg/lib/python3.10/site-packages/my_python_pkg
[0.633s] copying /home/aidan/ros2_ws/build/my_python_pkg/build/lib/my_python_pkg/arduino_serial.py -> /home/aidan/ros2_ws/install/my_python_pkg/lib/python3.10/site-packages/my_python_pkg
[0.633s] copying /home/aidan/ros2_ws/build/my_python_pkg/build/lib/my_python_pkg/motor_control.py -> /home/aidan/ros2_ws/install/my_python_pkg/lib/python3.10/site-packages/my_python_pkg
[0.634s] copying /home/aidan/ros2_ws/build/my_python_pkg/build/lib/my_python_pkg/__init__.py -> /home/aidan/ros2_ws/install/my_python_pkg/lib/python3.10/site-packages/my_python_pkg
[0.634s] byte-compiling /home/aidan/ros2_ws/install/my_python_pkg/lib/python3.10/site-packages/my_python_pkg/arduino_serial.py to arduino_serial.cpython-310.pyc
[0.634s] byte-compiling /home/aidan/ros2_ws/install/my_python_pkg/lib/python3.10/site-packages/my_python_pkg/motor_control.py to motor_control.cpython-310.pyc
[0.635s] byte-compiling /home/aidan/ros2_ws/install/my_python_pkg/lib/python3.10/site-packages/my_python_pkg/__init__.py to __init__.cpython-310.pyc
[0.635s] running install_data
[0.635s] creating /home/aidan/ros2_ws/install/my_python_pkg/share/ament_index
[0.635s] creating /home/aidan/ros2_ws/install/my_python_pkg/share/ament_index/resource_index
[0.636s] creating /home/aidan/ros2_ws/install/my_python_pkg/share/ament_index/resource_index/packages
[0.636s] copying resource/my_python_pkg -> /home/aidan/ros2_ws/install/my_python_pkg/share/ament_index/resource_index/packages
[0.636s] copying package.xml -> /home/aidan/ros2_ws/install/my_python_pkg/share/my_python_pkg
[0.636s] running install_egg_info
[0.637s] Copying ../../build/my_python_pkg/my_python_pkg.egg-info to /home/aidan/ros2_ws/install/my_python_pkg/lib/python3.10/site-packages/my_python_pkg-0.0.0-py3.10.egg-info
[0.637s] running install_scripts
[0.651s] Installing arduino_serial script to /home/aidan/ros2_ws/install/my_python_pkg/lib/my_python_pkg
[0.651s] Installing motor_control script to /home/aidan/ros2_ws/install/my_python_pkg/lib/my_python_pkg
[0.652s] writing list of installed files to '/home/aidan/ros2_ws/build/my_python_pkg/install.log'
[0.666s] Invoked command in '/home/aidan/ros2_ws/src/my_python_pkg' returned '0': PYTHONPATH=/home/aidan/ros2_ws/build/my_python_pkg/prefix_override:/home/aidan/ros2_ws/install/my_python_pkg/lib/python3.10/site-packages:${PYTHONPATH} /usr/bin/python3 -W ignore:setup.py install is deprecated setup.py egg_info --egg-base ../../build/my_python_pkg build --build-base /home/aidan/ros2_ws/build/my_python_pkg/build install --record /home/aidan/ros2_ws/build/my_python_pkg/install.log --single-version-externally-managed install_data
