[0.010s] Invoking command in '/home/aidan/ana_bot/build/ana': CMAKE_PREFIX_PATH=${CMAKE_PREFIX_PATH}:/home/aidan/ana_bot/install/my_python_pkg:/opt/ros/humble /usr/bin/cmake /home/aidan/ana_bot/src/ana -DCMAKE_INSTALL_PREFIX=/home/aidan/ana_bot/install/ana
[0.046s] -- The C compiler identification is GNU 11.4.0
[0.084s] -- The CXX compiler identification is GNU 11.4.0
[0.089s] -- Detecting C compiler ABI info
[0.135s] -- Detecting C compiler ABI info - done
[0.142s] -- Check for working C compiler: /usr/bin/cc - skipped
[0.142s] -- Detecting C compile features
[0.143s] -- Detecting C compile features - done
[0.145s] -- Detecting CXX compiler ABI info
[0.198s] -- Detecting CXX compiler ABI info - done
[0.204s] -- Check for working CXX compiler: /usr/bin/c++ - skipped
[0.204s] -- Detecting CXX compile features
[0.205s] -- Detecting CXX compile features - done
[0.206s] -- Found ament_cmake: 1.3.8 (/opt/ros/humble/share/ament_cmake/cmake)
[0.316s] -- Found Python3: /usr/bin/python3 (found version "3.10.12") found components: Interpreter 
[0.384s] -- Found rclcpp: 16.0.8 (/opt/ros/humble/share/rclcpp/cmake)
[0.418s] -- Found rosidl_generator_c: 3.1.5 (/opt/ros/humble/share/rosidl_generator_c/cmake)
[0.422s] -- Found rosidl_adapter: 3.1.5 (/opt/ros/humble/share/rosidl_adapter/cmake)
[0.429s] -- Found rosidl_generator_cpp: 3.1.5 (/opt/ros/humble/share/rosidl_generator_cpp/cmake)
[0.439s] -- Using all available rosidl_typesupport_c: rosidl_typesupport_fastrtps_c;rosidl_typesupport_introspection_c
[0.454s] -- Using all available rosidl_typesupport_cpp: rosidl_typesupport_fastrtps_cpp;rosidl_typesupport_introspection_cpp
[0.509s] -- Found rmw_implementation_cmake: 6.1.1 (/opt/ros/humble/share/rmw_implementation_cmake/cmake)
[0.511s] -- Found rmw_fastrtps_cpp: 6.2.6 (/opt/ros/humble/share/rmw_fastrtps_cpp/cmake)
[0.578s] -- Found OpenSSL: /usr/lib/x86_64-linux-gnu/libcrypto.so (found version "3.0.2")  
[0.599s] -- Found FastRTPS: /opt/ros/humble/include  
[0.634s] -- Using RMW implementation 'rmw_fastrtps_cpp' as default
[0.641s] -- Looking for pthread.h
[0.690s] -- Looking for pthread.h - found
[0.690s] -- Performing Test CMAKE_HAVE_LIBC_PTHREAD
[0.743s] -- Performing Test CMAKE_HAVE_LIBC_PTHREAD - Success
[0.744s] -- Found Threads: TRUE  
[0.870s] -- Found sensor_msgs: 4.2.3 (/opt/ros/humble/share/sensor_msgs/cmake)
[0.972s] -- Found nav_msgs: 4.2.3 (/opt/ros/humble/share/nav_msgs/cmake)
[1.039s] -- Found image_transport: 3.1.9 (/opt/ros/humble/share/image_transport/cmake)
[1.075s] -- Found cv_bridge: 3.2.1 (/opt/ros/humble/share/cv_bridge/cmake)
[1.089s] -- Found OpenCV: /usr (found version "4.5.4") 
[1.099s] -- Checking for module 'eigen3'
[1.106s] --   Found eigen3, version 3.4.0
[1.125s] -- Found Eigen: /usr/include/eigen3 (Required is at least version "3.1") 
[1.125s] -- Eigen found (include: /usr/include/eigen3, version: 3.4.0)
[1.140s] -- Found Boost: /usr/lib/x86_64-linux-gnu/cmake/Boost-1.74.0/BoostConfig.cmake (found suitable version "1.74.0", minimum required is "1.65.0") found components: system filesystem date_time iostreams serialization 
[1.173s] -- Checking for module 'libusb-1.0'
[1.180s] --   Found libusb-1.0, version 1.0.25
[1.199s] -- Found libusb: /usr/lib/x86_64-linux-gnu/libusb-1.0.so  
[1.200s] -- Found OpenNI: /usr/lib/libOpenNI.so;libusb::libusb (found version "1.5.4.0") 
[1.200s] -- OpenNI found (version: 1.5.4.0, include: /usr/include/ni, lib: /usr/lib/libOpenNI.so;libusb::libusb)
[1.230s] -- Found OpenNI2: /usr/lib/x86_64-linux-gnu/libOpenNI2.so;libusb::libusb (found version "2.2.0.33") 
[1.230s] -- OpenNI2 found (version: 2.2.0.33, include: /usr/include/openni2, lib: /usr/lib/x86_64-linux-gnu/libOpenNI2.so;libusb::libusb)
[1.231s] [0m** WARNING ** io features related to pcap will be disabled[0m
[1.231s] [0m** WARNING ** io features related to png will be disabled[0m
[1.257s] -- Found GLEW: /usr/lib/x86_64-linux-gnu/libGLEW.so  
[1.261s] -- Found OpenGL: /usr/lib/x86_64-linux-gnu/libOpenGL.so  found components: OpenGL GLX 
[1.351s] -- Found MPI_C: /usr/lib/x86_64-linux-gnu/libmpi.so (found version "3.1") 
[1.351s] -- Found MPI: TRUE (found version "3.1") found components: C 
[1.353s] -- Found JsonCpp: /usr/lib/x86_64-linux-gnu/libjsoncpp.so (found suitable version "1.9.5", minimum required is "0.7.0") 
[1.360s] -- Found ZLIB: /usr/lib/x86_64-linux-gnu/libz.so (found version "1.2.11") 
[1.373s] -- Found PNG: /usr/lib/x86_64-linux-gnu/libpng.so (found version "1.6.37") 
[1.381s] -- Found Eigen3: /usr/include/eigen3 (found version "3.4.0") 
[1.437s] -- Found X11: /usr/include   
[1.437s] -- Looking for XOpenDisplay in /usr/lib/x86_64-linux-gnu/libX11.so;/usr/lib/x86_64-linux-gnu/libXext.so
[1.485s] -- Looking for XOpenDisplay in /usr/lib/x86_64-linux-gnu/libX11.so;/usr/lib/x86_64-linux-gnu/libXext.so - found
[1.485s] -- Looking for gethostbyname
[1.530s] -- Looking for gethostbyname - found
[1.530s] -- Looking for connect
[1.574s] -- Looking for connect - found
[1.574s] -- Looking for remove
[1.619s] -- Looking for remove - found
[1.619s] -- Looking for shmat
[1.666s] -- Looking for shmat - found
[1.666s] -- Looking for IceConnectionNumber in ICE
[1.714s] -- Looking for IceConnectionNumber in ICE - found
[1.765s] -- Found EXPAT: /usr/lib/x86_64-linux-gnu/libexpat.so (found version "2.4.7") 
[1.766s] -- Found double-conversion: /usr/lib/x86_64-linux-gnu/libdouble-conversion.so  
[1.768s] -- Found LZ4: /usr/lib/x86_64-linux-gnu/liblz4.so (found version "1.9.3") 
[1.769s] -- Found LZMA: /usr/lib/x86_64-linux-gnu/liblzma.so (found version "5.2.5") 
[1.779s] -- Found JPEG: /usr/lib/x86_64-linux-gnu/libjpeg.so (found version "80") 
[1.782s] -- Found TIFF: /usr/lib/x86_64-linux-gnu/libtiff.so (found version "4.3.0")  
[1.785s] -- Found Freetype: /usr/lib/x86_64-linux-gnu/libfreetype.so (found version "2.11.1") 
[1.789s] -- Found utf8cpp: /usr/include/utf8cpp  
[1.812s] -- Eigen found (include: /usr/include/eigen3, version: 3.4.0)
[1.823s] -- Checking for module 'flann'
[1.831s] --   Found flann, version 1.9.1
[1.856s] -- Found FLANN: /usr/lib/x86_64-linux-gnu/libflann_cpp.so  
[1.856s] -- FLANN found (include: /usr/include, lib: /usr/lib/x86_64-linux-gnu/libflann_cpp.so)
[2.059s] -- looking for PCL_COMMON
[2.060s] -- Found PCL_COMMON: /usr/lib/x86_64-linux-gnu/libpcl_common.so  
[2.060s] -- looking for PCL_OCTREE
[2.061s] -- Found PCL_OCTREE: /usr/lib/x86_64-linux-gnu/libpcl_octree.so  
[2.061s] -- looking for PCL_IO
[2.061s] -- Found PCL_IO: /usr/lib/x86_64-linux-gnu/libpcl_io.so  
[2.061s] -- looking for PCL_KDTREE
[2.062s] -- Found PCL_KDTREE: /usr/lib/x86_64-linux-gnu/libpcl_kdtree.so  
[2.062s] -- looking for PCL_SEARCH
[2.063s] -- Found PCL_SEARCH: /usr/lib/x86_64-linux-gnu/libpcl_search.so  
[2.063s] -- looking for PCL_SAMPLE_CONSENSUS
[2.063s] -- Found PCL_SAMPLE_CONSENSUS: /usr/lib/x86_64-linux-gnu/libpcl_sample_consensus.so  
[2.064s] -- looking for PCL_FILTERS
[2.064s] -- Found PCL_FILTERS: /usr/lib/x86_64-linux-gnu/libpcl_filters.so  
[2.064s] -- looking for PCL_GEOMETRY
[2.065s] -- Found PCL_GEOMETRY: /usr/include/pcl-1.12  
[2.065s] -- looking for PCL_2D
[2.065s] -- Found PCL_2D: /usr/include/pcl-1.12  
[2.065s] -- looking for PCL_FEATURES
[2.065s] -- Found PCL_FEATURES: /usr/lib/x86_64-linux-gnu/libpcl_features.so  
[2.066s] -- looking for PCL_ML
[2.066s] -- Found PCL_ML: /usr/lib/x86_64-linux-gnu/libpcl_ml.so  
[2.066s] -- looking for PCL_SEGMENTATION
[2.067s] -- Found PCL_SEGMENTATION: /usr/lib/x86_64-linux-gnu/libpcl_segmentation.so  
[2.067s] -- Found PCL: pcl_common;pcl_octree;pcl_io;pcl_kdtree;pcl_search;pcl_sample_consensus;pcl_filters;pcl_features;pcl_ml;pcl_segmentation;Boost::system;Boost::filesystem;Boost::date_time;Boost::iostreams;Boost::serialization;/usr/lib/libOpenNI.so;libusb::libusb;/usr/lib/x86_64-linux-gnu/libOpenNI2.so;libusb::libusb;VTK::ChartsCore;VTK::CommonColor;VTK::CommonComputationalGeometry;VTK::CommonCore;VTK::CommonDataModel;VTK::CommonExecutionModel;VTK::CommonMath;VTK::CommonMisc;VTK::CommonTransforms;VTK::FiltersCore;VTK::FiltersExtraction;VTK::FiltersGeneral;VTK::FiltersGeometry;VTK::FiltersModeling;VTK::FiltersSources;VTK::ImagingCore;VTK::ImagingSources;VTK::InteractionImage;VTK::InteractionStyle;VTK::InteractionWidgets;VTK::IOCore;VTK::IOGeometry;VTK::IOImage;VTK::IOLegacy;VTK::IOPLY;VTK::RenderingAnnotation;VTK::RenderingCore;VTK::RenderingContext2D;VTK::RenderingLOD;VTK::RenderingFreeType;VTK::ViewsCore;VTK::ViewsContext2D;VTK::RenderingOpenGL2;VTK::GUISupportQt;FLANN::FLANN  
[2.069s] -- Found pcl_conversions: 2.4.0 (/opt/ros/humble/share/pcl_conversions/cmake)
[2.189s] -- Found CUDA: /usr (found version "11.5") 
[2.191s] -- Found nav2_costmap_2d: 1.1.14 (/opt/ros/humble/share/nav2_costmap_2d/cmake)
[2.723s] -- Found Eigen3: TRUE (found version "3.4.0") 
[2.723s] -- Ensuring Eigen3 include directory is part of orocos-kdl CMake target
[4.140s] -- The CUDA compiler identification is NVIDIA 11.5.119
[4.145s] -- Detecting CUDA compiler ABI info
[4.796s] -- Detecting CUDA compiler ABI info - done
[4.817s] -- Check for working CUDA compiler: /usr/bin/nvcc - skipped
[4.818s] -- Detecting CUDA compile features
[4.818s] -- Detecting CUDA compile features - done
[4.963s] -- Found ament_lint_auto: 0.12.10 (/opt/ros/humble/share/ament_lint_auto/cmake)
[5.038s] -- Added test 'copyright' to check source files copyright and LICENSE
[5.039s] -- Added test 'cppcheck' to perform static code analysis on C / C++ code
[5.043s] -- Configured cppcheck include dirs: /home/aidan/ana_bot/src/ana/include;/home/aidan/ana_bot/src/ana/src/cuda
[5.043s] -- Configured cppcheck exclude dirs and/or files: 
[5.044s] -- Added test 'cpplint' to check C / C++ code against the Google style
[5.044s] -- Configured cpplint exclude dirs and/or files: 
[5.045s] -- Added test 'flake8' to check Python code syntax and style conventions
[5.045s] -- Added test 'lint_cmake' to check CMake code style
[5.046s] -- Added test 'pep257' to check Python code against some of the docstring style conventions in PEP 257
[5.047s] -- Added test 'uncrustify' to check C / C++ code style
[5.047s] -- Configured uncrustify additional arguments: 
[5.047s] -- Added test 'xmllint' to check XML markup files
[5.048s] -- Configuring done
[5.517s] -- Generating done
[5.519s] -- Build files have been written to: /home/aidan/ana_bot/build/ana
[5.537s] Invoked command in '/home/aidan/ana_bot/build/ana' returned '0': CMAKE_PREFIX_PATH=${CMAKE_PREFIX_PATH}:/home/aidan/ana_bot/install/my_python_pkg:/opt/ros/humble /usr/bin/cmake /home/aidan/ana_bot/src/ana -DCMAKE_INSTALL_PREFIX=/home/aidan/ana_bot/install/ana
[5.537s] Invoking command in '/home/aidan/ana_bot/build/ana': CMAKE_PREFIX_PATH=${CMAKE_PREFIX_PATH}:/home/aidan/ana_bot/install/my_python_pkg:/opt/ros/humble /usr/bin/cmake --build /home/aidan/ana_bot/build/ana -- -j16 -l16
[5.570s] [  9%] [32mBuilding CUDA object CMakeFiles/cuda_operations.dir/src/cuda/pointcloud_processing.cu.o[0m
[5.889s] [01m[K/tmp/tmpxft_0004df3d_00000000-6_pointcloud_processing.cudafe1.cpp:1:3:[m[K [01;35m[Kwarning: [m[Kstyle of line directive is a GCC extension
[5.889s]     1 | # [01;35m[K1[m[K "/home/aidan/ana_bot/src/ana/src/cuda/pointcloud_processing.cu"
[5.890s]       |   [01;35m[K^[m[K
[5.890s] [01m[K/home/aidan/ana_bot/src/ana/src/cuda/pointcloud_processing.cu:2:3:[m[K [01;35m[Kwarning: [m[Kstyle of line directive is a GCC extension
[5.890s]     2 | #i[01;35m[Kn[m[Kclude <device_launch_parameters.h>
[5.890s]       |   [01;35m[K^[m[K
[5.890s] [01m[K/home/aidan/ana_bot/src/ana/src/cuda/pointcloud_processing.cu:2:3:[m[K [01;35m[Kwarning: [m[Kstyle of line directive is a GCC extension
[5.890s]     2 | #i[01;35m[Kn[m[Kclude <device_launch_parameters.h>
[5.890s]       |   [01;35m[K^[m[K
[5.890s] [01m[K/home/aidan/ana_bot/src/ana/src/cuda/pointcloud_processing.cu:2:3:[m[K [01;35m[Kwarning: [m[Kstyle of line directive is a GCC extension
[5.890s]     2 | #i[01;35m[Kn[m[Kclude <device_launch_parameters.h>
[5.890s]       |   [01;35m[K^[m[K
[5.890s] [01m[K/home/aidan/ana_bot/src/ana/src/cuda/pointcloud_processing.cu:2:3:[m[K [01;35m[Kwarning: [m[Kstyle of line directive is a GCC extension
[5.890s]     2 | #i[01;35m[Kn[m[Kclude <device_launch_parameters.h>
[5.890s]       |   [01;35m[K^[m[K
[5.891s] [01m[K/home/aidan/ana_bot/src/ana/src/cuda/pointcloud_processing.cu:2:3:[m[K [01;35m[Kwarning: [m[Kstyle of line directive is a GCC extension
[5.891s]     2 | #i[01;35m[Kn[m[Kclude <device_launch_parameters.h>
[5.891s]       |   [01;35m[K^[m[K
[5.891s] [01m[K/home/aidan/ana_bot/src/ana/src/cuda/pointcloud_processing.cu:2:3:[m[K [01;35m[Kwarning: [m[Kstyle of line directive is a GCC extension
[5.891s]     2 | #i[01;35m[Kn[m[Kclude <device_launch_parameters.h>
[5.891s]       |   [01;35m[K^[m[K
[5.891s] [01m[K/home/aidan/ana_bot/src/ana/src/cuda/pointcloud_processing.cu:3:3:[m[K [01;35m[Kwarning: [m[Kstyle of line directive is a GCC extension
[5.891s]     3 | #i[01;35m[Kn[m[Kclude <stdio.h>  // For error logging
[5.891s]       |   [01;35m[K^[m[K
[5.891s] [01m[K/home/aidan/ana_bot/src/ana/src/cuda/pointcloud_processing.cu:6:3:[m[K [01;35m[Kwarning: [m[Kstyle of line directive is a GCC extension
[5.891s]     6 | //[01;35m[K [m[KDefine constants for filter sizes and other parameters
[5.891s]       |   [01;35m[K^[m[K
[5.891s] [01m[K/home/aidan/ana_bot/src/ana/src/cuda/pointcloud_processing.cu:1:3:[m[K [01;35m[Kwarning: [m[Kstyle of line directive is a GCC extension
[5.892s]     1 | #i[01;35m[Knc[m[Klude <cuda_runtime.h>
[5.892s]       |   [01;35m[K^~[m[K
[5.901s] [01m[K/home/aidan/ana_bot/src/ana/src/cuda/pointcloud_processing.cu:36:3:[m[K [01;35m[Kwarning: [m[Kstyle of line directive is a GCC extension
[5.901s]    36 |   [01;35m[K  [m[Kfor (int ky = -FILTER_SIZE / 2; ky <= FILTER_SIZE / 2; ++ky) {
[5.901s]       |   [01;35m[K^[m[K 
[5.902s] [01m[K/home/aidan/ana_bot/src/ana/src/cuda/pointcloud_processing.cu:66:3:[m[K [01;35m[Kwarning: [m[Kstyle of line directive is a GCC extension
[5.902s]    66 |   [01;35m[K  [m[K// Apply smoothing
[5.902s]       |   [01;35m[K^[m[K 
[5.902s] [01m[K/home/aidan/ana_bot/src/ana/src/cuda/pointcloud_processing.cu:52:3:[m[K [01;35m[Kwarning: [m[Kstyle of line directive is a GCC extension
[5.902s]    52 |   [01;35m[K  [m[Kfloat* devImage;
[5.902s]       |   [01;35m[K^[m[K 
[5.902s] [01m[K/home/aidan/ana_bot/src/ana/src/cuda/pointcloud_processing.cu:53:3:[m[K [01;35m[Kwarning: [m[Kstyle of line directive is a GCC extension
[5.902s]    53 |   [01;35m[K  [m[Ksize_t imageSize = width * height * sizeof(float);
[5.902s]       |   [01;35m[K^[m[K 
[5.902s] [01m[K/home/aidan/ana_bot/src/ana/src/cuda/pointcloud_processing.cu:54:3:[m[K [01;35m[Kwarning: [m[Kstyle of line directive is a GCC extension
[5.902s]    54 |   [01;35m[K  [m[Kfloat* smoothedDepth;
[5.902s]       |   [01;35m[K^[m[K 
[5.902s] [01m[K/home/aidan/ana_bot/src/ana/src/cuda/pointcloud_processing.cu:55:3:[m[K [01;35m[Kwarning: [m[Kstyle of line directive is a GCC extension
[5.903s]    55 | 
[5.903s]       |   [01;35m[K^[m[K 
[5.903s] [01m[K/home/aidan/ana_bot/src/ana/src/cuda/pointcloud_processing.cu:57:3:[m[K [01;35m[Kwarning: [m[Kstyle of line directive is a GCC extension
[5.903s]    57 |   [01;35m[K  [m[KcudaMalloc((void**)&smoothedDepth, imageSize);
[5.903s]       |   [01;35m[K^[m[K 
[5.903s] [01m[K/home/aidan/ana_bot/src/ana/src/cuda/pointcloud_processing.cu:58:3:[m[K [01;35m[Kwarning: [m[Kstyle of line directive is a GCC extension
[5.903s]    58 |   [01;35m[K  [m[KcudaMemcpy(devImage, hostImage, imageSize, cudaMemcpyHostToDevice);
[5.903s]       |   [01;35m[K^[m[K 
[5.903s] [01m[K/home/aidan/ana_bot/src/ana/src/cuda/pointcloud_processing.cu:59:3:[m[K [01;35m[Kwarning: [m[Kstyle of line directive is a GCC extension
[5.903s]    59 | 
[5.903s]       |   [01;35m[K^[m[K 
[5.903s] [01m[K/home/aidan/ana_bot/src/ana/src/cuda/pointcloud_processing.cu:61:3:[m[K [01;35m[Kwarning: [m[Kstyle of line directive is a GCC extension
[5.903s]    61 |   [01;35m[K  [m[Kdim3 dimGrid((width + BLOCK_SIZE - 1) / BLOCK_SIZE, (height + BLOCK_SIZE - 1) / BLOCK_SIZE);
[5.904s]       |   [01;35m[K^[m[K 
[5.904s] [01m[K/home/aidan/ana_bot/src/ana/src/cuda/pointcloud_processing.cu:62:3:[m[K [01;35m[Kwarning: [m[Kstyle of line directive is a GCC extension
[5.904s]    62 | 
[5.904s]       |   [01;35m[K^[m[K 
[5.904s] [01m[K/home/aidan/ana_bot/src/ana/src/cuda/pointcloud_processing.cu:65:3:[m[K [01;35m[Kwarning: [m[Kstyle of line directive is a GCC extension
[5.904s]    65 | 
[5.904s]       |   [01;35m[K^[m[K 
[5.904s] [01m[K/home/aidan/ana_bot/src/ana/src/cuda/pointcloud_processing.cu:68:3:[m[K [01;35m[Kwarning: [m[Kstyle of line directive is a GCC extension
[5.904s]    68 | 
[5.904s]       |   [01;35m[K^[m[K 
[5.904s] [01m[K/home/aidan/ana_bot/src/ana/src/cuda/pointcloud_processing.cu:70:3:[m[K [01;35m[Kwarning: [m[Kstyle of line directive is a GCC extension
[5.905s]    70 | 
[5.905s]       |   [01;35m[K^[m[K 
[5.905s] [01m[K/home/aidan/ana_bot/src/ana/src/cuda/pointcloud_processing.cu:72:3:[m[K [01;35m[Kwarning: [m[Kstyle of line directive is a GCC extension
[5.905s]    72 |   [01;35m[K  [m[KcudaFree(smoothedDepth);
[5.905s]       |   [01;35m[K^[m[K 
[5.905s] [01m[K/home/aidan/ana_bot/src/ana/src/cuda/pointcloud_processing.cu:73:3:[m[K [01;35m[Kwarning: [m[Kstyle of line directive is a GCC extension
[5.905s]    73 | }
[5.905s]       |   [01;35m[K^[m[K 
[5.905s] [01m[K/home/aidan/ana_bot/src/ana/src/cuda/pointcloud_processing.cu:74:3:[m[K [01;35m[Kwarning: [m[Kstyle of line directive is a GCC extension
[5.905s]    74 | 
[5.905s]       |   [01;35m[K^[m[K 
[5.905s] [01m[K/home/aidan/ana_bot/src/ana/src/cuda/pointcloud_processing.cu:76:3:[m[K [01;35m[Kwarning: [m[Kstyle of line directive is a GCC extension
[5.905s]    76 |   [01;35m[K  [m[Kfloat x, y, z;
[5.906s]       |   [01;35m[K^[m[K 
[5.906s] [01m[K/home/aidan/ana_bot/src/ana/src/cuda/pointcloud_processing.cu:77:3:[m[K [01;35m[Kwarning: [m[Kstyle of line directive is a GCC extension
[5.906s]    77 | };
[5.906s]       |   [01;35m[K^[m[K 
[5.906s] [01m[K/home/aidan/ana_bot/src/ana/src/cuda/pointcloud_processing.cu:78:3:[m[K [01;35m[Kwarning: [m[Kstyle of line directive is a GCC extension
[5.906s]    78 | 
[5.906s]       |   [01;35m[K^[m[K 
[5.906s] [01m[K/home/aidan/ana_bot/src/ana/src/cuda/pointcloud_processing.cu:108:3:[m[K [01;35m[Kwarning: [m[Kstyle of line directive is a GCC extension
[5.906s]   108 | 
[5.906s]       |   [01;35m[K^[m[K 
[5.906s] [01m[K/home/aidan/ana_bot/src/ana/src/cuda/pointcloud_processing.cu:97:3:[m[K [01;35m[Kwarning: [m[Kstyle of line directive is a GCC extension
[5.906s]    97 |   [01;35m[K  [m[KPointXYZ *devPoints, *devReducedPoints;
[5.906s]       |   [01;35m[K^[m[K 
[5.907s] [01m[K/home/aidan/ana_bot/src/ana/src/cuda/pointcloud_processing.cu:98:3:[m[K [01;35m[Kwarning: [m[Kstyle of line directive is a GCC extension
[5.907s]    98 |   [01;35m[K  [m[Kint *minIndexGrid;
[5.907s]       |   [01;35m[K^[m[K 
[5.907s] [01m[K/home/aidan/ana_bot/src/ana/src/cuda/pointcloud_processing.cu:99:3:[m[K [01;35m[Kwarning: [m[Kstyle of line directive is a GCC extension
[5.907s]    99 |   [01;35m[K  [m[Kint gridDimensions = ceil(10.0 / voxelSize);  // Assuming a 10x10x10m space for example
[5.907s]       |   [01;35m[K^[m[K 
[5.907s] [01m[K/home/aidan/ana_bot/src/ana/src/cuda/pointcloud_processing.cu:100:3:[m[K [01;35m[Kwarning: [m[Kstyle of line directive is a GCC extension
[5.907s]   100 |   [01;35m[K  i[m[Knt gridSize = gridDimensions * gridDimensions * gridDimensions;
[5.907s]       |   [01;35m[K^[m[K [01;35m[K~[m[K
[5.907s] [01m[K/home/aidan/ana_bot/src/ana/src/cuda/pointcloud_processing.cu:101:3:[m[K [01;35m[Kwarning: [m[Kstyle of line directive is a GCC extension
[5.907s]   101 | 
[5.907s]       |   [01;35m[K^[m[K  
[5.908s] [01m[K/home/aidan/ana_bot/src/ana/src/cuda/pointcloud_processing.cu:103:3:[m[K [01;35m[Kwarning: [m[Kstyle of line directive is a GCC extension
[5.908s]   103 |   [01;35m[K  c[m[KudaMalloc(&devReducedPoints, gridSize * sizeof(PointXYZ));
[5.908s]       |   [01;35m[K^[m[K [01;35m[K~[m[K
[5.908s] [01m[K/home/aidan/ana_bot/src/ana/src/cuda/pointcloud_processing.cu:104:3:[m[K [01;35m[Kwarning: [m[Kstyle of line directive is a GCC extension
[5.908s]   104 |   [01;35m[K  c[m[KudaMalloc(&minIndexGrid, gridSize * sizeof(int));
[5.908s]       |   [01;35m[K^[m[K [01;35m[K~[m[K
[5.908s] [01m[K/home/aidan/ana_bot/src/ana/src/cuda/pointcloud_processing.cu:105:3:[m[K [01;35m[Kwarning: [m[Kstyle of line directive is a GCC extension
[5.908s]   105 |   [01;35m[K  c[m[KudaMemset(minIndexGrid, INT_MAX, gridSize * sizeof(int));
[5.908s]       |   [01;35m[K^[m[K [01;35m[K~[m[K
[5.908s] [01m[K/home/aidan/ana_bot/src/ana/src/cuda/pointcloud_processing.cu:106:3:[m[K [01;35m[Kwarning: [m[Kstyle of line directive is a GCC extension
[5.908s]   106 | 
[5.908s]       |   [01;35m[K^[m[K  
[5.908s] [01m[K/home/aidan/ana_bot/src/ana/src/cuda/pointcloud_processing.cu:108:3:[m[K [01;35m[Kwarning: [m[Kstyle of line directive is a GCC extension
[5.908s]   108 | 
[5.909s]       |   [01;35m[K^[m[K  
[5.909s] [01m[K/home/aidan/ana_bot/src/ana/src/cuda/pointcloud_processing.cu:110:3:[m[K [01;35m[Kwarning: [m[Kstyle of line directive is a GCC extension
[5.909s]   110 |   [01;35m[K  d[m[Kim3 grid((numPoints + block.x - 1) / block.x);
[5.909s]       |   [01;35m[K^[m[K [01;35m[K~[m[K
[5.909s] [01m[K/home/aidan/ana_bot/src/ana/src/cuda/pointcloud_processing.cu:111:3:[m[K [01;35m[Kwarning: [m[Kstyle of line directive is a GCC extension
[5.909s]   111 |   [01;35m[K  v[m[KoxelGridDownsample<<<grid, block>>>(devPoints, devReducedPoints, numPoints, voxelSize, minIndexGrid, gridDimensions);
[5.909s]       |   [01;35m[K^[m[K [01;35m[K~[m[K
[5.909s] [01m[K/home/aidan/ana_bot/src/ana/src/cuda/pointcloud_processing.cu:112:3:[m[K [01;35m[Kwarning: [m[Kstyle of line directive is a GCC extension
[5.909s]   112 | 
[5.909s]       |   [01;35m[K^[m[K  
[5.909s] [01m[K/home/aidan/ana_bot/src/ana/src/cuda/pointcloud_processing.cu:114:3:[m[K [01;35m[Kwarning: [m[Kstyle of line directive is a GCC extension
[5.909s]   114 | 
[5.910s]       |   [01;35m[K^[m[K  
[5.910s] [01m[K/home/aidan/ana_bot/src/ana/src/cuda/pointcloud_processing.cu:116:3:[m[K [01;35m[Kwarning: [m[Kstyle of line directive is a GCC extension
[5.910s]   116 |   [01;35m[K  c[m[KudaFree(devReducedPoints);
[5.910s]       |   [01;35m[K^[m[K [01;35m[K~[m[K
[5.910s] [01m[K/home/aidan/ana_bot/src/ana/src/cuda/pointcloud_processing.cu:117:3:[m[K [01;35m[Kwarning: [m[Kstyle of line directive is a GCC extension
[5.910s]   117 |   [01;35m[K  c[m[KudaFree(minIndexGrid);
[5.910s]       |   [01;35m[K^[m[K [01;35m[K~[m[K
[5.910s] [01m[K/home/aidan/ana_bot/src/ana/src/cuda/pointcloud_processing.cu:118:3:[m[K [01;35m[Kwarning: [m[Kstyle of line directive is a GCC extension
[5.910s]   118 | }
[5.910s]       |   [01;35m[K^[m[K  
[5.910s] [01m[K/home/aidan/ana_bot/src/ana/src/cuda/pointcloud_processing.cu:120:3:[m[K [01;35m[Kwarning: [m[Kstyle of line directive is a GCC extension
[5.910s] [01m[Ktmpxft_0004df3d_00000000-6_pointcloud_processing.cudafe1.stub.c:4:3:[m[K [01;35m[Kwarning: [m[Kstyle of line directive is a GCC extension
[5.911s] In file included from [01m[Ktmpxft_0004df3d_00000000-6_pointcloud_processing.cudafe1.stub.c:1[m[K:
[5.911s] [01m[K/home/aidan/ana_bot/src/ana/src/cuda/pointcloud_processing.cu:12:3:[m[K [01;35m[Kwarning: [m[Kstyle of line directive is a GCC extension
[5.911s]    12 |   [01;35m[K  [m[Kint idx = blockIdx.x * blockDim.x + threadIdx.x;
[5.911s]       |   [01;35m[K^[m[K 
[5.911s] In file included from [01m[Ktmpxft_0004df3d_00000000-6_pointcloud_processing.cudafe1.stub.c:1[m[K:
[5.911s] [01m[K/home/aidan/ana_bot/src/ana/src/cuda/pointcloud_processing.cu:12:3:[m[K [01;35m[Kwarning: [m[Kstyle of line directive is a GCC extension
[5.911s]    12 |   [01;35m[K  [m[Kint idx = blockIdx.x * blockDim.x + threadIdx.x;
[5.911s]       |   [01;35m[K^[m[K 
[5.911s] In file included from [01m[Ktmpxft_0004df3d_00000000-6_pointcloud_processing.cudafe1.stub.c:1[m[K:
[5.911s] [01m[K/home/aidan/ana_bot/src/ana/src/cuda/pointcloud_processing.cu:23:3:[m[K [01;35m[Kwarning: [m[Kstyle of line directive is a GCC extension
[5.911s]    23 | 
[5.911s]       |   [01;35m[K^[m[K
[5.911s] In file included from [01m[Ktmpxft_0004df3d_00000000-6_pointcloud_processing.cudafe1.stub.c:1[m[K:
[5.912s] [01m[K/tmp/tmpxft_0004df3d_00000000-6_pointcloud_processing.cudafe1.stub.c:2:3:[m[K [01;35m[Kwarning: [m[Kstyle of line directive is a GCC extension
[5.912s]     2 | #p[01;35m[Kra[m[Kgma GCC diagnostic ignored "-Wunused-function"
[5.912s]       |   [01;35m[K^~[m[K
[5.912s] In file included from [01m[Ktmpxft_0004df3d_00000000-6_pointcloud_processing.cudafe1.stub.c:1[m[K:
[5.912s] [01m[K/home/aidan/ana_bot/src/ana/src/cuda/pointcloud_processing.cu:26:3:[m[K [01;35m[Kwarning: [m[Kstyle of line directive is a GCC extension
[5.912s]    26 |   [01;35m[K  [m[Kint idx = blockIdx.x * blockDim.x + threadIdx.x;
[5.912s]       |   [01;35m[K^[m[K 
[5.912s] In file included from [01m[Ktmpxft_0004df3d_00000000-6_pointcloud_processing.cudafe1.stub.c:1[m[K:
[5.912s] [01m[K/home/aidan/ana_bot/src/ana/src/cuda/pointcloud_processing.cu:26:3:[m[K [01;35m[Kwarning: [m[Kstyle of line directive is a GCC extension
[5.912s]    26 |   [01;35m[K  [m[Kint idx = blockIdx.x * blockDim.x + threadIdx.x;
[5.912s]       |   [01;35m[K^[m[K 
[5.912s] In file included from [01m[Ktmpxft_0004df3d_00000000-6_pointcloud_processing.cudafe1.stub.c:1[m[K:
[5.912s] [01m[K/home/aidan/ana_bot/src/ana/src/cuda/pointcloud_processing.cu:49:3:[m[K [01;35m[Kwarning: [m[Kstyle of line directive is a GCC extension
[5.913s]    49 | 
[5.913s]       |   [01;35m[K^[m[K
[5.913s] In file included from [01m[Ktmpxft_0004df3d_00000000-6_pointcloud_processing.cudafe1.stub.c:1[m[K:
[5.913s] [01m[K/tmp/tmpxft_0004df3d_00000000-6_pointcloud_processing.cudafe1.stub.c:2:3:[m[K [01;35m[Kwarning: [m[Kstyle of line directive is a GCC extension
[5.913s]     2 | #p[01;35m[Kra[m[Kgma GCC diagnostic ignored "-Wunused-function"
[5.913s]       |   [01;35m[K^~[m[K
[5.913s] In file included from [01m[Ktmpxft_0004df3d_00000000-6_pointcloud_processing.cudafe1.stub.c:1[m[K:
[5.913s] [01m[K/home/aidan/ana_bot/src/ana/src/cuda/pointcloud_processing.cu:80:3:[m[K [01;35m[Kwarning: [m[Kstyle of line directive is a GCC extension
[5.913s]    80 |   [01;35m[K  [m[Kint idx = threadIdx.x + blockIdx.x * blockDim.x;
[5.913s]       |   [01;35m[K^[m[K 
[5.913s] In file included from [01m[Ktmpxft_0004df3d_00000000-6_pointcloud_processing.cudafe1.stub.c:1[m[K:
[5.913s] [01m[K/home/aidan/ana_bot/src/ana/src/cuda/pointcloud_processing.cu:80:3:[m[K [01;35m[Kwarning: [m[Kstyle of line directive is a GCC extension
[5.913s]    80 |   [01;35m[K  [m[Kint idx = threadIdx.x + blockIdx.x * blockDim.x;
[5.914s]       |   [01;35m[K^[m[K 
[5.914s] In file included from [01m[Ktmpxft_0004df3d_00000000-6_pointcloud_processing.cudafe1.stub.c:1[m[K:
[5.914s] [01m[K/home/aidan/ana_bot/src/ana/src/cuda/pointcloud_processing.cu:95:3:[m[K [01;35m[Kwarning: [m[Kstyle of line directive is a GCC extension
[5.914s]    95 | 
[5.914s]       |   [01;35m[K^[m[K
[5.914s] [01m[Ktmpxft_0004df3d_00000000-6_pointcloud_processing.cudafe1.stub.c:2:3:[m[K [01;35m[Kwarning: [m[Kstyle of line directive is a GCC extension
[5.968s] [01m[Kcc1plus:[m[K [01;36m[Knote: [m[Kunrecognized command-line option ‘[01m[K-Wno-line[m[K’ may have been intended to silence earlier diagnostics
[5.989s] [ 18%] [32m[1mLinking CUDA static library libcuda_operations.a[0m
[6.008s] [ 18%] Built target cuda_operations
[6.021s] [ 27%] [32mBuilding CXX object CMakeFiles/point_cloud_filter_node.dir/src/nodes/PointCloudFilter.cpp.o[0m
[6.101s] [ 36%] [32mBuilding CXX object CMakeFiles/publish_pcd_node.dir/src/nodes/ply2pcd.cpp.o[0m
[6.106s] [ 45%] [32mBuilding CXX object CMakeFiles/occupancy_grid_subscriber_node.dir/src/nodes/occupancy_grid_subscriber.cpp.o[0m
[9.482s] [ 54%] [32m[1mLinking CUDA device code CMakeFiles/point_cloud_filter_node.dir/cmake_device_link.o[0m
[9.521s] [ 63%] [32m[1mLinking CXX executable point_cloud_filter_node[0m
[9.983s] [ 63%] Built target point_cloud_filter_node
[13.192s] [ 72%] [32m[1mLinking CUDA device code CMakeFiles/publish_pcd_node.dir/cmake_device_link.o[0m
[13.231s] [ 81%] [32m[1mLinking CXX executable publish_pcd_node[0m
[14.280s] [ 90%] [32m[1mLinking CUDA device code CMakeFiles/occupancy_grid_subscriber_node.dir/cmake_device_link.o[0m
[14.323s] [100%] [32m[1mLinking CXX executable occupancy_grid_subscriber_node[0m
[21.122s] [100%] Built target publish_pcd_node
[21.240s] [100%] Built target occupancy_grid_subscriber_node
[21.248s] Invoked command in '/home/aidan/ana_bot/build/ana' returned '0': CMAKE_PREFIX_PATH=${CMAKE_PREFIX_PATH}:/home/aidan/ana_bot/install/my_python_pkg:/opt/ros/humble /usr/bin/cmake --build /home/aidan/ana_bot/build/ana -- -j16 -l16
[21.276s] Invoking command in '/home/aidan/ana_bot/build/ana': CMAKE_PREFIX_PATH=${CMAKE_PREFIX_PATH}:/home/aidan/ana_bot/install/my_python_pkg:/opt/ros/humble /usr/bin/cmake --install /home/aidan/ana_bot/build/ana
[21.280s] -- Install configuration: ""
[21.281s] -- Installing: /home/aidan/ana_bot/install/ana/lib/ana/point_cloud_filter_node
[21.281s] -- Set runtime path of "/home/aidan/ana_bot/install/ana/lib/ana/point_cloud_filter_node" to ""
[21.281s] -- Installing: /home/aidan/ana_bot/install/ana/lib/ana/publish_pcd_node
[21.283s] -- Set runtime path of "/home/aidan/ana_bot/install/ana/lib/ana/publish_pcd_node" to ""
[21.283s] -- Installing: /home/aidan/ana_bot/install/ana/lib/ana/occupancy_grid_subscriber_node
[21.287s] -- Set runtime path of "/home/aidan/ana_bot/install/ana/lib/ana/occupancy_grid_subscriber_node" to ""
[21.287s] -- Installing: /home/aidan/ana_bot/install/ana/lib/ana/libcuda_operations.a
[21.287s] -- Installing: /home/aidan/ana_bot/install/ana/share/ana/config
[21.287s] -- Installing: /home/aidan/ana_bot/install/ana/share/ana/config/simulation_depth.rviz
[21.287s] -- Installing: /home/aidan/ana_bot/install/ana/share/ana/config/diff_drive_bot.rviz
[21.287s] -- Installing: /home/aidan/ana_bot/install/ana/share/ana/config/gazebo_params.yaml
[21.287s] -- Installing: /home/aidan/ana_bot/install/ana/share/ana/config/ana_map.rviz
[21.287s] -- Installing: /home/aidan/ana_bot/install/ana/share/ana/config/ana.rviz
[21.287s] -- Installing: /home/aidan/ana_bot/install/ana/share/ana/config/my_controllers.yaml
[21.287s] -- Installing: /home/aidan/ana_bot/install/ana/share/ana/config/nav2_params.yaml
[21.287s] -- Installing: /home/aidan/ana_bot/install/ana/share/ana/description
[21.288s] -- Installing: /home/aidan/ana_bot/install/ana/share/ana/description/camera.xacro
[21.288s] -- Installing: /home/aidan/ana_bot/install/ana/share/ana/description/ros2_diff_control.xacro
[21.288s] -- Installing: /home/aidan/ana_bot/install/ana/share/ana/description/gazebo_four_diff_control.xacro
[21.288s] -- Installing: /home/aidan/ana_bot/install/ana/share/ana/description/depth_camera.xacro
[21.288s] -- Installing: /home/aidan/ana_bot/install/ana/share/ana/description/robot_core.xacro
[21.288s] -- Installing: /home/aidan/ana_bot/install/ana/share/ana/description/gazebo_diff_control.xacro
[21.288s] -- Installing: /home/aidan/ana_bot/install/ana/share/ana/description/inertial_macros.xacro
[21.288s] -- Installing: /home/aidan/ana_bot/install/ana/share/ana/description/robot.urdf.xacro
[21.288s] -- Installing: /home/aidan/ana_bot/install/ana/share/ana/launch
[21.288s] -- Installing: /home/aidan/ana_bot/install/ana/share/ana/launch/launch_sim.launch.py
[21.288s] -- Installing: /home/aidan/ana_bot/install/ana/share/ana/launch/rsp.launch.py
[21.288s] -- Installing: /home/aidan/ana_bot/install/ana/share/ana/launch/rtab.launch.py
[21.288s] -- Installing: /home/aidan/ana_bot/install/ana/share/ana/launch/nav2.launch.py
[21.288s] -- Installing: /home/aidan/ana_bot/install/ana/share/ana/worlds
[21.288s] -- Installing: /home/aidan/ana_bot/install/ana/share/ana/worlds/obstacles_walls.world
[21.288s] -- Installing: /home/aidan/ana_bot/install/ana/share/ana/worlds/obstacles.world
[21.288s] -- Installing: /home/aidan/ana_bot/install/ana/share/ana/worlds/empty.world
[21.288s] -- Installing: /home/aidan/ana_bot/install/ana/share/ana/meshes
[21.288s] -- Installing: /home/aidan/ana_bot/install/ana/share/ana/meshes/ana_chassis.stl
[21.289s] -- Installing: /home/aidan/ana_bot/install/ana/share/ana/meshes/d435i.stl
[21.289s] -- Installing: /home/aidan/ana_bot/install/ana/share/ana/rtab_maps
[21.289s] -- Installing: /home/aidan/ana_bot/install/ana/share/ana/rtab_maps/orange_cones_3d.pcd
[21.329s] -- Installing: /home/aidan/ana_bot/install/ana/share/ana/rtab_maps/orange_cones_3d.ply
[21.366s] -- Installing: /home/aidan/ana_bot/install/ana/share/ament_index/resource_index/package_run_dependencies/ana
[21.367s] -- Installing: /home/aidan/ana_bot/install/ana/share/ament_index/resource_index/parent_prefix_path/ana
[21.367s] -- Installing: /home/aidan/ana_bot/install/ana/share/ana/environment/ament_prefix_path.sh
[21.367s] -- Installing: /home/aidan/ana_bot/install/ana/share/ana/environment/ament_prefix_path.dsv
[21.367s] -- Installing: /home/aidan/ana_bot/install/ana/share/ana/environment/path.sh
[21.367s] -- Installing: /home/aidan/ana_bot/install/ana/share/ana/environment/path.dsv
[21.367s] -- Installing: /home/aidan/ana_bot/install/ana/share/ana/local_setup.bash
[21.367s] -- Installing: /home/aidan/ana_bot/install/ana/share/ana/local_setup.sh
[21.367s] -- Installing: /home/aidan/ana_bot/install/ana/share/ana/local_setup.zsh
[21.367s] -- Installing: /home/aidan/ana_bot/install/ana/share/ana/local_setup.dsv
[21.367s] -- Installing: /home/aidan/ana_bot/install/ana/share/ana/package.dsv
[21.367s] -- Installing: /home/aidan/ana_bot/install/ana/share/ament_index/resource_index/packages/ana
[21.367s] -- Installing: /home/aidan/ana_bot/install/ana/share/ana/cmake/anaConfig.cmake
[21.367s] -- Installing: /home/aidan/ana_bot/install/ana/share/ana/cmake/anaConfig-version.cmake
[21.367s] -- Installing: /home/aidan/ana_bot/install/ana/share/ana/package.xml
[21.369s] Invoked command in '/home/aidan/ana_bot/build/ana' returned '0': CMAKE_PREFIX_PATH=${CMAKE_PREFIX_PATH}:/home/aidan/ana_bot/install/my_python_pkg:/opt/ros/humble /usr/bin/cmake --install /home/aidan/ana_bot/build/ana
