[0.013s] Invoking command in '/home/aidan/ana_bot/build/ana': CMAKE_PREFIX_PATH=${CMAKE_PREFIX_PATH}:/home/aidan/ana_bot/install/my_python_pkg:/opt/ros/humble /usr/bin/cmake --build /home/aidan/ana_bot/build/ana -- -j16 -l16
[0.055s] [ 18%] Built target cuda_operations
[0.065s] [35m[1mConsolidate compiler generated dependencies of target depth_live_filter_node[0m
[0.082s] [ 27%] [32mBuilding CXX object CMakeFiles/depth_live_filter_node.dir/src/nodes/depth_live_filter.cpp.o[0m
[0.160s] [ 54%] Built target occupancy_grid_subscriber_node
[0.165s] [ 81%] Built target publish_pcd_node
[2.620s] [01m[K/home/aidan/ana_bot/src/ana/src/nodes/depth_live_filter.cpp:[m[K In member function ‘[01m[Kvoid DepthLiveFilterNode::callback(const ConstSharedPtr&)[m[K’:
[2.621s] [01m[K/home/aidan/ana_bot/src/ana/src/nodes/depth_live_filter.cpp:40:36:[m[K [01;31m[Kerror: [m[Kno matching function for call to ‘[01m[KroundUp(cv::Mat&)[m[K’
[2.621s]    40 |         cv_ptr->image = [01;31m[Kcv::roundUp(cv_ptr->image)[m[K;
[2.621s]       |                         [01;31m[K~~~~~~~~~~~^~~~~~~~~~~~~~~[m[K
[2.621s] In file included from [01m[K/usr/include/opencv4/opencv2/core.hpp:3307[m[K,
[2.621s]                  from [01m[K/usr/include/opencv4/opencv2/core/core.hpp:48[m[K,
[2.621s]                  from [01m[K/opt/ros/humble/include/cv_bridge/cv_bridge/cv_bridge.h:43[m[K,
[2.621s]                  from [01m[K/home/aidan/ana_bot/src/ana/src/nodes/depth_live_filter.cpp:4[m[K:
[2.621s] [01m[K/usr/include/opencv4/opencv2/core/utility.hpp:499:19:[m[K [01;36m[Knote: [m[Kcandidate: ‘[01m[Kint cv::roundUp(int, unsigned int)[m[K’
[2.621s]   499 | static inline int [01;36m[KroundUp[m[K(int a, unsigned int b)
[2.621s]       |                   [01;36m[K^~~~~~~[m[K
[2.621s] [01m[K/usr/include/opencv4/opencv2/core/utility.hpp:499:19:[m[K [01;36m[Knote: [m[K  candidate expects 2 arguments, 1 provided
[2.621s] [01m[K/usr/include/opencv4/opencv2/core/utility.hpp:505:22:[m[K [01;36m[Knote: [m[Kcandidate: ‘[01m[Ksize_t cv::roundUp(size_t, unsigned int)[m[K’
[2.621s]   505 | static inline size_t [01;36m[KroundUp[m[K(size_t a, unsigned int b)
[2.622s]       |                      [01;36m[K^~~~~~~[m[K
[2.622s] [01m[K/usr/include/opencv4/opencv2/core/utility.hpp:505:22:[m[K [01;36m[Knote: [m[K  candidate expects 2 arguments, 1 provided
[3.673s] gmake[2]: *** [CMakeFiles/depth_live_filter_node.dir/build.make:76: CMakeFiles/depth_live_filter_node.dir/src/nodes/depth_live_filter.cpp.o] Error 1
[3.673s] gmake[1]: *** [CMakeFiles/Makefile2:143: CMakeFiles/depth_live_filter_node.dir/all] Error 2
[3.673s] gmake: *** [Makefile:146: all] Error 2
[3.675s] Invoked command in '/home/aidan/ana_bot/build/ana' returned '2': CMAKE_PREFIX_PATH=${CMAKE_PREFIX_PATH}:/home/aidan/ana_bot/install/my_python_pkg:/opt/ros/humble /usr/bin/cmake --build /home/aidan/ana_bot/build/ana -- -j16 -l16
