[0.013s] Invoking command in '/home/aidan/ana_bot/build/ana': CMAKE_PREFIX_PATH=${CMAKE_PREFIX_PATH}:/home/aidan/ana_bot/install/my_python_pkg:/opt/ros/humble /usr/bin/cmake --build /home/aidan/ana_bot/build/ana -- -j16 -l16
[0.103s] [ 18%] Built target cuda_operations
[0.125s] [ 45%] Built target point_cloud_filter_node
[0.204s] [ 72%] Built target occupancy_grid_subscriber_node
[0.208s] [ 81%] [32mBuilding CXX object CMakeFiles/publish_pcd_node.dir/src/nodes/ply2pcd.cpp.o[0m
[7.592s] [ 90%] [32m[1mLinking CUDA device code CMakeFiles/publish_pcd_node.dir/cmake_device_link.o[0m
[7.640s] [100%] [32m[1mLinking CXX executable publish_pcd_node[0m
[13.484s] [100%] Built target publish_pcd_node
[13.492s] Invoked command in '/home/aidan/ana_bot/build/ana' returned '0': CMAKE_PREFIX_PATH=${CMAKE_PREFIX_PATH}:/home/aidan/ana_bot/install/my_python_pkg:/opt/ros/humble /usr/bin/cmake --build /home/aidan/ana_bot/build/ana -- -j16 -l16
[13.518s] Invoking command in '/home/aidan/ana_bot/build/ana': CMAKE_PREFIX_PATH=${CMAKE_PREFIX_PATH}:/home/aidan/ana_bot/install/my_python_pkg:/opt/ros/humble /usr/bin/cmake --install /home/aidan/ana_bot/build/ana
[13.523s] -- Install configuration: ""
[13.524s] -- Up-to-date: /home/aidan/ana_bot/install/ana/lib/ana/point_cloud_filter_node
[13.524s] -- Installing: /home/aidan/ana_bot/install/ana/lib/ana/publish_pcd_node
[13.526s] -- Set runtime path of "/home/aidan/ana_bot/install/ana/lib/ana/publish_pcd_node" to ""
[13.526s] -- Up-to-date: /home/aidan/ana_bot/install/ana/lib/ana/occupancy_grid_subscriber_node
[13.526s] -- Up-to-date: /home/aidan/ana_bot/install/ana/lib/ana/libcuda_operations.a
[13.526s] -- Up-to-date: /home/aidan/ana_bot/install/ana/share/ana/config
[13.527s] -- Up-to-date: /home/aidan/ana_bot/install/ana/share/ana/config/simulation_depth.rviz
[13.527s] -- Up-to-date: /home/aidan/ana_bot/install/ana/share/ana/config/diff_drive_bot.rviz
[13.527s] -- Up-to-date: /home/aidan/ana_bot/install/ana/share/ana/config/gazebo_params.yaml
[13.527s] -- Up-to-date: /home/aidan/ana_bot/install/ana/share/ana/config/ana_map.rviz
[13.527s] -- Up-to-date: /home/aidan/ana_bot/install/ana/share/ana/config/ana.rviz
[13.527s] -- Up-to-date: /home/aidan/ana_bot/install/ana/share/ana/config/my_controllers.yaml
[13.527s] -- Up-to-date: /home/aidan/ana_bot/install/ana/share/ana/config/nav2_params.yaml
[13.527s] -- Up-to-date: /home/aidan/ana_bot/install/ana/share/ana/description
[13.527s] -- Up-to-date: /home/aidan/ana_bot/install/ana/share/ana/description/camera.xacro
[13.527s] -- Up-to-date: /home/aidan/ana_bot/install/ana/share/ana/description/ros2_diff_control.xacro
[13.527s] -- Up-to-date: /home/aidan/ana_bot/install/ana/share/ana/description/gazebo_four_diff_control.xacro
[13.527s] -- Up-to-date: /home/aidan/ana_bot/install/ana/share/ana/description/depth_camera.xacro
[13.527s] -- Up-to-date: /home/aidan/ana_bot/install/ana/share/ana/description/robot_core.xacro
[13.527s] -- Up-to-date: /home/aidan/ana_bot/install/ana/share/ana/description/gazebo_diff_control.xacro
[13.527s] -- Up-to-date: /home/aidan/ana_bot/install/ana/share/ana/description/inertial_macros.xacro
[13.527s] -- Up-to-date: /home/aidan/ana_bot/install/ana/share/ana/description/robot.urdf.xacro
[13.527s] -- Up-to-date: /home/aidan/ana_bot/install/ana/share/ana/launch
[13.527s] -- Up-to-date: /home/aidan/ana_bot/install/ana/share/ana/launch/launch_sim.launch.py
[13.527s] -- Up-to-date: /home/aidan/ana_bot/install/ana/share/ana/launch/rsp.launch.py
[13.528s] -- Up-to-date: /home/aidan/ana_bot/install/ana/share/ana/launch/rtab.launch.py
[13.528s] -- Up-to-date: /home/aidan/ana_bot/install/ana/share/ana/launch/nav2.launch.py
[13.528s] -- Up-to-date: /home/aidan/ana_bot/install/ana/share/ana/worlds
[13.528s] -- Up-to-date: /home/aidan/ana_bot/install/ana/share/ana/worlds/obstacles_walls.world
[13.528s] -- Up-to-date: /home/aidan/ana_bot/install/ana/share/ana/worlds/bedroom.world
[13.528s] -- Up-to-date: /home/aidan/ana_bot/install/ana/share/ana/worlds/outside.world
[13.528s] -- Up-to-date: /home/aidan/ana_bot/install/ana/share/ana/worlds/obstacles.world
[13.528s] -- Up-to-date: /home/aidan/ana_bot/install/ana/share/ana/worlds/empty.world
[13.528s] -- Up-to-date: /home/aidan/ana_bot/install/ana/share/ana/meshes
[13.528s] -- Up-to-date: /home/aidan/ana_bot/install/ana/share/ana/meshes/ana_chassis.stl
[13.528s] -- Up-to-date: /home/aidan/ana_bot/install/ana/share/ana/meshes/d435i.stl
[13.528s] -- Up-to-date: /home/aidan/ana_bot/install/ana/share/ana/rtab_maps
[13.528s] -- Installing: /home/aidan/ana_bot/install/ana/share/ana/rtab_maps/settings4_toLoad.ini
[13.528s] -- Installing: /home/aidan/ana_bot/install/ana/share/ana/rtab_maps/750_cloud_outside.ply
[13.751s] -- Up-to-date: /home/aidan/ana_bot/install/ana/share/ana/rtab_maps/settings2.pcd
[13.751s] -- Up-to-date: /home/aidan/ana_bot/install/ana/share/ana/rtab_maps/playground_organized.pcd
[13.752s] -- Up-to-date: /home/aidan/ana_bot/install/ana/share/ana/rtab_maps/settings4.pcd
[13.752s] -- Up-to-date: /home/aidan/ana_bot/install/ana/share/ana/rtab_maps/settings3.pcd
[13.752s] -- Up-to-date: /home/aidan/ana_bot/install/ana/share/ana/rtab_maps/playground_organized.ply
[13.752s] -- Up-to-date: /home/aidan/ana_bot/install/ana/share/ana/rtab_maps/orange_cones_3d.pcd
[13.752s] -- Up-to-date: /home/aidan/ana_bot/install/ana/share/ana/rtab_maps/settings2.ply
[13.752s] -- Up-to-date: /home/aidan/ana_bot/install/ana/share/ana/rtab_maps/settings4_screenshot1.png
[13.752s] -- Up-to-date: /home/aidan/ana_bot/install/ana/share/ana/rtab_maps/settings1.pcd
[13.752s] -- Up-to-date: /home/aidan/ana_bot/install/ana/share/ana/rtab_maps/orange_cones_3d.ply
[13.752s] -- Up-to-date: /home/aidan/ana_bot/install/ana/share/ana/rtab_maps/settings4_screenshot2.png
[13.752s] -- Up-to-date: /home/aidan/ana_bot/install/ana/share/ana/rtab_maps/settings3.ply
[13.752s] -- Installing: /home/aidan/ana_bot/install/ana/share/ana/rtab_maps/750_cloud_outside.pcd
[13.982s] -- Up-to-date: /home/aidan/ana_bot/install/ana/share/ana/rtab_maps/rtab_settings.config
[13.983s] -- Up-to-date: /home/aidan/ana_bot/install/ana/share/ana/rtab_maps/settings4.ply
[13.983s] -- Up-to-date: /home/aidan/ana_bot/install/ana/share/ana/rtab_maps/settings1.ply
[13.983s] -- Up-to-date: /home/aidan/ana_bot/install/ana/share/ament_index/resource_index/package_run_dependencies/ana
[13.983s] -- Up-to-date: /home/aidan/ana_bot/install/ana/share/ament_index/resource_index/parent_prefix_path/ana
[13.983s] -- Up-to-date: /home/aidan/ana_bot/install/ana/share/ana/environment/ament_prefix_path.sh
[13.983s] -- Up-to-date: /home/aidan/ana_bot/install/ana/share/ana/environment/ament_prefix_path.dsv
[13.983s] -- Up-to-date: /home/aidan/ana_bot/install/ana/share/ana/environment/path.sh
[13.983s] -- Up-to-date: /home/aidan/ana_bot/install/ana/share/ana/environment/path.dsv
[13.983s] -- Up-to-date: /home/aidan/ana_bot/install/ana/share/ana/local_setup.bash
[13.983s] -- Up-to-date: /home/aidan/ana_bot/install/ana/share/ana/local_setup.sh
[13.983s] -- Up-to-date: /home/aidan/ana_bot/install/ana/share/ana/local_setup.zsh
[13.983s] -- Up-to-date: /home/aidan/ana_bot/install/ana/share/ana/local_setup.dsv
[13.983s] -- Installing: /home/aidan/ana_bot/install/ana/share/ana/package.dsv
[13.983s] -- Up-to-date: /home/aidan/ana_bot/install/ana/share/ament_index/resource_index/packages/ana
[13.983s] -- Up-to-date: /home/aidan/ana_bot/install/ana/share/ana/cmake/anaConfig.cmake
[13.983s] -- Up-to-date: /home/aidan/ana_bot/install/ana/share/ana/cmake/anaConfig-version.cmake
[13.983s] -- Up-to-date: /home/aidan/ana_bot/install/ana/share/ana/package.xml
[13.984s] Invoked command in '/home/aidan/ana_bot/build/ana' returned '0': CMAKE_PREFIX_PATH=${CMAKE_PREFIX_PATH}:/home/aidan/ana_bot/install/my_python_pkg:/opt/ros/humble /usr/bin/cmake --install /home/aidan/ana_bot/build/ana
