[0.014s] Invoking command in '/home/aidan/ana_bot/build/ana': CMAKE_PREFIX_PATH=/opt/ros/humble /usr/bin/cmake /home/aidan/ana_bot/src/ana -DCMAKE_INSTALL_PREFIX=/home/aidan/ana_bot/install/ana
[0.117s] -- The C compiler identification is GNU 11.4.0
[0.169s] -- The CXX compiler identification is GNU 11.4.0
[0.177s] -- Detecting C compiler ABI info
[0.236s] -- Detecting C compiler ABI info - done
[0.242s] -- Check for working C compiler: /usr/bin/cc - skipped
[0.242s] -- Detecting C compile features
[0.243s] -- Detecting C compile features - done
[0.245s] -- Detecting CXX compiler ABI info
[0.310s] -- Detecting CXX compiler ABI info - done
[0.317s] -- Check for working CXX compiler: /usr/bin/c++ - skipped
[0.317s] -- Detecting CXX compile features
[0.317s] -- Detecting CXX compile features - done
[0.324s] -- Found ament_cmake: 1.3.8 (/opt/ros/humble/share/ament_cmake/cmake)
[0.480s] -- Found Python3: /usr/bin/python3 (found version "3.10.12") found components: Interpreter 
[0.576s] -- Found rclcpp: 16.0.8 (/opt/ros/humble/share/rclcpp/cmake)
[0.629s] -- Found rosidl_generator_c: 3.1.5 (/opt/ros/humble/share/rosidl_generator_c/cmake)
[0.634s] -- Found rosidl_adapter: 3.1.5 (/opt/ros/humble/share/rosidl_adapter/cmake)
[0.644s] -- Found rosidl_generator_cpp: 3.1.5 (/opt/ros/humble/share/rosidl_generator_cpp/cmake)
[0.662s] -- Using all available rosidl_typesupport_c: rosidl_typesupport_fastrtps_c;rosidl_typesupport_introspection_c
[0.695s] -- Using all available rosidl_typesupport_cpp: rosidl_typesupport_fastrtps_cpp;rosidl_typesupport_introspection_cpp
[0.782s] -- Found rmw_implementation_cmake: 6.1.1 (/opt/ros/humble/share/rmw_implementation_cmake/cmake)
[0.785s] -- Found rmw_fastrtps_cpp: 6.2.6 (/opt/ros/humble/share/rmw_fastrtps_cpp/cmake)
[0.907s] -- Found OpenSSL: /usr/lib/x86_64-linux-gnu/libcrypto.so (found version "3.0.2")  
[0.952s] -- Found FastRTPS: /opt/ros/humble/include  
[1.027s] -- Using RMW implementation 'rmw_fastrtps_cpp' as default
[1.056s] -- Looking for pthread.h
[1.148s] -- Looking for pthread.h - found
[1.149s] -- Performing Test CMAKE_HAVE_LIBC_PTHREAD
[1.242s] -- Performing Test CMAKE_HAVE_LIBC_PTHREAD - Success
[1.243s] -- Found Threads: TRUE  
[1.447s] -- Found sensor_msgs: 4.2.3 (/opt/ros/humble/share/sensor_msgs/cmake)
[1.577s] -- Found nav_msgs: 4.2.3 (/opt/ros/humble/share/nav_msgs/cmake)
[1.657s] -- Found image_transport: 3.1.9 (/opt/ros/humble/share/image_transport/cmake)
[1.710s] -- Found cv_bridge: 3.2.1 (/opt/ros/humble/share/cv_bridge/cmake)
[1.728s] -- Found OpenCV: /usr (found version "4.5.4") 
[1.754s] -- Checking for module 'eigen3'
[1.768s] --   Found eigen3, version 3.4.0
[1.811s] -- Found Eigen: /usr/include/eigen3 (Required is at least version "3.1") 
[1.811s] -- Eigen found (include: /usr/include/eigen3, version: 3.4.0)
[1.839s] -- Found Boost: /usr/lib/x86_64-linux-gnu/cmake/Boost-1.74.0/BoostConfig.cmake (found suitable version "1.74.0", minimum required is "1.65.0") found components: system filesystem date_time iostreams serialization 
[1.908s] -- Checking for module 'libusb-1.0'
[1.923s] --   Found libusb-1.0, version 1.0.25
[1.960s] -- Found libusb: /usr/lib/x86_64-linux-gnu/libusb-1.0.so  
[1.960s] -- Found OpenNI: /usr/lib/libOpenNI.so;libusb::libusb (found version "1.5.4.0") 
[1.961s] -- OpenNI found (version: 1.5.4.0, include: /usr/include/ni, lib: /usr/lib/libOpenNI.so;libusb::libusb)
[2.014s] -- Found OpenNI2: /usr/lib/x86_64-linux-gnu/libOpenNI2.so;libusb::libusb (found version "2.2.0.33") 
[2.014s] -- OpenNI2 found (version: 2.2.0.33, include: /usr/include/openni2, lib: /usr/lib/x86_64-linux-gnu/libOpenNI2.so;libusb::libusb)
[2.014s] [0m** WARNING ** io features related to pcap will be disabled[0m
[2.014s] [0m** WARNING ** io features related to png will be disabled[0m
[2.053s] -- Found GLEW: /usr/lib/x86_64-linux-gnu/libGLEW.so  
[2.059s] -- Found OpenGL: /usr/lib/x86_64-linux-gnu/libOpenGL.so  found components: OpenGL GLX 
[2.234s] -- Found MPI_C: /usr/lib/x86_64-linux-gnu/libmpi.so (found version "3.1") 
[2.234s] -- Found MPI: TRUE (found version "3.1") found components: C 
[2.238s] -- Found JsonCpp: /usr/lib/x86_64-linux-gnu/libjsoncpp.so (found suitable version "1.9.5", minimum required is "0.7.0") 
[2.256s] -- Found ZLIB: /usr/lib/x86_64-linux-gnu/libz.so (found version "1.2.11") 
[2.272s] -- Found PNG: /usr/lib/x86_64-linux-gnu/libpng.so (found version "1.6.37") 
[2.306s] -- Found Eigen3: /usr/include/eigen3 (found version "3.4.0") 
[2.415s] -- Found X11: /usr/include   
[2.415s] -- Looking for XOpenDisplay in /usr/lib/x86_64-linux-gnu/libX11.so;/usr/lib/x86_64-linux-gnu/libXext.so
[2.481s] -- Looking for XOpenDisplay in /usr/lib/x86_64-linux-gnu/libX11.so;/usr/lib/x86_64-linux-gnu/libXext.so - found
[2.481s] -- Looking for gethostbyname
[2.537s] -- Looking for gethostbyname - found
[2.537s] -- Looking for connect
[2.615s] -- Looking for connect - found
[2.615s] -- Looking for remove
[2.687s] -- Looking for remove - found
[2.687s] -- Looking for shmat
[2.753s] -- Looking for shmat - found
[2.753s] -- Looking for IceConnectionNumber in ICE
[2.817s] -- Looking for IceConnectionNumber in ICE - found
[2.931s] -- Found EXPAT: /usr/lib/x86_64-linux-gnu/libexpat.so (found version "2.4.7") 
[2.933s] -- Found double-conversion: /usr/lib/x86_64-linux-gnu/libdouble-conversion.so  
[2.935s] -- Found LZ4: /usr/lib/x86_64-linux-gnu/liblz4.so (found version "1.9.3") 
[2.937s] -- Found LZMA: /usr/lib/x86_64-linux-gnu/liblzma.so (found version "5.2.5") 
[2.952s] -- Found JPEG: /usr/lib/x86_64-linux-gnu/libjpeg.so (found version "80") 
[2.967s] -- Found TIFF: /usr/lib/x86_64-linux-gnu/libtiff.so (found version "4.3.0")  
[2.970s] -- Found Freetype: /usr/lib/x86_64-linux-gnu/libfreetype.so (found version "2.11.1") 
[2.975s] -- Found utf8cpp: /usr/include/utf8cpp  
[3.006s] -- Eigen found (include: /usr/include/eigen3, version: 3.4.0)
[3.026s] -- Checking for module 'flann'
[3.039s] --   Found flann, version 1.9.1
[3.086s] -- Found FLANN: /usr/lib/x86_64-linux-gnu/libflann_cpp.so  
[3.087s] -- FLANN found (include: /usr/include, lib: /usr/lib/x86_64-linux-gnu/libflann_cpp.so)
[3.378s] -- looking for PCL_COMMON
[3.379s] -- Found PCL_COMMON: /usr/lib/x86_64-linux-gnu/libpcl_common.so  
[3.379s] -- looking for PCL_OCTREE
[3.380s] -- Found PCL_OCTREE: /usr/lib/x86_64-linux-gnu/libpcl_octree.so  
[3.380s] -- looking for PCL_IO
[3.382s] -- Found PCL_IO: /usr/lib/x86_64-linux-gnu/libpcl_io.so  
[3.382s] -- looking for PCL_KDTREE
[3.383s] -- Found PCL_KDTREE: /usr/lib/x86_64-linux-gnu/libpcl_kdtree.so  
[3.383s] -- looking for PCL_SEARCH
[3.383s] -- Found PCL_SEARCH: /usr/lib/x86_64-linux-gnu/libpcl_search.so  
[3.383s] -- looking for PCL_SAMPLE_CONSENSUS
[3.384s] -- Found PCL_SAMPLE_CONSENSUS: /usr/lib/x86_64-linux-gnu/libpcl_sample_consensus.so  
[3.384s] -- looking for PCL_FILTERS
[3.385s] -- Found PCL_FILTERS: /usr/lib/x86_64-linux-gnu/libpcl_filters.so  
[3.385s] -- looking for PCL_GEOMETRY
[3.385s] -- Found PCL_GEOMETRY: /usr/include/pcl-1.12  
[3.386s] -- looking for PCL_2D
[3.386s] -- Found PCL_2D: /usr/include/pcl-1.12  
[3.386s] -- looking for PCL_FEATURES
[3.387s] -- Found PCL_FEATURES: /usr/lib/x86_64-linux-gnu/libpcl_features.so  
[3.387s] -- looking for PCL_ML
[3.387s] -- Found PCL_ML: /usr/lib/x86_64-linux-gnu/libpcl_ml.so  
[3.387s] -- looking for PCL_SEGMENTATION
[3.388s] -- Found PCL_SEGMENTATION: /usr/lib/x86_64-linux-gnu/libpcl_segmentation.so  
[3.389s] -- Found PCL: pcl_common;pcl_octree;pcl_io;pcl_kdtree;pcl_search;pcl_sample_consensus;pcl_filters;pcl_features;pcl_ml;pcl_segmentation;Boost::system;Boost::filesystem;Boost::date_time;Boost::iostreams;Boost::serialization;/usr/lib/libOpenNI.so;libusb::libusb;/usr/lib/x86_64-linux-gnu/libOpenNI2.so;libusb::libusb;VTK::ChartsCore;VTK::CommonColor;VTK::CommonComputationalGeometry;VTK::CommonCore;VTK::CommonDataModel;VTK::CommonExecutionModel;VTK::CommonMath;VTK::CommonMisc;VTK::CommonTransforms;VTK::FiltersCore;VTK::FiltersExtraction;VTK::FiltersGeneral;VTK::FiltersGeometry;VTK::FiltersModeling;VTK::FiltersSources;VTK::ImagingCore;VTK::ImagingSources;VTK::InteractionImage;VTK::InteractionStyle;VTK::InteractionWidgets;VTK::IOCore;VTK::IOGeometry;VTK::IOImage;VTK::IOLegacy;VTK::IOPLY;VTK::RenderingAnnotation;VTK::RenderingCore;VTK::RenderingContext2D;VTK::RenderingLOD;VTK::RenderingFreeType;VTK::ViewsCore;VTK::ViewsContext2D;VTK::RenderingOpenGL2;VTK::GUISupportQt;FLANN::FLANN  
[3.390s] -- Found pcl_conversions: 2.4.0 (/opt/ros/humble/share/pcl_conversions/cmake)
[3.572s] -- Found CUDA: /usr (found version "11.5") 
[3.575s] -- Found nav2_costmap_2d: 1.1.14 (/opt/ros/humble/share/nav2_costmap_2d/cmake)
[4.259s] -- Found Eigen3: TRUE (found version "3.4.0") 
[4.260s] -- Ensuring Eigen3 include directory is part of orocos-kdl CMake target
[6.275s] -- The CUDA compiler identification is NVIDIA 11.5.119
[6.282s] -- Detecting CUDA compiler ABI info
[7.217s] -- Detecting CUDA compiler ABI info - done
[7.250s] -- Check for working CUDA compiler: /usr/bin/nvcc - skipped
[7.250s] -- Detecting CUDA compile features
[7.251s] -- Detecting CUDA compile features - done
[7.425s] -- Found ament_lint_auto: 0.12.10 (/opt/ros/humble/share/ament_lint_auto/cmake)
[7.531s] -- Added test 'copyright' to check source files copyright and LICENSE
[7.534s] -- Added test 'cppcheck' to perform static code analysis on C / C++ code
[7.539s] -- Configured cppcheck include dirs: /home/aidan/ana_bot/src/ana/include;/home/aidan/ana_bot/src/ana/src/cuda
[7.539s] -- Configured cppcheck exclude dirs and/or files: 
[7.542s] -- Added test 'cpplint' to check C / C++ code against the Google style
[7.542s] -- Configured cpplint exclude dirs and/or files: 
[7.543s] -- Added test 'flake8' to check Python code syntax and style conventions
[7.544s] -- Added test 'lint_cmake' to check CMake code style
[7.545s] -- Added test 'pep257' to check Python code against some of the docstring style conventions in PEP 257
[7.546s] -- Added test 'uncrustify' to check C / C++ code style
[7.546s] -- Configured uncrustify additional arguments: 
[7.547s] -- Added test 'xmllint' to check XML markup files
[7.548s] -- Configuring done
[8.229s] -- Generating done
[8.232s] -- Build files have been written to: /home/aidan/ana_bot/build/ana
[8.276s] Invoked command in '/home/aidan/ana_bot/build/ana' returned '0': CMAKE_PREFIX_PATH=/opt/ros/humble /usr/bin/cmake /home/aidan/ana_bot/src/ana -DCMAKE_INSTALL_PREFIX=/home/aidan/ana_bot/install/ana
[8.276s] Invoking command in '/home/aidan/ana_bot/build/ana': CMAKE_PREFIX_PATH=/opt/ros/humble /usr/bin/cmake --build /home/aidan/ana_bot/build/ana -- -j16 -l16
[8.328s] [  9%] [32mBuilding CUDA object CMakeFiles/cuda_operations.dir/src/cuda/pointcloud_processing.cu.o[0m
[8.785s] [01m[K/tmp/tmpxft_00029f36_00000000-6_pointcloud_processing.cudafe1.cpp:1:3:[m[K [01;35m[Kwarning: [m[Kstyle of line directive is a GCC extension
[8.785s]     1 | # [01;35m[K1[m[K "/home/aidan/ana_bot/src/ana/src/cuda/pointcloud_processing.cu"
[8.785s]       |   [01;35m[K^[m[K
[8.785s] [01m[K/home/aidan/ana_bot/src/ana/src/cuda/pointcloud_processing.cu:2:3:[m[K [01;35m[Kwarning: [m[Kstyle of line directive is a GCC extension
[8.785s]     2 | #i[01;35m[Kn[m[Kclude <device_launch_parameters.h>
[8.785s]       |   [01;35m[K^[m[K
[8.785s] [01m[K/home/aidan/ana_bot/src/ana/src/cuda/pointcloud_processing.cu:2:3:[m[K [01;35m[Kwarning: [m[Kstyle of line directive is a GCC extension
[8.785s]     2 | #i[01;35m[Kn[m[Kclude <device_launch_parameters.h>
[8.785s]       |   [01;35m[K^[m[K
[8.785s] [01m[K/home/aidan/ana_bot/src/ana/src/cuda/pointcloud_processing.cu:2:3:[m[K [01;35m[Kwarning: [m[Kstyle of line directive is a GCC extension
[8.785s]     2 | #i[01;35m[Kn[m[Kclude <device_launch_parameters.h>
[8.785s]       |   [01;35m[K^[m[K
[8.785s] [01m[K/home/aidan/ana_bot/src/ana/src/cuda/pointcloud_processing.cu:2:3:[m[K [01;35m[Kwarning: [m[Kstyle of line directive is a GCC extension
[8.785s]     2 | #i[01;35m[Kn[m[Kclude <device_launch_parameters.h>
[8.785s]       |   [01;35m[K^[m[K
[8.785s] [01m[K/home/aidan/ana_bot/src/ana/src/cuda/pointcloud_processing.cu:2:3:[m[K [01;35m[Kwarning: [m[Kstyle of line directive is a GCC extension
[8.786s]     2 | #i[01;35m[Kn[m[Kclude <device_launch_parameters.h>
[8.786s]       |   [01;35m[K^[m[K
[8.786s] [01m[K/home/aidan/ana_bot/src/ana/src/cuda/pointcloud_processing.cu:2:3:[m[K [01;35m[Kwarning: [m[Kstyle of line directive is a GCC extension
[8.786s]     2 | #i[01;35m[Kn[m[Kclude <device_launch_parameters.h>
[8.786s]       |   [01;35m[K^[m[K
[8.786s] [01m[K/home/aidan/ana_bot/src/ana/src/cuda/pointcloud_processing.cu:3:3:[m[K [01;35m[Kwarning: [m[Kstyle of line directive is a GCC extension
[8.786s]     3 | #i[01;35m[Kn[m[Kclude <stdio.h>  // For error logging
[8.786s]       |   [01;35m[K^[m[K
[8.786s] [01m[K/home/aidan/ana_bot/src/ana/src/cuda/pointcloud_processing.cu:6:3:[m[K [01;35m[Kwarning: [m[Kstyle of line directive is a GCC extension
[8.786s]     6 | //[01;35m[K [m[KDefine constants for filter sizes and other parameters
[8.786s]       |   [01;35m[K^[m[K
[8.786s] [01m[K/home/aidan/ana_bot/src/ana/src/cuda/pointcloud_processing.cu:1:3:[m[K [01;35m[Kwarning: [m[Kstyle of line directive is a GCC extension
[8.786s]     1 | #i[01;35m[Knc[m[Klude <cuda_runtime.h>
[8.786s]       |   [01;35m[K^~[m[K
[8.800s] [01m[K/home/aidan/ana_bot/src/ana/src/cuda/pointcloud_processing.cu:36:3:[m[K [01;35m[Kwarning: [m[Kstyle of line directive is a GCC extension
[8.800s]    36 |   [01;35m[K  [m[Kfor (int ky = -FILTER_SIZE / 2; ky <= FILTER_SIZE / 2; ++ky) {
[8.800s]       |   [01;35m[K^[m[K 
[8.800s] [01m[K/home/aidan/ana_bot/src/ana/src/cuda/pointcloud_processing.cu:66:3:[m[K [01;35m[Kwarning: [m[Kstyle of line directive is a GCC extension
[8.800s]    66 |   [01;35m[K  [m[K// Apply smoothing
[8.800s]       |   [01;35m[K^[m[K 
[8.800s] [01m[K/home/aidan/ana_bot/src/ana/src/cuda/pointcloud_processing.cu:52:3:[m[K [01;35m[Kwarning: [m[Kstyle of line directive is a GCC extension
[8.800s]    52 |   [01;35m[K  [m[Kfloat* devImage;
[8.800s]       |   [01;35m[K^[m[K 
[8.800s] [01m[K/home/aidan/ana_bot/src/ana/src/cuda/pointcloud_processing.cu:53:3:[m[K [01;35m[Kwarning: [m[Kstyle of line directive is a GCC extension
[8.801s]    53 |   [01;35m[K  [m[Ksize_t imageSize = width * height * sizeof(float);
[8.801s]       |   [01;35m[K^[m[K 
[8.801s] [01m[K/home/aidan/ana_bot/src/ana/src/cuda/pointcloud_processing.cu:54:3:[m[K [01;35m[Kwarning: [m[Kstyle of line directive is a GCC extension
[8.801s]    54 |   [01;35m[K  [m[Kfloat* smoothedDepth;
[8.801s]       |   [01;35m[K^[m[K 
[8.801s] [01m[K/home/aidan/ana_bot/src/ana/src/cuda/pointcloud_processing.cu:55:3:[m[K [01;35m[Kwarning: [m[Kstyle of line directive is a GCC extension
[8.801s]    55 | 
[8.801s]       |   [01;35m[K^[m[K 
[8.801s] [01m[K/home/aidan/ana_bot/src/ana/src/cuda/pointcloud_processing.cu:57:3:[m[K [01;35m[Kwarning: [m[Kstyle of line directive is a GCC extension
[8.801s]    57 |   [01;35m[K  [m[KcudaMalloc((void**)&smoothedDepth, imageSize);
[8.801s]       |   [01;35m[K^[m[K 
[8.801s] [01m[K/home/aidan/ana_bot/src/ana/src/cuda/pointcloud_processing.cu:58:3:[m[K [01;35m[Kwarning: [m[Kstyle of line directive is a GCC extension
[8.801s]    58 |   [01;35m[K  [m[KcudaMemcpy(devImage, hostImage, imageSize, cudaMemcpyHostToDevice);
[8.801s]       |   [01;35m[K^[m[K 
[8.801s] [01m[K/home/aidan/ana_bot/src/ana/src/cuda/pointcloud_processing.cu:59:3:[m[K [01;35m[Kwarning: [m[Kstyle of line directive is a GCC extension
[8.802s]    59 | 
[8.802s]       |   [01;35m[K^[m[K 
[8.802s] [01m[K/home/aidan/ana_bot/src/ana/src/cuda/pointcloud_processing.cu:61:3:[m[K [01;35m[Kwarning: [m[Kstyle of line directive is a GCC extension
[8.802s]    61 |   [01;35m[K  [m[Kdim3 dimGrid((width + BLOCK_SIZE - 1) / BLOCK_SIZE, (height + BLOCK_SIZE - 1) / BLOCK_SIZE);
[8.802s]       |   [01;35m[K^[m[K 
[8.802s] [01m[K/home/aidan/ana_bot/src/ana/src/cuda/pointcloud_processing.cu:62:3:[m[K [01;35m[Kwarning: [m[Kstyle of line directive is a GCC extension
[8.802s]    62 | 
[8.802s]       |   [01;35m[K^[m[K 
[8.802s] [01m[K/home/aidan/ana_bot/src/ana/src/cuda/pointcloud_processing.cu:65:3:[m[K [01;35m[Kwarning: [m[Kstyle of line directive is a GCC extension
[8.802s]    65 | 
[8.802s]       |   [01;35m[K^[m[K 
[8.802s] [01m[K/home/aidan/ana_bot/src/ana/src/cuda/pointcloud_processing.cu:68:3:[m[K [01;35m[Kwarning: [m[Kstyle of line directive is a GCC extension
[8.803s]    68 | 
[8.803s]       |   [01;35m[K^[m[K 
[8.803s] [01m[K/home/aidan/ana_bot/src/ana/src/cuda/pointcloud_processing.cu:70:3:[m[K [01;35m[Kwarning: [m[Kstyle of line directive is a GCC extension
[8.803s]    70 | 
[8.803s]       |   [01;35m[K^[m[K 
[8.803s] [01m[K/home/aidan/ana_bot/src/ana/src/cuda/pointcloud_processing.cu:72:3:[m[K [01;35m[Kwarning: [m[Kstyle of line directive is a GCC extension
[8.803s]    72 |   [01;35m[K  [m[KcudaFree(smoothedDepth);
[8.803s]       |   [01;35m[K^[m[K 
[8.803s] [01m[K/home/aidan/ana_bot/src/ana/src/cuda/pointcloud_processing.cu:73:3:[m[K [01;35m[Kwarning: [m[Kstyle of line directive is a GCC extension
[8.803s]    73 | }
[8.803s]       |   [01;35m[K^[m[K 
[8.803s] [01m[K/home/aidan/ana_bot/src/ana/src/cuda/pointcloud_processing.cu:74:3:[m[K [01;35m[Kwarning: [m[Kstyle of line directive is a GCC extension
[8.803s]    74 | 
[8.803s]       |   [01;35m[K^[m[K 
[8.803s] [01m[K/home/aidan/ana_bot/src/ana/src/cuda/pointcloud_processing.cu:76:3:[m[K [01;35m[Kwarning: [m[Kstyle of line directive is a GCC extension
[8.803s]    76 |   [01;35m[K  [m[Kfloat x, y, z;
[8.803s]       |   [01;35m[K^[m[K 
[8.804s] [01m[K/home/aidan/ana_bot/src/ana/src/cuda/pointcloud_processing.cu:77:3:[m[K [01;35m[Kwarning: [m[Kstyle of line directive is a GCC extension
[8.804s]    77 | };
[8.804s]       |   [01;35m[K^[m[K 
[8.804s] [01m[K/home/aidan/ana_bot/src/ana/src/cuda/pointcloud_processing.cu:78:3:[m[K [01;35m[Kwarning: [m[Kstyle of line directive is a GCC extension
[8.804s]    78 | 
[8.804s]       |   [01;35m[K^[m[K 
[8.804s] [01m[K/home/aidan/ana_bot/src/ana/src/cuda/pointcloud_processing.cu:108:3:[m[K [01;35m[Kwarning: [m[Kstyle of line directive is a GCC extension
[8.804s]   108 | 
[8.804s]       |   [01;35m[K^[m[K 
[8.804s] [01m[K/home/aidan/ana_bot/src/ana/src/cuda/pointcloud_processing.cu:97:3:[m[K [01;35m[Kwarning: [m[Kstyle of line directive is a GCC extension
[8.804s]    97 |   [01;35m[K  [m[KPointXYZ *devPoints, *devReducedPoints;
[8.804s]       |   [01;35m[K^[m[K 
[8.804s] [01m[K/home/aidan/ana_bot/src/ana/src/cuda/pointcloud_processing.cu:98:3:[m[K [01;35m[Kwarning: [m[Kstyle of line directive is a GCC extension
[8.804s]    98 |   [01;35m[K  [m[Kint *minIndexGrid;
[8.804s]       |   [01;35m[K^[m[K 
[8.804s] [01m[K/home/aidan/ana_bot/src/ana/src/cuda/pointcloud_processing.cu:99:3:[m[K [01;35m[Kwarning: [m[Kstyle of line directive is a GCC extension
[8.804s]    99 |   [01;35m[K  [m[Kint gridDimensions = ceil(10.0 / voxelSize);  // Assuming a 10x10x10m space for example
[8.804s]       |   [01;35m[K^[m[K 
[8.804s] [01m[K/home/aidan/ana_bot/src/ana/src/cuda/pointcloud_processing.cu:100:3:[m[K [01;35m[Kwarning: [m[Kstyle of line directive is a GCC extension
[8.804s]   100 |   [01;35m[K  i[m[Knt gridSize = gridDimensions * gridDimensions * gridDimensions;
[8.805s]       |   [01;35m[K^[m[K [01;35m[K~[m[K
[8.805s] [01m[K/home/aidan/ana_bot/src/ana/src/cuda/pointcloud_processing.cu:101:3:[m[K [01;35m[Kwarning: [m[Kstyle of line directive is a GCC extension
[8.805s]   101 | 
[8.805s]       |   [01;35m[K^[m[K  
[8.805s] [01m[K/home/aidan/ana_bot/src/ana/src/cuda/pointcloud_processing.cu:103:3:[m[K [01;35m[Kwarning: [m[Kstyle of line directive is a GCC extension
[8.805s]   103 |   [01;35m[K  c[m[KudaMalloc(&devReducedPoints, gridSize * sizeof(PointXYZ));
[8.805s]       |   [01;35m[K^[m[K [01;35m[K~[m[K
[8.805s] [01m[K/home/aidan/ana_bot/src/ana/src/cuda/pointcloud_processing.cu:104:3:[m[K [01;35m[Kwarning: [m[Kstyle of line directive is a GCC extension
[8.805s]   104 |   [01;35m[K  c[m[KudaMalloc(&minIndexGrid, gridSize * sizeof(int));
[8.805s]       |   [01;35m[K^[m[K [01;35m[K~[m[K
[8.805s] [01m[K/home/aidan/ana_bot/src/ana/src/cuda/pointcloud_processing.cu:105:3:[m[K [01;35m[Kwarning: [m[Kstyle of line directive is a GCC extension
[8.805s]   105 |   [01;35m[K  c[m[KudaMemset(minIndexGrid, INT_MAX, gridSize * sizeof(int));
[8.805s]       |   [01;35m[K^[m[K [01;35m[K~[m[K
[8.805s] [01m[K/home/aidan/ana_bot/src/ana/src/cuda/pointcloud_processing.cu:106:3:[m[K [01;35m[Kwarning: [m[Kstyle of line directive is a GCC extension
[8.805s]   106 | 
[8.805s]       |   [01;35m[K^[m[K  
[8.805s] [01m[K/home/aidan/ana_bot/src/ana/src/cuda/pointcloud_processing.cu:108:3:[m[K [01;35m[Kwarning: [m[Kstyle of line directive is a GCC extension
[8.805s]   108 | 
[8.805s]       |   [01;35m[K^[m[K  
[8.805s] [01m[K/home/aidan/ana_bot/src/ana/src/cuda/pointcloud_processing.cu:110:3:[m[K [01;35m[Kwarning: [m[Kstyle of line directive is a GCC extension
[8.805s]   110 |   [01;35m[K  d[m[Kim3 grid((numPoints + block.x - 1) / block.x);
[8.805s]       |   [01;35m[K^[m[K [01;35m[K~[m[K
[8.805s] [01m[K/home/aidan/ana_bot/src/ana/src/cuda/pointcloud_processing.cu:111:3:[m[K [01;35m[Kwarning: [m[Kstyle of line directive is a GCC extension
[8.806s]   111 |   [01;35m[K  v[m[KoxelGridDownsample<<<grid, block>>>(devPoints, devReducedPoints, numPoints, voxelSize, minIndexGrid, gridDimensions);
[8.806s]       |   [01;35m[K^[m[K [01;35m[K~[m[K
[8.806s] [01m[K/home/aidan/ana_bot/src/ana/src/cuda/pointcloud_processing.cu:112:3:[m[K [01;35m[Kwarning: [m[Kstyle of line directive is a GCC extension
[8.806s]   112 | 
[8.806s]       |   [01;35m[K^[m[K  
[8.806s] [01m[K/home/aidan/ana_bot/src/ana/src/cuda/pointcloud_processing.cu:114:3:[m[K [01;35m[Kwarning: [m[Kstyle of line directive is a GCC extension
[8.806s]   114 | 
[8.806s]       |   [01;35m[K^[m[K  
[8.806s] [01m[K/home/aidan/ana_bot/src/ana/src/cuda/pointcloud_processing.cu:116:3:[m[K [01;35m[Kwarning: [m[Kstyle of line directive is a GCC extension
[8.806s]   116 |   [01;35m[K  c[m[KudaFree(devReducedPoints);
[8.806s]       |   [01;35m[K^[m[K [01;35m[K~[m[K
[8.806s] [01m[K/home/aidan/ana_bot/src/ana/src/cuda/pointcloud_processing.cu:117:3:[m[K [01;35m[Kwarning: [m[Kstyle of line directive is a GCC extension
[8.806s]   117 |   [01;35m[K  c[m[KudaFree(minIndexGrid);
[8.806s]       |   [01;35m[K^[m[K [01;35m[K~[m[K
[8.806s] [01m[K/home/aidan/ana_bot/src/ana/src/cuda/pointcloud_processing.cu:118:3:[m[K [01;35m[Kwarning: [m[Kstyle of line directive is a GCC extension
[8.806s]   118 | }
[8.806s]       |   [01;35m[K^[m[K  
[8.806s] [01m[K/home/aidan/ana_bot/src/ana/src/cuda/pointcloud_processing.cu:120:3:[m[K [01;35m[Kwarning: [m[Kstyle of line directive is a GCC extension
[8.806s] [01m[Ktmpxft_00029f36_00000000-6_pointcloud_processing.cudafe1.stub.c:4:3:[m[K [01;35m[Kwarning: [m[Kstyle of line directive is a GCC extension
[8.806s] In file included from [01m[Ktmpxft_00029f36_00000000-6_pointcloud_processing.cudafe1.stub.c:1[m[K:
[8.806s] [01m[K/home/aidan/ana_bot/src/ana/src/cuda/pointcloud_processing.cu:12:3:[m[K [01;35m[Kwarning: [m[Kstyle of line directive is a GCC extension
[8.806s]    12 |   [01;35m[K  [m[Kint idx = blockIdx.x * blockDim.x + threadIdx.x;
[8.806s]       |   [01;35m[K^[m[K 
[8.806s] In file included from [01m[Ktmpxft_00029f36_00000000-6_pointcloud_processing.cudafe1.stub.c:1[m[K:
[8.807s] [01m[K/home/aidan/ana_bot/src/ana/src/cuda/pointcloud_processing.cu:12:3:[m[K [01;35m[Kwarning: [m[Kstyle of line directive is a GCC extension
[8.807s]    12 |   [01;35m[K  [m[Kint idx = blockIdx.x * blockDim.x + threadIdx.x;
[8.807s]       |   [01;35m[K^[m[K 
[8.807s] In file included from [01m[Ktmpxft_00029f36_00000000-6_pointcloud_processing.cudafe1.stub.c:1[m[K:
[8.807s] [01m[K/home/aidan/ana_bot/src/ana/src/cuda/pointcloud_processing.cu:23:3:[m[K [01;35m[Kwarning: [m[Kstyle of line directive is a GCC extension
[8.807s]    23 | 
[8.807s]       |   [01;35m[K^[m[K
[8.807s] In file included from [01m[Ktmpxft_00029f36_00000000-6_pointcloud_processing.cudafe1.stub.c:1[m[K:
[8.807s] [01m[K/tmp/tmpxft_00029f36_00000000-6_pointcloud_processing.cudafe1.stub.c:2:3:[m[K [01;35m[Kwarning: [m[Kstyle of line directive is a GCC extension
[8.807s]     2 | #p[01;35m[Kra[m[Kgma GCC diagnostic ignored "-Wunused-function"
[8.807s]       |   [01;35m[K^~[m[K
[8.807s] In file included from [01m[Ktmpxft_00029f36_00000000-6_pointcloud_processing.cudafe1.stub.c:1[m[K:
[8.807s] [01m[K/home/aidan/ana_bot/src/ana/src/cuda/pointcloud_processing.cu:26:3:[m[K [01;35m[Kwarning: [m[Kstyle of line directive is a GCC extension
[8.807s]    26 |   [01;35m[K  [m[Kint idx = blockIdx.x * blockDim.x + threadIdx.x;
[8.807s]       |   [01;35m[K^[m[K 
[8.807s] In file included from [01m[Ktmpxft_00029f36_00000000-6_pointcloud_processing.cudafe1.stub.c:1[m[K:
[8.807s] [01m[K/home/aidan/ana_bot/src/ana/src/cuda/pointcloud_processing.cu:26:3:[m[K [01;35m[Kwarning: [m[Kstyle of line directive is a GCC extension
[8.807s]    26 |   [01;35m[K  [m[Kint idx = blockIdx.x * blockDim.x + threadIdx.x;
[8.807s]       |   [01;35m[K^[m[K 
[8.807s] In file included from [01m[Ktmpxft_00029f36_00000000-6_pointcloud_processing.cudafe1.stub.c:1[m[K:
[8.807s] [01m[K/home/aidan/ana_bot/src/ana/src/cuda/pointcloud_processing.cu:49:3:[m[K [01;35m[Kwarning: [m[Kstyle of line directive is a GCC extension
[8.808s]    49 | 
[8.808s]       |   [01;35m[K^[m[K
[8.808s] In file included from [01m[Ktmpxft_00029f36_00000000-6_pointcloud_processing.cudafe1.stub.c:1[m[K:
[8.808s] [01m[K/tmp/tmpxft_00029f36_00000000-6_pointcloud_processing.cudafe1.stub.c:2:3:[m[K [01;35m[Kwarning: [m[Kstyle of line directive is a GCC extension
[8.808s]     2 | #p[01;35m[Kra[m[Kgma GCC diagnostic ignored "-Wunused-function"
[8.808s]       |   [01;35m[K^~[m[K
[8.808s] In file included from [01m[Ktmpxft_00029f36_00000000-6_pointcloud_processing.cudafe1.stub.c:1[m[K:
[8.808s] [01m[K/home/aidan/ana_bot/src/ana/src/cuda/pointcloud_processing.cu:80:3:[m[K [01;35m[Kwarning: [m[Kstyle of line directive is a GCC extension
[8.808s]    80 |   [01;35m[K  [m[Kint idx = threadIdx.x + blockIdx.x * blockDim.x;
[8.808s]       |   [01;35m[K^[m[K 
[8.808s] In file included from [01m[Ktmpxft_00029f36_00000000-6_pointcloud_processing.cudafe1.stub.c:1[m[K:
[8.808s] [01m[K/home/aidan/ana_bot/src/ana/src/cuda/pointcloud_processing.cu:80:3:[m[K [01;35m[Kwarning: [m[Kstyle of line directive is a GCC extension
[8.808s]    80 |   [01;35m[K  [m[Kint idx = threadIdx.x + blockIdx.x * blockDim.x;
[8.808s]       |   [01;35m[K^[m[K 
[8.808s] In file included from [01m[Ktmpxft_00029f36_00000000-6_pointcloud_processing.cudafe1.stub.c:1[m[K:
[8.808s] [01m[K/home/aidan/ana_bot/src/ana/src/cuda/pointcloud_processing.cu:95:3:[m[K [01;35m[Kwarning: [m[Kstyle of line directive is a GCC extension
[8.808s]    95 | 
[8.808s]       |   [01;35m[K^[m[K
[8.808s] [01m[Ktmpxft_00029f36_00000000-6_pointcloud_processing.cudafe1.stub.c:2:3:[m[K [01;35m[Kwarning: [m[Kstyle of line directive is a GCC extension
[8.883s] [01m[Kcc1plus:[m[K [01;36m[Knote: [m[Kunrecognized command-line option ‘[01m[K-Wno-line[m[K’ may have been intended to silence earlier diagnostics
[8.898s] [ 18%] [32m[1mLinking CUDA static library libcuda_operations.a[0m
[8.931s] [ 18%] Built target cuda_operations
[8.952s] [ 27%] [32mBuilding CXX object CMakeFiles/depth_live_filter_node.dir/src/nodes/depth_live_filter.cpp.o[0m
[9.045s] [ 36%] [32mBuilding CXX object CMakeFiles/publish_pcd_node.dir/src/nodes/ply2pcd.cpp.o[0m
[9.046s] [ 45%] [32mBuilding CXX object CMakeFiles/occupancy_grid_subscriber_node.dir/src/nodes/occupancy_grid_subscriber.cpp.o[0m
[14.985s] [ 54%] [32m[1mLinking CUDA device code CMakeFiles/depth_live_filter_node.dir/cmake_device_link.o[0m
[15.042s] [ 63%] [32m[1mLinking CXX executable depth_live_filter_node[0m
[16.242s] [ 63%] Built target depth_live_filter_node
[21.075s] [ 72%] [32m[1mLinking CUDA device code CMakeFiles/publish_pcd_node.dir/cmake_device_link.o[0m
[21.144s] [ 81%] [32m[1mLinking CXX executable publish_pcd_node[0m
[21.892s] [ 90%] [32m[1mLinking CUDA device code CMakeFiles/occupancy_grid_subscriber_node.dir/cmake_device_link.o[0m
[21.959s] [100%] [32m[1mLinking CXX executable occupancy_grid_subscriber_node[0m
[41.176s] [100%] Built target occupancy_grid_subscriber_node
[41.295s] [100%] Built target publish_pcd_node
[41.312s] Invoked command in '/home/aidan/ana_bot/build/ana' returned '0': CMAKE_PREFIX_PATH=/opt/ros/humble /usr/bin/cmake --build /home/aidan/ana_bot/build/ana -- -j16 -l16
[41.349s] Invoking command in '/home/aidan/ana_bot/build/ana': CMAKE_PREFIX_PATH=/opt/ros/humble /usr/bin/cmake --install /home/aidan/ana_bot/build/ana
[41.355s] -- Install configuration: ""
[41.355s] -- Installing: /home/aidan/ana_bot/install/ana/lib/ana/depth_live_filter_node
[41.356s] -- Set runtime path of "/home/aidan/ana_bot/install/ana/lib/ana/depth_live_filter_node" to ""
[41.357s] -- Installing: /home/aidan/ana_bot/install/ana/lib/ana/publish_pcd_node
[41.360s] -- Set runtime path of "/home/aidan/ana_bot/install/ana/lib/ana/publish_pcd_node" to ""
[41.360s] -- Installing: /home/aidan/ana_bot/install/ana/lib/ana/occupancy_grid_subscriber_node
[41.367s] -- Set runtime path of "/home/aidan/ana_bot/install/ana/lib/ana/occupancy_grid_subscriber_node" to ""
[41.368s] -- Installing: /home/aidan/ana_bot/install/ana/lib/ana/libcuda_operations.a
[41.368s] -- Installing: /home/aidan/ana_bot/install/ana/share/ana/config
[41.368s] -- Installing: /home/aidan/ana_bot/install/ana/share/ana/config/twist_mux.yaml
[41.368s] -- Installing: /home/aidan/ana_bot/install/ana/share/ana/config/simulation_depth.rviz
[41.368s] -- Installing: /home/aidan/ana_bot/install/ana/share/ana/config/diff_drive_bot.rviz
[41.368s] -- Installing: /home/aidan/ana_bot/install/ana/share/ana/config/amcl_params.yaml
[41.368s] -- Installing: /home/aidan/ana_bot/install/ana/share/ana/config/gazebo_params.yaml
[41.368s] -- Installing: /home/aidan/ana_bot/install/ana/share/ana/config/ana_map.rviz
[41.368s] -- Installing: /home/aidan/ana_bot/install/ana/share/ana/config/ana.rviz
[41.368s] -- Installing: /home/aidan/ana_bot/install/ana/share/ana/config/my_controllers.yaml
[41.369s] -- Installing: /home/aidan/ana_bot/install/ana/share/ana/config/custom_navigator.xml
[41.369s] -- Installing: /home/aidan/ana_bot/install/ana/share/ana/config/mapper_params_online_async.yaml
[41.369s] -- Installing: /home/aidan/ana_bot/install/ana/share/ana/config/nav2_params.yaml
[41.369s] -- Installing: /home/aidan/ana_bot/install/ana/share/ana/description
[41.369s] -- Installing: /home/aidan/ana_bot/install/ana/share/ana/description/camera.xacro
[41.369s] -- Installing: /home/aidan/ana_bot/install/ana/share/ana/description/ros2_diff_control.xacro
[41.369s] -- Installing: /home/aidan/ana_bot/install/ana/share/ana/description/gazebo_four_diff_control.xacro
[41.370s] -- Installing: /home/aidan/ana_bot/install/ana/share/ana/description/depth_camera.xacro
[41.370s] -- Installing: /home/aidan/ana_bot/install/ana/share/ana/description/robot_core.xacro
[41.370s] -- Installing: /home/aidan/ana_bot/install/ana/share/ana/description/gazebo_diff_control.xacro
[41.370s] -- Installing: /home/aidan/ana_bot/install/ana/share/ana/description/inertial_macros.xacro
[41.371s] -- Installing: /home/aidan/ana_bot/install/ana/share/ana/description/robot.urdf.xacro
[41.371s] -- Installing: /home/aidan/ana_bot/install/ana/share/ana/launch
[41.371s] -- Installing: /home/aidan/ana_bot/install/ana/share/ana/launch/launch_sim.launch.py
[41.371s] -- Installing: /home/aidan/ana_bot/install/ana/share/ana/launch/localization_launch.py
[41.371s] -- Installing: /home/aidan/ana_bot/install/ana/share/ana/launch/rsp.launch.py
[41.372s] -- Installing: /home/aidan/ana_bot/install/ana/share/ana/launch/rtab.launch.py
[41.372s] -- Installing: /home/aidan/ana_bot/install/ana/share/ana/launch/nav2.launch.py
[41.372s] -- Installing: /home/aidan/ana_bot/install/ana/share/ana/launch/navigation_launch.py
[41.372s] -- Installing: /home/aidan/ana_bot/install/ana/share/ana/launch/online_async_launch.py
[41.372s] -- Installing: /home/aidan/ana_bot/install/ana/share/ana/worlds
[41.372s] -- Installing: /home/aidan/ana_bot/install/ana/share/ana/worlds/obstacles_walls.world
[41.372s] -- Installing: /home/aidan/ana_bot/install/ana/share/ana/worlds/bedroom.world
[41.373s] -- Installing: /home/aidan/ana_bot/install/ana/share/ana/worlds/outside.world
[41.374s] -- Installing: /home/aidan/ana_bot/install/ana/share/ana/worlds/obstacles.world
[41.374s] -- Installing: /home/aidan/ana_bot/install/ana/share/ana/worlds/empty.world
[41.374s] -- Installing: /home/aidan/ana_bot/install/ana/share/ana/meshes
[41.374s] -- Installing: /home/aidan/ana_bot/install/ana/share/ana/meshes/ana_chassis.stl
[41.375s] -- Installing: /home/aidan/ana_bot/install/ana/share/ana/meshes/d435i.stl
[41.377s] -- Installing: /home/aidan/ana_bot/install/ana/share/ana/rtab_maps
[41.377s] -- Installing: /home/aidan/ana_bot/install/ana/share/ana/rtab_maps/occupancy_grid.pgm
[41.390s] -- Installing: /home/aidan/ana_bot/install/ana/share/ana/rtab_maps/occupancy_grid.yaml
[41.390s] -- Installing: /home/aidan/ana_bot/install/ana/share/ana/rtab_maps/settings4_toLoad.ini
[41.391s] -- Installing: /home/aidan/ana_bot/install/ana/share/ana/rtab_maps/settings4.pcd
[41.517s] -- Installing: /home/aidan/ana_bot/install/ana/share/ana/rtab_maps/mapped_point_cloud.pcd
[41.523s] -- Installing: /home/aidan/ana_bot/install/ana/share/ana/rtab_maps/settings4_screenshot1.png
[41.525s] -- Installing: /home/aidan/ana_bot/install/ana/share/ana/rtab_maps/settings4_screenshot2.png
[41.525s] -- Installing: /home/aidan/ana_bot/install/ana/share/ana/rtab_maps/rtab_settings.config
[41.525s] -- Installing: /home/aidan/ana_bot/install/ana/share/ana/rtab_maps/settings4.ply
[41.722s] -- Installing: /home/aidan/ana_bot/install/ana/share/ament_index/resource_index/package_run_dependencies/ana
[41.723s] -- Installing: /home/aidan/ana_bot/install/ana/share/ament_index/resource_index/parent_prefix_path/ana
[41.723s] -- Installing: /home/aidan/ana_bot/install/ana/share/ana/environment/ament_prefix_path.sh
[41.723s] -- Installing: /home/aidan/ana_bot/install/ana/share/ana/environment/ament_prefix_path.dsv
[41.723s] -- Installing: /home/aidan/ana_bot/install/ana/share/ana/environment/path.sh
[41.723s] -- Installing: /home/aidan/ana_bot/install/ana/share/ana/environment/path.dsv
[41.723s] -- Installing: /home/aidan/ana_bot/install/ana/share/ana/local_setup.bash
[41.723s] -- Installing: /home/aidan/ana_bot/install/ana/share/ana/local_setup.sh
[41.723s] -- Installing: /home/aidan/ana_bot/install/ana/share/ana/local_setup.zsh
[41.723s] -- Installing: /home/aidan/ana_bot/install/ana/share/ana/local_setup.dsv
[41.723s] -- Installing: /home/aidan/ana_bot/install/ana/share/ana/package.dsv
[41.723s] -- Installing: /home/aidan/ana_bot/install/ana/share/ament_index/resource_index/packages/ana
[41.723s] -- Installing: /home/aidan/ana_bot/install/ana/share/ana/cmake/anaConfig.cmake
[41.723s] -- Installing: /home/aidan/ana_bot/install/ana/share/ana/cmake/anaConfig-version.cmake
[41.724s] -- Installing: /home/aidan/ana_bot/install/ana/share/ana/package.xml
[41.725s] Invoked command in '/home/aidan/ana_bot/build/ana' returned '0': CMAKE_PREFIX_PATH=/opt/ros/humble /usr/bin/cmake --install /home/aidan/ana_bot/build/ana
