[0.085s] DEBUG:colcon:Command line arguments: ['/usr/bin/colcon', 'build']
[0.085s] DEBUG:colcon:Parsed command line arguments: Namespace(log_base=None, log_level=None, verb_name='build', build_base='build', install_base='install', merge_install=False, symlink_install=False, test_result_base=None, continue_on_error=False, executor='parallel', parallel_workers=16, event_handlers=None, ignore_user_meta=False, metas=['./colcon.meta'], base_paths=['.'], packages_ignore=None, packages_ignore_regex=None, paths=None, packages_up_to=None, packages_up_to_regex=None, packages_above=None, packages_above_and_dependencies=None, packages_above_depth=None, packages_select_by_dep=None, packages_skip_by_dep=None, packages_skip_up_to=None, packages_select_build_failed=False, packages_skip_build_finished=False, packages_select_test_failures=False, packages_skip_test_passed=False, packages_select=None, packages_skip=None, packages_select_regex=None, packages_skip_regex=None, packages_start=None, packages_end=None, allow_overriding=[], cmake_args=None, cmake_target=None, cmake_target_skip_unavailable=False, cmake_clean_cache=False, cmake_clean_first=False, cmake_force_configure=False, ament_cmake_args=None, catkin_cmake_args=None, catkin_skip_building_tests=False, mixin_files=None, mixin=None, verb_parser=<colcon_mixin.mixin.mixin_argument.MixinArgumentDecorator object at 0x769b6ec36770>, verb_extension=<colcon_core.verb.build.BuildVerb object at 0x769b6ed3ace0>, main=<bound method BuildVerb.main of <colcon_core.verb.build.BuildVerb object at 0x769b6ed3ace0>>, mixin_verb=('build',))
[0.225s] Level 1:colcon.colcon_core.package_discovery:discover_packages(colcon_meta) check parameters
[0.225s] Level 1:colcon.colcon_core.package_discovery:discover_packages(recursive) check parameters
[0.225s] Level 1:colcon.colcon_core.package_discovery:discover_packages(ignore) check parameters
[0.225s] Level 1:colcon.colcon_core.package_discovery:discover_packages(path) check parameters
[0.225s] Level 1:colcon.colcon_core.package_discovery:discover_packages(colcon_meta) discover
[0.225s] Level 1:colcon.colcon_core.package_discovery:discover_packages(recursive) discover
[0.225s] INFO:colcon.colcon_core.package_discovery:Crawling recursively for packages in '/home/aidan/ros2_ws'
[0.226s] Level 1:colcon.colcon_core.package_identification:_identify(.) by extensions ['ignore', 'ignore_ament_install']
[0.226s] Level 1:colcon.colcon_core.package_identification:_identify(.) by extension 'ignore'
[0.226s] Level 1:colcon.colcon_core.package_identification:_identify(.) by extension 'ignore_ament_install'
[0.226s] Level 1:colcon.colcon_core.package_identification:_identify(.) by extensions ['colcon_pkg']
[0.226s] Level 1:colcon.colcon_core.package_identification:_identify(.) by extension 'colcon_pkg'
[0.226s] Level 1:colcon.colcon_core.package_identification:_identify(.) by extensions ['colcon_meta']
[0.226s] Level 1:colcon.colcon_core.package_identification:_identify(.) by extension 'colcon_meta'
[0.226s] Level 1:colcon.colcon_core.package_identification:_identify(.) by extensions ['ros']
[0.226s] Level 1:colcon.colcon_core.package_identification:_identify(.) by extension 'ros'
[0.234s] Level 1:colcon.colcon_core.package_identification:_identify(.) by extensions ['cmake', 'python']
[0.234s] Level 1:colcon.colcon_core.package_identification:_identify(.) by extension 'cmake'
[0.234s] Level 1:colcon.colcon_core.package_identification:_identify(.) by extension 'python'
[0.234s] Level 1:colcon.colcon_core.package_identification:_identify(.) by extensions ['python_setup_py']
[0.234s] Level 1:colcon.colcon_core.package_identification:_identify(.) by extension 'python_setup_py'
[0.234s] Level 1:colcon.colcon_core.package_identification:_identify(build) by extensions ['ignore', 'ignore_ament_install']
[0.234s] Level 1:colcon.colcon_core.package_identification:_identify(build) by extension 'ignore'
[0.234s] Level 1:colcon.colcon_core.package_identification:_identify(build) ignored
[0.234s] Level 1:colcon.colcon_core.package_identification:_identify(install) by extensions ['ignore', 'ignore_ament_install']
[0.234s] Level 1:colcon.colcon_core.package_identification:_identify(install) by extension 'ignore'
[0.234s] Level 1:colcon.colcon_core.package_identification:_identify(install) ignored
[0.235s] Level 1:colcon.colcon_core.package_identification:_identify(log) by extensions ['ignore', 'ignore_ament_install']
[0.235s] Level 1:colcon.colcon_core.package_identification:_identify(log) by extension 'ignore'
[0.235s] Level 1:colcon.colcon_core.package_identification:_identify(log) ignored
[0.235s] Level 1:colcon.colcon_core.package_identification:_identify(src) by extensions ['ignore', 'ignore_ament_install']
[0.235s] Level 1:colcon.colcon_core.package_identification:_identify(src) by extension 'ignore'
[0.235s] Level 1:colcon.colcon_core.package_identification:_identify(src) by extension 'ignore_ament_install'
[0.235s] Level 1:colcon.colcon_core.package_identification:_identify(src) by extensions ['colcon_pkg']
[0.235s] Level 1:colcon.colcon_core.package_identification:_identify(src) by extension 'colcon_pkg'
[0.235s] Level 1:colcon.colcon_core.package_identification:_identify(src) by extensions ['colcon_meta']
[0.235s] Level 1:colcon.colcon_core.package_identification:_identify(src) by extension 'colcon_meta'
[0.235s] Level 1:colcon.colcon_core.package_identification:_identify(src) by extensions ['ros']
[0.235s] Level 1:colcon.colcon_core.package_identification:_identify(src) by extension 'ros'
[0.235s] Level 1:colcon.colcon_core.package_identification:_identify(src) by extensions ['cmake', 'python']
[0.235s] Level 1:colcon.colcon_core.package_identification:_identify(src) by extension 'cmake'
[0.235s] Level 1:colcon.colcon_core.package_identification:_identify(src) by extension 'python'
[0.235s] Level 1:colcon.colcon_core.package_identification:_identify(src) by extensions ['python_setup_py']
[0.235s] Level 1:colcon.colcon_core.package_identification:_identify(src) by extension 'python_setup_py'
[0.235s] Level 1:colcon.colcon_core.package_identification:_identify(src/ana) by extensions ['ignore', 'ignore_ament_install']
[0.235s] Level 1:colcon.colcon_core.package_identification:_identify(src/ana) by extension 'ignore'
[0.235s] Level 1:colcon.colcon_core.package_identification:_identify(src/ana) by extension 'ignore_ament_install'
[0.235s] Level 1:colcon.colcon_core.package_identification:_identify(src/ana) by extensions ['colcon_pkg']
[0.235s] Level 1:colcon.colcon_core.package_identification:_identify(src/ana) by extension 'colcon_pkg'
[0.235s] Level 1:colcon.colcon_core.package_identification:_identify(src/ana) by extensions ['colcon_meta']
[0.235s] Level 1:colcon.colcon_core.package_identification:_identify(src/ana) by extension 'colcon_meta'
[0.235s] Level 1:colcon.colcon_core.package_identification:_identify(src/ana) by extensions ['ros']
[0.236s] Level 1:colcon.colcon_core.package_identification:_identify(src/ana) by extension 'ros'
[0.237s] DEBUG:colcon.colcon_core.package_identification:Package 'src/ana' with type 'ros.ament_cmake' and name 'ana'
[0.237s] Level 1:colcon.colcon_core.package_identification:_identify(src/gazebo_ros2_control) by extensions ['ignore', 'ignore_ament_install']
[0.237s] Level 1:colcon.colcon_core.package_identification:_identify(src/gazebo_ros2_control) by extension 'ignore'
[0.237s] Level 1:colcon.colcon_core.package_identification:_identify(src/gazebo_ros2_control) by extension 'ignore_ament_install'
[0.237s] Level 1:colcon.colcon_core.package_identification:_identify(src/gazebo_ros2_control) by extensions ['colcon_pkg']
[0.237s] Level 1:colcon.colcon_core.package_identification:_identify(src/gazebo_ros2_control) by extension 'colcon_pkg'
[0.237s] Level 1:colcon.colcon_core.package_identification:_identify(src/gazebo_ros2_control) by extensions ['colcon_meta']
[0.237s] Level 1:colcon.colcon_core.package_identification:_identify(src/gazebo_ros2_control) by extension 'colcon_meta'
[0.238s] Level 1:colcon.colcon_core.package_identification:_identify(src/gazebo_ros2_control) by extensions ['ros']
[0.238s] Level 1:colcon.colcon_core.package_identification:_identify(src/gazebo_ros2_control) by extension 'ros'
[0.238s] Level 1:colcon.colcon_core.package_identification:_identify(src/gazebo_ros2_control) by extensions ['cmake', 'python']
[0.238s] Level 1:colcon.colcon_core.package_identification:_identify(src/gazebo_ros2_control) by extension 'cmake'
[0.238s] Level 1:colcon.colcon_core.package_identification:_identify(src/gazebo_ros2_control) by extension 'python'
[0.238s] Level 1:colcon.colcon_core.package_identification:_identify(src/gazebo_ros2_control) by extensions ['python_setup_py']
[0.238s] Level 1:colcon.colcon_core.package_identification:_identify(src/gazebo_ros2_control) by extension 'python_setup_py'
[0.238s] Level 1:colcon.colcon_core.package_identification:_identify(src/gazebo_ros2_control/Docker) by extensions ['ignore', 'ignore_ament_install']
[0.238s] Level 1:colcon.colcon_core.package_identification:_identify(src/gazebo_ros2_control/Docker) by extension 'ignore'
[0.238s] Level 1:colcon.colcon_core.package_identification:_identify(src/gazebo_ros2_control/Docker) by extension 'ignore_ament_install'
[0.238s] Level 1:colcon.colcon_core.package_identification:_identify(src/gazebo_ros2_control/Docker) by extensions ['colcon_pkg']
[0.238s] Level 1:colcon.colcon_core.package_identification:_identify(src/gazebo_ros2_control/Docker) by extension 'colcon_pkg'
[0.238s] Level 1:colcon.colcon_core.package_identification:_identify(src/gazebo_ros2_control/Docker) by extensions ['colcon_meta']
[0.238s] Level 1:colcon.colcon_core.package_identification:_identify(src/gazebo_ros2_control/Docker) by extension 'colcon_meta'
[0.238s] Level 1:colcon.colcon_core.package_identification:_identify(src/gazebo_ros2_control/Docker) by extensions ['ros']
[0.238s] Level 1:colcon.colcon_core.package_identification:_identify(src/gazebo_ros2_control/Docker) by extension 'ros'
[0.238s] Level 1:colcon.colcon_core.package_identification:_identify(src/gazebo_ros2_control/Docker) by extensions ['cmake', 'python']
[0.238s] Level 1:colcon.colcon_core.package_identification:_identify(src/gazebo_ros2_control/Docker) by extension 'cmake'
[0.238s] Level 1:colcon.colcon_core.package_identification:_identify(src/gazebo_ros2_control/Docker) by extension 'python'
[0.238s] Level 1:colcon.colcon_core.package_identification:_identify(src/gazebo_ros2_control/Docker) by extensions ['python_setup_py']
[0.238s] Level 1:colcon.colcon_core.package_identification:_identify(src/gazebo_ros2_control/Docker) by extension 'python_setup_py'
[0.238s] Level 1:colcon.colcon_core.package_identification:_identify(src/gazebo_ros2_control/doc) by extensions ['ignore', 'ignore_ament_install']
[0.238s] Level 1:colcon.colcon_core.package_identification:_identify(src/gazebo_ros2_control/doc) by extension 'ignore'
[0.238s] Level 1:colcon.colcon_core.package_identification:_identify(src/gazebo_ros2_control/doc) by extension 'ignore_ament_install'
[0.239s] Level 1:colcon.colcon_core.package_identification:_identify(src/gazebo_ros2_control/doc) by extensions ['colcon_pkg']
[0.239s] Level 1:colcon.colcon_core.package_identification:_identify(src/gazebo_ros2_control/doc) by extension 'colcon_pkg'
[0.239s] Level 1:colcon.colcon_core.package_identification:_identify(src/gazebo_ros2_control/doc) by extensions ['colcon_meta']
[0.239s] Level 1:colcon.colcon_core.package_identification:_identify(src/gazebo_ros2_control/doc) by extension 'colcon_meta'
[0.239s] Level 1:colcon.colcon_core.package_identification:_identify(src/gazebo_ros2_control/doc) by extensions ['ros']
[0.239s] Level 1:colcon.colcon_core.package_identification:_identify(src/gazebo_ros2_control/doc) by extension 'ros'
[0.239s] Level 1:colcon.colcon_core.package_identification:_identify(src/gazebo_ros2_control/doc) by extensions ['cmake', 'python']
[0.239s] Level 1:colcon.colcon_core.package_identification:_identify(src/gazebo_ros2_control/doc) by extension 'cmake'
[0.239s] Level 1:colcon.colcon_core.package_identification:_identify(src/gazebo_ros2_control/doc) by extension 'python'
[0.239s] Level 1:colcon.colcon_core.package_identification:_identify(src/gazebo_ros2_control/doc) by extensions ['python_setup_py']
[0.239s] Level 1:colcon.colcon_core.package_identification:_identify(src/gazebo_ros2_control/doc) by extension 'python_setup_py'
[0.239s] Level 1:colcon.colcon_core.package_identification:_identify(src/gazebo_ros2_control/doc/img) by extensions ['ignore', 'ignore_ament_install']
[0.239s] Level 1:colcon.colcon_core.package_identification:_identify(src/gazebo_ros2_control/doc/img) by extension 'ignore'
[0.239s] Level 1:colcon.colcon_core.package_identification:_identify(src/gazebo_ros2_control/doc/img) by extension 'ignore_ament_install'
[0.239s] Level 1:colcon.colcon_core.package_identification:_identify(src/gazebo_ros2_control/doc/img) by extensions ['colcon_pkg']
[0.239s] Level 1:colcon.colcon_core.package_identification:_identify(src/gazebo_ros2_control/doc/img) by extension 'colcon_pkg'
[0.239s] Level 1:colcon.colcon_core.package_identification:_identify(src/gazebo_ros2_control/doc/img) by extensions ['colcon_meta']
[0.239s] Level 1:colcon.colcon_core.package_identification:_identify(src/gazebo_ros2_control/doc/img) by extension 'colcon_meta'
[0.239s] Level 1:colcon.colcon_core.package_identification:_identify(src/gazebo_ros2_control/doc/img) by extensions ['ros']
[0.239s] Level 1:colcon.colcon_core.package_identification:_identify(src/gazebo_ros2_control/doc/img) by extension 'ros'
[0.239s] Level 1:colcon.colcon_core.package_identification:_identify(src/gazebo_ros2_control/doc/img) by extensions ['cmake', 'python']
[0.239s] Level 1:colcon.colcon_core.package_identification:_identify(src/gazebo_ros2_control/doc/img) by extension 'cmake'
[0.239s] Level 1:colcon.colcon_core.package_identification:_identify(src/gazebo_ros2_control/doc/img) by extension 'python'
[0.239s] Level 1:colcon.colcon_core.package_identification:_identify(src/gazebo_ros2_control/doc/img) by extensions ['python_setup_py']
[0.239s] Level 1:colcon.colcon_core.package_identification:_identify(src/gazebo_ros2_control/doc/img) by extension 'python_setup_py'
[0.239s] Level 1:colcon.colcon_core.package_identification:_identify(src/gazebo_ros2_control/gazebo_ros2_control) by extensions ['ignore', 'ignore_ament_install']
[0.240s] Level 1:colcon.colcon_core.package_identification:_identify(src/gazebo_ros2_control/gazebo_ros2_control) by extension 'ignore'
[0.240s] Level 1:colcon.colcon_core.package_identification:_identify(src/gazebo_ros2_control/gazebo_ros2_control) by extension 'ignore_ament_install'
[0.240s] Level 1:colcon.colcon_core.package_identification:_identify(src/gazebo_ros2_control/gazebo_ros2_control) by extensions ['colcon_pkg']
[0.240s] Level 1:colcon.colcon_core.package_identification:_identify(src/gazebo_ros2_control/gazebo_ros2_control) by extension 'colcon_pkg'
[0.240s] Level 1:colcon.colcon_core.package_identification:_identify(src/gazebo_ros2_control/gazebo_ros2_control) by extensions ['colcon_meta']
[0.240s] Level 1:colcon.colcon_core.package_identification:_identify(src/gazebo_ros2_control/gazebo_ros2_control) by extension 'colcon_meta'
[0.240s] Level 1:colcon.colcon_core.package_identification:_identify(src/gazebo_ros2_control/gazebo_ros2_control) by extensions ['ros']
[0.240s] Level 1:colcon.colcon_core.package_identification:_identify(src/gazebo_ros2_control/gazebo_ros2_control) by extension 'ros'
[0.241s] DEBUG:colcon.colcon_core.package_identification:Package 'src/gazebo_ros2_control/gazebo_ros2_control' with type 'ros.ament_cmake' and name 'gazebo_ros2_control'
[0.241s] Level 1:colcon.colcon_core.package_identification:_identify(src/gazebo_ros2_control/gazebo_ros2_control_demos) by extensions ['ignore', 'ignore_ament_install']
[0.241s] Level 1:colcon.colcon_core.package_identification:_identify(src/gazebo_ros2_control/gazebo_ros2_control_demos) by extension 'ignore'
[0.241s] Level 1:colcon.colcon_core.package_identification:_identify(src/gazebo_ros2_control/gazebo_ros2_control_demos) by extension 'ignore_ament_install'
[0.241s] Level 1:colcon.colcon_core.package_identification:_identify(src/gazebo_ros2_control/gazebo_ros2_control_demos) by extensions ['colcon_pkg']
[0.241s] Level 1:colcon.colcon_core.package_identification:_identify(src/gazebo_ros2_control/gazebo_ros2_control_demos) by extension 'colcon_pkg'
[0.241s] Level 1:colcon.colcon_core.package_identification:_identify(src/gazebo_ros2_control/gazebo_ros2_control_demos) by extensions ['colcon_meta']
[0.241s] Level 1:colcon.colcon_core.package_identification:_identify(src/gazebo_ros2_control/gazebo_ros2_control_demos) by extension 'colcon_meta'
[0.241s] Level 1:colcon.colcon_core.package_identification:_identify(src/gazebo_ros2_control/gazebo_ros2_control_demos) by extensions ['ros']
[0.241s] Level 1:colcon.colcon_core.package_identification:_identify(src/gazebo_ros2_control/gazebo_ros2_control_demos) by extension 'ros'
[0.242s] DEBUG:colcon.colcon_core.package_identification:Package 'src/gazebo_ros2_control/gazebo_ros2_control_demos' with type 'ros.ament_cmake' and name 'gazebo_ros2_control_demos'
[0.242s] Level 1:colcon.colcon_core.package_identification:_identify(src/my_python_pkg) by extensions ['ignore', 'ignore_ament_install']
[0.242s] Level 1:colcon.colcon_core.package_identification:_identify(src/my_python_pkg) by extension 'ignore'
[0.242s] Level 1:colcon.colcon_core.package_identification:_identify(src/my_python_pkg) by extension 'ignore_ament_install'
[0.242s] Level 1:colcon.colcon_core.package_identification:_identify(src/my_python_pkg) by extensions ['colcon_pkg']
[0.242s] Level 1:colcon.colcon_core.package_identification:_identify(src/my_python_pkg) by extension 'colcon_pkg'
[0.242s] Level 1:colcon.colcon_core.package_identification:_identify(src/my_python_pkg) by extensions ['colcon_meta']
[0.242s] Level 1:colcon.colcon_core.package_identification:_identify(src/my_python_pkg) by extension 'colcon_meta'
[0.242s] Level 1:colcon.colcon_core.package_identification:_identify(src/my_python_pkg) by extensions ['ros']
[0.242s] Level 1:colcon.colcon_core.package_identification:_identify(src/my_python_pkg) by extension 'ros'
[0.242s] DEBUG:colcon.colcon_core.package_identification:Package 'src/my_python_pkg' with type 'ros.ament_python' and name 'my_python_pkg'
[0.243s] Level 1:colcon.colcon_core.package_identification:_identify(src/realsense-ros) by extensions ['ignore', 'ignore_ament_install']
[0.243s] Level 1:colcon.colcon_core.package_identification:_identify(src/realsense-ros) by extension 'ignore'
[0.243s] Level 1:colcon.colcon_core.package_identification:_identify(src/realsense-ros) by extension 'ignore_ament_install'
[0.243s] Level 1:colcon.colcon_core.package_identification:_identify(src/realsense-ros) by extensions ['colcon_pkg']
[0.243s] Level 1:colcon.colcon_core.package_identification:_identify(src/realsense-ros) by extension 'colcon_pkg'
[0.243s] Level 1:colcon.colcon_core.package_identification:_identify(src/realsense-ros) by extensions ['colcon_meta']
[0.243s] Level 1:colcon.colcon_core.package_identification:_identify(src/realsense-ros) by extension 'colcon_meta'
[0.243s] Level 1:colcon.colcon_core.package_identification:_identify(src/realsense-ros) by extensions ['ros']
[0.243s] Level 1:colcon.colcon_core.package_identification:_identify(src/realsense-ros) by extension 'ros'
[0.243s] Level 1:colcon.colcon_core.package_identification:_identify(src/realsense-ros) by extensions ['cmake', 'python']
[0.243s] Level 1:colcon.colcon_core.package_identification:_identify(src/realsense-ros) by extension 'cmake'
[0.243s] Level 1:colcon.colcon_core.package_identification:_identify(src/realsense-ros) by extension 'python'
[0.243s] Level 1:colcon.colcon_core.package_identification:_identify(src/realsense-ros) by extensions ['python_setup_py']
[0.243s] Level 1:colcon.colcon_core.package_identification:_identify(src/realsense-ros) by extension 'python_setup_py'
[0.243s] Level 1:colcon.colcon_core.package_discovery:discover_packages(recursive) using defaults
[0.243s] Level 1:colcon.colcon_core.package_discovery:discover_packages(ignore) discover
[0.243s] Level 1:colcon.colcon_core.package_discovery:discover_packages(ignore) using defaults
[0.243s] Level 1:colcon.colcon_core.package_discovery:discover_packages(path) discover
[0.243s] Level 1:colcon.colcon_core.package_discovery:discover_packages(path) using defaults
[0.266s] Level 1:colcon.colcon_core.package_discovery:discover_packages(prefix_path) check parameters
[0.266s] Level 1:colcon.colcon_core.package_discovery:discover_packages(prefix_path) discover
[0.267s] DEBUG:colcon.colcon_installed_package_information.package_discovery:Found 4 installed packages in /home/aidan/ros2_ws/install
[0.268s] DEBUG:colcon.colcon_installed_package_information.package_discovery:Found 351 installed packages in /opt/ros/humble
[0.269s] Level 1:colcon.colcon_core.package_discovery:discover_packages(prefix_path) using defaults
[0.303s] Level 5:colcon.colcon_core.verb:set package 'ana' build argument 'cmake_args' from command line to 'None'
[0.303s] Level 5:colcon.colcon_core.verb:set package 'ana' build argument 'cmake_target' from command line to 'None'
[0.303s] Level 5:colcon.colcon_core.verb:set package 'ana' build argument 'cmake_target_skip_unavailable' from command line to 'False'
[0.303s] Level 5:colcon.colcon_core.verb:set package 'ana' build argument 'cmake_clean_cache' from command line to 'False'
[0.303s] Level 5:colcon.colcon_core.verb:set package 'ana' build argument 'cmake_clean_first' from command line to 'False'
[0.303s] Level 5:colcon.colcon_core.verb:set package 'ana' build argument 'cmake_force_configure' from command line to 'False'
[0.303s] Level 5:colcon.colcon_core.verb:set package 'ana' build argument 'ament_cmake_args' from command line to 'None'
[0.303s] Level 5:colcon.colcon_core.verb:set package 'ana' build argument 'catkin_cmake_args' from command line to 'None'
[0.303s] Level 5:colcon.colcon_core.verb:set package 'ana' build argument 'catkin_skip_building_tests' from command line to 'False'
[0.303s] DEBUG:colcon.colcon_core.verb:Building package 'ana' with the following arguments: {'ament_cmake_args': None, 'build_base': '/home/aidan/ros2_ws/build/ana', 'catkin_cmake_args': None, 'catkin_skip_building_tests': False, 'cmake_args': None, 'cmake_clean_cache': False, 'cmake_clean_first': False, 'cmake_force_configure': False, 'cmake_target': None, 'cmake_target_skip_unavailable': False, 'install_base': '/home/aidan/ros2_ws/install/ana', 'merge_install': False, 'path': '/home/aidan/ros2_ws/src/ana', 'symlink_install': False, 'test_result_base': None}
[0.303s] Level 5:colcon.colcon_core.verb:set package 'gazebo_ros2_control' build argument 'cmake_args' from command line to 'None'
[0.303s] Level 5:colcon.colcon_core.verb:set package 'gazebo_ros2_control' build argument 'cmake_target' from command line to 'None'
[0.303s] Level 5:colcon.colcon_core.verb:set package 'gazebo_ros2_control' build argument 'cmake_target_skip_unavailable' from command line to 'False'
[0.303s] Level 5:colcon.colcon_core.verb:set package 'gazebo_ros2_control' build argument 'cmake_clean_cache' from command line to 'False'
[0.303s] Level 5:colcon.colcon_core.verb:set package 'gazebo_ros2_control' build argument 'cmake_clean_first' from command line to 'False'
[0.303s] Level 5:colcon.colcon_core.verb:set package 'gazebo_ros2_control' build argument 'cmake_force_configure' from command line to 'False'
[0.303s] Level 5:colcon.colcon_core.verb:set package 'gazebo_ros2_control' build argument 'ament_cmake_args' from command line to 'None'
[0.303s] Level 5:colcon.colcon_core.verb:set package 'gazebo_ros2_control' build argument 'catkin_cmake_args' from command line to 'None'
[0.303s] Level 5:colcon.colcon_core.verb:set package 'gazebo_ros2_control' build argument 'catkin_skip_building_tests' from command line to 'False'
[0.304s] DEBUG:colcon.colcon_core.verb:Building package 'gazebo_ros2_control' with the following arguments: {'ament_cmake_args': None, 'build_base': '/home/aidan/ros2_ws/build/gazebo_ros2_control', 'catkin_cmake_args': None, 'catkin_skip_building_tests': False, 'cmake_args': None, 'cmake_clean_cache': False, 'cmake_clean_first': False, 'cmake_force_configure': False, 'cmake_target': None, 'cmake_target_skip_unavailable': False, 'install_base': '/home/aidan/ros2_ws/install/gazebo_ros2_control', 'merge_install': False, 'path': '/home/aidan/ros2_ws/src/gazebo_ros2_control/gazebo_ros2_control', 'symlink_install': False, 'test_result_base': None}
[0.304s] Level 5:colcon.colcon_core.verb:set package 'my_python_pkg' build argument 'cmake_args' from command line to 'None'
[0.304s] Level 5:colcon.colcon_core.verb:set package 'my_python_pkg' build argument 'cmake_target' from command line to 'None'
[0.304s] Level 5:colcon.colcon_core.verb:set package 'my_python_pkg' build argument 'cmake_target_skip_unavailable' from command line to 'False'
[0.304s] Level 5:colcon.colcon_core.verb:set package 'my_python_pkg' build argument 'cmake_clean_cache' from command line to 'False'
[0.304s] Level 5:colcon.colcon_core.verb:set package 'my_python_pkg' build argument 'cmake_clean_first' from command line to 'False'
[0.304s] Level 5:colcon.colcon_core.verb:set package 'my_python_pkg' build argument 'cmake_force_configure' from command line to 'False'
[0.304s] Level 5:colcon.colcon_core.verb:set package 'my_python_pkg' build argument 'ament_cmake_args' from command line to 'None'
[0.304s] Level 5:colcon.colcon_core.verb:set package 'my_python_pkg' build argument 'catkin_cmake_args' from command line to 'None'
[0.304s] Level 5:colcon.colcon_core.verb:set package 'my_python_pkg' build argument 'catkin_skip_building_tests' from command line to 'False'
[0.304s] DEBUG:colcon.colcon_core.verb:Building package 'my_python_pkg' with the following arguments: {'ament_cmake_args': None, 'build_base': '/home/aidan/ros2_ws/build/my_python_pkg', 'catkin_cmake_args': None, 'catkin_skip_building_tests': False, 'cmake_args': None, 'cmake_clean_cache': False, 'cmake_clean_first': False, 'cmake_force_configure': False, 'cmake_target': None, 'cmake_target_skip_unavailable': False, 'install_base': '/home/aidan/ros2_ws/install/my_python_pkg', 'merge_install': False, 'path': '/home/aidan/ros2_ws/src/my_python_pkg', 'symlink_install': False, 'test_result_base': None}
[0.304s] Level 5:colcon.colcon_core.verb:set package 'gazebo_ros2_control_demos' build argument 'cmake_args' from command line to 'None'
[0.304s] Level 5:colcon.colcon_core.verb:set package 'gazebo_ros2_control_demos' build argument 'cmake_target' from command line to 'None'
[0.304s] Level 5:colcon.colcon_core.verb:set package 'gazebo_ros2_control_demos' build argument 'cmake_target_skip_unavailable' from command line to 'False'
[0.304s] Level 5:colcon.colcon_core.verb:set package 'gazebo_ros2_control_demos' build argument 'cmake_clean_cache' from command line to 'False'
[0.304s] Level 5:colcon.colcon_core.verb:set package 'gazebo_ros2_control_demos' build argument 'cmake_clean_first' from command line to 'False'
[0.304s] Level 5:colcon.colcon_core.verb:set package 'gazebo_ros2_control_demos' build argument 'cmake_force_configure' from command line to 'False'
[0.304s] Level 5:colcon.colcon_core.verb:set package 'gazebo_ros2_control_demos' build argument 'ament_cmake_args' from command line to 'None'
[0.305s] Level 5:colcon.colcon_core.verb:set package 'gazebo_ros2_control_demos' build argument 'catkin_cmake_args' from command line to 'None'
[0.305s] Level 5:colcon.colcon_core.verb:set package 'gazebo_ros2_control_demos' build argument 'catkin_skip_building_tests' from command line to 'False'
[0.305s] DEBUG:colcon.colcon_core.verb:Building package 'gazebo_ros2_control_demos' with the following arguments: {'ament_cmake_args': None, 'build_base': '/home/aidan/ros2_ws/build/gazebo_ros2_control_demos', 'catkin_cmake_args': None, 'catkin_skip_building_tests': False, 'cmake_args': None, 'cmake_clean_cache': False, 'cmake_clean_first': False, 'cmake_force_configure': False, 'cmake_target': None, 'cmake_target_skip_unavailable': False, 'install_base': '/home/aidan/ros2_ws/install/gazebo_ros2_control_demos', 'merge_install': False, 'path': '/home/aidan/ros2_ws/src/gazebo_ros2_control/gazebo_ros2_control_demos', 'symlink_install': False, 'test_result_base': None}
[0.305s] INFO:colcon.colcon_core.executor:Executing jobs using 'parallel' executor
[0.305s] DEBUG:colcon.colcon_parallel_executor.executor.parallel:run_until_complete
[0.305s] INFO:colcon.colcon_ros.task.ament_cmake.build:Building ROS package in '/home/aidan/ros2_ws/src/gazebo_ros2_control/gazebo_ros2_control' with build type 'ament_cmake'
[0.306s] INFO:colcon.colcon_cmake.task.cmake.build:Building CMake package in '/home/aidan/ros2_ws/src/gazebo_ros2_control/gazebo_ros2_control'
[0.307s] INFO:colcon.colcon_core.plugin_system:Skipping extension 'colcon_core.shell.bat': Not used on non-Windows systems
[0.307s] INFO:colcon.colcon_core.shell:Skip shell extension 'powershell' for command environment: Not usable outside of PowerShell
[0.307s] DEBUG:colcon.colcon_core.shell:Skip shell extension 'dsv' for command environment
[0.315s] INFO:colcon.colcon_ros.task.ament_cmake.build:Building ROS package in '/home/aidan/ros2_ws/src/ana' with build type 'ament_cmake'
[0.315s] INFO:colcon.colcon_cmake.task.cmake.build:Building CMake package in '/home/aidan/ros2_ws/src/ana'
[0.315s] INFO:colcon.colcon_core.shell:Skip shell extension 'powershell' for command environment: Not usable outside of PowerShell
[0.316s] DEBUG:colcon.colcon_core.shell:Skip shell extension 'dsv' for command environment
[0.318s] INFO:colcon.colcon_ros.task.ament_python.build:Building ROS package in '/home/aidan/ros2_ws/src/my_python_pkg' with build type 'ament_python'
[0.318s] Level 1:colcon.colcon_core.shell:create_environment_hook('my_python_pkg', 'ament_prefix_path')
[0.318s] INFO:colcon.colcon_core.shell:Creating environment hook '/home/aidan/ros2_ws/install/my_python_pkg/share/my_python_pkg/hook/ament_prefix_path.ps1'
[0.319s] INFO:colcon.colcon_core.shell:Creating environment descriptor '/home/aidan/ros2_ws/install/my_python_pkg/share/my_python_pkg/hook/ament_prefix_path.dsv'
[0.319s] INFO:colcon.colcon_core.shell:Creating environment hook '/home/aidan/ros2_ws/install/my_python_pkg/share/my_python_pkg/hook/ament_prefix_path.sh'
[0.320s] INFO:colcon.colcon_core.shell:Skip shell extension 'powershell' for command environment: Not usable outside of PowerShell
[0.320s] DEBUG:colcon.colcon_core.shell:Skip shell extension 'dsv' for command environment
[0.326s] DEBUG:colcon.colcon_core.event_handler.log_command:Invoking command in '/home/aidan/ros2_ws/build/gazebo_ros2_control': CMAKE_PREFIX_PATH=${CMAKE_PREFIX_PATH}:/home/aidan/ros2_ws/install/my_python_pkg:/opt/ros/humble /usr/bin/cmake --build /home/aidan/ros2_ws/build/gazebo_ros2_control -- -j16 -l16
[0.328s] DEBUG:colcon.colcon_core.event_handler.log_command:Invoking command in '/home/aidan/ros2_ws/build/ana': CMAKE_PREFIX_PATH=${CMAKE_PREFIX_PATH}:/home/aidan/ros2_ws/install/my_python_pkg:/opt/ros/humble /usr/bin/cmake --build /home/aidan/ros2_ws/build/ana -- -j16 -l16
[0.529s] INFO:colcon.colcon_core.task.python.build:Building Python package in '/home/aidan/ros2_ws/src/my_python_pkg'
[0.529s] INFO:colcon.colcon_core.shell:Skip shell extension 'powershell' for command environment: Not usable outside of PowerShell
[0.529s] DEBUG:colcon.colcon_core.shell:Skip shell extension 'dsv' for command environment
[0.533s] DEBUG:colcon.colcon_core.event_handler.log_command:Invoked command in '/home/aidan/ros2_ws/build/ana' returned '0': CMAKE_PREFIX_PATH=${CMAKE_PREFIX_PATH}:/home/aidan/ros2_ws/install/my_python_pkg:/opt/ros/humble /usr/bin/cmake --build /home/aidan/ros2_ws/build/ana -- -j16 -l16
[0.534s] DEBUG:colcon.colcon_core.event_handler.log_command:Invoked command in '/home/aidan/ros2_ws/build/gazebo_ros2_control' returned '0': CMAKE_PREFIX_PATH=${CMAKE_PREFIX_PATH}:/home/aidan/ros2_ws/install/my_python_pkg:/opt/ros/humble /usr/bin/cmake --build /home/aidan/ros2_ws/build/gazebo_ros2_control -- -j16 -l16
[0.555s] DEBUG:colcon.colcon_core.event_handler.log_command:Invoking command in '/home/aidan/ros2_ws/build/ana': CMAKE_PREFIX_PATH=${CMAKE_PREFIX_PATH}:/home/aidan/ros2_ws/install/my_python_pkg:/opt/ros/humble /usr/bin/cmake --install /home/aidan/ros2_ws/build/ana
[0.557s] DEBUG:colcon.colcon_core.event_handler.log_command:Invoking command in '/home/aidan/ros2_ws/build/gazebo_ros2_control': CMAKE_PREFIX_PATH=${CMAKE_PREFIX_PATH}:/home/aidan/ros2_ws/install/my_python_pkg:/opt/ros/humble /usr/bin/cmake --install /home/aidan/ros2_ws/build/gazebo_ros2_control
[0.570s] Level 1:colcon.colcon_core.environment:create_environment_scripts_only(ana)
[0.571s] DEBUG:colcon.colcon_core.event_handler.log_command:Invoked command in '/home/aidan/ros2_ws/build/ana' returned '0': CMAKE_PREFIX_PATH=${CMAKE_PREFIX_PATH}:/home/aidan/ros2_ws/install/my_python_pkg:/opt/ros/humble /usr/bin/cmake --install /home/aidan/ros2_ws/build/ana
[0.572s] Level 1:colcon.colcon_core.environment:checking '/home/aidan/ros2_ws/install/ana' for CMake module files
[0.573s] Level 1:colcon.colcon_core.environment:checking '/home/aidan/ros2_ws/install/ana' for CMake config files
[0.573s] Level 1:colcon.colcon_core.shell:create_environment_hook('ana', 'cmake_prefix_path')
[0.573s] INFO:colcon.colcon_core.shell:Creating environment hook '/home/aidan/ros2_ws/install/ana/share/ana/hook/cmake_prefix_path.ps1'
[0.573s] INFO:colcon.colcon_core.shell:Creating environment descriptor '/home/aidan/ros2_ws/install/ana/share/ana/hook/cmake_prefix_path.dsv'
[0.574s] INFO:colcon.colcon_core.shell:Creating environment hook '/home/aidan/ros2_ws/install/ana/share/ana/hook/cmake_prefix_path.sh'
[0.574s] Level 1:colcon.colcon_core.environment:checking '/home/aidan/ros2_ws/install/ana/lib'
[0.574s] Level 1:colcon.colcon_core.environment:checking '/home/aidan/ros2_ws/install/ana/bin'
[0.574s] Level 1:colcon.colcon_core.environment:checking '/home/aidan/ros2_ws/install/ana/lib/pkgconfig/ana.pc'
[0.574s] Level 1:colcon.colcon_core.environment:checking '/home/aidan/ros2_ws/install/ana/lib/python3.10/site-packages'
[0.574s] Level 1:colcon.colcon_core.environment:checking '/home/aidan/ros2_ws/install/ana/bin'
[0.575s] INFO:colcon.colcon_core.shell:Creating package script '/home/aidan/ros2_ws/install/ana/share/ana/package.ps1'
[0.575s] INFO:colcon.colcon_core.shell:Creating package descriptor '/home/aidan/ros2_ws/install/ana/share/ana/package.dsv'
[0.575s] INFO:colcon.colcon_core.shell:Creating package script '/home/aidan/ros2_ws/install/ana/share/ana/package.sh'
[0.576s] INFO:colcon.colcon_core.shell:Creating package script '/home/aidan/ros2_ws/install/ana/share/ana/package.bash'
[0.576s] INFO:colcon.colcon_core.shell:Creating package script '/home/aidan/ros2_ws/install/ana/share/ana/package.zsh'
[0.577s] Level 1:colcon.colcon_core.environment:create_file_with_runtime_dependencies(/home/aidan/ros2_ws/install/ana/share/colcon-core/packages/ana)
[0.578s] Level 1:colcon.colcon_core.environment:create_environment_scripts_only(gazebo_ros2_control)
[0.578s] Level 1:colcon.colcon_core.environment:checking '/home/aidan/ros2_ws/install/gazebo_ros2_control' for CMake module files
[0.579s] DEBUG:colcon.colcon_core.event_handler.log_command:Invoked command in '/home/aidan/ros2_ws/build/gazebo_ros2_control' returned '0': CMAKE_PREFIX_PATH=${CMAKE_PREFIX_PATH}:/home/aidan/ros2_ws/install/my_python_pkg:/opt/ros/humble /usr/bin/cmake --install /home/aidan/ros2_ws/build/gazebo_ros2_control
[0.579s] Level 1:colcon.colcon_core.environment:checking '/home/aidan/ros2_ws/install/gazebo_ros2_control' for CMake config files
[0.579s] Level 1:colcon.colcon_core.shell:create_environment_hook('gazebo_ros2_control', 'cmake_prefix_path')
[0.579s] INFO:colcon.colcon_core.shell:Creating environment hook '/home/aidan/ros2_ws/install/gazebo_ros2_control/share/gazebo_ros2_control/hook/cmake_prefix_path.ps1'
[0.579s] INFO:colcon.colcon_core.shell:Creating environment descriptor '/home/aidan/ros2_ws/install/gazebo_ros2_control/share/gazebo_ros2_control/hook/cmake_prefix_path.dsv'
[0.579s] INFO:colcon.colcon_core.shell:Creating environment hook '/home/aidan/ros2_ws/install/gazebo_ros2_control/share/gazebo_ros2_control/hook/cmake_prefix_path.sh'
[0.580s] Level 1:colcon.colcon_core.environment:checking '/home/aidan/ros2_ws/install/gazebo_ros2_control/lib'
[0.580s] Level 1:colcon.colcon_core.shell:create_environment_hook('gazebo_ros2_control', 'ld_library_path_lib')
[0.580s] INFO:colcon.colcon_core.shell:Creating environment hook '/home/aidan/ros2_ws/install/gazebo_ros2_control/share/gazebo_ros2_control/hook/ld_library_path_lib.ps1'
[0.580s] INFO:colcon.colcon_core.shell:Creating environment descriptor '/home/aidan/ros2_ws/install/gazebo_ros2_control/share/gazebo_ros2_control/hook/ld_library_path_lib.dsv'
[0.580s] INFO:colcon.colcon_core.shell:Creating environment hook '/home/aidan/ros2_ws/install/gazebo_ros2_control/share/gazebo_ros2_control/hook/ld_library_path_lib.sh'
[0.581s] Level 1:colcon.colcon_core.environment:checking '/home/aidan/ros2_ws/install/gazebo_ros2_control/bin'
[0.581s] Level 1:colcon.colcon_core.environment:checking '/home/aidan/ros2_ws/install/gazebo_ros2_control/lib/pkgconfig/gazebo_ros2_control.pc'
[0.581s] Level 1:colcon.colcon_core.environment:checking '/home/aidan/ros2_ws/install/gazebo_ros2_control/lib/python3.10/site-packages'
[0.581s] Level 1:colcon.colcon_core.environment:checking '/home/aidan/ros2_ws/install/gazebo_ros2_control/bin'
[0.581s] INFO:colcon.colcon_core.shell:Creating package script '/home/aidan/ros2_ws/install/gazebo_ros2_control/share/gazebo_ros2_control/package.ps1'
[0.582s] INFO:colcon.colcon_core.shell:Creating package descriptor '/home/aidan/ros2_ws/install/gazebo_ros2_control/share/gazebo_ros2_control/package.dsv'
[0.582s] INFO:colcon.colcon_core.shell:Creating package script '/home/aidan/ros2_ws/install/gazebo_ros2_control/share/gazebo_ros2_control/package.sh'
[0.582s] INFO:colcon.colcon_core.shell:Creating package script '/home/aidan/ros2_ws/install/gazebo_ros2_control/share/gazebo_ros2_control/package.bash'
[0.582s] INFO:colcon.colcon_core.shell:Creating package script '/home/aidan/ros2_ws/install/gazebo_ros2_control/share/gazebo_ros2_control/package.zsh'
[0.583s] Level 1:colcon.colcon_core.environment:create_file_with_runtime_dependencies(/home/aidan/ros2_ws/install/gazebo_ros2_control/share/colcon-core/packages/gazebo_ros2_control)
[0.592s] Level 1:colcon.colcon_core.environment:create_environment_scripts_only(ana)
[0.592s] Level 1:colcon.colcon_core.environment:checking '/home/aidan/ros2_ws/install/ana' for CMake module files
[0.592s] Level 1:colcon.colcon_core.environment:checking '/home/aidan/ros2_ws/install/ana' for CMake config files
[0.593s] Level 1:colcon.colcon_core.shell:create_environment_hook('ana', 'cmake_prefix_path')
[0.593s] INFO:colcon.colcon_core.shell:Creating environment hook '/home/aidan/ros2_ws/install/ana/share/ana/hook/cmake_prefix_path.ps1'
[0.593s] INFO:colcon.colcon_core.shell:Creating environment descriptor '/home/aidan/ros2_ws/install/ana/share/ana/hook/cmake_prefix_path.dsv'
[0.593s] INFO:colcon.colcon_core.shell:Creating environment hook '/home/aidan/ros2_ws/install/ana/share/ana/hook/cmake_prefix_path.sh'
[0.594s] Level 1:colcon.colcon_core.environment:checking '/home/aidan/ros2_ws/install/ana/lib'
[0.594s] Level 1:colcon.colcon_core.environment:checking '/home/aidan/ros2_ws/install/ana/bin'
[0.594s] Level 1:colcon.colcon_core.environment:checking '/home/aidan/ros2_ws/install/ana/lib/pkgconfig/ana.pc'
[0.594s] Level 1:colcon.colcon_core.environment:checking '/home/aidan/ros2_ws/install/ana/lib/python3.10/site-packages'
[0.594s] Level 1:colcon.colcon_core.environment:checking '/home/aidan/ros2_ws/install/ana/bin'
[0.594s] INFO:colcon.colcon_core.shell:Creating package script '/home/aidan/ros2_ws/install/ana/share/ana/package.ps1'
[0.595s] INFO:colcon.colcon_core.shell:Creating package descriptor '/home/aidan/ros2_ws/install/ana/share/ana/package.dsv'
[0.595s] INFO:colcon.colcon_core.shell:Creating package script '/home/aidan/ros2_ws/install/ana/share/ana/package.sh'
[0.595s] INFO:colcon.colcon_core.shell:Creating package script '/home/aidan/ros2_ws/install/ana/share/ana/package.bash'
[0.596s] INFO:colcon.colcon_core.shell:Creating package script '/home/aidan/ros2_ws/install/ana/share/ana/package.zsh'
[0.596s] Level 1:colcon.colcon_core.environment:create_file_with_runtime_dependencies(/home/aidan/ros2_ws/install/ana/share/colcon-core/packages/ana)
[0.601s] Level 1:colcon.colcon_core.environment:create_environment_scripts_only(gazebo_ros2_control)
[0.601s] Level 1:colcon.colcon_core.environment:checking '/home/aidan/ros2_ws/install/gazebo_ros2_control' for CMake module files
[0.601s] Level 1:colcon.colcon_core.environment:checking '/home/aidan/ros2_ws/install/gazebo_ros2_control' for CMake config files
[0.601s] Level 1:colcon.colcon_core.shell:create_environment_hook('gazebo_ros2_control', 'cmake_prefix_path')
[0.601s] INFO:colcon.colcon_core.shell:Creating environment hook '/home/aidan/ros2_ws/install/gazebo_ros2_control/share/gazebo_ros2_control/hook/cmake_prefix_path.ps1'
[0.602s] INFO:colcon.colcon_core.shell:Creating environment descriptor '/home/aidan/ros2_ws/install/gazebo_ros2_control/share/gazebo_ros2_control/hook/cmake_prefix_path.dsv'
[0.602s] INFO:colcon.colcon_core.shell:Creating environment hook '/home/aidan/ros2_ws/install/gazebo_ros2_control/share/gazebo_ros2_control/hook/cmake_prefix_path.sh'
[0.602s] Level 1:colcon.colcon_core.environment:checking '/home/aidan/ros2_ws/install/gazebo_ros2_control/lib'
[0.602s] Level 1:colcon.colcon_core.shell:create_environment_hook('gazebo_ros2_control', 'ld_library_path_lib')
[0.602s] INFO:colcon.colcon_core.shell:Creating environment hook '/home/aidan/ros2_ws/install/gazebo_ros2_control/share/gazebo_ros2_control/hook/ld_library_path_lib.ps1'
[0.603s] INFO:colcon.colcon_core.shell:Creating environment descriptor '/home/aidan/ros2_ws/install/gazebo_ros2_control/share/gazebo_ros2_control/hook/ld_library_path_lib.dsv'
[0.603s] INFO:colcon.colcon_core.shell:Creating environment hook '/home/aidan/ros2_ws/install/gazebo_ros2_control/share/gazebo_ros2_control/hook/ld_library_path_lib.sh'
[0.603s] Level 1:colcon.colcon_core.environment:checking '/home/aidan/ros2_ws/install/gazebo_ros2_control/bin'
[0.603s] Level 1:colcon.colcon_core.environment:checking '/home/aidan/ros2_ws/install/gazebo_ros2_control/lib/pkgconfig/gazebo_ros2_control.pc'
[0.603s] Level 1:colcon.colcon_core.environment:checking '/home/aidan/ros2_ws/install/gazebo_ros2_control/lib/python3.10/site-packages'
[0.603s] Level 1:colcon.colcon_core.environment:checking '/home/aidan/ros2_ws/install/gazebo_ros2_control/bin'
[0.604s] INFO:colcon.colcon_core.shell:Creating package script '/home/aidan/ros2_ws/install/gazebo_ros2_control/share/gazebo_ros2_control/package.ps1'
[0.604s] INFO:colcon.colcon_core.shell:Creating package descriptor '/home/aidan/ros2_ws/install/gazebo_ros2_control/share/gazebo_ros2_control/package.dsv'
[0.605s] INFO:colcon.colcon_core.shell:Creating package script '/home/aidan/ros2_ws/install/gazebo_ros2_control/share/gazebo_ros2_control/package.sh'
[0.605s] INFO:colcon.colcon_core.shell:Creating package script '/home/aidan/ros2_ws/install/gazebo_ros2_control/share/gazebo_ros2_control/package.bash'
[0.605s] INFO:colcon.colcon_core.shell:Creating package script '/home/aidan/ros2_ws/install/gazebo_ros2_control/share/gazebo_ros2_control/package.zsh'
[0.605s] Level 1:colcon.colcon_core.environment:create_file_with_runtime_dependencies(/home/aidan/ros2_ws/install/gazebo_ros2_control/share/colcon-core/packages/gazebo_ros2_control)
[0.606s] INFO:colcon.colcon_ros.task.ament_cmake.build:Building ROS package in '/home/aidan/ros2_ws/src/gazebo_ros2_control/gazebo_ros2_control_demos' with build type 'ament_cmake'
[0.606s] INFO:colcon.colcon_cmake.task.cmake.build:Building CMake package in '/home/aidan/ros2_ws/src/gazebo_ros2_control/gazebo_ros2_control_demos'
[0.606s] INFO:colcon.colcon_core.shell:Skip shell extension 'powershell' for command environment: Not usable outside of PowerShell
[0.606s] DEBUG:colcon.colcon_core.shell:Skip shell extension 'dsv' for command environment
[0.612s] DEBUG:colcon.colcon_core.event_handler.log_command:Invoking command in '/home/aidan/ros2_ws/build/gazebo_ros2_control_demos': CMAKE_PREFIX_PATH=/home/aidan/ros2_ws/install/gazebo_ros2_control:/home/aidan/ros2_ws/install/gazebo_ros2_control_demos:/home/aidan/ros2_ws/install/ana:/home/aidan/ros2_ws/install/my_python_pkg:/opt/ros/humble /usr/bin/cmake --build /home/aidan/ros2_ws/build/gazebo_ros2_control_demos -- -j16 -l16
[0.657s] DEBUG:colcon.colcon_core.event_handler.log_command:Invoked command in '/home/aidan/ros2_ws/build/gazebo_ros2_control_demos' returned '0': CMAKE_PREFIX_PATH=/home/aidan/ros2_ws/install/gazebo_ros2_control:/home/aidan/ros2_ws/install/gazebo_ros2_control_demos:/home/aidan/ros2_ws/install/ana:/home/aidan/ros2_ws/install/my_python_pkg:/opt/ros/humble /usr/bin/cmake --build /home/aidan/ros2_ws/build/gazebo_ros2_control_demos -- -j16 -l16
[0.684s] DEBUG:colcon.colcon_core.event_handler.log_command:Invoking command in '/home/aidan/ros2_ws/build/gazebo_ros2_control_demos': CMAKE_PREFIX_PATH=/home/aidan/ros2_ws/install/gazebo_ros2_control:/home/aidan/ros2_ws/install/gazebo_ros2_control_demos:/home/aidan/ros2_ws/install/ana:/home/aidan/ros2_ws/install/my_python_pkg:/opt/ros/humble /usr/bin/cmake --install /home/aidan/ros2_ws/build/gazebo_ros2_control_demos
[0.701s] Level 1:colcon.colcon_core.environment:create_environment_scripts_only(gazebo_ros2_control_demos)
[0.702s] Level 1:colcon.colcon_core.environment:checking '/home/aidan/ros2_ws/install/gazebo_ros2_control_demos' for CMake module files
[0.702s] DEBUG:colcon.colcon_core.event_handler.log_command:Invoked command in '/home/aidan/ros2_ws/build/gazebo_ros2_control_demos' returned '0': CMAKE_PREFIX_PATH=/home/aidan/ros2_ws/install/gazebo_ros2_control:/home/aidan/ros2_ws/install/gazebo_ros2_control_demos:/home/aidan/ros2_ws/install/ana:/home/aidan/ros2_ws/install/my_python_pkg:/opt/ros/humble /usr/bin/cmake --install /home/aidan/ros2_ws/build/gazebo_ros2_control_demos
[0.702s] Level 1:colcon.colcon_core.environment:checking '/home/aidan/ros2_ws/install/gazebo_ros2_control_demos' for CMake config files
[0.703s] Level 1:colcon.colcon_core.shell:create_environment_hook('gazebo_ros2_control_demos', 'cmake_prefix_path')
[0.703s] INFO:colcon.colcon_core.shell:Creating environment hook '/home/aidan/ros2_ws/install/gazebo_ros2_control_demos/share/gazebo_ros2_control_demos/hook/cmake_prefix_path.ps1'
[0.703s] INFO:colcon.colcon_core.shell:Creating environment descriptor '/home/aidan/ros2_ws/install/gazebo_ros2_control_demos/share/gazebo_ros2_control_demos/hook/cmake_prefix_path.dsv'
[0.703s] INFO:colcon.colcon_core.shell:Creating environment hook '/home/aidan/ros2_ws/install/gazebo_ros2_control_demos/share/gazebo_ros2_control_demos/hook/cmake_prefix_path.sh'
[0.704s] Level 1:colcon.colcon_core.environment:checking '/home/aidan/ros2_ws/install/gazebo_ros2_control_demos/lib'
[0.704s] Level 1:colcon.colcon_core.environment:checking '/home/aidan/ros2_ws/install/gazebo_ros2_control_demos/bin'
[0.704s] Level 1:colcon.colcon_core.environment:checking '/home/aidan/ros2_ws/install/gazebo_ros2_control_demos/lib/pkgconfig/gazebo_ros2_control_demos.pc'
[0.704s] Level 1:colcon.colcon_core.environment:checking '/home/aidan/ros2_ws/install/gazebo_ros2_control_demos/lib/python3.10/site-packages'
[0.704s] Level 1:colcon.colcon_core.environment:checking '/home/aidan/ros2_ws/install/gazebo_ros2_control_demos/bin'
[0.704s] INFO:colcon.colcon_core.shell:Creating package script '/home/aidan/ros2_ws/install/gazebo_ros2_control_demos/share/gazebo_ros2_control_demos/package.ps1'
[0.705s] INFO:colcon.colcon_core.shell:Creating package descriptor '/home/aidan/ros2_ws/install/gazebo_ros2_control_demos/share/gazebo_ros2_control_demos/package.dsv'
[0.705s] INFO:colcon.colcon_core.shell:Creating package script '/home/aidan/ros2_ws/install/gazebo_ros2_control_demos/share/gazebo_ros2_control_demos/package.sh'
[0.705s] INFO:colcon.colcon_core.shell:Creating package script '/home/aidan/ros2_ws/install/gazebo_ros2_control_demos/share/gazebo_ros2_control_demos/package.bash'
[0.705s] INFO:colcon.colcon_core.shell:Creating package script '/home/aidan/ros2_ws/install/gazebo_ros2_control_demos/share/gazebo_ros2_control_demos/package.zsh'
[0.706s] Level 1:colcon.colcon_core.environment:create_file_with_runtime_dependencies(/home/aidan/ros2_ws/install/gazebo_ros2_control_demos/share/colcon-core/packages/gazebo_ros2_control_demos)
[0.732s] Level 1:colcon.colcon_core.environment:create_environment_scripts_only(gazebo_ros2_control_demos)
[0.732s] Level 1:colcon.colcon_core.environment:checking '/home/aidan/ros2_ws/install/gazebo_ros2_control_demos' for CMake module files
[0.732s] Level 1:colcon.colcon_core.environment:checking '/home/aidan/ros2_ws/install/gazebo_ros2_control_demos' for CMake config files
[0.733s] Level 1:colcon.colcon_core.shell:create_environment_hook('gazebo_ros2_control_demos', 'cmake_prefix_path')
[0.733s] INFO:colcon.colcon_core.shell:Creating environment hook '/home/aidan/ros2_ws/install/gazebo_ros2_control_demos/share/gazebo_ros2_control_demos/hook/cmake_prefix_path.ps1'
[0.733s] INFO:colcon.colcon_core.shell:Creating environment descriptor '/home/aidan/ros2_ws/install/gazebo_ros2_control_demos/share/gazebo_ros2_control_demos/hook/cmake_prefix_path.dsv'
[0.733s] INFO:colcon.colcon_core.shell:Creating environment hook '/home/aidan/ros2_ws/install/gazebo_ros2_control_demos/share/gazebo_ros2_control_demos/hook/cmake_prefix_path.sh'
[0.734s] Level 1:colcon.colcon_core.environment:checking '/home/aidan/ros2_ws/install/gazebo_ros2_control_demos/lib'
[0.734s] Level 1:colcon.colcon_core.environment:checking '/home/aidan/ros2_ws/install/gazebo_ros2_control_demos/bin'
[0.734s] Level 1:colcon.colcon_core.environment:checking '/home/aidan/ros2_ws/install/gazebo_ros2_control_demos/lib/pkgconfig/gazebo_ros2_control_demos.pc'
[0.734s] Level 1:colcon.colcon_core.environment:checking '/home/aidan/ros2_ws/install/gazebo_ros2_control_demos/lib/python3.10/site-packages'
[0.734s] Level 1:colcon.colcon_core.environment:checking '/home/aidan/ros2_ws/install/gazebo_ros2_control_demos/bin'
[0.734s] INFO:colcon.colcon_core.shell:Creating package script '/home/aidan/ros2_ws/install/gazebo_ros2_control_demos/share/gazebo_ros2_control_demos/package.ps1'
[0.735s] INFO:colcon.colcon_core.shell:Creating package descriptor '/home/aidan/ros2_ws/install/gazebo_ros2_control_demos/share/gazebo_ros2_control_demos/package.dsv'
[0.735s] INFO:colcon.colcon_core.shell:Creating package script '/home/aidan/ros2_ws/install/gazebo_ros2_control_demos/share/gazebo_ros2_control_demos/package.sh'
[0.735s] INFO:colcon.colcon_core.shell:Creating package script '/home/aidan/ros2_ws/install/gazebo_ros2_control_demos/share/gazebo_ros2_control_demos/package.bash'
[0.736s] INFO:colcon.colcon_core.shell:Creating package script '/home/aidan/ros2_ws/install/gazebo_ros2_control_demos/share/gazebo_ros2_control_demos/package.zsh'
[0.736s] Level 1:colcon.colcon_core.environment:create_file_with_runtime_dependencies(/home/aidan/ros2_ws/install/gazebo_ros2_control_demos/share/colcon-core/packages/gazebo_ros2_control_demos)
[0.820s] DEBUG:colcon.colcon_core.event_handler.log_command:Invoking command in '/home/aidan/ros2_ws/src/my_python_pkg': PYTHONPATH=/home/aidan/ros2_ws/build/my_python_pkg/prefix_override:/home/aidan/ros2_ws/install/my_python_pkg/lib/python3.10/site-packages:${PYTHONPATH} /usr/bin/python3 -W ignore:setup.py install is deprecated setup.py egg_info --egg-base ../../build/my_python_pkg build --build-base /home/aidan/ros2_ws/build/my_python_pkg/build install --record /home/aidan/ros2_ws/build/my_python_pkg/install.log --single-version-externally-managed install_data
[1.038s] Level 1:colcon.colcon_core.environment:checking '/home/aidan/ros2_ws/install/my_python_pkg' for CMake module files
[1.038s] DEBUG:colcon.colcon_core.event_handler.log_command:Invoked command in '/home/aidan/ros2_ws/src/my_python_pkg' returned '0': PYTHONPATH=/home/aidan/ros2_ws/build/my_python_pkg/prefix_override:/home/aidan/ros2_ws/install/my_python_pkg/lib/python3.10/site-packages:${PYTHONPATH} /usr/bin/python3 -W ignore:setup.py install is deprecated setup.py egg_info --egg-base ../../build/my_python_pkg build --build-base /home/aidan/ros2_ws/build/my_python_pkg/build install --record /home/aidan/ros2_ws/build/my_python_pkg/install.log --single-version-externally-managed install_data
[1.039s] Level 1:colcon.colcon_core.environment:checking '/home/aidan/ros2_ws/install/my_python_pkg' for CMake config files
[1.039s] Level 1:colcon.colcon_core.environment:checking '/home/aidan/ros2_ws/install/my_python_pkg/lib'
[1.039s] Level 1:colcon.colcon_core.environment:checking '/home/aidan/ros2_ws/install/my_python_pkg/bin'
[1.039s] Level 1:colcon.colcon_core.environment:checking '/home/aidan/ros2_ws/install/my_python_pkg/lib/pkgconfig/my_python_pkg.pc'
[1.039s] Level 1:colcon.colcon_core.environment:checking '/home/aidan/ros2_ws/install/my_python_pkg/lib/python3.10/site-packages'
[1.039s] Level 1:colcon.colcon_core.shell:create_environment_hook('my_python_pkg', 'pythonpath')
[1.040s] INFO:colcon.colcon_core.shell:Creating environment hook '/home/aidan/ros2_ws/install/my_python_pkg/share/my_python_pkg/hook/pythonpath.ps1'
[1.040s] INFO:colcon.colcon_core.shell:Creating environment descriptor '/home/aidan/ros2_ws/install/my_python_pkg/share/my_python_pkg/hook/pythonpath.dsv'
[1.040s] INFO:colcon.colcon_core.shell:Creating environment hook '/home/aidan/ros2_ws/install/my_python_pkg/share/my_python_pkg/hook/pythonpath.sh'
[1.040s] Level 1:colcon.colcon_core.environment:checking '/home/aidan/ros2_ws/install/my_python_pkg/bin'
[1.041s] Level 1:colcon.colcon_core.environment:create_environment_scripts_only(my_python_pkg)
[1.041s] INFO:colcon.colcon_core.shell:Creating package script '/home/aidan/ros2_ws/install/my_python_pkg/share/my_python_pkg/package.ps1'
[1.041s] INFO:colcon.colcon_core.shell:Creating package descriptor '/home/aidan/ros2_ws/install/my_python_pkg/share/my_python_pkg/package.dsv'
[1.041s] INFO:colcon.colcon_core.shell:Creating package script '/home/aidan/ros2_ws/install/my_python_pkg/share/my_python_pkg/package.sh'
[1.042s] INFO:colcon.colcon_core.shell:Creating package script '/home/aidan/ros2_ws/install/my_python_pkg/share/my_python_pkg/package.bash'
[1.042s] INFO:colcon.colcon_core.shell:Creating package script '/home/aidan/ros2_ws/install/my_python_pkg/share/my_python_pkg/package.zsh'
[1.042s] Level 1:colcon.colcon_core.environment:create_file_with_runtime_dependencies(/home/aidan/ros2_ws/install/my_python_pkg/share/colcon-core/packages/my_python_pkg)
[1.042s] DEBUG:colcon.colcon_parallel_executor.executor.parallel:closing loop
[1.042s] DEBUG:colcon.colcon_parallel_executor.executor.parallel:loop closed
[1.042s] DEBUG:colcon.colcon_parallel_executor.executor.parallel:run_until_complete finished with '0'
[1.043s] DEBUG:colcon.colcon_core.event_reactor:joining thread
[1.046s] INFO:colcon.colcon_core.plugin_system:Skipping extension 'colcon_notification.desktop_notification.terminal_notifier': Not used on non-Darwin systems
[1.046s] INFO:colcon.colcon_core.plugin_system:Skipping extension 'colcon_notification.desktop_notification.win32': Not used on non-Windows systems
[1.046s] INFO:colcon.colcon_notification.desktop_notification:Sending desktop notification using 'notify2'
[1.055s] DEBUG:colcon.colcon_core.event_reactor:joined thread
[1.056s] INFO:colcon.colcon_core.shell:Creating prefix script '/home/aidan/ros2_ws/install/local_setup.ps1'
[1.056s] INFO:colcon.colcon_core.shell:Creating prefix util module '/home/aidan/ros2_ws/install/_local_setup_util_ps1.py'
[1.057s] INFO:colcon.colcon_core.shell:Creating prefix chain script '/home/aidan/ros2_ws/install/setup.ps1'
[1.058s] INFO:colcon.colcon_core.shell:Creating prefix script '/home/aidan/ros2_ws/install/local_setup.sh'
[1.058s] INFO:colcon.colcon_core.shell:Creating prefix util module '/home/aidan/ros2_ws/install/_local_setup_util_sh.py'
[1.058s] INFO:colcon.colcon_core.shell:Creating prefix chain script '/home/aidan/ros2_ws/install/setup.sh'
[1.059s] INFO:colcon.colcon_core.shell:Creating prefix script '/home/aidan/ros2_ws/install/local_setup.bash'
[1.059s] INFO:colcon.colcon_core.shell:Creating prefix chain script '/home/aidan/ros2_ws/install/setup.bash'
[1.060s] INFO:colcon.colcon_core.shell:Creating prefix script '/home/aidan/ros2_ws/install/local_setup.zsh'
[1.060s] INFO:colcon.colcon_core.shell:Creating prefix chain script '/home/aidan/ros2_ws/install/setup.zsh'
