[0m** WARNING ** io features related to pcap will be disabled[0m
[0m** WARNING ** io features related to png will be disabled[0m
[01m[K/tmp/tmpxft_00064f81_00000000-6_pointcloud_processing.cudafe1.cpp:1:3:[m[K [01;35m[Kwarning: [m[Kstyle of line directive is a GCC extension
    1 | # [01;35m[K1[m[K "/home/aidan/ana_bot/src/ana/src/cuda/pointcloud_processing.cu"
      |   [01;35m[K^[m[K
[01m[K/home/aidan/ana_bot/src/ana/src/cuda/pointcloud_processing.cu:2:3:[m[K [01;35m[Kwarning: [m[Kstyle of line directive is a GCC extension
    2 | #i[01;35m[Kn[m[Kclude <device_launch_parameters.h>
      |   [01;35m[K^[m[K
[01m[K/home/aidan/ana_bot/src/ana/src/cuda/pointcloud_processing.cu:2:3:[m[K [01;35m[Kwarning: [m[Kstyle of line directive is a GCC extension
    2 | #i[01;35m[Kn[m[Kclude <device_launch_parameters.h>
      |   [01;35m[K^[m[K
[01m[K/home/aidan/ana_bot/src/ana/src/cuda/pointcloud_processing.cu:2:3:[m[K [01;35m[Kwarning: [m[Kstyle of line directive is a GCC extension
    2 | #i[01;35m[Kn[m[Kclude <device_launch_parameters.h>
      |   [01;35m[K^[m[K
[01m[K/home/aidan/ana_bot/src/ana/src/cuda/pointcloud_processing.cu:2:3:[m[K [01;35m[Kwarning: [m[Kstyle of line directive is a GCC extension
    2 | #i[01;35m[Kn[m[Kclude <device_launch_parameters.h>
      |   [01;35m[K^[m[K
[01m[K/home/aidan/ana_bot/src/ana/src/cuda/pointcloud_processing.cu:2:3:[m[K [01;35m[Kwarning: [m[Kstyle of line directive is a GCC extension
    2 | #i[01;35m[Kn[m[Kclude <device_launch_parameters.h>
      |   [01;35m[K^[m[K
[01m[K/home/aidan/ana_bot/src/ana/src/cuda/pointcloud_processing.cu:2:3:[m[K [01;35m[Kwarning: [m[Kstyle of line directive is a GCC extension
    2 | #i[01;35m[Kn[m[Kclude <device_launch_parameters.h>
      |   [01;35m[K^[m[K
[01m[K/home/aidan/ana_bot/src/ana/src/cuda/pointcloud_processing.cu:3:3:[m[K [01;35m[Kwarning: [m[Kstyle of line directive is a GCC extension
    3 | #i[01;35m[Kn[m[Kclude <stdio.h>  // For error logging
      |   [01;35m[K^[m[K
[01m[K/home/aidan/ana_bot/src/ana/src/cuda/pointcloud_processing.cu:6:3:[m[K [01;35m[Kwarning: [m[Kstyle of line directive is a GCC extension
    6 | //[01;35m[K [m[KDefine constants for filter sizes and other parameters
      |   [01;35m[K^[m[K
[01m[K/home/aidan/ana_bot/src/ana/src/cuda/pointcloud_processing.cu:1:3:[m[K [01;35m[Kwarning: [m[Kstyle of line directive is a GCC extension
    1 | #i[01;35m[Knc[m[Klude <cuda_runtime.h>
      |   [01;35m[K^~[m[K
[01m[K/home/aidan/ana_bot/src/ana/src/cuda/pointcloud_processing.cu:36:3:[m[K [01;35m[Kwarning: [m[Kstyle of line directive is a GCC extension
   36 |   [01;35m[K  [m[Kfor (int ky = -FILTER_SIZE / 2; ky <= FILTER_SIZE / 2; ++ky) {
      |   [01;35m[K^[m[K 
[01m[K/home/aidan/ana_bot/src/ana/src/cuda/pointcloud_processing.cu:66:3:[m[K [01;35m[Kwarning: [m[Kstyle of line directive is a GCC extension
   66 |   [01;35m[K  [m[K// Apply smoothing
      |   [01;35m[K^[m[K 
[01m[K/home/aidan/ana_bot/src/ana/src/cuda/pointcloud_processing.cu:52:3:[m[K [01;35m[Kwarning: [m[Kstyle of line directive is a GCC extension
   52 |   [01;35m[K  [m[Kfloat* devImage;
      |   [01;35m[K^[m[K 
[01m[K/home/aidan/ana_bot/src/ana/src/cuda/pointcloud_processing.cu:53:3:[m[K [01;35m[Kwarning: [m[Kstyle of line directive is a GCC extension
   53 |   [01;35m[K  [m[Ksize_t imageSize = width * height * sizeof(float);
      |   [01;35m[K^[m[K 
[01m[K/home/aidan/ana_bot/src/ana/src/cuda/pointcloud_processing.cu:54:3:[m[K [01;35m[Kwarning: [m[Kstyle of line directive is a GCC extension
   54 |   [01;35m[K  [m[Kfloat* smoothedDepth;
      |   [01;35m[K^[m[K 
[01m[K/home/aidan/ana_bot/src/ana/src/cuda/pointcloud_processing.cu:55:3:[m[K [01;35m[Kwarning: [m[Kstyle of line directive is a GCC extension
   55 | 
      |   [01;35m[K^[m[K 
[01m[K/home/aidan/ana_bot/src/ana/src/cuda/pointcloud_processing.cu:57:3:[m[K [01;35m[Kwarning: [m[Kstyle of line directive is a GCC extension
   57 |   [01;35m[K  [m[KcudaMalloc((void**)&smoothedDepth, imageSize);
      |   [01;35m[K^[m[K 
[01m[K/home/aidan/ana_bot/src/ana/src/cuda/pointcloud_processing.cu:58:3:[m[K [01;35m[Kwarning: [m[Kstyle of line directive is a GCC extension
   58 |   [01;35m[K  [m[KcudaMemcpy(devImage, hostImage, imageSize, cudaMemcpyHostToDevice);
      |   [01;35m[K^[m[K 
[01m[K/home/aidan/ana_bot/src/ana/src/cuda/pointcloud_processing.cu:59:3:[m[K [01;35m[Kwarning: [m[Kstyle of line directive is a GCC extension
   59 | 
      |   [01;35m[K^[m[K 
[01m[K/home/aidan/ana_bot/src/ana/src/cuda/pointcloud_processing.cu:61:3:[m[K [01;35m[Kwarning: [m[Kstyle of line directive is a GCC extension
   61 |   [01;35m[K  [m[Kdim3 dimGrid((width + BLOCK_SIZE - 1) / BLOCK_SIZE, (height + BLOCK_SIZE - 1) / BLOCK_SIZE);
      |   [01;35m[K^[m[K 
[01m[K/home/aidan/ana_bot/src/ana/src/cuda/pointcloud_processing.cu:62:3:[m[K [01;35m[Kwarning: [m[Kstyle of line directive is a GCC extension
   62 | 
      |   [01;35m[K^[m[K 
[01m[K/home/aidan/ana_bot/src/ana/src/cuda/pointcloud_processing.cu:65:3:[m[K [01;35m[Kwarning: [m[Kstyle of line directive is a GCC extension
   65 | 
      |   [01;35m[K^[m[K 
[01m[K/home/aidan/ana_bot/src/ana/src/cuda/pointcloud_processing.cu:68:3:[m[K [01;35m[Kwarning: [m[Kstyle of line directive is a GCC extension
   68 | 
      |   [01;35m[K^[m[K 
[01m[K/home/aidan/ana_bot/src/ana/src/cuda/pointcloud_processing.cu:70:3:[m[K [01;35m[Kwarning: [m[Kstyle of line directive is a GCC extension
   70 | 
      |   [01;35m[K^[m[K 
[01m[K/home/aidan/ana_bot/src/ana/src/cuda/pointcloud_processing.cu:72:3:[m[K [01;35m[Kwarning: [m[Kstyle of line directive is a GCC extension
   72 |   [01;35m[K  [m[KcudaFree(smoothedDepth);
      |   [01;35m[K^[m[K 
[01m[K/home/aidan/ana_bot/src/ana/src/cuda/pointcloud_processing.cu:73:3:[m[K [01;35m[Kwarning: [m[Kstyle of line directive is a GCC extension
   73 | }
      |   [01;35m[K^[m[K 
[01m[K/home/aidan/ana_bot/src/ana/src/cuda/pointcloud_processing.cu:74:3:[m[K [01;35m[Kwarning: [m[Kstyle of line directive is a GCC extension
   74 | 
      |   [01;35m[K^[m[K 
[01m[K/home/aidan/ana_bot/src/ana/src/cuda/pointcloud_processing.cu:76:3:[m[K [01;35m[Kwarning: [m[Kstyle of line directive is a GCC extension
   76 |   [01;35m[K  [m[Kfloat x, y, z;
      |   [01;35m[K^[m[K 
[01m[K/home/aidan/ana_bot/src/ana/src/cuda/pointcloud_processing.cu:77:3:[m[K [01;35m[Kwarning: [m[Kstyle of line directive is a GCC extension
   77 | };
      |   [01;35m[K^[m[K 
[01m[K/home/aidan/ana_bot/src/ana/src/cuda/pointcloud_processing.cu:78:3:[m[K [01;35m[Kwarning: [m[Kstyle of line directive is a GCC extension
   78 | 
      |   [01;35m[K^[m[K 
[01m[K/home/aidan/ana_bot/src/ana/src/cuda/pointcloud_processing.cu:108:3:[m[K [01;35m[Kwarning: [m[Kstyle of line directive is a GCC extension
  108 | 
      |   [01;35m[K^[m[K 
[01m[K/home/aidan/ana_bot/src/ana/src/cuda/pointcloud_processing.cu:97:3:[m[K [01;35m[Kwarning: [m[Kstyle of line directive is a GCC extension
   97 |   [01;35m[K  [m[KPointXYZ *devPoints, *devReducedPoints;
      |   [01;35m[K^[m[K 
[01m[K/home/aidan/ana_bot/src/ana/src/cuda/pointcloud_processing.cu:98:3:[m[K [01;35m[Kwarning: [m[Kstyle of line directive is a GCC extension
   98 |   [01;35m[K  [m[Kint *minIndexGrid;
      |   [01;35m[K^[m[K 
[01m[K/home/aidan/ana_bot/src/ana/src/cuda/pointcloud_processing.cu:99:3:[m[K [01;35m[Kwarning: [m[Kstyle of line directive is a GCC extension
   99 |   [01;35m[K  [m[Kint gridDimensions = ceil(10.0 / voxelSize);  // Assuming a 10x10x10m space for example
      |   [01;35m[K^[m[K 
[01m[K/home/aidan/ana_bot/src/ana/src/cuda/pointcloud_processing.cu:100:3:[m[K [01;35m[Kwarning: [m[Kstyle of line directive is a GCC extension
  100 |   [01;35m[K  i[m[Knt gridSize = gridDimensions * gridDimensions * gridDimensions;
      |   [01;35m[K^[m[K [01;35m[K~[m[K
[01m[K/home/aidan/ana_bot/src/ana/src/cuda/pointcloud_processing.cu:101:3:[m[K [01;35m[Kwarning: [m[Kstyle of line directive is a GCC extension
  101 | 
      |   [01;35m[K^[m[K  
[01m[K/home/aidan/ana_bot/src/ana/src/cuda/pointcloud_processing.cu:103:3:[m[K [01;35m[Kwarning: [m[Kstyle of line directive is a GCC extension
  103 |   [01;35m[K  c[m[KudaMalloc(&devReducedPoints, gridSize * sizeof(PointXYZ));
      |   [01;35m[K^[m[K [01;35m[K~[m[K
[01m[K/home/aidan/ana_bot/src/ana/src/cuda/pointcloud_processing.cu:104:3:[m[K [01;35m[Kwarning: [m[Kstyle of line directive is a GCC extension
  104 |   [01;35m[K  c[m[KudaMalloc(&minIndexGrid, gridSize * sizeof(int));
      |   [01;35m[K^[m[K [01;35m[K~[m[K
[01m[K/home/aidan/ana_bot/src/ana/src/cuda/pointcloud_processing.cu:105:3:[m[K [01;35m[Kwarning: [m[Kstyle of line directive is a GCC extension
  105 |   [01;35m[K  c[m[KudaMemset(minIndexGrid, INT_MAX, gridSize * sizeof(int));
      |   [01;35m[K^[m[K [01;35m[K~[m[K
[01m[K/home/aidan/ana_bot/src/ana/src/cuda/pointcloud_processing.cu:106:3:[m[K [01;35m[Kwarning: [m[Kstyle of line directive is a GCC extension
  106 | 
      |   [01;35m[K^[m[K  
[01m[K/home/aidan/ana_bot/src/ana/src/cuda/pointcloud_processing.cu:108:3:[m[K [01;35m[Kwarning: [m[Kstyle of line directive is a GCC extension
  108 | 
      |   [01;35m[K^[m[K  
[01m[K/home/aidan/ana_bot/src/ana/src/cuda/pointcloud_processing.cu:110:3:[m[K [01;35m[Kwarning: [m[Kstyle of line directive is a GCC extension
  110 |   [01;35m[K  d[m[Kim3 grid((numPoints + block.x - 1) / block.x);
      |   [01;35m[K^[m[K [01;35m[K~[m[K
[01m[K/home/aidan/ana_bot/src/ana/src/cuda/pointcloud_processing.cu:111:3:[m[K [01;35m[Kwarning: [m[Kstyle of line directive is a GCC extension
  111 |   [01;35m[K  v[m[KoxelGridDownsample<<<grid, block>>>(devPoints, devReducedPoints, numPoints, voxelSize, minIndexGrid, gridDimensions);
      |   [01;35m[K^[m[K [01;35m[K~[m[K
[01m[K/home/aidan/ana_bot/src/ana/src/cuda/pointcloud_processing.cu:112:3:[m[K [01;35m[Kwarning: [m[Kstyle of line directive is a GCC extension
  112 | 
      |   [01;35m[K^[m[K  
[01m[K/home/aidan/ana_bot/src/ana/src/cuda/pointcloud_processing.cu:114:3:[m[K [01;35m[Kwarning: [m[Kstyle of line directive is a GCC extension
  114 | 
      |   [01;35m[K^[m[K  
[01m[K/home/aidan/ana_bot/src/ana/src/cuda/pointcloud_processing.cu:116:3:[m[K [01;35m[Kwarning: [m[Kstyle of line directive is a GCC extension
  116 |   [01;35m[K  c[m[KudaFree(devReducedPoints);
      |   [01;35m[K^[m[K [01;35m[K~[m[K
[01m[K/home/aidan/ana_bot/src/ana/src/cuda/pointcloud_processing.cu:117:3:[m[K [01;35m[Kwarning: [m[Kstyle of line directive is a GCC extension
  117 |   [01;35m[K  c[m[KudaFree(minIndexGrid);
      |   [01;35m[K^[m[K [01;35m[K~[m[K
[01m[K/home/aidan/ana_bot/src/ana/src/cuda/pointcloud_processing.cu:118:3:[m[K [01;35m[Kwarning: [m[Kstyle of line directive is a GCC extension
  118 | }
      |   [01;35m[K^[m[K  
[01m[K/home/aidan/ana_bot/src/ana/src/cuda/pointcloud_processing.cu:120:3:[m[K [01;35m[Kwarning: [m[Kstyle of line directive is a GCC extension
[01m[Ktmpxft_00064f81_00000000-6_pointcloud_processing.cudafe1.stub.c:4:3:[m[K [01;35m[Kwarning: [m[Kstyle of line directive is a GCC extension
In file included from [01m[Ktmpxft_00064f81_00000000-6_pointcloud_processing.cudafe1.stub.c:1[m[K:
[01m[K/home/aidan/ana_bot/src/ana/src/cuda/pointcloud_processing.cu:12:3:[m[K [01;35m[Kwarning: [m[Kstyle of line directive is a GCC extension
   12 |   [01;35m[K  [m[Kint idx = blockIdx.x * blockDim.x + threadIdx.x;
      |   [01;35m[K^[m[K 
In file included from [01m[Ktmpxft_00064f81_00000000-6_pointcloud_processing.cudafe1.stub.c:1[m[K:
[01m[K/home/aidan/ana_bot/src/ana/src/cuda/pointcloud_processing.cu:12:3:[m[K [01;35m[Kwarning: [m[Kstyle of line directive is a GCC extension
   12 |   [01;35m[K  [m[Kint idx = blockIdx.x * blockDim.x + threadIdx.x;
      |   [01;35m[K^[m[K 
In file included from [01m[Ktmpxft_00064f81_00000000-6_pointcloud_processing.cudafe1.stub.c:1[m[K:
[01m[K/home/aidan/ana_bot/src/ana/src/cuda/pointcloud_processing.cu:23:3:[m[K [01;35m[Kwarning: [m[Kstyle of line directive is a GCC extension
   23 | 
      |   [01;35m[K^[m[K
In file included from [01m[Ktmpxft_00064f81_00000000-6_pointcloud_processing.cudafe1.stub.c:1[m[K:
[01m[K/tmp/tmpxft_00064f81_00000000-6_pointcloud_processing.cudafe1.stub.c:2:3:[m[K [01;35m[Kwarning: [m[Kstyle of line directive is a GCC extension
    2 | #p[01;35m[Kra[m[Kgma GCC diagnostic ignored "-Wunused-function"
      |   [01;35m[K^~[m[K
In file included from [01m[Ktmpxft_00064f81_00000000-6_pointcloud_processing.cudafe1.stub.c:1[m[K:
[01m[K/home/aidan/ana_bot/src/ana/src/cuda/pointcloud_processing.cu:26:3:[m[K [01;35m[Kwarning: [m[Kstyle of line directive is a GCC extension
   26 |   [01;35m[K  [m[Kint idx = blockIdx.x * blockDim.x + threadIdx.x;
      |   [01;35m[K^[m[K 
In file included from [01m[Ktmpxft_00064f81_00000000-6_pointcloud_processing.cudafe1.stub.c:1[m[K:
[01m[K/home/aidan/ana_bot/src/ana/src/cuda/pointcloud_processing.cu:26:3:[m[K [01;35m[Kwarning: [m[Kstyle of line directive is a GCC extension
   26 |   [01;35m[K  [m[Kint idx = blockIdx.x * blockDim.x + threadIdx.x;
      |   [01;35m[K^[m[K 
In file included from [01m[Ktmpxft_00064f81_00000000-6_pointcloud_processing.cudafe1.stub.c:1[m[K:
[01m[K/home/aidan/ana_bot/src/ana/src/cuda/pointcloud_processing.cu:49:3:[m[K [01;35m[Kwarning: [m[Kstyle of line directive is a GCC extension
   49 | 
      |   [01;35m[K^[m[K
In file included from [01m[Ktmpxft_00064f81_00000000-6_pointcloud_processing.cudafe1.stub.c:1[m[K:
[01m[K/tmp/tmpxft_00064f81_00000000-6_pointcloud_processing.cudafe1.stub.c:2:3:[m[K [01;35m[Kwarning: [m[Kstyle of line directive is a GCC extension
    2 | #p[01;35m[Kra[m[Kgma GCC diagnostic ignored "-Wunused-function"
      |   [01;35m[K^~[m[K
In file included from [01m[Ktmpxft_00064f81_00000000-6_pointcloud_processing.cudafe1.stub.c:1[m[K:
[01m[K/home/aidan/ana_bot/src/ana/src/cuda/pointcloud_processing.cu:80:3:[m[K [01;35m[Kwarning: [m[Kstyle of line directive is a GCC extension
   80 |   [01;35m[K  [m[Kint idx = threadIdx.x + blockIdx.x * blockDim.x;
      |   [01;35m[K^[m[K 
In file included from [01m[Ktmpxft_00064f81_00000000-6_pointcloud_processing.cudafe1.stub.c:1[m[K:
[01m[K/home/aidan/ana_bot/src/ana/src/cuda/pointcloud_processing.cu:80:3:[m[K [01;35m[Kwarning: [m[Kstyle of line directive is a GCC extension
   80 |   [01;35m[K  [m[Kint idx = threadIdx.x + blockIdx.x * blockDim.x;
      |   [01;35m[K^[m[K 
In file included from [01m[Ktmpxft_00064f81_00000000-6_pointcloud_processing.cudafe1.stub.c:1[m[K:
[01m[K/home/aidan/ana_bot/src/ana/src/cuda/pointcloud_processing.cu:95:3:[m[K [01;35m[Kwarning: [m[Kstyle of line directive is a GCC extension
   95 | 
      |   [01;35m[K^[m[K
[01m[Ktmpxft_00064f81_00000000-6_pointcloud_processing.cudafe1.stub.c:2:3:[m[K [01;35m[Kwarning: [m[Kstyle of line directive is a GCC extension
[01m[Kcc1plus:[m[K [01;36m[Knote: [m[Kunrecognized command-line option ‘[01m[K-Wno-line[m[K’ may have been intended to silence earlier diagnostics
[01m[K/home/aidan/ana_bot/src/ana/src/nodes/ply2pcd.cpp:227:2:[m[K [01;31m[Kerror: [m[Kexpected ‘[01m[K}[m[K’ at end of input
  227 | }
      |  [01;31m[K^[m[K
[01m[K/home/aidan/ana_bot/src/ana/src/nodes/ply2pcd.cpp:26:42:[m[K [01;36m[Knote: [m[Kto match this ‘[01m[K{[m[K’
   26 | class PCDPublisher : public rclcpp::Node [01;36m[K{[m[K
      |                                          [01;36m[K^[m[K
[01m[K/home/aidan/ana_bot/src/ana/src/nodes/ply2pcd.cpp:[m[K In constructor ‘[01m[KPCDPublisher::PCDPublisher()[m[K’:
[01m[K/home/aidan/ana_bot/src/ana/src/nodes/ply2pcd.cpp:29:9:[m[K [01;31m[Kerror: [m[K‘[01m[Kpublisher_[m[K’ was not declared in this scope; did you mean ‘[01m[KPCDPublisher[m[K’?
   29 |         [01;31m[Kpublisher_[m[K = this->create_publisher<sensor_msgs::msg::PointCloud2>("mapped_point_cloud", 10);
      |         [01;31m[K^~~~~~~~~~[m[K
      |         [32m[KPCDPublisher[m[K
[01m[K/home/aidan/ana_bot/src/ana/src/nodes/ply2pcd.cpp:30:9:[m[K [01;31m[Kerror: [m[K‘[01m[Kgrid_publisher_[m[K’ was not declared in this scope; did you mean ‘[01m[Krmw_publisher_t[m[K’?
   30 |         [01;31m[Kgrid_publisher_[m[K = this->create_publisher<nav_msgs::msg::OccupancyGrid>("occupancy", 10);
      |         [01;31m[K^~~~~~~~~~~~~~~[m[K
      |         [32m[Krmw_publisher_t[m[K
[01m[K/home/aidan/ana_bot/src/ana/src/nodes/ply2pcd.cpp:31:9:[m[K [01;31m[Kerror: [m[K‘[01m[Kheight_publisher_[m[K’ was not declared in this scope
   31 |         [01;31m[Kheight_publisher_[m[K = this->create_publisher<std_msgs::msg::Float32MultiArray>("height_map", 10);  // Height publisher
      |         [01;31m[K^~~~~~~~~~~~~~~~~[m[K
[01m[K/home/aidan/ana_bot/src/ana/src/nodes/ply2pcd.cpp:32:9:[m[K [01;31m[Kerror: [m[K‘[01m[Ktimer_[m[K’ was not declared in this scope; did you mean ‘[01m[Ktimer_t[m[K’?
   32 |         [01;31m[Ktimer_[m[K = this->create_wall_timer(
      |         [01;31m[K^~~~~~[m[K
      |         [32m[Ktimer_t[m[K
[01m[K/home/aidan/ana_bot/src/ana/src/nodes/ply2pcd.cpp:[m[K In member function ‘[01m[Kvoid PCDPublisher::timerCallback()[m[K’:
[01m[K/home/aidan/ana_bot/src/ana/src/nodes/ply2pcd.cpp:41:1:[m[K [01;31m[Kerror: [m[Kversion control conflict marker in file
   41 | [01;31m[K<<<<<<<[m[K HEAD
      | [01;31m[K^~~~~~~[m[K
[01m[K/home/aidan/ana_bot/src/ana/src/nodes/ply2pcd.cpp:174:122:[m[K [01;31m[Kerror: [m[Ka function-definition is not allowed here before ‘[01m[K{[m[K’ token
  174 |     nav_msgs::msg::OccupancyGrid createOccupancyGrid(const pcl::PointCloud<pcl::PointXYZ>::Ptr& cloud, float resolution) [01;31m[K{[m[K
      |                                                                                                                          [01;31m[K^[m[K
[01m[K/home/aidan/ana_bot/src/ana/src/nodes/ply2pcd.cpp:[m[K At global scope:
[01m[K/home/aidan/ana_bot/src/ana/src/nodes/ply2pcd.cpp:227:2:[m[K [01;31m[Kerror: [m[Kexpected unqualified-id at end of input
  227 | }
      |  [01;31m[K^[m[K
gmake[2]: *** [CMakeFiles/publish_pcd_node.dir/build.make:76: CMakeFiles/publish_pcd_node.dir/src/nodes/ply2pcd.cpp.o] Error 1
gmake[1]: *** [CMakeFiles/Makefile2:169: CMakeFiles/publish_pcd_node.dir/all] Error 2
gmake[1]: *** Waiting for unfinished jobs....
gmake: *** [Makefile:146: all] Error 2
