-- Found ament_cmake: 1.3.8 (/opt/ros/humble/share/ament_cmake/cmake)
-- Override CMake install command with custom implementation using symlinks instead of copying resources
-- Found rclcpp: 16.0.8 (/opt/ros/humble/share/rclcpp/cmake)
-- Found rosidl_generator_c: 3.1.5 (/opt/ros/humble/share/rosidl_generator_c/cmake)
-- Found rosidl_adapter: 3.1.5 (/opt/ros/humble/share/rosidl_adapter/cmake)
-- Found rosidl_generator_cpp: 3.1.5 (/opt/ros/humble/share/rosidl_generator_cpp/cmake)
-- Using all available rosidl_typesupport_c: rosidl_typesupport_fastrtps_c;rosidl_typesupport_introspection_c
-- Using all available rosidl_typesupport_cpp: rosidl_typesupport_fastrtps_cpp;rosidl_typesupport_introspection_cpp
-- Found rmw_implementation_cmake: 6.1.1 (/opt/ros/humble/share/rmw_implementation_cmake/cmake)
-- Found rmw_fastrtps_cpp: 6.2.6 (/opt/ros/humble/share/rmw_fastrtps_cpp/cmake)
-- Using RMW implementation 'rmw_fastrtps_cpp' as default
-- Found sensor_msgs: 4.2.3 (/opt/ros/humble/share/sensor_msgs/cmake)
-- Found nav_msgs: 4.2.3 (/opt/ros/humble/share/nav_msgs/cmake)
-- Found image_transport: 3.1.9 (/opt/ros/humble/share/image_transport/cmake)
-- Found cv_bridge: 3.2.1 (/opt/ros/humble/share/cv_bridge/cmake)
-- Eigen found (include: /usr/include/eigen3, version: 3.4.0)
-- OpenNI found (version: 1.5.4.0, include: /usr/include/ni, lib: /usr/lib/libOpenNI.so;libusb::libusb)
-- OpenNI2 found (version: 2.2.0.33, include: /usr/include/openni2, lib: /usr/lib/x86_64-linux-gnu/libOpenNI2.so;libusb::libusb)
[0m** WARNING ** io features related to pcap will be disabled[0m
[0m** WARNING ** io features related to png will be disabled[0m
-- Found Eigen3: /usr/include/eigen3 (found version "3.4.0") 
-- Eigen found (include: /usr/include/eigen3, version: 3.4.0)
-- FLANN found (include: /usr/include, lib: /usr/lib/x86_64-linux-gnu/libflann_cpp.so)
-- looking for PCL_COMMON
-- looking for PCL_OCTREE
-- looking for PCL_IO
-- looking for PCL_KDTREE
-- looking for PCL_SEARCH
-- looking for PCL_SAMPLE_CONSENSUS
-- looking for PCL_FILTERS
-- looking for PCL_GEOMETRY
-- looking for PCL_2D
-- looking for PCL_FEATURES
-- looking for PCL_ML
-- looking for PCL_SEGMENTATION
-- Found pcl_conversions: 2.4.0 (/opt/ros/humble/share/pcl_conversions/cmake)
-- Found CUDA: /usr (found version "11.5") 
-- Found nav2_costmap_2d: 1.1.14 (/opt/ros/humble/share/nav2_costmap_2d/cmake)
-- Found Eigen3: TRUE (found version "3.4.0") 
-- Ensuring Eigen3 include directory is part of orocos-kdl CMake target
-- Found ament_lint_auto: 0.12.10 (/opt/ros/humble/share/ament_lint_auto/cmake)
-- Added test 'copyright' to check source files copyright and LICENSE
-- Added test 'cppcheck' to perform static code analysis on C / C++ code
-- Configured cppcheck include dirs: /home/aidan/ana_bot/src/ana/include;/home/aidan/ana_bot/src/ana/src/cuda
-- Configured cppcheck exclude dirs and/or files: 
-- Added test 'cpplint' to check C / C++ code against the Google style
-- Configured cpplint exclude dirs and/or files: 
-- Added test 'flake8' to check Python code syntax and style conventions
-- Added test 'lint_cmake' to check CMake code style
-- Added test 'pep257' to check Python code against some of the docstring style conventions in PEP 257
-- Added test 'uncrustify' to check C / C++ code style
-- Configured uncrustify additional arguments: 
-- Added test 'xmllint' to check XML markup files
-- Configuring done
-- Generating done
-- Build files have been written to: /home/aidan/ana_bot/build/ana
[35m[1mConsolidate compiler generated dependencies of target cuda_operations[0m
[  9%] [32mBuilding CUDA object CMakeFiles/cuda_operations.dir/src/cuda/pointcloud_processing.cu.o[0m
[01m[K/tmp/tmpxft_00064f81_00000000-6_pointcloud_processing.cudafe1.cpp:1:3:[m[K [01;35m[Kwarning: [m[Kstyle of line directive is a GCC extension
    1 | # [01;35m[K1[m[K "/home/aidan/ana_bot/src/ana/src/cuda/pointcloud_processing.cu"
      |   [01;35m[K^[m[K
[01m[K/home/aidan/ana_bot/src/ana/src/cuda/pointcloud_processing.cu:2:3:[m[K [01;35m[Kwarning: [m[Kstyle of line directive is a GCC extension
    2 | #i[01;35m[Kn[m[Kclude <device_launch_parameters.h>
      |   [01;35m[K^[m[K
[01m[K/home/aidan/ana_bot/src/ana/src/cuda/pointcloud_processing.cu:2:3:[m[K [01;35m[Kwarning: [m[Kstyle of line directive is a GCC extension
    2 | #i[01;35m[Kn[m[Kclude <device_launch_parameters.h>
      |   [01;35m[K^[m[K
[01m[K/home/aidan/ana_bot/src/ana/src/cuda/pointcloud_processing.cu:2:3:[m[K [01;35m[Kwarning: [m[Kstyle of line directive is a GCC extension
    2 | #i[01;35m[Kn[m[Kclude <device_launch_parameters.h>
      |   [01;35m[K^[m[K
[01m[K/home/aidan/ana_bot/src/ana/src/cuda/pointcloud_processing.cu:2:3:[m[K [01;35m[Kwarning: [m[Kstyle of line directive is a GCC extension
    2 | #i[01;35m[Kn[m[Kclude <device_launch_parameters.h>
      |   [01;35m[K^[m[K
[01m[K/home/aidan/ana_bot/src/ana/src/cuda/pointcloud_processing.cu:2:3:[m[K [01;35m[Kwarning: [m[Kstyle of line directive is a GCC extension
    2 | #i[01;35m[Kn[m[Kclude <device_launch_parameters.h>
      |   [01;35m[K^[m[K
[01m[K/home/aidan/ana_bot/src/ana/src/cuda/pointcloud_processing.cu:2:3:[m[K [01;35m[Kwarning: [m[Kstyle of line directive is a GCC extension
    2 | #i[01;35m[Kn[m[Kclude <device_launch_parameters.h>
      |   [01;35m[K^[m[K
[01m[K/home/aidan/ana_bot/src/ana/src/cuda/pointcloud_processing.cu:3:3:[m[K [01;35m[Kwarning: [m[Kstyle of line directive is a GCC extension
    3 | #i[01;35m[Kn[m[Kclude <stdio.h>  // For error logging
      |   [01;35m[K^[m[K
[01m[K/home/aidan/ana_bot/src/ana/src/cuda/pointcloud_processing.cu:6:3:[m[K [01;35m[Kwarning: [m[Kstyle of line directive is a GCC extension
    6 | //[01;35m[K [m[KDefine constants for filter sizes and other parameters
      |   [01;35m[K^[m[K
[01m[K/home/aidan/ana_bot/src/ana/src/cuda/pointcloud_processing.cu:1:3:[m[K [01;35m[Kwarning: [m[Kstyle of line directive is a GCC extension
    1 | #i[01;35m[Knc[m[Klude <cuda_runtime.h>
      |   [01;35m[K^~[m[K
[01m[K/home/aidan/ana_bot/src/ana/src/cuda/pointcloud_processing.cu:36:3:[m[K [01;35m[Kwarning: [m[Kstyle of line directive is a GCC extension
   36 |   [01;35m[K  [m[Kfor (int ky = -FILTER_SIZE / 2; ky <= FILTER_SIZE / 2; ++ky) {
      |   [01;35m[K^[m[K 
[01m[K/home/aidan/ana_bot/src/ana/src/cuda/pointcloud_processing.cu:66:3:[m[K [01;35m[Kwarning: [m[Kstyle of line directive is a GCC extension
   66 |   [01;35m[K  [m[K// Apply smoothing
      |   [01;35m[K^[m[K 
[01m[K/home/aidan/ana_bot/src/ana/src/cuda/pointcloud_processing.cu:52:3:[m[K [01;35m[Kwarning: [m[Kstyle of line directive is a GCC extension
   52 |   [01;35m[K  [m[Kfloat* devImage;
      |   [01;35m[K^[m[K 
[01m[K/home/aidan/ana_bot/src/ana/src/cuda/pointcloud_processing.cu:53:3:[m[K [01;35m[Kwarning: [m[Kstyle of line directive is a GCC extension
   53 |   [01;35m[K  [m[Ksize_t imageSize = width * height * sizeof(float);
      |   [01;35m[K^[m[K 
[01m[K/home/aidan/ana_bot/src/ana/src/cuda/pointcloud_processing.cu:54:3:[m[K [01;35m[Kwarning: [m[Kstyle of line directive is a GCC extension
   54 |   [01;35m[K  [m[Kfloat* smoothedDepth;
      |   [01;35m[K^[m[K 
[01m[K/home/aidan/ana_bot/src/ana/src/cuda/pointcloud_processing.cu:55:3:[m[K [01;35m[Kwarning: [m[Kstyle of line directive is a GCC extension
   55 | 
      |   [01;35m[K^[m[K 
[01m[K/home/aidan/ana_bot/src/ana/src/cuda/pointcloud_processing.cu:57:3:[m[K [01;35m[Kwarning: [m[Kstyle of line directive is a GCC extension
   57 |   [01;35m[K  [m[KcudaMalloc((void**)&smoothedDepth, imageSize);
      |   [01;35m[K^[m[K 
[01m[K/home/aidan/ana_bot/src/ana/src/cuda/pointcloud_processing.cu:58:3:[m[K [01;35m[Kwarning: [m[Kstyle of line directive is a GCC extension
   58 |   [01;35m[K  [m[KcudaMemcpy(devImage, hostImage, imageSize, cudaMemcpyHostToDevice);
      |   [01;35m[K^[m[K 
[01m[K/home/aidan/ana_bot/src/ana/src/cuda/pointcloud_processing.cu:59:3:[m[K [01;35m[Kwarning: [m[Kstyle of line directive is a GCC extension
   59 | 
      |   [01;35m[K^[m[K 
[01m[K/home/aidan/ana_bot/src/ana/src/cuda/pointcloud_processing.cu:61:3:[m[K [01;35m[Kwarning: [m[Kstyle of line directive is a GCC extension
   61 |   [01;35m[K  [m[Kdim3 dimGrid((width + BLOCK_SIZE - 1) / BLOCK_SIZE, (height + BLOCK_SIZE - 1) / BLOCK_SIZE);
      |   [01;35m[K^[m[K 
[01m[K/home/aidan/ana_bot/src/ana/src/cuda/pointcloud_processing.cu:62:3:[m[K [01;35m[Kwarning: [m[Kstyle of line directive is a GCC extension
   62 | 
      |   [01;35m[K^[m[K 
[01m[K/home/aidan/ana_bot/src/ana/src/cuda/pointcloud_processing.cu:65:3:[m[K [01;35m[Kwarning: [m[Kstyle of line directive is a GCC extension
   65 | 
      |   [01;35m[K^[m[K 
[01m[K/home/aidan/ana_bot/src/ana/src/cuda/pointcloud_processing.cu:68:3:[m[K [01;35m[Kwarning: [m[Kstyle of line directive is a GCC extension
   68 | 
      |   [01;35m[K^[m[K 
[01m[K/home/aidan/ana_bot/src/ana/src/cuda/pointcloud_processing.cu:70:3:[m[K [01;35m[Kwarning: [m[Kstyle of line directive is a GCC extension
   70 | 
      |   [01;35m[K^[m[K 
[01m[K/home/aidan/ana_bot/src/ana/src/cuda/pointcloud_processing.cu:72:3:[m[K [01;35m[Kwarning: [m[Kstyle of line directive is a GCC extension
   72 |   [01;35m[K  [m[KcudaFree(smoothedDepth);
      |   [01;35m[K^[m[K 
[01m[K/home/aidan/ana_bot/src/ana/src/cuda/pointcloud_processing.cu:73:3:[m[K [01;35m[Kwarning: [m[Kstyle of line directive is a GCC extension
   73 | }
      |   [01;35m[K^[m[K 
[01m[K/home/aidan/ana_bot/src/ana/src/cuda/pointcloud_processing.cu:74:3:[m[K [01;35m[Kwarning: [m[Kstyle of line directive is a GCC extension
   74 | 
      |   [01;35m[K^[m[K 
[01m[K/home/aidan/ana_bot/src/ana/src/cuda/pointcloud_processing.cu:76:3:[m[K [01;35m[Kwarning: [m[Kstyle of line directive is a GCC extension
   76 |   [01;35m[K  [m[Kfloat x, y, z;
      |   [01;35m[K^[m[K 
[01m[K/home/aidan/ana_bot/src/ana/src/cuda/pointcloud_processing.cu:77:3:[m[K [01;35m[Kwarning: [m[Kstyle of line directive is a GCC extension
   77 | };
      |   [01;35m[K^[m[K 
[01m[K/home/aidan/ana_bot/src/ana/src/cuda/pointcloud_processing.cu:78:3:[m[K [01;35m[Kwarning: [m[Kstyle of line directive is a GCC extension
   78 | 
      |   [01;35m[K^[m[K 
[01m[K/home/aidan/ana_bot/src/ana/src/cuda/pointcloud_processing.cu:108:3:[m[K [01;35m[Kwarning: [m[Kstyle of line directive is a GCC extension
  108 | 
      |   [01;35m[K^[m[K 
[01m[K/home/aidan/ana_bot/src/ana/src/cuda/pointcloud_processing.cu:97:3:[m[K [01;35m[Kwarning: [m[Kstyle of line directive is a GCC extension
   97 |   [01;35m[K  [m[KPointXYZ *devPoints, *devReducedPoints;
      |   [01;35m[K^[m[K 
[01m[K/home/aidan/ana_bot/src/ana/src/cuda/pointcloud_processing.cu:98:3:[m[K [01;35m[Kwarning: [m[Kstyle of line directive is a GCC extension
   98 |   [01;35m[K  [m[Kint *minIndexGrid;
      |   [01;35m[K^[m[K 
[01m[K/home/aidan/ana_bot/src/ana/src/cuda/pointcloud_processing.cu:99:3:[m[K [01;35m[Kwarning: [m[Kstyle of line directive is a GCC extension
   99 |   [01;35m[K  [m[Kint gridDimensions = ceil(10.0 / voxelSize);  // Assuming a 10x10x10m space for example
      |   [01;35m[K^[m[K 
[01m[K/home/aidan/ana_bot/src/ana/src/cuda/pointcloud_processing.cu:100:3:[m[K [01;35m[Kwarning: [m[Kstyle of line directive is a GCC extension
  100 |   [01;35m[K  i[m[Knt gridSize = gridDimensions * gridDimensions * gridDimensions;
      |   [01;35m[K^[m[K [01;35m[K~[m[K
[01m[K/home/aidan/ana_bot/src/ana/src/cuda/pointcloud_processing.cu:101:3:[m[K [01;35m[Kwarning: [m[Kstyle of line directive is a GCC extension
  101 | 
      |   [01;35m[K^[m[K  
[01m[K/home/aidan/ana_bot/src/ana/src/cuda/pointcloud_processing.cu:103:3:[m[K [01;35m[Kwarning: [m[Kstyle of line directive is a GCC extension
  103 |   [01;35m[K  c[m[KudaMalloc(&devReducedPoints, gridSize * sizeof(PointXYZ));
      |   [01;35m[K^[m[K [01;35m[K~[m[K
[01m[K/home/aidan/ana_bot/src/ana/src/cuda/pointcloud_processing.cu:104:3:[m[K [01;35m[Kwarning: [m[Kstyle of line directive is a GCC extension
  104 |   [01;35m[K  c[m[KudaMalloc(&minIndexGrid, gridSize * sizeof(int));
      |   [01;35m[K^[m[K [01;35m[K~[m[K
[01m[K/home/aidan/ana_bot/src/ana/src/cuda/pointcloud_processing.cu:105:3:[m[K [01;35m[Kwarning: [m[Kstyle of line directive is a GCC extension
  105 |   [01;35m[K  c[m[KudaMemset(minIndexGrid, INT_MAX, gridSize * sizeof(int));
      |   [01;35m[K^[m[K [01;35m[K~[m[K
[01m[K/home/aidan/ana_bot/src/ana/src/cuda/pointcloud_processing.cu:106:3:[m[K [01;35m[Kwarning: [m[Kstyle of line directive is a GCC extension
  106 | 
      |   [01;35m[K^[m[K  
[01m[K/home/aidan/ana_bot/src/ana/src/cuda/pointcloud_processing.cu:108:3:[m[K [01;35m[Kwarning: [m[Kstyle of line directive is a GCC extension
  108 | 
      |   [01;35m[K^[m[K  
[01m[K/home/aidan/ana_bot/src/ana/src/cuda/pointcloud_processing.cu:110:3:[m[K [01;35m[Kwarning: [m[Kstyle of line directive is a GCC extension
  110 |   [01;35m[K  d[m[Kim3 grid((numPoints + block.x - 1) / block.x);
      |   [01;35m[K^[m[K [01;35m[K~[m[K
[01m[K/home/aidan/ana_bot/src/ana/src/cuda/pointcloud_processing.cu:111:3:[m[K [01;35m[Kwarning: [m[Kstyle of line directive is a GCC extension
  111 |   [01;35m[K  v[m[KoxelGridDownsample<<<grid, block>>>(devPoints, devReducedPoints, numPoints, voxelSize, minIndexGrid, gridDimensions);
      |   [01;35m[K^[m[K [01;35m[K~[m[K
[01m[K/home/aidan/ana_bot/src/ana/src/cuda/pointcloud_processing.cu:112:3:[m[K [01;35m[Kwarning: [m[Kstyle of line directive is a GCC extension
  112 | 
      |   [01;35m[K^[m[K  
[01m[K/home/aidan/ana_bot/src/ana/src/cuda/pointcloud_processing.cu:114:3:[m[K [01;35m[Kwarning: [m[Kstyle of line directive is a GCC extension
  114 | 
      |   [01;35m[K^[m[K  
[01m[K/home/aidan/ana_bot/src/ana/src/cuda/pointcloud_processing.cu:116:3:[m[K [01;35m[Kwarning: [m[Kstyle of line directive is a GCC extension
  116 |   [01;35m[K  c[m[KudaFree(devReducedPoints);
      |   [01;35m[K^[m[K [01;35m[K~[m[K
[01m[K/home/aidan/ana_bot/src/ana/src/cuda/pointcloud_processing.cu:117:3:[m[K [01;35m[Kwarning: [m[Kstyle of line directive is a GCC extension
  117 |   [01;35m[K  c[m[KudaFree(minIndexGrid);
      |   [01;35m[K^[m[K [01;35m[K~[m[K
[01m[K/home/aidan/ana_bot/src/ana/src/cuda/pointcloud_processing.cu:118:3:[m[K [01;35m[Kwarning: [m[Kstyle of line directive is a GCC extension
  118 | }
      |   [01;35m[K^[m[K  
[01m[K/home/aidan/ana_bot/src/ana/src/cuda/pointcloud_processing.cu:120:3:[m[K [01;35m[Kwarning: [m[Kstyle of line directive is a GCC extension
[01m[Ktmpxft_00064f81_00000000-6_pointcloud_processing.cudafe1.stub.c:4:3:[m[K [01;35m[Kwarning: [m[Kstyle of line directive is a GCC extension
In file included from [01m[Ktmpxft_00064f81_00000000-6_pointcloud_processing.cudafe1.stub.c:1[m[K:
[01m[K/home/aidan/ana_bot/src/ana/src/cuda/pointcloud_processing.cu:12:3:[m[K [01;35m[Kwarning: [m[Kstyle of line directive is a GCC extension
   12 |   [01;35m[K  [m[Kint idx = blockIdx.x * blockDim.x + threadIdx.x;
      |   [01;35m[K^[m[K 
In file included from [01m[Ktmpxft_00064f81_00000000-6_pointcloud_processing.cudafe1.stub.c:1[m[K:
[01m[K/home/aidan/ana_bot/src/ana/src/cuda/pointcloud_processing.cu:12:3:[m[K [01;35m[Kwarning: [m[Kstyle of line directive is a GCC extension
   12 |   [01;35m[K  [m[Kint idx = blockIdx.x * blockDim.x + threadIdx.x;
      |   [01;35m[K^[m[K 
In file included from [01m[Ktmpxft_00064f81_00000000-6_pointcloud_processing.cudafe1.stub.c:1[m[K:
[01m[K/home/aidan/ana_bot/src/ana/src/cuda/pointcloud_processing.cu:23:3:[m[K [01;35m[Kwarning: [m[Kstyle of line directive is a GCC extension
   23 | 
      |   [01;35m[K^[m[K
In file included from [01m[Ktmpxft_00064f81_00000000-6_pointcloud_processing.cudafe1.stub.c:1[m[K:
[01m[K/tmp/tmpxft_00064f81_00000000-6_pointcloud_processing.cudafe1.stub.c:2:3:[m[K [01;35m[Kwarning: [m[Kstyle of line directive is a GCC extension
    2 | #p[01;35m[Kra[m[Kgma GCC diagnostic ignored "-Wunused-function"
      |   [01;35m[K^~[m[K
In file included from [01m[Ktmpxft_00064f81_00000000-6_pointcloud_processing.cudafe1.stub.c:1[m[K:
[01m[K/home/aidan/ana_bot/src/ana/src/cuda/pointcloud_processing.cu:26:3:[m[K [01;35m[Kwarning: [m[Kstyle of line directive is a GCC extension
   26 |   [01;35m[K  [m[Kint idx = blockIdx.x * blockDim.x + threadIdx.x;
      |   [01;35m[K^[m[K 
In file included from [01m[Ktmpxft_00064f81_00000000-6_pointcloud_processing.cudafe1.stub.c:1[m[K:
[01m[K/home/aidan/ana_bot/src/ana/src/cuda/pointcloud_processing.cu:26:3:[m[K [01;35m[Kwarning: [m[Kstyle of line directive is a GCC extension
   26 |   [01;35m[K  [m[Kint idx = blockIdx.x * blockDim.x + threadIdx.x;
      |   [01;35m[K^[m[K 
In file included from [01m[Ktmpxft_00064f81_00000000-6_pointcloud_processing.cudafe1.stub.c:1[m[K:
[01m[K/home/aidan/ana_bot/src/ana/src/cuda/pointcloud_processing.cu:49:3:[m[K [01;35m[Kwarning: [m[Kstyle of line directive is a GCC extension
   49 | 
      |   [01;35m[K^[m[K
In file included from [01m[Ktmpxft_00064f81_00000000-6_pointcloud_processing.cudafe1.stub.c:1[m[K:
[01m[K/tmp/tmpxft_00064f81_00000000-6_pointcloud_processing.cudafe1.stub.c:2:3:[m[K [01;35m[Kwarning: [m[Kstyle of line directive is a GCC extension
    2 | #p[01;35m[Kra[m[Kgma GCC diagnostic ignored "-Wunused-function"
      |   [01;35m[K^~[m[K
In file included from [01m[Ktmpxft_00064f81_00000000-6_pointcloud_processing.cudafe1.stub.c:1[m[K:
[01m[K/home/aidan/ana_bot/src/ana/src/cuda/pointcloud_processing.cu:80:3:[m[K [01;35m[Kwarning: [m[Kstyle of line directive is a GCC extension
   80 |   [01;35m[K  [m[Kint idx = threadIdx.x + blockIdx.x * blockDim.x;
      |   [01;35m[K^[m[K 
In file included from [01m[Ktmpxft_00064f81_00000000-6_pointcloud_processing.cudafe1.stub.c:1[m[K:
[01m[K/home/aidan/ana_bot/src/ana/src/cuda/pointcloud_processing.cu:80:3:[m[K [01;35m[Kwarning: [m[Kstyle of line directive is a GCC extension
   80 |   [01;35m[K  [m[Kint idx = threadIdx.x + blockIdx.x * blockDim.x;
      |   [01;35m[K^[m[K 
In file included from [01m[Ktmpxft_00064f81_00000000-6_pointcloud_processing.cudafe1.stub.c:1[m[K:
[01m[K/home/aidan/ana_bot/src/ana/src/cuda/pointcloud_processing.cu:95:3:[m[K [01;35m[Kwarning: [m[Kstyle of line directive is a GCC extension
   95 | 
      |   [01;35m[K^[m[K
[01m[Ktmpxft_00064f81_00000000-6_pointcloud_processing.cudafe1.stub.c:2:3:[m[K [01;35m[Kwarning: [m[Kstyle of line directive is a GCC extension
[01m[Kcc1plus:[m[K [01;36m[Knote: [m[Kunrecognized command-line option ‘[01m[K-Wno-line[m[K’ may have been intended to silence earlier diagnostics
[ 18%] [32m[1mLinking CUDA static library libcuda_operations.a[0m
[ 18%] Built target cuda_operations
[35m[1mConsolidate compiler generated dependencies of target point_cloud_filter_node[0m
[ 27%] [32mBuilding CXX object CMakeFiles/point_cloud_filter_node.dir/src/nodes/PointCloudFilter.cpp.o[0m
[35m[1mConsolidate compiler generated dependencies of target publish_pcd_node[0m
[35m[1mConsolidate compiler generated dependencies of target occupancy_grid_subscriber_node[0m
[ 36%] [32mBuilding CXX object CMakeFiles/occupancy_grid_subscriber_node.dir/src/nodes/occupancy_grid_subscriber.cpp.o[0m
[ 45%] [32mBuilding CXX object CMakeFiles/publish_pcd_node.dir/src/nodes/ply2pcd.cpp.o[0m
[ 54%] [32m[1mLinking CUDA device code CMakeFiles/point_cloud_filter_node.dir/cmake_device_link.o[0m
[ 63%] [32m[1mLinking CXX executable point_cloud_filter_node[0m
[ 63%] Built target point_cloud_filter_node
[01m[K/home/aidan/ana_bot/src/ana/src/nodes/ply2pcd.cpp:227:2:[m[K [01;31m[Kerror: [m[Kexpected ‘[01m[K}[m[K’ at end of input
  227 | }
      |  [01;31m[K^[m[K
[01m[K/home/aidan/ana_bot/src/ana/src/nodes/ply2pcd.cpp:26:42:[m[K [01;36m[Knote: [m[Kto match this ‘[01m[K{[m[K’
   26 | class PCDPublisher : public rclcpp::Node [01;36m[K{[m[K
      |                                          [01;36m[K^[m[K
[01m[K/home/aidan/ana_bot/src/ana/src/nodes/ply2pcd.cpp:[m[K In constructor ‘[01m[KPCDPublisher::PCDPublisher()[m[K’:
[01m[K/home/aidan/ana_bot/src/ana/src/nodes/ply2pcd.cpp:29:9:[m[K [01;31m[Kerror: [m[K‘[01m[Kpublisher_[m[K’ was not declared in this scope; did you mean ‘[01m[KPCDPublisher[m[K’?
   29 |         [01;31m[Kpublisher_[m[K = this->create_publisher<sensor_msgs::msg::PointCloud2>("mapped_point_cloud", 10);
      |         [01;31m[K^~~~~~~~~~[m[K
      |         [32m[KPCDPublisher[m[K
[01m[K/home/aidan/ana_bot/src/ana/src/nodes/ply2pcd.cpp:30:9:[m[K [01;31m[Kerror: [m[K‘[01m[Kgrid_publisher_[m[K’ was not declared in this scope; did you mean ‘[01m[Krmw_publisher_t[m[K’?
   30 |         [01;31m[Kgrid_publisher_[m[K = this->create_publisher<nav_msgs::msg::OccupancyGrid>("occupancy", 10);
      |         [01;31m[K^~~~~~~~~~~~~~~[m[K
      |         [32m[Krmw_publisher_t[m[K
[01m[K/home/aidan/ana_bot/src/ana/src/nodes/ply2pcd.cpp:31:9:[m[K [01;31m[Kerror: [m[K‘[01m[Kheight_publisher_[m[K’ was not declared in this scope
   31 |         [01;31m[Kheight_publisher_[m[K = this->create_publisher<std_msgs::msg::Float32MultiArray>("height_map", 10);  // Height publisher
      |         [01;31m[K^~~~~~~~~~~~~~~~~[m[K
[01m[K/home/aidan/ana_bot/src/ana/src/nodes/ply2pcd.cpp:32:9:[m[K [01;31m[Kerror: [m[K‘[01m[Ktimer_[m[K’ was not declared in this scope; did you mean ‘[01m[Ktimer_t[m[K’?
   32 |         [01;31m[Ktimer_[m[K = this->create_wall_timer(
      |         [01;31m[K^~~~~~[m[K
      |         [32m[Ktimer_t[m[K
[01m[K/home/aidan/ana_bot/src/ana/src/nodes/ply2pcd.cpp:[m[K In member function ‘[01m[Kvoid PCDPublisher::timerCallback()[m[K’:
[01m[K/home/aidan/ana_bot/src/ana/src/nodes/ply2pcd.cpp:41:1:[m[K [01;31m[Kerror: [m[Kversion control conflict marker in file
   41 | [01;31m[K<<<<<<<[m[K HEAD
      | [01;31m[K^~~~~~~[m[K
[01m[K/home/aidan/ana_bot/src/ana/src/nodes/ply2pcd.cpp:174:122:[m[K [01;31m[Kerror: [m[Ka function-definition is not allowed here before ‘[01m[K{[m[K’ token
  174 |     nav_msgs::msg::OccupancyGrid createOccupancyGrid(const pcl::PointCloud<pcl::PointXYZ>::Ptr& cloud, float resolution) [01;31m[K{[m[K
      |                                                                                                                          [01;31m[K^[m[K
[01m[K/home/aidan/ana_bot/src/ana/src/nodes/ply2pcd.cpp:[m[K At global scope:
[01m[K/home/aidan/ana_bot/src/ana/src/nodes/ply2pcd.cpp:227:2:[m[K [01;31m[Kerror: [m[Kexpected unqualified-id at end of input
  227 | }
      |  [01;31m[K^[m[K
gmake[2]: *** [CMakeFiles/publish_pcd_node.dir/build.make:76: CMakeFiles/publish_pcd_node.dir/src/nodes/ply2pcd.cpp.o] Error 1
gmake[1]: *** [CMakeFiles/Makefile2:169: CMakeFiles/publish_pcd_node.dir/all] Error 2
gmake[1]: *** Waiting for unfinished jobs....
[ 72%] [32m[1mLinking CUDA device code CMakeFiles/occupancy_grid_subscriber_node.dir/cmake_device_link.o[0m
[ 81%] [32m[1mLinking CXX executable occupancy_grid_subscriber_node[0m
[ 81%] Built target occupancy_grid_subscriber_node
gmake: *** [Makefile:146: all] Error 2
