[0.011s] Invoking command in '/home/aidan/ana_bot/build/ana': CMAKE_PREFIX_PATH=/opt/ros/humble /usr/bin/cmake /home/aidan/ana_bot/src/ana -DCMAKE_INSTALL_PREFIX=/home/aidan/ana_bot/install/ana
[0.026s] -- Found ament_cmake: 1.3.8 (/opt/ros/humble/share/ament_cmake/cmake)
[0.116s] -- Override CMake install command with custom implementation using symlinks instead of copying resources
[0.130s] -- Found rclcpp: 16.0.8 (/opt/ros/humble/share/rclcpp/cmake)
[0.166s] -- Found rosidl_generator_c: 3.1.5 (/opt/ros/humble/share/rosidl_generator_c/cmake)
[0.169s] -- Found rosidl_adapter: 3.1.5 (/opt/ros/humble/share/rosidl_adapter/cmake)
[0.175s] -- Found rosidl_generator_cpp: 3.1.5 (/opt/ros/humble/share/rosidl_generator_cpp/cmake)
[0.187s] -- Using all available rosidl_typesupport_c: rosidl_typesupport_fastrtps_c;rosidl_typesupport_introspection_c
[0.201s] -- Using all available rosidl_typesupport_cpp: rosidl_typesupport_fastrtps_cpp;rosidl_typesupport_introspection_cpp
[0.255s] -- Found rmw_implementation_cmake: 6.1.1 (/opt/ros/humble/share/rmw_implementation_cmake/cmake)
[0.257s] -- Found rmw_fastrtps_cpp: 6.2.6 (/opt/ros/humble/share/rmw_fastrtps_cpp/cmake)
[0.356s] -- Using RMW implementation 'rmw_fastrtps_cpp' as default
[0.494s] -- Found sensor_msgs: 4.2.3 (/opt/ros/humble/share/sensor_msgs/cmake)
[0.598s] -- Found nav_msgs: 4.2.3 (/opt/ros/humble/share/nav_msgs/cmake)
[0.666s] -- Found image_transport: 3.1.9 (/opt/ros/humble/share/image_transport/cmake)
[0.697s] -- Found cv_bridge: 3.2.1 (/opt/ros/humble/share/cv_bridge/cmake)
[0.722s] -- Eigen found (include: /usr/include/eigen3, version: 3.4.0)
[0.741s] -- OpenNI found (version: 1.5.4.0, include: /usr/include/ni, lib: /usr/lib/libOpenNI.so;libusb::libusb)
[0.745s] -- OpenNI2 found (version: 2.2.0.33, include: /usr/include/openni2, lib: /usr/lib/x86_64-linux-gnu/libOpenNI2.so;libusb::libusb)
[0.745s] [0m** WARNING ** io features related to pcap will be disabled[0m
[0.745s] [0m** WARNING ** io features related to png will be disabled[0m
[0.905s] -- Found Eigen3: /usr/include/eigen3 (found version "3.4.0") 
[0.997s] -- Eigen found (include: /usr/include/eigen3, version: 3.4.0)
[1.012s] -- FLANN found (include: /usr/include, lib: /usr/lib/x86_64-linux-gnu/libflann_cpp.so)
[1.217s] -- looking for PCL_COMMON
[1.217s] -- looking for PCL_OCTREE
[1.217s] -- looking for PCL_IO
[1.218s] -- looking for PCL_KDTREE
[1.218s] -- looking for PCL_SEARCH
[1.218s] -- looking for PCL_SAMPLE_CONSENSUS
[1.218s] -- looking for PCL_FILTERS
[1.219s] -- looking for PCL_GEOMETRY
[1.219s] -- looking for PCL_2D
[1.219s] -- looking for PCL_FEATURES
[1.220s] -- looking for PCL_ML
[1.220s] -- looking for PCL_SEGMENTATION
[1.222s] -- Found pcl_conversions: 2.4.0 (/opt/ros/humble/share/pcl_conversions/cmake)
[1.352s] -- Found CUDA: /usr (found version "11.5") 
[1.353s] -- Found nav2_costmap_2d: 1.1.14 (/opt/ros/humble/share/nav2_costmap_2d/cmake)
[1.908s] -- Found Eigen3: TRUE (found version "3.4.0") 
[1.908s] -- Ensuring Eigen3 include directory is part of orocos-kdl CMake target
[2.775s] -- Found ament_lint_auto: 0.12.10 (/opt/ros/humble/share/ament_lint_auto/cmake)
[2.849s] -- Added test 'copyright' to check source files copyright and LICENSE
[2.850s] -- Added test 'cppcheck' to perform static code analysis on C / C++ code
[2.854s] -- Configured cppcheck include dirs: /home/aidan/ana_bot/src/ana/include;/home/aidan/ana_bot/src/ana/src/cuda
[2.854s] -- Configured cppcheck exclude dirs and/or files: 
[2.856s] -- Added test 'cpplint' to check C / C++ code against the Google style
[2.856s] -- Configured cpplint exclude dirs and/or files: 
[2.856s] -- Added test 'flake8' to check Python code syntax and style conventions
[2.857s] -- Added test 'lint_cmake' to check CMake code style
[2.857s] -- Added test 'pep257' to check Python code against some of the docstring style conventions in PEP 257
[2.859s] -- Added test 'uncrustify' to check C / C++ code style
[2.859s] -- Configured uncrustify additional arguments: 
[2.859s] -- Added test 'xmllint' to check XML markup files
[2.860s] -- Configuring done
[3.362s] -- Generating done
[3.365s] -- Build files have been written to: /home/aidan/ana_bot/build/ana
[3.379s] Invoked command in '/home/aidan/ana_bot/build/ana' returned '0': CMAKE_PREFIX_PATH=/opt/ros/humble /usr/bin/cmake /home/aidan/ana_bot/src/ana -DCMAKE_INSTALL_PREFIX=/home/aidan/ana_bot/install/ana
[3.381s] Invoking command in '/home/aidan/ana_bot/build/ana': CMAKE_PREFIX_PATH=/opt/ros/humble /usr/bin/cmake --build /home/aidan/ana_bot/build/ana -- -j16 -l16
[3.408s] [35m[1mConsolidate compiler generated dependencies of target cuda_operations[0m
[3.414s] [  9%] [32mBuilding CUDA object CMakeFiles/cuda_operations.dir/src/cuda/pointcloud_processing.cu.o[0m
[3.867s] [01m[K/tmp/tmpxft_00064f81_00000000-6_pointcloud_processing.cudafe1.cpp:1:3:[m[K [01;35m[Kwarning: [m[Kstyle of line directive is a GCC extension
[3.867s]     1 | # [01;35m[K1[m[K "/home/aidan/ana_bot/src/ana/src/cuda/pointcloud_processing.cu"
[3.867s]       |   [01;35m[K^[m[K
[3.867s] [01m[K/home/aidan/ana_bot/src/ana/src/cuda/pointcloud_processing.cu:2:3:[m[K [01;35m[Kwarning: [m[Kstyle of line directive is a GCC extension
[3.867s]     2 | #i[01;35m[Kn[m[Kclude <device_launch_parameters.h>
[3.867s]       |   [01;35m[K^[m[K
[3.867s] [01m[K/home/aidan/ana_bot/src/ana/src/cuda/pointcloud_processing.cu:2:3:[m[K [01;35m[Kwarning: [m[Kstyle of line directive is a GCC extension
[3.867s]     2 | #i[01;35m[Kn[m[Kclude <device_launch_parameters.h>
[3.867s]       |   [01;35m[K^[m[K
[3.867s] [01m[K/home/aidan/ana_bot/src/ana/src/cuda/pointcloud_processing.cu:2:3:[m[K [01;35m[Kwarning: [m[Kstyle of line directive is a GCC extension
[3.867s]     2 | #i[01;35m[Kn[m[Kclude <device_launch_parameters.h>
[3.867s]       |   [01;35m[K^[m[K
[3.867s] [01m[K/home/aidan/ana_bot/src/ana/src/cuda/pointcloud_processing.cu:2:3:[m[K [01;35m[Kwarning: [m[Kstyle of line directive is a GCC extension
[3.867s]     2 | #i[01;35m[Kn[m[Kclude <device_launch_parameters.h>
[3.868s]       |   [01;35m[K^[m[K
[3.868s] [01m[K/home/aidan/ana_bot/src/ana/src/cuda/pointcloud_processing.cu:2:3:[m[K [01;35m[Kwarning: [m[Kstyle of line directive is a GCC extension
[3.868s]     2 | #i[01;35m[Kn[m[Kclude <device_launch_parameters.h>
[3.868s]       |   [01;35m[K^[m[K
[3.868s] [01m[K/home/aidan/ana_bot/src/ana/src/cuda/pointcloud_processing.cu:2:3:[m[K [01;35m[Kwarning: [m[Kstyle of line directive is a GCC extension
[3.868s]     2 | #i[01;35m[Kn[m[Kclude <device_launch_parameters.h>
[3.868s]       |   [01;35m[K^[m[K
[3.868s] [01m[K/home/aidan/ana_bot/src/ana/src/cuda/pointcloud_processing.cu:3:3:[m[K [01;35m[Kwarning: [m[Kstyle of line directive is a GCC extension
[3.868s]     3 | #i[01;35m[Kn[m[Kclude <stdio.h>  // For error logging
[3.868s]       |   [01;35m[K^[m[K
[3.868s] [01m[K/home/aidan/ana_bot/src/ana/src/cuda/pointcloud_processing.cu:6:3:[m[K [01;35m[Kwarning: [m[Kstyle of line directive is a GCC extension
[3.868s]     6 | //[01;35m[K [m[KDefine constants for filter sizes and other parameters
[3.868s]       |   [01;35m[K^[m[K
[3.868s] [01m[K/home/aidan/ana_bot/src/ana/src/cuda/pointcloud_processing.cu:1:3:[m[K [01;35m[Kwarning: [m[Kstyle of line directive is a GCC extension
[3.868s]     1 | #i[01;35m[Knc[m[Klude <cuda_runtime.h>
[3.868s]       |   [01;35m[K^~[m[K
[3.884s] [01m[K/home/aidan/ana_bot/src/ana/src/cuda/pointcloud_processing.cu:36:3:[m[K [01;35m[Kwarning: [m[Kstyle of line directive is a GCC extension
[3.884s]    36 |   [01;35m[K  [m[Kfor (int ky = -FILTER_SIZE / 2; ky <= FILTER_SIZE / 2; ++ky) {
[3.884s]       |   [01;35m[K^[m[K 
[3.884s] [01m[K/home/aidan/ana_bot/src/ana/src/cuda/pointcloud_processing.cu:66:3:[m[K [01;35m[Kwarning: [m[Kstyle of line directive is a GCC extension
[3.885s]    66 |   [01;35m[K  [m[K// Apply smoothing
[3.885s]       |   [01;35m[K^[m[K 
[3.885s] [01m[K/home/aidan/ana_bot/src/ana/src/cuda/pointcloud_processing.cu:52:3:[m[K [01;35m[Kwarning: [m[Kstyle of line directive is a GCC extension
[3.885s]    52 |   [01;35m[K  [m[Kfloat* devImage;
[3.885s]       |   [01;35m[K^[m[K 
[3.885s] [01m[K/home/aidan/ana_bot/src/ana/src/cuda/pointcloud_processing.cu:53:3:[m[K [01;35m[Kwarning: [m[Kstyle of line directive is a GCC extension
[3.885s]    53 |   [01;35m[K  [m[Ksize_t imageSize = width * height * sizeof(float);
[3.885s]       |   [01;35m[K^[m[K 
[3.885s] [01m[K/home/aidan/ana_bot/src/ana/src/cuda/pointcloud_processing.cu:54:3:[m[K [01;35m[Kwarning: [m[Kstyle of line directive is a GCC extension
[3.885s]    54 |   [01;35m[K  [m[Kfloat* smoothedDepth;
[3.885s]       |   [01;35m[K^[m[K 
[3.885s] [01m[K/home/aidan/ana_bot/src/ana/src/cuda/pointcloud_processing.cu:55:3:[m[K [01;35m[Kwarning: [m[Kstyle of line directive is a GCC extension
[3.885s]    55 | 
[3.885s]       |   [01;35m[K^[m[K 
[3.885s] [01m[K/home/aidan/ana_bot/src/ana/src/cuda/pointcloud_processing.cu:57:3:[m[K [01;35m[Kwarning: [m[Kstyle of line directive is a GCC extension
[3.885s]    57 |   [01;35m[K  [m[KcudaMalloc((void**)&smoothedDepth, imageSize);
[3.885s]       |   [01;35m[K^[m[K 
[3.885s] [01m[K/home/aidan/ana_bot/src/ana/src/cuda/pointcloud_processing.cu:58:3:[m[K [01;35m[Kwarning: [m[Kstyle of line directive is a GCC extension
[3.885s]    58 |   [01;35m[K  [m[KcudaMemcpy(devImage, hostImage, imageSize, cudaMemcpyHostToDevice);
[3.886s]       |   [01;35m[K^[m[K 
[3.886s] [01m[K/home/aidan/ana_bot/src/ana/src/cuda/pointcloud_processing.cu:59:3:[m[K [01;35m[Kwarning: [m[Kstyle of line directive is a GCC extension
[3.886s]    59 | 
[3.886s]       |   [01;35m[K^[m[K 
[3.886s] [01m[K/home/aidan/ana_bot/src/ana/src/cuda/pointcloud_processing.cu:61:3:[m[K [01;35m[Kwarning: [m[Kstyle of line directive is a GCC extension
[3.886s]    61 |   [01;35m[K  [m[Kdim3 dimGrid((width + BLOCK_SIZE - 1) / BLOCK_SIZE, (height + BLOCK_SIZE - 1) / BLOCK_SIZE);
[3.886s]       |   [01;35m[K^[m[K 
[3.886s] [01m[K/home/aidan/ana_bot/src/ana/src/cuda/pointcloud_processing.cu:62:3:[m[K [01;35m[Kwarning: [m[Kstyle of line directive is a GCC extension
[3.886s]    62 | 
[3.886s]       |   [01;35m[K^[m[K 
[3.886s] [01m[K/home/aidan/ana_bot/src/ana/src/cuda/pointcloud_processing.cu:65:3:[m[K [01;35m[Kwarning: [m[Kstyle of line directive is a GCC extension
[3.886s]    65 | 
[3.886s]       |   [01;35m[K^[m[K 
[3.886s] [01m[K/home/aidan/ana_bot/src/ana/src/cuda/pointcloud_processing.cu:68:3:[m[K [01;35m[Kwarning: [m[Kstyle of line directive is a GCC extension
[3.886s]    68 | 
[3.886s]       |   [01;35m[K^[m[K 
[3.886s] [01m[K/home/aidan/ana_bot/src/ana/src/cuda/pointcloud_processing.cu:70:3:[m[K [01;35m[Kwarning: [m[Kstyle of line directive is a GCC extension
[3.886s]    70 | 
[3.886s]       |   [01;35m[K^[m[K 
[3.886s] [01m[K/home/aidan/ana_bot/src/ana/src/cuda/pointcloud_processing.cu:72:3:[m[K [01;35m[Kwarning: [m[Kstyle of line directive is a GCC extension
[3.886s]    72 |   [01;35m[K  [m[KcudaFree(smoothedDepth);
[3.886s]       |   [01;35m[K^[m[K 
[3.886s] [01m[K/home/aidan/ana_bot/src/ana/src/cuda/pointcloud_processing.cu:73:3:[m[K [01;35m[Kwarning: [m[Kstyle of line directive is a GCC extension
[3.886s]    73 | }
[3.887s]       |   [01;35m[K^[m[K 
[3.887s] [01m[K/home/aidan/ana_bot/src/ana/src/cuda/pointcloud_processing.cu:74:3:[m[K [01;35m[Kwarning: [m[Kstyle of line directive is a GCC extension
[3.887s]    74 | 
[3.887s]       |   [01;35m[K^[m[K 
[3.887s] [01m[K/home/aidan/ana_bot/src/ana/src/cuda/pointcloud_processing.cu:76:3:[m[K [01;35m[Kwarning: [m[Kstyle of line directive is a GCC extension
[3.887s]    76 |   [01;35m[K  [m[Kfloat x, y, z;
[3.887s]       |   [01;35m[K^[m[K 
[3.887s] [01m[K/home/aidan/ana_bot/src/ana/src/cuda/pointcloud_processing.cu:77:3:[m[K [01;35m[Kwarning: [m[Kstyle of line directive is a GCC extension
[3.887s]    77 | };
[3.887s]       |   [01;35m[K^[m[K 
[3.887s] [01m[K/home/aidan/ana_bot/src/ana/src/cuda/pointcloud_processing.cu:78:3:[m[K [01;35m[Kwarning: [m[Kstyle of line directive is a GCC extension
[3.887s]    78 | 
[3.887s]       |   [01;35m[K^[m[K 
[3.887s] [01m[K/home/aidan/ana_bot/src/ana/src/cuda/pointcloud_processing.cu:108:3:[m[K [01;35m[Kwarning: [m[Kstyle of line directive is a GCC extension
[3.887s]   108 | 
[3.887s]       |   [01;35m[K^[m[K 
[3.887s] [01m[K/home/aidan/ana_bot/src/ana/src/cuda/pointcloud_processing.cu:97:3:[m[K [01;35m[Kwarning: [m[Kstyle of line directive is a GCC extension
[3.887s]    97 |   [01;35m[K  [m[KPointXYZ *devPoints, *devReducedPoints;
[3.887s]       |   [01;35m[K^[m[K 
[3.887s] [01m[K/home/aidan/ana_bot/src/ana/src/cuda/pointcloud_processing.cu:98:3:[m[K [01;35m[Kwarning: [m[Kstyle of line directive is a GCC extension
[3.887s]    98 |   [01;35m[K  [m[Kint *minIndexGrid;
[3.887s]       |   [01;35m[K^[m[K 
[3.888s] [01m[K/home/aidan/ana_bot/src/ana/src/cuda/pointcloud_processing.cu:99:3:[m[K [01;35m[Kwarning: [m[Kstyle of line directive is a GCC extension
[3.888s]    99 |   [01;35m[K  [m[Kint gridDimensions = ceil(10.0 / voxelSize);  // Assuming a 10x10x10m space for example
[3.888s]       |   [01;35m[K^[m[K 
[3.888s] [01m[K/home/aidan/ana_bot/src/ana/src/cuda/pointcloud_processing.cu:100:3:[m[K [01;35m[Kwarning: [m[Kstyle of line directive is a GCC extension
[3.888s]   100 |   [01;35m[K  i[m[Knt gridSize = gridDimensions * gridDimensions * gridDimensions;
[3.888s]       |   [01;35m[K^[m[K [01;35m[K~[m[K
[3.888s] [01m[K/home/aidan/ana_bot/src/ana/src/cuda/pointcloud_processing.cu:101:3:[m[K [01;35m[Kwarning: [m[Kstyle of line directive is a GCC extension
[3.888s]   101 | 
[3.888s]       |   [01;35m[K^[m[K  
[3.888s] [01m[K/home/aidan/ana_bot/src/ana/src/cuda/pointcloud_processing.cu:103:3:[m[K [01;35m[Kwarning: [m[Kstyle of line directive is a GCC extension
[3.888s]   103 |   [01;35m[K  c[m[KudaMalloc(&devReducedPoints, gridSize * sizeof(PointXYZ));
[3.888s]       |   [01;35m[K^[m[K [01;35m[K~[m[K
[3.888s] [01m[K/home/aidan/ana_bot/src/ana/src/cuda/pointcloud_processing.cu:104:3:[m[K [01;35m[Kwarning: [m[Kstyle of line directive is a GCC extension
[3.888s]   104 |   [01;35m[K  c[m[KudaMalloc(&minIndexGrid, gridSize * sizeof(int));
[3.888s]       |   [01;35m[K^[m[K [01;35m[K~[m[K
[3.888s] [01m[K/home/aidan/ana_bot/src/ana/src/cuda/pointcloud_processing.cu:105:3:[m[K [01;35m[Kwarning: [m[Kstyle of line directive is a GCC extension
[3.889s]   105 |   [01;35m[K  c[m[KudaMemset(minIndexGrid, INT_MAX, gridSize * sizeof(int));
[3.889s]       |   [01;35m[K^[m[K [01;35m[K~[m[K
[3.889s] [01m[K/home/aidan/ana_bot/src/ana/src/cuda/pointcloud_processing.cu:106:3:[m[K [01;35m[Kwarning: [m[Kstyle of line directive is a GCC extension
[3.889s]   106 | 
[3.889s]       |   [01;35m[K^[m[K  
[3.889s] [01m[K/home/aidan/ana_bot/src/ana/src/cuda/pointcloud_processing.cu:108:3:[m[K [01;35m[Kwarning: [m[Kstyle of line directive is a GCC extension
[3.889s]   108 | 
[3.889s]       |   [01;35m[K^[m[K  
[3.889s] [01m[K/home/aidan/ana_bot/src/ana/src/cuda/pointcloud_processing.cu:110:3:[m[K [01;35m[Kwarning: [m[Kstyle of line directive is a GCC extension
[3.889s]   110 |   [01;35m[K  d[m[Kim3 grid((numPoints + block.x - 1) / block.x);
[3.889s]       |   [01;35m[K^[m[K [01;35m[K~[m[K
[3.889s] [01m[K/home/aidan/ana_bot/src/ana/src/cuda/pointcloud_processing.cu:111:3:[m[K [01;35m[Kwarning: [m[Kstyle of line directive is a GCC extension
[3.889s]   111 |   [01;35m[K  v[m[KoxelGridDownsample<<<grid, block>>>(devPoints, devReducedPoints, numPoints, voxelSize, minIndexGrid, gridDimensions);
[3.889s]       |   [01;35m[K^[m[K [01;35m[K~[m[K
[3.889s] [01m[K/home/aidan/ana_bot/src/ana/src/cuda/pointcloud_processing.cu:112:3:[m[K [01;35m[Kwarning: [m[Kstyle of line directive is a GCC extension
[3.889s]   112 | 
[3.889s]       |   [01;35m[K^[m[K  
[3.889s] [01m[K/home/aidan/ana_bot/src/ana/src/cuda/pointcloud_processing.cu:114:3:[m[K [01;35m[Kwarning: [m[Kstyle of line directive is a GCC extension
[3.889s]   114 | 
[3.889s]       |   [01;35m[K^[m[K  
[3.889s] [01m[K/home/aidan/ana_bot/src/ana/src/cuda/pointcloud_processing.cu:116:3:[m[K [01;35m[Kwarning: [m[Kstyle of line directive is a GCC extension
[3.889s]   116 |   [01;35m[K  c[m[KudaFree(devReducedPoints);
[3.889s]       |   [01;35m[K^[m[K [01;35m[K~[m[K
[3.890s] [01m[K/home/aidan/ana_bot/src/ana/src/cuda/pointcloud_processing.cu:117:3:[m[K [01;35m[Kwarning: [m[Kstyle of line directive is a GCC extension
[3.890s]   117 |   [01;35m[K  c[m[KudaFree(minIndexGrid);
[3.890s]       |   [01;35m[K^[m[K [01;35m[K~[m[K
[3.890s] [01m[K/home/aidan/ana_bot/src/ana/src/cuda/pointcloud_processing.cu:118:3:[m[K [01;35m[Kwarning: [m[Kstyle of line directive is a GCC extension
[3.890s]   118 | }
[3.890s]       |   [01;35m[K^[m[K  
[3.890s] [01m[K/home/aidan/ana_bot/src/ana/src/cuda/pointcloud_processing.cu:120:3:[m[K [01;35m[Kwarning: [m[Kstyle of line directive is a GCC extension
[3.890s] [01m[Ktmpxft_00064f81_00000000-6_pointcloud_processing.cudafe1.stub.c:4:3:[m[K [01;35m[Kwarning: [m[Kstyle of line directive is a GCC extension
[3.892s] In file included from [01m[Ktmpxft_00064f81_00000000-6_pointcloud_processing.cudafe1.stub.c:1[m[K:
[3.892s] [01m[K/home/aidan/ana_bot/src/ana/src/cuda/pointcloud_processing.cu:12:3:[m[K [01;35m[Kwarning: [m[Kstyle of line directive is a GCC extension
[3.892s]    12 |   [01;35m[K  [m[Kint idx = blockIdx.x * blockDim.x + threadIdx.x;
[3.892s]       |   [01;35m[K^[m[K 
[3.892s] In file included from [01m[Ktmpxft_00064f81_00000000-6_pointcloud_processing.cudafe1.stub.c:1[m[K:
[3.892s] [01m[K/home/aidan/ana_bot/src/ana/src/cuda/pointcloud_processing.cu:12:3:[m[K [01;35m[Kwarning: [m[Kstyle of line directive is a GCC extension
[3.892s]    12 |   [01;35m[K  [m[Kint idx = blockIdx.x * blockDim.x + threadIdx.x;
[3.892s]       |   [01;35m[K^[m[K 
[3.892s] In file included from [01m[Ktmpxft_00064f81_00000000-6_pointcloud_processing.cudafe1.stub.c:1[m[K:
[3.892s] [01m[K/home/aidan/ana_bot/src/ana/src/cuda/pointcloud_processing.cu:23:3:[m[K [01;35m[Kwarning: [m[Kstyle of line directive is a GCC extension
[3.892s]    23 | 
[3.892s]       |   [01;35m[K^[m[K
[3.892s] In file included from [01m[Ktmpxft_00064f81_00000000-6_pointcloud_processing.cudafe1.stub.c:1[m[K:
[3.892s] [01m[K/tmp/tmpxft_00064f81_00000000-6_pointcloud_processing.cudafe1.stub.c:2:3:[m[K [01;35m[Kwarning: [m[Kstyle of line directive is a GCC extension
[3.892s]     2 | #p[01;35m[Kra[m[Kgma GCC diagnostic ignored "-Wunused-function"
[3.892s]       |   [01;35m[K^~[m[K
[3.893s] In file included from [01m[Ktmpxft_00064f81_00000000-6_pointcloud_processing.cudafe1.stub.c:1[m[K:
[3.893s] [01m[K/home/aidan/ana_bot/src/ana/src/cuda/pointcloud_processing.cu:26:3:[m[K [01;35m[Kwarning: [m[Kstyle of line directive is a GCC extension
[3.893s]    26 |   [01;35m[K  [m[Kint idx = blockIdx.x * blockDim.x + threadIdx.x;
[3.893s]       |   [01;35m[K^[m[K 
[3.893s] In file included from [01m[Ktmpxft_00064f81_00000000-6_pointcloud_processing.cudafe1.stub.c:1[m[K:
[3.893s] [01m[K/home/aidan/ana_bot/src/ana/src/cuda/pointcloud_processing.cu:26:3:[m[K [01;35m[Kwarning: [m[Kstyle of line directive is a GCC extension
[3.893s]    26 |   [01;35m[K  [m[Kint idx = blockIdx.x * blockDim.x + threadIdx.x;
[3.893s]       |   [01;35m[K^[m[K 
[3.893s] In file included from [01m[Ktmpxft_00064f81_00000000-6_pointcloud_processing.cudafe1.stub.c:1[m[K:
[3.893s] [01m[K/home/aidan/ana_bot/src/ana/src/cuda/pointcloud_processing.cu:49:3:[m[K [01;35m[Kwarning: [m[Kstyle of line directive is a GCC extension
[3.893s]    49 | 
[3.893s]       |   [01;35m[K^[m[K
[3.893s] In file included from [01m[Ktmpxft_00064f81_00000000-6_pointcloud_processing.cudafe1.stub.c:1[m[K:
[3.893s] [01m[K/tmp/tmpxft_00064f81_00000000-6_pointcloud_processing.cudafe1.stub.c:2:3:[m[K [01;35m[Kwarning: [m[Kstyle of line directive is a GCC extension
[3.893s]     2 | #p[01;35m[Kra[m[Kgma GCC diagnostic ignored "-Wunused-function"
[3.893s]       |   [01;35m[K^~[m[K
[3.893s] In file included from [01m[Ktmpxft_00064f81_00000000-6_pointcloud_processing.cudafe1.stub.c:1[m[K:
[3.893s] [01m[K/home/aidan/ana_bot/src/ana/src/cuda/pointcloud_processing.cu:80:3:[m[K [01;35m[Kwarning: [m[Kstyle of line directive is a GCC extension
[3.893s]    80 |   [01;35m[K  [m[Kint idx = threadIdx.x + blockIdx.x * blockDim.x;
[3.893s]       |   [01;35m[K^[m[K 
[3.893s] In file included from [01m[Ktmpxft_00064f81_00000000-6_pointcloud_processing.cudafe1.stub.c:1[m[K:
[3.893s] [01m[K/home/aidan/ana_bot/src/ana/src/cuda/pointcloud_processing.cu:80:3:[m[K [01;35m[Kwarning: [m[Kstyle of line directive is a GCC extension
[3.893s]    80 |   [01;35m[K  [m[Kint idx = threadIdx.x + blockIdx.x * blockDim.x;
[3.894s]       |   [01;35m[K^[m[K 
[3.894s] In file included from [01m[Ktmpxft_00064f81_00000000-6_pointcloud_processing.cudafe1.stub.c:1[m[K:
[3.894s] [01m[K/home/aidan/ana_bot/src/ana/src/cuda/pointcloud_processing.cu:95:3:[m[K [01;35m[Kwarning: [m[Kstyle of line directive is a GCC extension
[3.894s]    95 | 
[3.894s]       |   [01;35m[K^[m[K
[3.894s] [01m[Ktmpxft_00064f81_00000000-6_pointcloud_processing.cudafe1.stub.c:2:3:[m[K [01;35m[Kwarning: [m[Kstyle of line directive is a GCC extension
[3.975s] [01m[Kcc1plus:[m[K [01;36m[Knote: [m[Kunrecognized command-line option ‘[01m[K-Wno-line[m[K’ may have been intended to silence earlier diagnostics
[3.985s] [ 18%] [32m[1mLinking CUDA static library libcuda_operations.a[0m
[4.005s] [ 18%] Built target cuda_operations
[4.012s] [35m[1mConsolidate compiler generated dependencies of target point_cloud_filter_node[0m
[4.026s] [ 27%] [32mBuilding CXX object CMakeFiles/point_cloud_filter_node.dir/src/nodes/PointCloudFilter.cpp.o[0m
[4.052s] [35m[1mConsolidate compiler generated dependencies of target publish_pcd_node[0m
[4.052s] [35m[1mConsolidate compiler generated dependencies of target occupancy_grid_subscriber_node[0m
[4.105s] [ 36%] [32mBuilding CXX object CMakeFiles/occupancy_grid_subscriber_node.dir/src/nodes/occupancy_grid_subscriber.cpp.o[0m
[4.111s] [ 45%] [32mBuilding CXX object CMakeFiles/publish_pcd_node.dir/src/nodes/ply2pcd.cpp.o[0m
[7.562s] [ 54%] [32m[1mLinking CUDA device code CMakeFiles/point_cloud_filter_node.dir/cmake_device_link.o[0m
[7.605s] [ 63%] [32m[1mLinking CXX executable point_cloud_filter_node[0m
[8.084s] [ 63%] Built target point_cloud_filter_node
[8.182s] [01m[K/home/aidan/ana_bot/src/ana/src/nodes/ply2pcd.cpp:227:2:[m[K [01;31m[Kerror: [m[Kexpected ‘[01m[K}[m[K’ at end of input
[8.182s]   227 | }
[8.182s]       |  [01;31m[K^[m[K
[8.182s] [01m[K/home/aidan/ana_bot/src/ana/src/nodes/ply2pcd.cpp:26:42:[m[K [01;36m[Knote: [m[Kto match this ‘[01m[K{[m[K’
[8.182s]    26 | class PCDPublisher : public rclcpp::Node [01;36m[K{[m[K
[8.183s]       |                                          [01;36m[K^[m[K
[8.190s] [01m[K/home/aidan/ana_bot/src/ana/src/nodes/ply2pcd.cpp:[m[K In constructor ‘[01m[KPCDPublisher::PCDPublisher()[m[K’:
[8.190s] [01m[K/home/aidan/ana_bot/src/ana/src/nodes/ply2pcd.cpp:29:9:[m[K [01;31m[Kerror: [m[K‘[01m[Kpublisher_[m[K’ was not declared in this scope; did you mean ‘[01m[KPCDPublisher[m[K’?
[8.191s]    29 |         [01;31m[Kpublisher_[m[K = this->create_publisher<sensor_msgs::msg::PointCloud2>("mapped_point_cloud", 10);
[8.191s]       |         [01;31m[K^~~~~~~~~~[m[K
[8.191s]       |         [32m[KPCDPublisher[m[K
[8.204s] [01m[K/home/aidan/ana_bot/src/ana/src/nodes/ply2pcd.cpp:30:9:[m[K [01;31m[Kerror: [m[K‘[01m[Kgrid_publisher_[m[K’ was not declared in this scope; did you mean ‘[01m[Krmw_publisher_t[m[K’?
[8.204s]    30 |         [01;31m[Kgrid_publisher_[m[K = this->create_publisher<nav_msgs::msg::OccupancyGrid>("occupancy", 10);
[8.204s]       |         [01;31m[K^~~~~~~~~~~~~~~[m[K
[8.204s]       |         [32m[Krmw_publisher_t[m[K
[8.220s] [01m[K/home/aidan/ana_bot/src/ana/src/nodes/ply2pcd.cpp:31:9:[m[K [01;31m[Kerror: [m[K‘[01m[Kheight_publisher_[m[K’ was not declared in this scope
[8.220s]    31 |         [01;31m[Kheight_publisher_[m[K = this->create_publisher<std_msgs::msg::Float32MultiArray>("height_map", 10);  // Height publisher
[8.220s]       |         [01;31m[K^~~~~~~~~~~~~~~~~[m[K
[8.227s] [01m[K/home/aidan/ana_bot/src/ana/src/nodes/ply2pcd.cpp:32:9:[m[K [01;31m[Kerror: [m[K‘[01m[Ktimer_[m[K’ was not declared in this scope; did you mean ‘[01m[Ktimer_t[m[K’?
[8.227s]    32 |         [01;31m[Ktimer_[m[K = this->create_wall_timer(
[8.227s]       |         [01;31m[K^~~~~~[m[K
[8.227s]       |         [32m[Ktimer_t[m[K
[8.236s] [01m[K/home/aidan/ana_bot/src/ana/src/nodes/ply2pcd.cpp:[m[K In member function ‘[01m[Kvoid PCDPublisher::timerCallback()[m[K’:
[8.236s] [01m[K/home/aidan/ana_bot/src/ana/src/nodes/ply2pcd.cpp:41:1:[m[K [01;31m[Kerror: [m[Kversion control conflict marker in file
[8.236s]    41 | [01;31m[K<<<<<<<[m[K HEAD
[8.236s]       | [01;31m[K^~~~~~~[m[K
[8.236s] [01m[K/home/aidan/ana_bot/src/ana/src/nodes/ply2pcd.cpp:174:122:[m[K [01;31m[Kerror: [m[Ka function-definition is not allowed here before ‘[01m[K{[m[K’ token
[8.236s]   174 |     nav_msgs::msg::OccupancyGrid createOccupancyGrid(const pcl::PointCloud<pcl::PointXYZ>::Ptr& cloud, float resolution) [01;31m[K{[m[K
[8.236s]       |                                                                                                                          [01;31m[K^[m[K
[8.242s] [01m[K/home/aidan/ana_bot/src/ana/src/nodes/ply2pcd.cpp:[m[K At global scope:
[8.242s] [01m[K/home/aidan/ana_bot/src/ana/src/nodes/ply2pcd.cpp:227:2:[m[K [01;31m[Kerror: [m[Kexpected unqualified-id at end of input
[8.242s]   227 | }
[8.243s]       |  [01;31m[K^[m[K
[9.135s] gmake[2]: *** [CMakeFiles/publish_pcd_node.dir/build.make:76: CMakeFiles/publish_pcd_node.dir/src/nodes/ply2pcd.cpp.o] Error 1
[9.135s] gmake[1]: *** [CMakeFiles/Makefile2:169: CMakeFiles/publish_pcd_node.dir/all] Error 2
[9.135s] gmake[1]: *** Waiting for unfinished jobs....
[12.055s] [ 72%] [32m[1mLinking CUDA device code CMakeFiles/occupancy_grid_subscriber_node.dir/cmake_device_link.o[0m
[12.109s] [ 81%] [32m[1mLinking CXX executable occupancy_grid_subscriber_node[0m
[16.742s] [ 81%] Built target occupancy_grid_subscriber_node
[16.742s] gmake: *** [Makefile:146: all] Error 2
[16.744s] Invoked command in '/home/aidan/ana_bot/build/ana' returned '2': CMAKE_PREFIX_PATH=/opt/ros/humble /usr/bin/cmake --build /home/aidan/ana_bot/build/ana -- -j16 -l16
