[35m[1mConsolidate compiler generated dependencies of target point_cloud_filter_node[0m
[35m[1mConsolidate compiler generated dependencies of target publish_pcd_node[0m
[ 50%] Built target point_cloud_filter_node
[ 75%] [32mBuilding CXX object CMakeFiles/publish_pcd_node.dir/src/ply2pcd.cpp.o[0m
[100%] [32m[1mLinking CXX executable publish_pcd_node[0m
[100%] Built target publish_pcd_node
-- Install configuration: ""
-- Installing: /home/aidan/ana_bot/install/ana/lib/ana/point_cloud_filter_node
-- Set runtime path of "/home/aidan/ana_bot/install/ana/lib/ana/point_cloud_filter_node" to ""
-- Installing: /home/aidan/ana_bot/install/ana/lib/ana/publish_pcd_node
-- Set runtime path of "/home/aidan/ana_bot/install/ana/lib/ana/publish_pcd_node" to ""
-- Installing: /home/aidan/ana_bot/install/ana/share/ana/config
-- Installing: /home/aidan/ana_bot/install/ana/share/ana/config/simulation_depth.rviz
-- Installing: /home/aidan/ana_bot/install/ana/share/ana/config/diff_drive_bot.rviz
-- Installing: /home/aidan/ana_bot/install/ana/share/ana/config/gazebo_params.yaml
-- Installing: /home/aidan/ana_bot/install/ana/share/ana/config/ana.rviz
-- Installing: /home/aidan/ana_bot/install/ana/share/ana/config/my_controllers.yaml
-- Installing: /home/aidan/ana_bot/install/ana/share/ana/config/nav2_params.yaml
-- Installing: /home/aidan/ana_bot/install/ana/share/ana/description
-- Installing: /home/aidan/ana_bot/install/ana/share/ana/description/camera.xacro
-- Installing: /home/aidan/ana_bot/install/ana/share/ana/description/ros2_diff_control.xacro
-- Installing: /home/aidan/ana_bot/install/ana/share/ana/description/gazebo_four_diff_control.xacro
-- Installing: /home/aidan/ana_bot/install/ana/share/ana/description/depth_camera.xacro
-- Installing: /home/aidan/ana_bot/install/ana/share/ana/description/robot_core.xacro
-- Installing: /home/aidan/ana_bot/install/ana/share/ana/description/gazebo_diff_control.xacro
-- Installing: /home/aidan/ana_bot/install/ana/share/ana/description/inertial_macros.xacro
-- Installing: /home/aidan/ana_bot/install/ana/share/ana/description/robot.urdf.xacro
-- Installing: /home/aidan/ana_bot/install/ana/share/ana/launch
-- Installing: /home/aidan/ana_bot/install/ana/share/ana/launch/launch_sim.launch.py
-- Installing: /home/aidan/ana_bot/install/ana/share/ana/launch/rsp.launch.py
-- Installing: /home/aidan/ana_bot/install/ana/share/ana/launch/rtab.launch.py
-- Installing: /home/aidan/ana_bot/install/ana/share/ana/launch/nav2.launch.py
-- Installing: /home/aidan/ana_bot/install/ana/share/ana/worlds
-- Installing: /home/aidan/ana_bot/install/ana/share/ana/worlds/obstacles_walls.world
-- Installing: /home/aidan/ana_bot/install/ana/share/ana/worlds/obstacles.world
-- Installing: /home/aidan/ana_bot/install/ana/share/ana/worlds/empty.world
-- Installing: /home/aidan/ana_bot/install/ana/share/ana/meshes
-- Installing: /home/aidan/ana_bot/install/ana/share/ana/meshes/ana_chassis.stl
-- Installing: /home/aidan/ana_bot/install/ana/share/ana/meshes/d435i.stl
-- Installing: /home/aidan/ana_bot/install/ana/share/ana/rtab_maps
-- Installing: /home/aidan/ana_bot/install/ana/share/ana/rtab_maps/orange_cones_3d.pcd
-- Installing: /home/aidan/ana_bot/install/ana/share/ana/rtab_maps/orange_cones_3d.ply
-- Installing: /home/aidan/ana_bot/install/ana/share/ament_index/resource_index/package_run_dependencies/ana
-- Installing: /home/aidan/ana_bot/install/ana/share/ament_index/resource_index/parent_prefix_path/ana
-- Installing: /home/aidan/ana_bot/install/ana/share/ana/environment/ament_prefix_path.sh
-- Installing: /home/aidan/ana_bot/install/ana/share/ana/environment/ament_prefix_path.dsv
-- Installing: /home/aidan/ana_bot/install/ana/share/ana/environment/path.sh
-- Installing: /home/aidan/ana_bot/install/ana/share/ana/environment/path.dsv
-- Installing: /home/aidan/ana_bot/install/ana/share/ana/local_setup.bash
-- Installing: /home/aidan/ana_bot/install/ana/share/ana/local_setup.sh
-- Installing: /home/aidan/ana_bot/install/ana/share/ana/local_setup.zsh
-- Installing: /home/aidan/ana_bot/install/ana/share/ana/local_setup.dsv
-- Installing: /home/aidan/ana_bot/install/ana/share/ana/package.dsv
-- Installing: /home/aidan/ana_bot/install/ana/share/ament_index/resource_index/packages/ana
-- Installing: /home/aidan/ana_bot/install/ana/share/ana/cmake/anaConfig.cmake
-- Installing: /home/aidan/ana_bot/install/ana/share/ana/cmake/anaConfig-version.cmake
-- Installing: /home/aidan/ana_bot/install/ana/share/ana/package.xml
