[0.008s] Invoking command in '/home/aidan/ana_bot/build/ana': CMAKE_PREFIX_PATH=${CMAKE_PREFIX_PATH}:/home/aidan/ana_bot/install/my_python_pkg:/opt/ros/humble /usr/bin/cmake /home/aidan/ana_bot/src/ana -DCMAKE_INSTALL_PREFIX=/home/aidan/ana_bot/install/ana
[0.048s] -- The C compiler identification is GNU 11.4.0
[0.089s] -- The CXX compiler identification is GNU 11.4.0
[0.094s] -- Detecting C compiler ABI info
[0.140s] -- Detecting C compiler ABI info - done
[0.146s] -- Check for working C compiler: /usr/bin/cc - skipped
[0.146s] -- Detecting C compile features
[0.146s] -- Detecting C compile features - done
[0.149s] -- Detecting CXX compiler ABI info
[0.202s] -- Detecting CXX compiler ABI info - done
[0.208s] -- Check for working CXX compiler: /usr/bin/c++ - skipped
[0.208s] -- Detecting CXX compile features
[0.209s] -- Detecting CXX compile features - done
[0.210s] -- Found ament_cmake: 1.3.8 (/opt/ros/humble/share/ament_cmake/cmake)
[0.318s] -- Found Python3: /usr/bin/python3 (found version "3.10.12") found components: Interpreter 
[0.383s] -- Found rclcpp: 16.0.8 (/opt/ros/humble/share/rclcpp/cmake)
[0.418s] -- Found rosidl_generator_c: 3.1.5 (/opt/ros/humble/share/rosidl_generator_c/cmake)
[0.422s] -- Found rosidl_adapter: 3.1.5 (/opt/ros/humble/share/rosidl_adapter/cmake)
[0.428s] -- Found rosidl_generator_cpp: 3.1.5 (/opt/ros/humble/share/rosidl_generator_cpp/cmake)
[0.439s] -- Using all available rosidl_typesupport_c: rosidl_typesupport_fastrtps_c;rosidl_typesupport_introspection_c
[0.454s] -- Using all available rosidl_typesupport_cpp: rosidl_typesupport_fastrtps_cpp;rosidl_typesupport_introspection_cpp
[0.509s] -- Found rmw_implementation_cmake: 6.1.1 (/opt/ros/humble/share/rmw_implementation_cmake/cmake)
[0.511s] -- Found rmw_fastrtps_cpp: 6.2.6 (/opt/ros/humble/share/rmw_fastrtps_cpp/cmake)
[0.578s] -- Found OpenSSL: /usr/lib/x86_64-linux-gnu/libcrypto.so (found version "3.0.2")  
[0.599s] -- Found FastRTPS: /opt/ros/humble/include  
[0.636s] -- Using RMW implementation 'rmw_fastrtps_cpp' as default
[0.643s] -- Looking for pthread.h
[0.693s] -- Looking for pthread.h - found
[0.693s] -- Performing Test CMAKE_HAVE_LIBC_PTHREAD
[0.745s] -- Performing Test CMAKE_HAVE_LIBC_PTHREAD - Success
[0.745s] -- Found Threads: TRUE  
[0.880s] -- Found sensor_msgs: 4.2.3 (/opt/ros/humble/share/sensor_msgs/cmake)
[0.981s] -- Found image_transport: 3.1.9 (/opt/ros/humble/share/image_transport/cmake)
[1.017s] -- Found cv_bridge: 3.2.1 (/opt/ros/humble/share/cv_bridge/cmake)
[1.032s] -- Found OpenCV: /usr (found version "4.5.4") 
[1.042s] -- Checking for module 'eigen3'
[1.049s] --   Found eigen3, version 3.4.0
[1.068s] -- Found Eigen: /usr/include/eigen3 (Required is at least version "3.1") 
[1.068s] -- Eigen found (include: /usr/include/eigen3, version: 3.4.0)
[1.083s] -- Found Boost: /usr/lib/x86_64-linux-gnu/cmake/Boost-1.74.0/BoostConfig.cmake (found suitable version "1.74.0", minimum required is "1.65.0") found components: system filesystem date_time iostreams serialization 
[1.116s] -- Checking for module 'libusb-1.0'
[1.125s] --   Found libusb-1.0, version 1.0.25
[1.145s] -- Found libusb: /usr/lib/x86_64-linux-gnu/libusb-1.0.so  
[1.145s] -- Found OpenNI: /usr/lib/libOpenNI.so;libusb::libusb (found version "1.5.4.0") 
[1.145s] -- OpenNI found (version: 1.5.4.0, include: /usr/include/ni, lib: /usr/lib/libOpenNI.so;libusb::libusb)
[1.180s] -- Found OpenNI2: /usr/lib/x86_64-linux-gnu/libOpenNI2.so;libusb::libusb (found version "2.2.0.33") 
[1.180s] -- OpenNI2 found (version: 2.2.0.33, include: /usr/include/openni2, lib: /usr/lib/x86_64-linux-gnu/libOpenNI2.so;libusb::libusb)
[1.180s] [0m** WARNING ** io features related to pcap will be disabled[0m
[1.180s] [0m** WARNING ** io features related to png will be disabled[0m
[1.208s] -- Found GLEW: /usr/lib/x86_64-linux-gnu/libGLEW.so  
[1.212s] -- Found OpenGL: /usr/lib/x86_64-linux-gnu/libOpenGL.so  found components: OpenGL GLX 
[1.309s] -- Found MPI_C: /usr/lib/x86_64-linux-gnu/libmpi.so (found version "3.1") 
[1.309s] -- Found MPI: TRUE (found version "3.1") found components: C 
[1.311s] -- Found JsonCpp: /usr/lib/x86_64-linux-gnu/libjsoncpp.so (found suitable version "1.9.5", minimum required is "0.7.0") 
[1.318s] -- Found ZLIB: /usr/lib/x86_64-linux-gnu/libz.so (found version "1.2.11") 
[1.332s] -- Found PNG: /usr/lib/x86_64-linux-gnu/libpng.so (found version "1.6.37") 
[1.341s] -- Found Eigen3: /usr/include/eigen3 (found version "3.4.0") 
[1.397s] -- Found X11: /usr/include   
[1.397s] -- Looking for XOpenDisplay in /usr/lib/x86_64-linux-gnu/libX11.so;/usr/lib/x86_64-linux-gnu/libXext.so
[1.447s] -- Looking for XOpenDisplay in /usr/lib/x86_64-linux-gnu/libX11.so;/usr/lib/x86_64-linux-gnu/libXext.so - found
[1.447s] -- Looking for gethostbyname
[1.494s] -- Looking for gethostbyname - found
[1.494s] -- Looking for connect
[1.541s] -- Looking for connect - found
[1.541s] -- Looking for remove
[1.587s] -- Looking for remove - found
[1.587s] -- Looking for shmat
[1.633s] -- Looking for shmat - found
[1.633s] -- Looking for IceConnectionNumber in ICE
[1.681s] -- Looking for IceConnectionNumber in ICE - found
[1.736s] -- Found EXPAT: /usr/lib/x86_64-linux-gnu/libexpat.so (found version "2.4.7") 
[1.737s] -- Found double-conversion: /usr/lib/x86_64-linux-gnu/libdouble-conversion.so  
[1.739s] -- Found LZ4: /usr/lib/x86_64-linux-gnu/liblz4.so (found version "1.9.3") 
[1.740s] -- Found LZMA: /usr/lib/x86_64-linux-gnu/liblzma.so (found version "5.2.5") 
[1.750s] -- Found JPEG: /usr/lib/x86_64-linux-gnu/libjpeg.so (found version "80") 
[1.755s] -- Found TIFF: /usr/lib/x86_64-linux-gnu/libtiff.so (found version "4.3.0")  
[1.758s] -- Found Freetype: /usr/lib/x86_64-linux-gnu/libfreetype.so (found version "2.11.1") 
[1.762s] -- Found utf8cpp: /usr/include/utf8cpp  
[1.795s] -- Eigen found (include: /usr/include/eigen3, version: 3.4.0)
[1.811s] -- Checking for module 'flann'
[1.820s] --   Found flann, version 1.9.1
[1.848s] -- Found FLANN: /usr/lib/x86_64-linux-gnu/libflann_cpp.so  
[1.848s] -- FLANN found (include: /usr/include, lib: /usr/lib/x86_64-linux-gnu/libflann_cpp.so)
[2.055s] -- looking for PCL_COMMON
[2.056s] -- Found PCL_COMMON: /usr/lib/x86_64-linux-gnu/libpcl_common.so  
[2.056s] -- looking for PCL_OCTREE
[2.057s] -- Found PCL_OCTREE: /usr/lib/x86_64-linux-gnu/libpcl_octree.so  
[2.057s] -- looking for PCL_IO
[2.057s] -- Found PCL_IO: /usr/lib/x86_64-linux-gnu/libpcl_io.so  
[2.058s] -- looking for PCL_KDTREE
[2.058s] -- Found PCL_KDTREE: /usr/lib/x86_64-linux-gnu/libpcl_kdtree.so  
[2.058s] -- looking for PCL_SEARCH
[2.059s] -- Found PCL_SEARCH: /usr/lib/x86_64-linux-gnu/libpcl_search.so  
[2.059s] -- looking for PCL_SAMPLE_CONSENSUS
[2.060s] -- Found PCL_SAMPLE_CONSENSUS: /usr/lib/x86_64-linux-gnu/libpcl_sample_consensus.so  
[2.060s] -- looking for PCL_FILTERS
[2.060s] -- Found PCL_FILTERS: /usr/lib/x86_64-linux-gnu/libpcl_filters.so  
[2.060s] -- looking for PCL_GEOMETRY
[2.061s] -- Found PCL_GEOMETRY: /usr/include/pcl-1.12  
[2.061s] -- looking for PCL_2D
[2.061s] -- Found PCL_2D: /usr/include/pcl-1.12  
[2.061s] -- looking for PCL_FEATURES
[2.062s] -- Found PCL_FEATURES: /usr/lib/x86_64-linux-gnu/libpcl_features.so  
[2.062s] -- looking for PCL_ML
[2.062s] -- Found PCL_ML: /usr/lib/x86_64-linux-gnu/libpcl_ml.so  
[2.062s] -- looking for PCL_SEGMENTATION
[2.063s] -- Found PCL_SEGMENTATION: /usr/lib/x86_64-linux-gnu/libpcl_segmentation.so  
[2.064s] -- Found PCL: pcl_common;pcl_octree;pcl_io;pcl_kdtree;pcl_search;pcl_sample_consensus;pcl_filters;pcl_features;pcl_ml;pcl_segmentation;Boost::system;Boost::filesystem;Boost::date_time;Boost::iostreams;Boost::serialization;/usr/lib/libOpenNI.so;libusb::libusb;/usr/lib/x86_64-linux-gnu/libOpenNI2.so;libusb::libusb;VTK::ChartsCore;VTK::CommonColor;VTK::CommonComputationalGeometry;VTK::CommonCore;VTK::CommonDataModel;VTK::CommonExecutionModel;VTK::CommonMath;VTK::CommonMisc;VTK::CommonTransforms;VTK::FiltersCore;VTK::FiltersExtraction;VTK::FiltersGeneral;VTK::FiltersGeometry;VTK::FiltersModeling;VTK::FiltersSources;VTK::ImagingCore;VTK::ImagingSources;VTK::InteractionImage;VTK::InteractionStyle;VTK::InteractionWidgets;VTK::IOCore;VTK::IOGeometry;VTK::IOImage;VTK::IOLegacy;VTK::IOPLY;VTK::RenderingAnnotation;VTK::RenderingCore;VTK::RenderingContext2D;VTK::RenderingLOD;VTK::RenderingFreeType;VTK::ViewsCore;VTK::ViewsContext2D;VTK::RenderingOpenGL2;VTK::GUISupportQt;FLANN::FLANN  
[2.065s] -- Found pcl_conversions: 2.4.0 (/opt/ros/humble/share/pcl_conversions/cmake)
[2.269s] -- Found ament_lint_auto: 0.12.10 (/opt/ros/humble/share/ament_lint_auto/cmake)
[2.329s] -- Added test 'copyright' to check source files copyright and LICENSE
[2.330s] -- Added test 'cppcheck' to perform static code analysis on C / C++ code
[2.331s] -- Configured cppcheck include dirs: /home/aidan/ana_bot/src/ana/include
[2.331s] -- Configured cppcheck exclude dirs and/or files: 
[2.332s] -- Added test 'cpplint' to check C / C++ code against the Google style
[2.332s] -- Configured cpplint exclude dirs and/or files: 
[2.332s] -- Added test 'flake8' to check Python code syntax and style conventions
[2.333s] -- Added test 'lint_cmake' to check CMake code style
[2.333s] -- Added test 'pep257' to check Python code against some of the docstring style conventions in PEP 257
[2.335s] -- Added test 'uncrustify' to check C / C++ code style
[2.335s] -- Configured uncrustify additional arguments: 
[2.335s] -- Added test 'xmllint' to check XML markup files
[2.336s] -- Configuring done
[2.417s] -- Generating done
[2.419s] -- Build files have been written to: /home/aidan/ana_bot/build/ana
[2.435s] Invoked command in '/home/aidan/ana_bot/build/ana' returned '0': CMAKE_PREFIX_PATH=${CMAKE_PREFIX_PATH}:/home/aidan/ana_bot/install/my_python_pkg:/opt/ros/humble /usr/bin/cmake /home/aidan/ana_bot/src/ana -DCMAKE_INSTALL_PREFIX=/home/aidan/ana_bot/install/ana
[2.437s] Invoking command in '/home/aidan/ana_bot/build/ana': CMAKE_PREFIX_PATH=${CMAKE_PREFIX_PATH}:/home/aidan/ana_bot/install/my_python_pkg:/opt/ros/humble /usr/bin/cmake --build /home/aidan/ana_bot/build/ana -- -j16 -l16
[2.469s] [35m[1mConsolidate compiler generated dependencies of target point_cloud_filter_node[0m
[2.473s] [35m[1mConsolidate compiler generated dependencies of target publish_pcd_node[0m
[2.483s] [ 50%] Built target point_cloud_filter_node
[2.495s] [ 75%] [32mBuilding CXX object CMakeFiles/publish_pcd_node.dir/src/ply2pcd.cpp.o[0m
[8.551s] [100%] [32m[1mLinking CXX executable publish_pcd_node[0m
[10.231s] [100%] Built target publish_pcd_node
[10.239s] Invoked command in '/home/aidan/ana_bot/build/ana' returned '0': CMAKE_PREFIX_PATH=${CMAKE_PREFIX_PATH}:/home/aidan/ana_bot/install/my_python_pkg:/opt/ros/humble /usr/bin/cmake --build /home/aidan/ana_bot/build/ana -- -j16 -l16
[10.263s] Invoking command in '/home/aidan/ana_bot/build/ana': CMAKE_PREFIX_PATH=${CMAKE_PREFIX_PATH}:/home/aidan/ana_bot/install/my_python_pkg:/opt/ros/humble /usr/bin/cmake --install /home/aidan/ana_bot/build/ana
[10.269s] -- Install configuration: ""
[10.269s] -- Up-to-date: /home/aidan/ana_bot/install/ana/lib/ana/point_cloud_filter_node
[10.269s] -- Installing: /home/aidan/ana_bot/install/ana/lib/ana/publish_pcd_node
[10.270s] -- Set runtime path of "/home/aidan/ana_bot/install/ana/lib/ana/publish_pcd_node" to ""
[10.270s] -- Up-to-date: /home/aidan/ana_bot/install/ana/share/ana/config
[10.270s] -- Up-to-date: /home/aidan/ana_bot/install/ana/share/ana/config/simulation_depth.rviz
[10.271s] -- Up-to-date: /home/aidan/ana_bot/install/ana/share/ana/config/diff_drive_bot.rviz
[10.271s] -- Up-to-date: /home/aidan/ana_bot/install/ana/share/ana/config/gazebo_params.yaml
[10.271s] -- Up-to-date: /home/aidan/ana_bot/install/ana/share/ana/config/ana_map.rviz
[10.271s] -- Up-to-date: /home/aidan/ana_bot/install/ana/share/ana/config/ana.rviz
[10.271s] -- Up-to-date: /home/aidan/ana_bot/install/ana/share/ana/config/my_controllers.yaml
[10.271s] -- Up-to-date: /home/aidan/ana_bot/install/ana/share/ana/config/nav2_params.yaml
[10.271s] -- Up-to-date: /home/aidan/ana_bot/install/ana/share/ana/description
[10.271s] -- Up-to-date: /home/aidan/ana_bot/install/ana/share/ana/description/camera.xacro
[10.271s] -- Up-to-date: /home/aidan/ana_bot/install/ana/share/ana/description/ros2_diff_control.xacro
[10.271s] -- Up-to-date: /home/aidan/ana_bot/install/ana/share/ana/description/gazebo_four_diff_control.xacro
[10.272s] -- Up-to-date: /home/aidan/ana_bot/install/ana/share/ana/description/depth_camera.xacro
[10.272s] -- Up-to-date: /home/aidan/ana_bot/install/ana/share/ana/description/robot_core.xacro
[10.272s] -- Up-to-date: /home/aidan/ana_bot/install/ana/share/ana/description/gazebo_diff_control.xacro
[10.272s] -- Up-to-date: /home/aidan/ana_bot/install/ana/share/ana/description/inertial_macros.xacro
[10.273s] -- Up-to-date: /home/aidan/ana_bot/install/ana/share/ana/description/robot.urdf.xacro
[10.273s] -- Up-to-date: /home/aidan/ana_bot/install/ana/share/ana/launch
[10.273s] -- Up-to-date: /home/aidan/ana_bot/install/ana/share/ana/launch/launch_sim.launch.py
[10.273s] -- Up-to-date: /home/aidan/ana_bot/install/ana/share/ana/launch/rsp.launch.py
[10.274s] -- Up-to-date: /home/aidan/ana_bot/install/ana/share/ana/launch/rtab.launch.py
[10.274s] -- Up-to-date: /home/aidan/ana_bot/install/ana/share/ana/launch/nav2.launch.py
[10.274s] -- Up-to-date: /home/aidan/ana_bot/install/ana/share/ana/worlds
[10.274s] -- Up-to-date: /home/aidan/ana_bot/install/ana/share/ana/worlds/obstacles_walls.world
[10.274s] -- Up-to-date: /home/aidan/ana_bot/install/ana/share/ana/worlds/obstacles.world
[10.274s] -- Up-to-date: /home/aidan/ana_bot/install/ana/share/ana/worlds/empty.world
[10.275s] -- Up-to-date: /home/aidan/ana_bot/install/ana/share/ana/meshes
[10.275s] -- Up-to-date: /home/aidan/ana_bot/install/ana/share/ana/meshes/ana_chassis.stl
[10.275s] -- Up-to-date: /home/aidan/ana_bot/install/ana/share/ana/meshes/d435i.stl
[10.275s] -- Up-to-date: /home/aidan/ana_bot/install/ana/share/ana/rtab_maps
[10.275s] -- Up-to-date: /home/aidan/ana_bot/install/ana/share/ana/rtab_maps/orange_cones_3d.pcd
[10.276s] -- Up-to-date: /home/aidan/ana_bot/install/ana/share/ana/rtab_maps/orange_cones_3d.ply
[10.276s] -- Up-to-date: /home/aidan/ana_bot/install/ana/share/ament_index/resource_index/package_run_dependencies/ana
[10.276s] -- Up-to-date: /home/aidan/ana_bot/install/ana/share/ament_index/resource_index/parent_prefix_path/ana
[10.276s] -- Up-to-date: /home/aidan/ana_bot/install/ana/share/ana/environment/ament_prefix_path.sh
[10.276s] -- Installing: /home/aidan/ana_bot/install/ana/share/ana/environment/ament_prefix_path.dsv
[10.277s] -- Up-to-date: /home/aidan/ana_bot/install/ana/share/ana/environment/path.sh
[10.277s] -- Installing: /home/aidan/ana_bot/install/ana/share/ana/environment/path.dsv
[10.277s] -- Up-to-date: /home/aidan/ana_bot/install/ana/share/ana/local_setup.bash
[10.278s] -- Up-to-date: /home/aidan/ana_bot/install/ana/share/ana/local_setup.sh
[10.278s] -- Up-to-date: /home/aidan/ana_bot/install/ana/share/ana/local_setup.zsh
[10.278s] -- Installing: /home/aidan/ana_bot/install/ana/share/ana/local_setup.dsv
[10.278s] -- Installing: /home/aidan/ana_bot/install/ana/share/ana/package.dsv
[10.278s] -- Up-to-date: /home/aidan/ana_bot/install/ana/share/ament_index/resource_index/packages/ana
[10.279s] -- Up-to-date: /home/aidan/ana_bot/install/ana/share/ana/cmake/anaConfig.cmake
[10.279s] -- Up-to-date: /home/aidan/ana_bot/install/ana/share/ana/cmake/anaConfig-version.cmake
[10.279s] -- Up-to-date: /home/aidan/ana_bot/install/ana/share/ana/package.xml
[10.279s] Invoked command in '/home/aidan/ana_bot/build/ana' returned '0': CMAKE_PREFIX_PATH=${CMAKE_PREFIX_PATH}:/home/aidan/ana_bot/install/my_python_pkg:/opt/ros/humble /usr/bin/cmake --install /home/aidan/ana_bot/build/ana
