[0.084s] DEBUG:colcon:Command line arguments: ['/usr/bin/colcon', 'build', '--symlink-install']
[0.084s] DEBUG:colcon:Parsed command line arguments: Namespace(log_base=None, log_level=None, verb_name='build', build_base='build', install_base='install', merge_install=False, symlink_install=True, test_result_base=None, continue_on_error=False, executor='parallel', parallel_workers=16, event_handlers=None, ignore_user_meta=False, metas=['./colcon.meta'], base_paths=['.'], packages_ignore=None, packages_ignore_regex=None, paths=None, packages_up_to=None, packages_up_to_regex=None, packages_above=None, packages_above_and_dependencies=None, packages_above_depth=None, packages_select_by_dep=None, packages_skip_by_dep=None, packages_skip_up_to=None, packages_select_build_failed=False, packages_skip_build_finished=False, packages_select_test_failures=False, packages_skip_test_passed=False, packages_select=None, packages_skip=None, packages_select_regex=None, packages_skip_regex=None, packages_start=None, packages_end=None, allow_overriding=[], cmake_args=None, cmake_target=None, cmake_target_skip_unavailable=False, cmake_clean_cache=False, cmake_clean_first=False, cmake_force_configure=False, ament_cmake_args=None, catkin_cmake_args=None, catkin_skip_building_tests=False, mixin_files=None, mixin=None, verb_parser=<colcon_mixin.mixin.mixin_argument.MixinArgumentDecorator object at 0x75b34614f130>, verb_extension=<colcon_core.verb.build.BuildVerb object at 0x75b346257730>, main=<bound method BuildVerb.main of <colcon_core.verb.build.BuildVerb object at 0x75b346257730>>, mixin_verb=('build',))
[0.229s] Level 1:colcon.colcon_core.package_discovery:discover_packages(colcon_meta) check parameters
[0.229s] Level 1:colcon.colcon_core.package_discovery:discover_packages(recursive) check parameters
[0.229s] Level 1:colcon.colcon_core.package_discovery:discover_packages(ignore) check parameters
[0.229s] Level 1:colcon.colcon_core.package_discovery:discover_packages(path) check parameters
[0.229s] Level 1:colcon.colcon_core.package_discovery:discover_packages(colcon_meta) discover
[0.229s] Level 1:colcon.colcon_core.package_discovery:discover_packages(recursive) discover
[0.229s] INFO:colcon.colcon_core.package_discovery:Crawling recursively for packages in '/home/aidan/ana_bot'
[0.229s] Level 1:colcon.colcon_core.package_identification:_identify(.) by extensions ['ignore', 'ignore_ament_install']
[0.230s] Level 1:colcon.colcon_core.package_identification:_identify(.) by extension 'ignore'
[0.230s] Level 1:colcon.colcon_core.package_identification:_identify(.) by extension 'ignore_ament_install'
[0.230s] Level 1:colcon.colcon_core.package_identification:_identify(.) by extensions ['colcon_pkg']
[0.230s] Level 1:colcon.colcon_core.package_identification:_identify(.) by extension 'colcon_pkg'
[0.230s] Level 1:colcon.colcon_core.package_identification:_identify(.) by extensions ['colcon_meta']
[0.230s] Level 1:colcon.colcon_core.package_identification:_identify(.) by extension 'colcon_meta'
[0.230s] Level 1:colcon.colcon_core.package_identification:_identify(.) by extensions ['ros']
[0.230s] Level 1:colcon.colcon_core.package_identification:_identify(.) by extension 'ros'
[0.238s] Level 1:colcon.colcon_core.package_identification:_identify(.) by extensions ['cmake', 'python']
[0.238s] Level 1:colcon.colcon_core.package_identification:_identify(.) by extension 'cmake'
[0.238s] Level 1:colcon.colcon_core.package_identification:_identify(.) by extension 'python'
[0.238s] Level 1:colcon.colcon_core.package_identification:_identify(.) by extensions ['python_setup_py']
[0.238s] Level 1:colcon.colcon_core.package_identification:_identify(.) by extension 'python_setup_py'
[0.238s] Level 1:colcon.colcon_core.package_identification:_identify(build) by extensions ['ignore', 'ignore_ament_install']
[0.238s] Level 1:colcon.colcon_core.package_identification:_identify(build) by extension 'ignore'
[0.238s] Level 1:colcon.colcon_core.package_identification:_identify(build) ignored
[0.238s] Level 1:colcon.colcon_core.package_identification:_identify(install) by extensions ['ignore', 'ignore_ament_install']
[0.238s] Level 1:colcon.colcon_core.package_identification:_identify(install) by extension 'ignore'
[0.238s] Level 1:colcon.colcon_core.package_identification:_identify(install) ignored
[0.238s] Level 1:colcon.colcon_core.package_identification:_identify(log) by extensions ['ignore', 'ignore_ament_install']
[0.238s] Level 1:colcon.colcon_core.package_identification:_identify(log) by extension 'ignore'
[0.239s] Level 1:colcon.colcon_core.package_identification:_identify(log) ignored
[0.239s] Level 1:colcon.colcon_core.package_identification:_identify(src) by extensions ['ignore', 'ignore_ament_install']
[0.239s] Level 1:colcon.colcon_core.package_identification:_identify(src) by extension 'ignore'
[0.239s] Level 1:colcon.colcon_core.package_identification:_identify(src) by extension 'ignore_ament_install'
[0.239s] Level 1:colcon.colcon_core.package_identification:_identify(src) by extensions ['colcon_pkg']
[0.239s] Level 1:colcon.colcon_core.package_identification:_identify(src) by extension 'colcon_pkg'
[0.239s] Level 1:colcon.colcon_core.package_identification:_identify(src) by extensions ['colcon_meta']
[0.239s] Level 1:colcon.colcon_core.package_identification:_identify(src) by extension 'colcon_meta'
[0.239s] Level 1:colcon.colcon_core.package_identification:_identify(src) by extensions ['ros']
[0.239s] Level 1:colcon.colcon_core.package_identification:_identify(src) by extension 'ros'
[0.239s] Level 1:colcon.colcon_core.package_identification:_identify(src) by extensions ['cmake', 'python']
[0.239s] Level 1:colcon.colcon_core.package_identification:_identify(src) by extension 'cmake'
[0.239s] Level 1:colcon.colcon_core.package_identification:_identify(src) by extension 'python'
[0.239s] Level 1:colcon.colcon_core.package_identification:_identify(src) by extensions ['python_setup_py']
[0.239s] Level 1:colcon.colcon_core.package_identification:_identify(src) by extension 'python_setup_py'
[0.239s] Level 1:colcon.colcon_core.package_identification:_identify(src/ana) by extensions ['ignore', 'ignore_ament_install']
[0.239s] Level 1:colcon.colcon_core.package_identification:_identify(src/ana) by extension 'ignore'
[0.239s] Level 1:colcon.colcon_core.package_identification:_identify(src/ana) by extension 'ignore_ament_install'
[0.239s] Level 1:colcon.colcon_core.package_identification:_identify(src/ana) by extensions ['colcon_pkg']
[0.239s] Level 1:colcon.colcon_core.package_identification:_identify(src/ana) by extension 'colcon_pkg'
[0.239s] Level 1:colcon.colcon_core.package_identification:_identify(src/ana) by extensions ['colcon_meta']
[0.239s] Level 1:colcon.colcon_core.package_identification:_identify(src/ana) by extension 'colcon_meta'
[0.239s] Level 1:colcon.colcon_core.package_identification:_identify(src/ana) by extensions ['ros']
[0.239s] Level 1:colcon.colcon_core.package_identification:_identify(src/ana) by extension 'ros'
[0.241s] DEBUG:colcon.colcon_core.package_identification:Package 'src/ana' with type 'ros.ament_cmake' and name 'ana'
[0.242s] Level 1:colcon.colcon_core.package_identification:_identify(src/my_python_pkg) by extensions ['ignore', 'ignore_ament_install']
[0.242s] Level 1:colcon.colcon_core.package_identification:_identify(src/my_python_pkg) by extension 'ignore'
[0.242s] Level 1:colcon.colcon_core.package_identification:_identify(src/my_python_pkg) by extension 'ignore_ament_install'
[0.242s] Level 1:colcon.colcon_core.package_identification:_identify(src/my_python_pkg) by extensions ['colcon_pkg']
[0.242s] Level 1:colcon.colcon_core.package_identification:_identify(src/my_python_pkg) by extension 'colcon_pkg'
[0.242s] Level 1:colcon.colcon_core.package_identification:_identify(src/my_python_pkg) by extensions ['colcon_meta']
[0.242s] Level 1:colcon.colcon_core.package_identification:_identify(src/my_python_pkg) by extension 'colcon_meta'
[0.242s] Level 1:colcon.colcon_core.package_identification:_identify(src/my_python_pkg) by extensions ['ros']
[0.242s] Level 1:colcon.colcon_core.package_identification:_identify(src/my_python_pkg) by extension 'ros'
[0.243s] DEBUG:colcon.colcon_core.package_identification:Package 'src/my_python_pkg' with type 'ros.ament_python' and name 'my_python_pkg'
[0.243s] Level 1:colcon.colcon_core.package_discovery:discover_packages(recursive) using defaults
[0.243s] Level 1:colcon.colcon_core.package_discovery:discover_packages(ignore) discover
[0.243s] Level 1:colcon.colcon_core.package_discovery:discover_packages(ignore) using defaults
[0.243s] Level 1:colcon.colcon_core.package_discovery:discover_packages(path) discover
[0.243s] Level 1:colcon.colcon_core.package_discovery:discover_packages(path) using defaults
[0.265s] Level 1:colcon.colcon_core.package_discovery:discover_packages(prefix_path) check parameters
[0.265s] Level 1:colcon.colcon_core.package_discovery:discover_packages(prefix_path) discover
[0.267s] DEBUG:colcon.colcon_installed_package_information.package_discovery:Found 2 installed packages in /home/aidan/ana_bot/install
[0.268s] DEBUG:colcon.colcon_installed_package_information.package_discovery:Found 444 installed packages in /opt/ros/humble
[0.269s] Level 1:colcon.colcon_core.package_discovery:discover_packages(prefix_path) using defaults
[0.310s] Level 5:colcon.colcon_core.verb:set package 'ana' build argument 'cmake_args' from command line to 'None'
[0.310s] Level 5:colcon.colcon_core.verb:set package 'ana' build argument 'cmake_target' from command line to 'None'
[0.310s] Level 5:colcon.colcon_core.verb:set package 'ana' build argument 'cmake_target_skip_unavailable' from command line to 'False'
[0.310s] Level 5:colcon.colcon_core.verb:set package 'ana' build argument 'cmake_clean_cache' from command line to 'False'
[0.310s] Level 5:colcon.colcon_core.verb:set package 'ana' build argument 'cmake_clean_first' from command line to 'False'
[0.310s] Level 5:colcon.colcon_core.verb:set package 'ana' build argument 'cmake_force_configure' from command line to 'False'
[0.310s] Level 5:colcon.colcon_core.verb:set package 'ana' build argument 'ament_cmake_args' from command line to 'None'
[0.310s] Level 5:colcon.colcon_core.verb:set package 'ana' build argument 'catkin_cmake_args' from command line to 'None'
[0.310s] Level 5:colcon.colcon_core.verb:set package 'ana' build argument 'catkin_skip_building_tests' from command line to 'False'
[0.310s] DEBUG:colcon.colcon_core.verb:Building package 'ana' with the following arguments: {'ament_cmake_args': None, 'build_base': '/home/aidan/ana_bot/build/ana', 'catkin_cmake_args': None, 'catkin_skip_building_tests': False, 'cmake_args': None, 'cmake_clean_cache': False, 'cmake_clean_first': False, 'cmake_force_configure': False, 'cmake_target': None, 'cmake_target_skip_unavailable': False, 'install_base': '/home/aidan/ana_bot/install/ana', 'merge_install': False, 'path': '/home/aidan/ana_bot/src/ana', 'symlink_install': True, 'test_result_base': None}
[0.310s] Level 5:colcon.colcon_core.verb:set package 'my_python_pkg' build argument 'cmake_args' from command line to 'None'
[0.310s] Level 5:colcon.colcon_core.verb:set package 'my_python_pkg' build argument 'cmake_target' from command line to 'None'
[0.310s] Level 5:colcon.colcon_core.verb:set package 'my_python_pkg' build argument 'cmake_target_skip_unavailable' from command line to 'False'
[0.310s] Level 5:colcon.colcon_core.verb:set package 'my_python_pkg' build argument 'cmake_clean_cache' from command line to 'False'
[0.310s] Level 5:colcon.colcon_core.verb:set package 'my_python_pkg' build argument 'cmake_clean_first' from command line to 'False'
[0.310s] Level 5:colcon.colcon_core.verb:set package 'my_python_pkg' build argument 'cmake_force_configure' from command line to 'False'
[0.310s] Level 5:colcon.colcon_core.verb:set package 'my_python_pkg' build argument 'ament_cmake_args' from command line to 'None'
[0.310s] Level 5:colcon.colcon_core.verb:set package 'my_python_pkg' build argument 'catkin_cmake_args' from command line to 'None'
[0.310s] Level 5:colcon.colcon_core.verb:set package 'my_python_pkg' build argument 'catkin_skip_building_tests' from command line to 'False'
[0.310s] DEBUG:colcon.colcon_core.verb:Building package 'my_python_pkg' with the following arguments: {'ament_cmake_args': None, 'build_base': '/home/aidan/ana_bot/build/my_python_pkg', 'catkin_cmake_args': None, 'catkin_skip_building_tests': False, 'cmake_args': None, 'cmake_clean_cache': False, 'cmake_clean_first': False, 'cmake_force_configure': False, 'cmake_target': None, 'cmake_target_skip_unavailable': False, 'install_base': '/home/aidan/ana_bot/install/my_python_pkg', 'merge_install': False, 'path': '/home/aidan/ana_bot/src/my_python_pkg', 'symlink_install': True, 'test_result_base': None}
[0.310s] INFO:colcon.colcon_core.executor:Executing jobs using 'parallel' executor
[0.311s] DEBUG:colcon.colcon_parallel_executor.executor.parallel:run_until_complete
[0.312s] INFO:colcon.colcon_ros.task.ament_cmake.build:Building ROS package in '/home/aidan/ana_bot/src/ana' with build type 'ament_cmake'
[0.312s] INFO:colcon.colcon_cmake.task.cmake.build:Building CMake package in '/home/aidan/ana_bot/src/ana'
[0.313s] INFO:colcon.colcon_core.plugin_system:Skipping extension 'colcon_core.shell.bat': Not used on non-Windows systems
[0.313s] INFO:colcon.colcon_core.shell:Skip shell extension 'powershell' for command environment: Not usable outside of PowerShell
[0.313s] DEBUG:colcon.colcon_core.shell:Skip shell extension 'dsv' for command environment
[0.316s] INFO:colcon.colcon_ros.task.ament_python.build:Building ROS package in '/home/aidan/ana_bot/src/my_python_pkg' with build type 'ament_python'
[0.316s] Level 1:colcon.colcon_core.shell:create_environment_hook('my_python_pkg', 'ament_prefix_path')
[0.316s] INFO:colcon.colcon_core.shell:Creating environment hook '/home/aidan/ana_bot/install/my_python_pkg/share/my_python_pkg/hook/ament_prefix_path.ps1'
[0.317s] INFO:colcon.colcon_core.shell:Creating environment descriptor '/home/aidan/ana_bot/install/my_python_pkg/share/my_python_pkg/hook/ament_prefix_path.dsv'
[0.317s] INFO:colcon.colcon_core.shell:Creating environment hook '/home/aidan/ana_bot/install/my_python_pkg/share/my_python_pkg/hook/ament_prefix_path.sh'
[0.317s] INFO:colcon.colcon_core.shell:Skip shell extension 'powershell' for command environment: Not usable outside of PowerShell
[0.317s] DEBUG:colcon.colcon_core.shell:Skip shell extension 'dsv' for command environment
[0.324s] DEBUG:colcon.colcon_core.event_handler.log_command:Invoking command in '/home/aidan/ana_bot/build/ana': CMAKE_PREFIX_PATH=${CMAKE_PREFIX_PATH}:/home/aidan/ana_bot/install/my_python_pkg:/opt/ros/humble /usr/bin/cmake --build /home/aidan/ana_bot/build/ana -- -j16 -l16
[0.541s] INFO:colcon.colcon_core.task.python.build:Building Python package in '/home/aidan/ana_bot/src/my_python_pkg'
[0.541s] INFO:colcon.colcon_core.shell:Skip shell extension 'powershell' for command environment: Not usable outside of PowerShell
[0.541s] DEBUG:colcon.colcon_core.shell:Skip shell extension 'dsv' for command environment
[0.545s] DEBUG:colcon.colcon_core.event_handler.log_command:Invoked command in '/home/aidan/ana_bot/build/ana' returned '0': CMAKE_PREFIX_PATH=${CMAKE_PREFIX_PATH}:/home/aidan/ana_bot/install/my_python_pkg:/opt/ros/humble /usr/bin/cmake --build /home/aidan/ana_bot/build/ana -- -j16 -l16
[0.573s] DEBUG:colcon.colcon_core.event_handler.log_command:Invoking command in '/home/aidan/ana_bot/build/ana': CMAKE_PREFIX_PATH=${CMAKE_PREFIX_PATH}:/home/aidan/ana_bot/install/my_python_pkg:/opt/ros/humble /usr/bin/cmake --install /home/aidan/ana_bot/build/ana
[0.591s] Level 1:colcon.colcon_core.environment:create_environment_scripts_only(ana)
[0.591s] DEBUG:colcon.colcon_core.event_handler.log_command:Invoked command in '/home/aidan/ana_bot/build/ana' returned '0': CMAKE_PREFIX_PATH=${CMAKE_PREFIX_PATH}:/home/aidan/ana_bot/install/my_python_pkg:/opt/ros/humble /usr/bin/cmake --install /home/aidan/ana_bot/build/ana
[0.592s] Level 1:colcon.colcon_core.environment:checking '/home/aidan/ana_bot/install/ana' for CMake module files
[0.593s] Level 1:colcon.colcon_core.environment:checking '/home/aidan/ana_bot/install/ana' for CMake config files
[0.593s] Level 1:colcon.colcon_core.shell:create_environment_hook('ana', 'cmake_prefix_path')
[0.594s] INFO:colcon.colcon_core.shell:Creating environment hook '/home/aidan/ana_bot/install/ana/share/ana/hook/cmake_prefix_path.ps1'
[0.594s] INFO:colcon.colcon_core.shell:Creating environment descriptor '/home/aidan/ana_bot/install/ana/share/ana/hook/cmake_prefix_path.dsv'
[0.594s] INFO:colcon.colcon_core.shell:Creating environment hook '/home/aidan/ana_bot/install/ana/share/ana/hook/cmake_prefix_path.sh'
[0.595s] Level 1:colcon.colcon_core.environment:checking '/home/aidan/ana_bot/install/ana/lib'
[0.595s] Level 1:colcon.colcon_core.environment:checking '/home/aidan/ana_bot/install/ana/bin'
[0.595s] Level 1:colcon.colcon_core.environment:checking '/home/aidan/ana_bot/install/ana/lib/pkgconfig/ana.pc'
[0.595s] Level 1:colcon.colcon_core.environment:checking '/home/aidan/ana_bot/install/ana/lib/python3.10/site-packages'
[0.595s] Level 1:colcon.colcon_core.environment:checking '/home/aidan/ana_bot/install/ana/bin'
[0.596s] INFO:colcon.colcon_core.shell:Creating package script '/home/aidan/ana_bot/install/ana/share/ana/package.ps1'
[0.596s] INFO:colcon.colcon_core.shell:Creating package descriptor '/home/aidan/ana_bot/install/ana/share/ana/package.dsv'
[0.597s] INFO:colcon.colcon_core.shell:Creating package script '/home/aidan/ana_bot/install/ana/share/ana/package.sh'
[0.597s] INFO:colcon.colcon_core.shell:Creating package script '/home/aidan/ana_bot/install/ana/share/ana/package.bash'
[0.598s] INFO:colcon.colcon_core.shell:Creating package script '/home/aidan/ana_bot/install/ana/share/ana/package.zsh'
[0.598s] Level 1:colcon.colcon_core.environment:create_file_with_runtime_dependencies(/home/aidan/ana_bot/install/ana/share/colcon-core/packages/ana)
[0.621s] Level 1:colcon.colcon_core.environment:create_environment_scripts_only(ana)
[0.621s] Level 1:colcon.colcon_core.environment:checking '/home/aidan/ana_bot/install/ana' for CMake module files
[0.621s] Level 1:colcon.colcon_core.environment:checking '/home/aidan/ana_bot/install/ana' for CMake config files
[0.622s] Level 1:colcon.colcon_core.shell:create_environment_hook('ana', 'cmake_prefix_path')
[0.622s] INFO:colcon.colcon_core.shell:Creating environment hook '/home/aidan/ana_bot/install/ana/share/ana/hook/cmake_prefix_path.ps1'
[0.622s] INFO:colcon.colcon_core.shell:Creating environment descriptor '/home/aidan/ana_bot/install/ana/share/ana/hook/cmake_prefix_path.dsv'
[0.623s] INFO:colcon.colcon_core.shell:Creating environment hook '/home/aidan/ana_bot/install/ana/share/ana/hook/cmake_prefix_path.sh'
[0.623s] Level 1:colcon.colcon_core.environment:checking '/home/aidan/ana_bot/install/ana/lib'
[0.623s] Level 1:colcon.colcon_core.environment:checking '/home/aidan/ana_bot/install/ana/bin'
[0.623s] Level 1:colcon.colcon_core.environment:checking '/home/aidan/ana_bot/install/ana/lib/pkgconfig/ana.pc'
[0.623s] Level 1:colcon.colcon_core.environment:checking '/home/aidan/ana_bot/install/ana/lib/python3.10/site-packages'
[0.623s] Level 1:colcon.colcon_core.environment:checking '/home/aidan/ana_bot/install/ana/bin'
[0.624s] INFO:colcon.colcon_core.shell:Creating package script '/home/aidan/ana_bot/install/ana/share/ana/package.ps1'
[0.624s] INFO:colcon.colcon_core.shell:Creating package descriptor '/home/aidan/ana_bot/install/ana/share/ana/package.dsv'
[0.624s] INFO:colcon.colcon_core.shell:Creating package script '/home/aidan/ana_bot/install/ana/share/ana/package.sh'
[0.624s] INFO:colcon.colcon_core.shell:Creating package script '/home/aidan/ana_bot/install/ana/share/ana/package.bash'
[0.625s] INFO:colcon.colcon_core.shell:Creating package script '/home/aidan/ana_bot/install/ana/share/ana/package.zsh'
[0.625s] Level 1:colcon.colcon_core.environment:create_file_with_runtime_dependencies(/home/aidan/ana_bot/install/ana/share/colcon-core/packages/ana)
[0.842s] DEBUG:colcon.colcon_core.event_handler.log_command:Invoking command in '/home/aidan/ana_bot/build/my_python_pkg': PYTHONPATH=/home/aidan/ana_bot/build/my_python_pkg/prefix_override:/home/aidan/ana_bot/install/my_python_pkg/lib/python3.10/site-packages:${PYTHONPATH} /usr/bin/python3 -W ignore:setup.py install is deprecated setup.py develop --editable --build-directory /home/aidan/ana_bot/build/my_python_pkg/build --no-deps symlink_data
[1.278s] Level 1:colcon.colcon_core.shell:create_environment_hook('my_python_pkg', 'pythonpath_develop')
[1.279s] INFO:colcon.colcon_core.shell:Creating environment hook '/home/aidan/ana_bot/build/my_python_pkg/share/my_python_pkg/hook/pythonpath_develop.ps1'
[1.279s] DEBUG:colcon.colcon_core.event_handler.log_command:Invoked command in '/home/aidan/ana_bot/build/my_python_pkg' returned '0': PYTHONPATH=/home/aidan/ana_bot/build/my_python_pkg/prefix_override:/home/aidan/ana_bot/install/my_python_pkg/lib/python3.10/site-packages:${PYTHONPATH} /usr/bin/python3 -W ignore:setup.py install is deprecated setup.py develop --editable --build-directory /home/aidan/ana_bot/build/my_python_pkg/build --no-deps symlink_data
[1.279s] INFO:colcon.colcon_core.shell:Creating environment descriptor '/home/aidan/ana_bot/build/my_python_pkg/share/my_python_pkg/hook/pythonpath_develop.dsv'
[1.279s] INFO:colcon.colcon_core.shell:Creating environment hook '/home/aidan/ana_bot/build/my_python_pkg/share/my_python_pkg/hook/pythonpath_develop.sh'
[1.280s] Level 1:colcon.colcon_core.environment:checking '/home/aidan/ana_bot/install/my_python_pkg' for CMake module files
[1.280s] Level 1:colcon.colcon_core.environment:checking '/home/aidan/ana_bot/install/my_python_pkg' for CMake config files
[1.280s] Level 1:colcon.colcon_core.environment:checking '/home/aidan/ana_bot/install/my_python_pkg/lib'
[1.280s] Level 1:colcon.colcon_core.environment:checking '/home/aidan/ana_bot/install/my_python_pkg/bin'
[1.280s] Level 1:colcon.colcon_core.environment:checking '/home/aidan/ana_bot/install/my_python_pkg/lib/pkgconfig/my_python_pkg.pc'
[1.281s] Level 1:colcon.colcon_core.environment:checking '/home/aidan/ana_bot/install/my_python_pkg/lib/python3.10/site-packages'
[1.281s] Level 1:colcon.colcon_core.shell:create_environment_hook('my_python_pkg', 'pythonpath')
[1.281s] INFO:colcon.colcon_core.shell:Creating environment hook '/home/aidan/ana_bot/install/my_python_pkg/share/my_python_pkg/hook/pythonpath.ps1'
[1.281s] INFO:colcon.colcon_core.shell:Creating environment descriptor '/home/aidan/ana_bot/install/my_python_pkg/share/my_python_pkg/hook/pythonpath.dsv'
[1.281s] INFO:colcon.colcon_core.shell:Creating environment hook '/home/aidan/ana_bot/install/my_python_pkg/share/my_python_pkg/hook/pythonpath.sh'
[1.282s] Level 1:colcon.colcon_core.environment:checking '/home/aidan/ana_bot/install/my_python_pkg/bin'
[1.282s] Level 1:colcon.colcon_core.environment:create_environment_scripts_only(my_python_pkg)
[1.282s] INFO:colcon.colcon_core.shell:Creating package script '/home/aidan/ana_bot/install/my_python_pkg/share/my_python_pkg/package.ps1'
[1.282s] INFO:colcon.colcon_core.shell:Creating package descriptor '/home/aidan/ana_bot/install/my_python_pkg/share/my_python_pkg/package.dsv'
[1.283s] INFO:colcon.colcon_core.shell:Creating package script '/home/aidan/ana_bot/install/my_python_pkg/share/my_python_pkg/package.sh'
[1.283s] INFO:colcon.colcon_core.shell:Creating package script '/home/aidan/ana_bot/install/my_python_pkg/share/my_python_pkg/package.bash'
[1.283s] INFO:colcon.colcon_core.shell:Creating package script '/home/aidan/ana_bot/install/my_python_pkg/share/my_python_pkg/package.zsh'
[1.283s] Level 1:colcon.colcon_core.environment:create_file_with_runtime_dependencies(/home/aidan/ana_bot/install/my_python_pkg/share/colcon-core/packages/my_python_pkg)
[1.283s] DEBUG:colcon.colcon_parallel_executor.executor.parallel:closing loop
[1.284s] DEBUG:colcon.colcon_parallel_executor.executor.parallel:loop closed
[1.284s] DEBUG:colcon.colcon_parallel_executor.executor.parallel:run_until_complete finished with '0'
[1.284s] DEBUG:colcon.colcon_core.event_reactor:joining thread
[1.287s] INFO:colcon.colcon_core.plugin_system:Skipping extension 'colcon_notification.desktop_notification.terminal_notifier': Not used on non-Darwin systems
[1.287s] INFO:colcon.colcon_core.plugin_system:Skipping extension 'colcon_notification.desktop_notification.win32': Not used on non-Windows systems
[1.287s] INFO:colcon.colcon_notification.desktop_notification:Sending desktop notification using 'notify2'
[1.296s] DEBUG:colcon.colcon_core.event_reactor:joined thread
[1.296s] INFO:colcon.colcon_core.shell:Creating prefix script '/home/aidan/ana_bot/install/local_setup.ps1'
[1.297s] INFO:colcon.colcon_core.shell:Creating prefix util module '/home/aidan/ana_bot/install/_local_setup_util_ps1.py'
[1.298s] INFO:colcon.colcon_core.shell:Creating prefix chain script '/home/aidan/ana_bot/install/setup.ps1'
[1.298s] INFO:colcon.colcon_core.shell:Creating prefix script '/home/aidan/ana_bot/install/local_setup.sh'
[1.299s] INFO:colcon.colcon_core.shell:Creating prefix util module '/home/aidan/ana_bot/install/_local_setup_util_sh.py'
[1.299s] INFO:colcon.colcon_core.shell:Creating prefix chain script '/home/aidan/ana_bot/install/setup.sh'
[1.300s] INFO:colcon.colcon_core.shell:Creating prefix script '/home/aidan/ana_bot/install/local_setup.bash'
[1.300s] INFO:colcon.colcon_core.shell:Creating prefix chain script '/home/aidan/ana_bot/install/setup.bash'
[1.301s] INFO:colcon.colcon_core.shell:Creating prefix script '/home/aidan/ana_bot/install/local_setup.zsh'
[1.301s] INFO:colcon.colcon_core.shell:Creating prefix chain script '/home/aidan/ana_bot/install/setup.zsh'
