[0.012s] Invoking command in '/home/aidan/ros2_ws/build/gazebo_ros2_control': CMAKE_PREFIX_PATH=/opt/ros/humble /usr/bin/cmake /home/aidan/ros2_ws/src/gazebo_ros2_control/gazebo_ros2_control -DAMENT_CMAKE_SYMLINK_INSTALL=1 -DCMAKE_INSTALL_PREFIX=/home/aidan/ros2_ws/install/gazebo_ros2_control
[0.051s] -- The C compiler identification is GNU 11.4.0
[0.093s] -- The CXX compiler identification is GNU 11.4.0
[0.098s] -- Detecting C compiler ABI info
[0.150s] -- Detecting C compiler ABI info - done
[0.156s] -- Check for working C compiler: /usr/bin/cc - skipped
[0.156s] -- Detecting C compile features
[0.156s] -- Detecting C compile features - done
[0.158s] -- Detecting CXX compiler ABI info
[0.219s] -- Detecting CXX compiler ABI info - done
[0.225s] -- Check for working CXX compiler: /usr/bin/c++ - skipped
[0.225s] -- Detecting CXX compile features
[0.225s] -- Detecting CXX compile features - done
[0.227s] -- Found ament_cmake: 1.3.8 (/opt/ros/humble/share/ament_cmake/cmake)
[0.347s] -- Found Python3: /usr/bin/python3 (found version "3.10.12") found components: Interpreter 
[0.418s] -- Override CMake install command with custom implementation using symlinks instead of copying resources
[0.439s] -- Found angles: 1.15.0 (/opt/ros/humble/share/angles/cmake)
[0.441s] -- Found controller_manager: 2.40.0 (/opt/ros/humble/share/controller_manager/cmake)
[0.477s] -- Found rosidl_generator_c: 3.1.5 (/opt/ros/humble/share/rosidl_generator_c/cmake)
[0.480s] -- Found rosidl_adapter: 3.1.5 (/opt/ros/humble/share/rosidl_adapter/cmake)
[0.487s] -- Found rosidl_generator_cpp: 3.1.5 (/opt/ros/humble/share/rosidl_generator_cpp/cmake)
[0.498s] -- Using all available rosidl_typesupport_c: rosidl_typesupport_fastrtps_c;rosidl_typesupport_introspection_c
[0.513s] -- Using all available rosidl_typesupport_cpp: rosidl_typesupport_fastrtps_cpp;rosidl_typesupport_introspection_cpp
[1.126s] -- Found rmw_implementation_cmake: 6.1.1 (/opt/ros/humble/share/rmw_implementation_cmake/cmake)
[1.128s] -- Found rmw_fastrtps_cpp: 6.2.6 (/opt/ros/humble/share/rmw_fastrtps_cpp/cmake)
[1.159s] -- Found TinyXML2 via Config file: TinyXML2_DIR-NOTFOUND
[1.199s] -- Found OpenSSL: /usr/lib/x86_64-linux-gnu/libcrypto.so (found version "3.0.2")  
[1.202s] -- Found TinyXML2 via Config file: TinyXML2_DIR-NOTFOUND
[1.221s] -- Found FastRTPS: /opt/ros/humble/include  
[1.229s] -- Found TinyXML2 via Config file: TinyXML2_DIR-NOTFOUND
[1.236s] -- Found TinyXML2 via Config file: TinyXML2_DIR-NOTFOUND
[1.248s] -- Using RMW implementation 'rmw_fastrtps_cpp' as default
[1.258s] -- Looking for pthread.h
[1.320s] -- Looking for pthread.h - found
[1.320s] -- Performing Test CMAKE_HAVE_LIBC_PTHREAD
[1.383s] -- Performing Test CMAKE_HAVE_LIBC_PTHREAD - Success
[1.384s] -- Found Threads: TRUE  
[1.940s] -- Found control_toolbox: 3.2.0 (/opt/ros/humble/share/control_toolbox/cmake)
[1.982s] -- Found parameter_traits: 0.3.8 (/opt/ros/humble/share/parameter_traits/cmake)
[2.012s] -- Found gazebo_dev: 3.7.0 (/opt/ros/humble/share/gazebo_dev/cmake)
[2.016s] -- Found PkgConfig: /usr/bin/pkg-config (found version "0.29.2") 
[2.017s] -- Checking for module 'bullet>=2.82'
[2.027s] --   Found bullet, version 3.05
[2.104s] -- Found fcl: /usr/include (found suitable version "0.7.0", minimum required is "0.5.0") 
[2.145s] -- Found assimp: /usr/include (found version "5.2.0") 
[2.174s] -- Found DART: /usr/include (Required is at least version "6.6") found components: dart 
[2.208s] -- Found Boost: /usr/lib/x86_64-linux-gnu/cmake/Boost-1.74.0/BoostConfig.cmake (found suitable version "1.74.0", minimum required is "1.40.0") found components: thread system filesystem program_options regex iostreams date_time 
[2.228s] -- Found Protobuf: /usr/lib/x86_64-linux-gnu/libprotobuf.so (found version "3.12.4") 
[2.232s] -- Looking for ignition-math6 -- found version 6.15.1
[2.238s] -- Searching for dependencies of ignition-math6
[2.240s] -- Looking for OGRE...
[2.240s] -- OGRE_PREFIX_WATCH changed.
[2.245s] -- Checking for module 'OGRE'
[2.257s] --   Found OGRE, version 1.9.0
[2.279s] -- Found Ogre Ghadamon (1.9.0)
[2.284s] -- Found OGRE: optimized;/usr/lib/x86_64-linux-gnu/libOgreMain.so;debug;/usr/lib/x86_64-linux-gnu/libOgreMain.so
[2.292s] -- Looking for OGRE_Paging...
[2.298s] -- Found OGRE_Paging: optimized;/usr/lib/x86_64-linux-gnu/libOgrePaging.so;debug;/usr/lib/x86_64-linux-gnu/libOgrePaging.so
[2.298s] -- Looking for OGRE_Terrain...
[2.302s] -- Found OGRE_Terrain: optimized;/usr/lib/x86_64-linux-gnu/libOgreTerrain.so;debug;/usr/lib/x86_64-linux-gnu/libOgreTerrain.so
[2.302s] -- Looking for OGRE_Property...
[2.306s] -- Found OGRE_Property: optimized;/usr/lib/x86_64-linux-gnu/libOgreProperty.so;debug;/usr/lib/x86_64-linux-gnu/libOgreProperty.so
[2.306s] -- Looking for OGRE_RTShaderSystem...
[2.310s] -- Found OGRE_RTShaderSystem: optimized;/usr/lib/x86_64-linux-gnu/libOgreRTShaderSystem.so;debug;/usr/lib/x86_64-linux-gnu/libOgreRTShaderSystem.so
[2.310s] -- Looking for OGRE_Volume...
[2.314s] -- Found OGRE_Volume: optimized;/usr/lib/x86_64-linux-gnu/libOgreVolume.so;debug;/usr/lib/x86_64-linux-gnu/libOgreVolume.so
[2.315s] -- Looking for OGRE_Overlay...
[2.318s] -- Found OGRE_Overlay: optimized;/usr/lib/x86_64-linux-gnu/libOgreOverlay.so;debug;/usr/lib/x86_64-linux-gnu/libOgreOverlay.so
[2.422s] -- Looking for ignition-math6 -- found version 6.15.1
[2.424s] -- Looking for ignition-transport8 -- found version 8.2.1
[2.424s] -- Searching for dependencies of ignition-transport8
[2.438s] -- Found Protobuf: /usr/lib/x86_64-linux-gnu/libprotobuf.so (found suitable version "3.12.4", minimum required is "3") 
[2.446s] -- Config-file not installed for ZeroMQ -- checking for pkg-config
[2.451s] -- Checking for module 'libzmq >= 4'
[2.462s] --   Found libzmq , version 4.3.4
[2.494s] -- Found ZeroMQ: TRUE (Required is at least version "4") 
[2.501s] -- Checking for module 'uuid'
[2.514s] --   Found uuid, version 2.37.2
[2.542s] -- Found UUID: TRUE  
[2.544s] -- Looking for ignition-msgs5 -- found version 5.8.1
[2.544s] -- Searching for dependencies of ignition-msgs5
[2.564s] -- Looking for ignition-math6 -- found version 6.15.1
[2.569s] -- Checking for module 'tinyxml2'
[2.580s] --   Found tinyxml2, version 9.0.0
[2.604s] -- Looking for ignition-msgs5 -- found version 5.8.1
[2.605s] -- Looking for ignition-common3 -- found version 3.14.0
[2.606s] -- Searching for dependencies of ignition-common3
[2.606s] -- Looking for dlfcn.h - found
[2.606s] -- Looking for libdl - found
[2.608s] -- Found DL: TRUE  
[2.616s] -- Found tinyobjloader: /usr/lib/x86_64-linux-gnu/cmake/tinyobjloader/tinyobjloader-config.cmake (found version "2.0.0") 
[2.617s] -- Searching for <ignition-common3> component [graphics]
[2.618s] -- Looking for ignition-common3-graphics -- found version 3.14.0
[2.618s] -- Searching for dependencies of ignition-common3-graphics
[2.619s] -- Looking for ignition-math6 -- found version 6.15.1
[2.621s] -- Looking for ignition-fuel_tools4 -- found version 4.4.0
[2.621s] -- Searching for dependencies of ignition-fuel_tools4
[2.682s] -- Found CURL: /usr/lib/x86_64-linux-gnu/libcurl.so (found version "7.81.0")  
[2.691s] -- Checking for module 'jsoncpp'
[2.704s] --   Found jsoncpp, version 1.9.5
[2.727s] -- Found JSONCPP: TRUE  
[2.732s] -- Checking for module 'libzip'
[2.741s] --   Found libzip, version 1.7.3
[2.766s] -- Found ZIP: TRUE  
[2.767s] -- Looking for ignition-common3 -- found version 3.14.0
[2.767s] -- Looking for ignition-math6 -- found version 6.15.1
[2.767s] -- Looking for ignition-msgs5 -- found version 5.8.1
[2.770s] -- Gazebo version: 11.10
[2.771s] -- Checking for module 'tbb'
[2.780s] --   Found tbb, version 2021.5.0
[2.804s] -- Found gazebo_ros: 3.7.0 (/opt/ros/humble/share/gazebo_ros/cmake)
[2.812s] -- Found yaml_cpp_vendor: 8.0.2 (/opt/ros/humble/share/yaml_cpp_vendor/cmake)
[3.383s] -- Found ament_cmake_gtest: 1.3.8 (/opt/ros/humble/share/ament_cmake_gtest/cmake)
[3.385s] -- Found ament_lint_auto: 0.12.10 (/opt/ros/humble/share/ament_lint_auto/cmake)
[3.453s] -- Added test 'copyright' to check source files copyright and LICENSE
[3.456s] -- Added test 'cppcheck' to perform static code analysis on C / C++ code
[3.457s] -- Configured cppcheck include dirs: /home/aidan/ros2_ws/src/gazebo_ros2_control/gazebo_ros2_control/include
[3.457s] -- Configured cppcheck exclude dirs and/or files: 
[3.460s] -- Added test 'cpplint' to check C / C++ code against the Google style
[3.460s] -- Configured cpplint exclude dirs and/or files: 
[3.460s] -- Added test 'lint_cmake' to check CMake code style
[3.460s] -- Added test 'uncrustify' to check C / C++ code style
[3.460s] -- Configured uncrustify additional arguments: 
[3.461s] -- Added test 'xmllint' to check XML markup files
[3.464s] -- Configuring done
[3.531s] -- Generating done
[3.533s] -- Build files have been written to: /home/aidan/ros2_ws/build/gazebo_ros2_control
[3.550s] Invoked command in '/home/aidan/ros2_ws/build/gazebo_ros2_control' returned '0': CMAKE_PREFIX_PATH=/opt/ros/humble /usr/bin/cmake /home/aidan/ros2_ws/src/gazebo_ros2_control/gazebo_ros2_control -DAMENT_CMAKE_SYMLINK_INSTALL=1 -DCMAKE_INSTALL_PREFIX=/home/aidan/ros2_ws/install/gazebo_ros2_control
[3.552s] Invoking command in '/home/aidan/ros2_ws/build/gazebo_ros2_control': CMAKE_PREFIX_PATH=/opt/ros/humble /usr/bin/cmake --build /home/aidan/ros2_ws/build/gazebo_ros2_control -- -j16 -l16
[3.593s] [ 50%] [32mBuilding CXX object CMakeFiles/gazebo_ros2_control.dir/src/gazebo_ros2_control_plugin.cpp.o[0m
[3.593s] [ 50%] [32mBuilding CXX object CMakeFiles/gazebo_hardware_plugins.dir/src/gazebo_system.cpp.o[0m
[14.747s] [ 75%] [32m[1mLinking CXX shared library libgazebo_hardware_plugins.so[0m
[15.169s] [ 75%] Built target gazebo_hardware_plugins
[16.477s] [100%] [32m[1mLinking CXX shared library libgazebo_ros2_control.so[0m
[17.003s] [100%] Built target gazebo_ros2_control
[17.020s] Invoked command in '/home/aidan/ros2_ws/build/gazebo_ros2_control' returned '0': CMAKE_PREFIX_PATH=/opt/ros/humble /usr/bin/cmake --build /home/aidan/ros2_ws/build/gazebo_ros2_control -- -j16 -l16
[17.042s] Invoking command in '/home/aidan/ros2_ws/build/gazebo_ros2_control': CMAKE_PREFIX_PATH=/opt/ros/humble /usr/bin/cmake --install /home/aidan/ros2_ws/build/gazebo_ros2_control
[17.047s] -- Install configuration: ""
[17.047s] -- Execute custom install script
[17.047s] -- Symlinking: /home/aidan/ros2_ws/install/gazebo_ros2_control/lib/libgazebo_ros2_control.so
[17.054s] -- Symlinking: /home/aidan/ros2_ws/install/gazebo_ros2_control/lib/libgazebo_hardware_plugins.so
[17.061s] -- Symlinking: /home/aidan/ros2_ws/install/gazebo_ros2_control/share/gazebo_ros2_control/environment/library_path.sh
[17.067s] -- Symlinking: /home/aidan/ros2_ws/install/gazebo_ros2_control/share/gazebo_ros2_control/environment/library_path.dsv
[17.073s] -- Symlinking: /home/aidan/ros2_ws/install/gazebo_ros2_control/include/gazebo_ros2_control/gazebo_ros2_control_plugin.hpp
[17.081s] -- Symlinking: /home/aidan/ros2_ws/install/gazebo_ros2_control/include/gazebo_ros2_control/gazebo_system.hpp
[17.087s] -- Symlinking: /home/aidan/ros2_ws/install/gazebo_ros2_control/include/gazebo_ros2_control/gazebo_system_interface.hpp
[17.095s] -- Symlinking: /home/aidan/ros2_ws/install/gazebo_ros2_control/share/gazebo_ros2_control//gazebo_hardware_plugins.xml
[17.101s] -- Symlinking: /home/aidan/ros2_ws/install/gazebo_ros2_control/share/ament_index/resource_index/package_run_dependencies/gazebo_ros2_control
[17.107s] -- Symlinking: /home/aidan/ros2_ws/install/gazebo_ros2_control/share/ament_index/resource_index/parent_prefix_path/gazebo_ros2_control
[17.115s] -- Symlinking: /home/aidan/ros2_ws/install/gazebo_ros2_control/share/gazebo_ros2_control/environment/ament_prefix_path.sh
[17.121s] -- Symlinking: /home/aidan/ros2_ws/install/gazebo_ros2_control/share/gazebo_ros2_control/environment/ament_prefix_path.dsv
[17.128s] -- Symlinking: /home/aidan/ros2_ws/install/gazebo_ros2_control/share/gazebo_ros2_control/environment/path.sh
[17.133s] -- Symlinking: /home/aidan/ros2_ws/install/gazebo_ros2_control/share/gazebo_ros2_control/environment/path.dsv
[17.139s] -- Symlinking: /home/aidan/ros2_ws/install/gazebo_ros2_control/share/gazebo_ros2_control/local_setup.bash
[17.146s] -- Symlinking: /home/aidan/ros2_ws/install/gazebo_ros2_control/share/gazebo_ros2_control/local_setup.sh
[17.152s] -- Symlinking: /home/aidan/ros2_ws/install/gazebo_ros2_control/share/gazebo_ros2_control/local_setup.zsh
[17.160s] -- Symlinking: /home/aidan/ros2_ws/install/gazebo_ros2_control/share/gazebo_ros2_control/local_setup.dsv
[17.168s] -- Symlinking: /home/aidan/ros2_ws/install/gazebo_ros2_control/share/gazebo_ros2_control/package.dsv
[17.175s] -- Symlinking: /home/aidan/ros2_ws/install/gazebo_ros2_control/share/ament_index/resource_index/packages/gazebo_ros2_control
[17.183s] -- Symlinking: /home/aidan/ros2_ws/install/gazebo_ros2_control/share/ament_index/resource_index/gazebo_ros2_control__pluginlib__plugin/gazebo_ros2_control
[17.190s] -- Symlinking: /home/aidan/ros2_ws/install/gazebo_ros2_control/share/gazebo_ros2_control/cmake/ament_cmake_export_include_directories-extras.cmake
[17.197s] -- Symlinking: /home/aidan/ros2_ws/install/gazebo_ros2_control/share/gazebo_ros2_control/cmake/ament_cmake_export_dependencies-extras.cmake
[17.204s] -- Symlinking: /home/aidan/ros2_ws/install/gazebo_ros2_control/share/gazebo_ros2_control/cmake/ament_cmake_export_libraries-extras.cmake
[17.211s] -- Symlinking: /home/aidan/ros2_ws/install/gazebo_ros2_control/share/gazebo_ros2_control/cmake/gazebo_ros2_controlConfig.cmake
[17.218s] -- Symlinking: /home/aidan/ros2_ws/install/gazebo_ros2_control/share/gazebo_ros2_control/cmake/gazebo_ros2_controlConfig-version.cmake
[17.224s] -- Symlinking: /home/aidan/ros2_ws/install/gazebo_ros2_control/share/gazebo_ros2_control/package.xml
[17.233s] Invoked command in '/home/aidan/ros2_ws/build/gazebo_ros2_control' returned '0': CMAKE_PREFIX_PATH=/opt/ros/humble /usr/bin/cmake --install /home/aidan/ros2_ws/build/gazebo_ros2_control
